In Observer * 
In Run
Let's get some latency data 
In Observer * 
In Run
Let's get some latency data 
In Observer * 
In Run
Let's get some latency data 
In Observer * 
In Run
Let's get some latency data 
In Observer * 
In Run
Let's get some latency data 
In Observer * 
In Run
Let's get some latency data 
In Observer * 
In Run
Let's get some latency data 
In Observer * 
In Run
Let's get some latency data 
In Observer * 
In Run
Let's get some latency data 
In Observer * 
In Run
Let's get some latency data 
In Observer * 
In Run
Let's get some latency data 
In Observer * 
In Run
Let's get some latency data 
In Observer * 
In Run
Let's get some latency data 
In Observer * 
In Run
Let's get some latency data 
In Observer * 
In Run
Let's get some latency data 
In Observer * 
In Run
Let's get some latency data 
In Observer * 
In Run
Let's get some latency data 
In Observer * 
In Run
Let's get some latency data 
In Observer * 
In Run
Let's get some latency data 
In Observer * 
In Run
Let's get some latency data 
In Observer * 
In Run
Let's get some latency data 
In Observer * 
In Run
Let's get some latency data 
In Observer * 
In Run
Let's get some latency data 
In Observer * 
In Run
Let's get some latency data 
In Observer * 
In Run
Let's get some latency data 
In Observer * 
In Run
Let's get some latency data 
In Observer * 
In Run
Let's get some latency data 
In Observer * 
In Run
Let's get some latency data 
In Observer * 
In Run
Let's get some latency data 
In Observer * 
In Run
Let's get some latency data 
In Observer * 
In Run
Let's get some latency data 
In Observer * 
In Run
Let's get some latency data 
In Observer * 
In Run
Let's get some latency data 
In Observer * 
In Run
Let's get some latency data 
In Observer * 
In Run
Let's get some latency data 
In Observer * 
In Run
In the function: getUserSpecifiedSLOFromConfig
Topology name: production-topology1-1-1478818316
Topology SLO: null
In the function: getUserSpecifiedLatencySLOFromConfig
Topology name: production-topology1-1-1478818316
Topology Latency SLO: 30.0
In the function:  getUserSLOSensitivityFromConfig
Topology name: production-topology1-1-1478818316
Topology Sensitivity: latency
In the function:  getNumWorkersFromConfig
Topology name: production-topology1-1-1478818316
Topology workers: 2
No latency data for topology: production-topology1-1-1478818316 
Let's get some latency data 
production-topology1-1-1478818316,0.0,0.0,0.0,0,0,1478818317094
In Observer * 
In Run
No latency data for topology: production-topology1-1-1478818316 
Let's get some latency data 
production-topology1-1-1478818316,0.0,0.0,0.0,0,0,1478818323340
In Observer * 
In Run
Let's get some latency data 
Topology: production-topology1-1-1478818316 spout: spout_head sinks: sink latency: 847.1075000000001. 
Topology: production-topology1-1-1478818316 average latency: 847.1075000000001 tail latency: 908.25. 
production-topology1-1-1478818316,0.6902848794740687,0.23009495982468955,847.1075000000001,900,420,1478818333991
In Observer * 
In Run
Let's get some latency data 
Topology: production-topology1-1-1478818316 spout: spout_head sinks: sink latency: 2924.8325000000004. 
Topology: production-topology1-1-1478818316 average latency: 2924.8325000000004 tail latency: 3000.45. 
production-topology1-1-1478818316,0.6194434192072046,0.3274320746703183,2924.8325000000004,1000,480,1478818344547
In Observer * 
In Run
Let's get some latency data 
Topology: production-topology1-1-1478818316 spout: spout_head sinks: sink latency: 4893.7625. 
Topology: production-topology1-1-1478818316 average latency: 4893.7625 tail latency: 4946.75. 
production-topology1-1-1478818316,0.943359437723367,0.45061754728092807,4893.7625,1080,560,1478818355023
In Observer * 
In Run
Let's get some latency data 
Topology: production-topology1-1-1478818316 spout: spout_head sinks: sink latency: 8934.742499999998. 
Topology: production-topology1-1-1478818316 average latency: 8934.742499999998 tail latency: 8993.65. 
production-topology1-1-1478818316,1.1464752567693743,0.5665938321956691,8934.742499999998,900,440,1478818365530
In Observer * 
In Run
Let's get some latency data 
Topology: production-topology1-1-1478818316 spout: spout_head sinks: sink latency: 10611.645. 
Topology: production-topology1-1-1478818316 average latency: 10611.645 tail latency: 10676.65. 
production-topology1-1-1478818316,0.5878780534788736,0.5696344352361269,10611.645,1260,600,1478818376107
In Observer * 
In Run
Let's get some latency data 
Topology: production-topology1-1-1478818316 spout: spout_head sinks: sink latency: 12223.645. 
Topology: production-topology1-1-1478818316 average latency: 12223.645 tail latency: 12291.55. 
production-topology1-1-1478818316,0.9605321507760534,0.6184966496786177,12223.645,860,440,1478818386586
In Observer * 
In Run
Let's get some latency data 
Topology: production-topology1-1-1478818316 spout: spout_head sinks: sink latency: 14324.0425. 
Topology: production-topology1-1-1478818316 average latency: 14324.0425 tail latency: 15658.1. 
production-topology1-1-1478818316,0.8006089532587228,0.6387313500764072,14324.0425,920,460,1478818397092
In Observer * 
In Run
Let's get some latency data 
Topology: production-topology1-1-1478818316 spout: spout_head sinks: sink latency: 17456.285. 
Topology: production-topology1-1-1478818316 average latency: 17456.285 tail latency: 17492.3. 
production-topology1-1-1478818316,0.9546100165065884,0.6703192167194254,17456.285,1140,580,1478818407524
In Observer * 
In Run
Let's get some latency data 
Topology: production-topology1-1-1478818316 spout: spout_head sinks: sink latency: 20100.665. 
Topology: production-topology1-1-1478818316 average latency: 20100.665 tail latency: 20350.7. 
production-topology1-1-1478818316,0.4682770692673169,0.6519517487692337,20100.665,920,420,1478818417945
In Observer * 
In Run
Let's get some latency data 
Topology: production-topology1-1-1478818316 spout: spout_head sinks: sink latency: 21895.089999999997. 
Topology: production-topology1-1-1478818316 average latency: 21895.089999999997 tail latency: 22096.8. 
production-topology1-1-1478818316,0.8373935406446953,0.6674052314255222,21895.089999999997,1260,700,1478818428363
In Observer * 
In Run
Let's get some latency data 
Topology: production-topology1-1-1478818316 spout: spout_head sinks: sink latency: 25800.714999999997. 
Topology: production-topology1-1-1478818316 average latency: 25800.714999999997 tail latency: 27286.5. 
production-topology1-1-1478818316,0.6700907787864312,0.6676118119917459,25800.714999999997,920,340,1478818438771
In Observer * 
In Run
Let's get some latency data 
Topology: production-topology1-1-1478818316 spout: spout_head sinks: sink latency: 27271.805. 
Topology: production-topology1-1-1478818316 average latency: 27271.805 tail latency: 28017.2. 
production-topology1-1-1478818316,0.716193993164474,0.6710819677897979,27271.805,1240,580,1478818449191
In Observer * 
In Run
Let's get some latency data 
Topology: production-topology1-1-1478818316 spout: spout_head sinks: sink latency: 30880.002499999995. 
Topology: production-topology1-1-1478818316 average latency: 30880.002499999995 tail latency: 33771.45. 
production-topology1-1-1478818316,1.2916129032258064,0.7124506968188651,30880.002499999995,800,360,1478818459602
In Observer * 
In Run
Let's get some latency data 
Topology: production-topology1-1-1478818316 spout: spout_head sinks: sink latency: 31174.104999999992. 
Topology: production-topology1-1-1478818316 average latency: 31174.104999999992 tail latency: 34347.29999999999. 
production-topology1-1-1478818316,0.8080636604774536,0.7184265070475269,31174.104999999992,1100,640,1478818470050
In Observer * 
In Run
Let's get some latency data 
Topology: production-topology1-1-1478818316 spout: spout_head sinks: sink latency: 37978.85249999999. 
Topology: production-topology1-1-1478818316 average latency: 37978.85249999999 tail latency: 43279.3. 
production-topology1-1-1478818316,0.9749423457898034,0.7335156740323666,37978.85249999999,1100,540,1478818480471
In Observer * 
In Run
Let's get some latency data 
Topology: production-topology1-1-1478818316 spout: spout_head sinks: sink latency: 33993.96. 
Topology: production-topology1-1-1478818316 average latency: 33993.96 tail latency: 35381.2. 
production-topology1-1-1478818316,0.6710386695235178,0.7300447293374306,33993.96,880,380,1478818490931
In Observer * 
In Run
Let's get some latency data 
Topology: production-topology1-1-1478818316 spout: spout_head sinks: sink latency: 36258.1675. 
Topology: production-topology1-1-1478818316 average latency: 36258.1675 tail latency: 39429.65. 
production-topology1-1-1478818316,0.39814859399075503,0.7125765116876055,36258.1675,1180,420,1478818501397
In Observer * 
In Run
Let's get some latency data 
Topology: production-topology1-1-1478818316 spout: spout_head sinks: sink latency: 46918.18249999999. 
Topology: production-topology1-1-1478818316 average latency: 46918.18249999999 tail latency: 55437.4. 
production-topology1-1-1478818316,1.3879273630596087,0.7463440542562056,46918.18249999999,920,720,1478818511811
In Observer * 
In Run
Let's get some latency data 
Topology: production-topology1-1-1478818316 spout: spout_head sinks: sink latency: 41171.802500000005. 
Topology: production-topology1-1-1478818316 average latency: 41171.802500000005 tail latency: 43981.85. 
production-topology1-1-1478818316,0.6705845424107143,0.7427364584540393,41171.802500000005,1260,400,1478818522206
In Observer * 
In Run
Let's get some latency data 
Topology: production-topology1-1-1478818316 spout: spout_head sinks: sink latency: 52918.045000000006. 
Topology: production-topology1-1-1478818316 average latency: 52918.045000000006 tail latency: 57941.15. 
production-topology1-1-1478818316,1.1730375465729286,0.7622955988230798,52918.045000000006,820,640,1478818532619
In Observer * 
In Run
Let's get some latency data 
Topology: production-topology1-1-1478818316 spout: spout_head sinks: sink latency: 43388.470000000016. 
Topology: production-topology1-1-1478818316 average latency: 43388.470000000016 tail latency: 44940.95. 
production-topology1-1-1478818316,0.6239438377253648,0.7562803048623096,43388.470000000016,1220,400,1478818542992
In Observer * 
In Run
Let's get some latency data 
Topology: production-topology1-1-1478818316 spout: spout_head sinks: sink latency: 52041.395000000004. 
Topology: production-topology1-1-1478818316 average latency: 52041.395000000004 tail latency: 54721.5. 
production-topology1-1-1478818316,0.4717187446407133,0.7444235731864097,52041.395000000004,980,380,1478818555497
In Observer * 
In Run
Let's get some latency data 
Topology: production-topology1-1-1478818316 spout: spout_head sinks: sink latency: 52981.490000000005. 
Topology: production-topology1-1-1478818316 average latency: 52981.490000000005 tail latency: 57796.7. 
production-topology1-1-1478818316,1.0362370408085149,0.756096111891294,52981.490000000005,1180,760,1478818565893
In Observer * 
In Run
Let's get some latency data 
Topology: production-topology1-1-1478818316 spout: spout_head sinks: sink latency: 53805.4625. 
Topology: production-topology1-1-1478818316 average latency: 53805.4625 tail latency: 57796.7. 
production-topology1-1-1478818316,0.5681766381766382,0.7488684398253457,53805.4625,1260,440,1478818576373
In Observer * 
In Run
Let's get some latency data 
Topology: production-topology1-1-1478818316 spout: spout_head sinks: sink latency: 64106.35249999999. 
Topology: production-topology1-1-1478818316 average latency: 64106.35249999999 tail latency: 68767.75. 
production-topology1-1-1478818316,0.49305917212893946,0.7393940225032566,64106.35249999999,860,360,1478818586774
In Observer * 
In Run
Let's get some latency data 
Topology: production-topology1-1-1478818316 spout: spout_head sinks: sink latency: 60990.05. 
Topology: production-topology1-1-1478818316 average latency: 60990.05 tail latency: 68444.7. 
production-topology1-1-1478818316,0.9367518450300427,0.7464425161649275,60990.05,920,720,1478818597146
In Observer * 
In Run
Let's get some latency data 
Topology: production-topology1-1-1478818316 spout: spout_head sinks: sink latency: 59168.0375. 
Topology: production-topology1-1-1478818316 average latency: 59168.0375 tail latency: 63087.9. 
production-topology1-1-1478818316,0.8503572929802439,0.7500257843309729,59168.0375,1220,400,1478818607547
In Observer * 
In Run
Let's get some latency data 
Topology: production-topology1-1-1478818316 spout: spout_head sinks: sink latency: 74975.0575. 
Topology: production-topology1-1-1478818316 average latency: 74975.0575 tail latency: 85833.4. 
production-topology1-1-1478818316,0.5372093023255814,0.7429319015974599,74975.0575,860,300,1478818617951
In Observer * 
In Run
Let's get some latency data 
Topology: production-topology1-1-1478818316 spout: spout_head sinks: sink latency: 69698.04250000001. 
Topology: production-topology1-1-1478818316 average latency: 69698.04250000001 tail latency: 75131.4. 
production-topology1-1-1478818316,1.1368586866125536,0.7808271911512118,69698.04250000001,1180,880,1478818628323
In Observer * 
In Run
Let's get some latency data 
Topology: production-topology1-1-1478818316 spout: spout_head sinks: sink latency: 68004.4425. 
Topology: production-topology1-1-1478818316 average latency: 68004.4425 tail latency: 73806.3. 
production-topology1-1-1478818316,0.5986394557823128,0.8007818396772888,68004.4425,980,280,1478818638723
In Observer * 
In Run
Let's get some latency data 
Topology: production-topology1-1-1478818316 spout: spout_head sinks: sink latency: 71611.4475. 
Topology: production-topology1-1-1478818316 average latency: 71611.4475 tail latency: 74945.69999999998. 
production-topology1-1-1478818316,0.3754010695187166,0.790285712678777,71611.4475,880,320,1478818649162
In Observer * 
In Run
Let's get some latency data 
Topology: production-topology1-1-1478818316 spout: spout_head sinks: sink latency: 76154.66500000001. 
Topology: production-topology1-1-1478818316 average latency: 76154.66500000001 tail latency: 81464.8. 
production-topology1-1-1478818316,1.0222007186084694,0.8037109559921526,76154.66500000001,1240,880,1478818659508
In Observer * 
In Run
Let's get some latency data 
Topology: production-topology1-1-1478818316 spout: spout_head sinks: sink latency: 81023.29499999998. 
Topology: production-topology1-1-1478818316 average latency: 81023.29499999998 tail latency: 86153.1. 
production-topology1-1-1478818316,0.6646616541353383,0.7944210298725515,81023.29499999998,840,340,1478818669897
In Observer * 
In Run
Let's get some latency data 
Topology: production-topology1-1-1478818316 spout: spout_head sinks: sink latency: 81935.44249999999. 
Topology: production-topology1-1-1478818316 average latency: 81935.44249999999 tail latency: 87768.95. 
production-topology1-1-1478818316,0.701033101412608,0.7795729580273261,81935.44249999999,1280,380,1478818680268
In Observer * 
In Run
Let's get some latency data 
Topology: production-topology1-1-1478818316 spout: spout_head sinks: sink latency: 95841.52. 
Topology: production-topology1-1-1478818316 average latency: 95841.52 tail latency: 109250.9. 
production-topology1-1-1478818316,0.6248906216157676,0.7808067102985559,95841.52,900,320,1478818690664
In Observer * 
In Run
Let's get some latency data 
Topology: production-topology1-1-1478818316 spout: spout_head sinks: sink latency: 87823.36499999998. 
Topology: production-topology1-1-1478818316 average latency: 87823.36499999998 tail latency: 92942.4. 
production-topology1-1-1478818316,1.1296936853026571,0.7864454281161094,87823.36499999998,1240,940,1478818701048
In Observer * 
In Run
Let's get some latency data 
Topology: production-topology1-1-1478818316 spout: spout_head sinks: sink latency: 91417.38250000002. 
Topology: production-topology1-1-1478818316 average latency: 91417.38250000002 tail latency: 95779.35. 
production-topology1-1-1478818316,1.2437506102919638,0.801216816683884,91417.38250000002,880,340,1478818711435
In Observer * 
In Run
Let's get some latency data 
Topology: production-topology1-1-1478818316 spout: spout_head sinks: sink latency: 89435.90500000001. 
Topology: production-topology1-1-1478818316 average latency: 89435.90500000001 tail latency: 95779.35. 
production-topology1-1-1478818316,0.21820446994865603,0.7766699651319531,89435.90500000001,860,260,1478818721865
In Observer * 
In Run
Let's get some latency data 
Topology: production-topology1-1-1478818316 spout: spout_head sinks: sink latency: 97511.73500000002. 
Topology: production-topology1-1-1478818316 average latency: 97511.73500000002 tail latency: 107595.9. 
production-topology1-1-1478818316,1.0245374181567561,0.795211976761601,97511.73500000002,1260,660,1478818732256
In Observer * 
In Run
Let's get some latency data 
Topology: production-topology1-1-1478818316 spout: spout_head sinks: sink latency: 97414.86249999997. 
Topology: production-topology1-1-1478818316 average latency: 97414.86249999997 tail latency: 104894.85. 
production-topology1-1-1478818316,1.3582606709874472,0.8125742144396928,97414.86249999997,840,720,1478818742645
In Observer * 
In Run
Let's get some latency data 
Topology: production-topology1-1-1478818316 spout: spout_head sinks: sink latency: 95816.16750000001. 
Topology: production-topology1-1-1478818316 average latency: 95816.16750000001 tail latency: 100149.95. 
production-topology1-1-1478818316,0.685022265667427,0.8130719306690594,95816.16750000001,1240,420,1478818753017
In Observer * 
In Run
Let's get some latency data 
Topology: production-topology1-1-1478818316 spout: spout_head sinks: sink latency: 98764.8275. 
Topology: production-topology1-1-1478818316 average latency: 98764.8275 tail latency: 105734.75. 
production-topology1-1-1478818316,1.2042105263157894,0.82933914844077,98764.8275,880,660,1478818763402
In Observer * 
In Run
Let's get some latency data 
Topology: production-topology1-1-1478818316 spout: spout_head sinks: sink latency: 104733.44499999999. 
Topology: production-topology1-1-1478818316 average latency: 104733.44499999999 tail latency: 109017.1. 
production-topology1-1-1478818316,0.40409962692953927,0.7997553725642278,104733.44499999999,1220,460,1478818773750
In Observer * 
In Run
Let's get some latency data 
Topology: production-topology1-1-1478818316 spout: spout_head sinks: sink latency: 107070.94749999998. 
Topology: production-topology1-1-1478818316 average latency: 107070.94749999998 tail latency: 113636.2. 
production-topology1-1-1478818316,0.8485273492286116,0.8011041621892664,107070.94749999998,920,500,1478818784099
In Observer * 
In Run
Let's get some latency data 
Topology: production-topology1-1-1478818316 spout: spout_head sinks: sink latency: 111989.38. 
Topology: production-topology1-1-1478818316 average latency: 111989.38 tail latency: 119164.55. 
production-topology1-1-1478818316,0.5882376818359404,0.7882140067241377,111989.38,880,280,1478818794436
In Observer * 
In Run
Let's get some latency data 
Topology: production-topology1-1-1478818316 spout: spout_head sinks: sink latency: 111585.82750000001. 
Topology: production-topology1-1-1478818316 average latency: 111585.82750000001 tail latency: 122752.34999999998. 
production-topology1-1-1478818316,0.9403578697421983,0.7971913133980935,111585.82750000001,1280,840,1478818804803
In Observer * 
In Run
Let's get some latency data 
Topology: production-topology1-1-1478818316 spout: spout_head sinks: sink latency: 111690.81499999999. 
Topology: production-topology1-1-1478818316 average latency: 111690.81499999999 tail latency: 122908.95. 
production-topology1-1-1478818316,0.33798898869892785,0.7951859932216991,111690.81499999999,800,360,1478818815149
In Observer * 
In Run
Let's get some latency data 
Topology: production-topology1-1-1478818316 spout: spout_head sinks: sink latency: 127150.71500000001. 
Topology: production-topology1-1-1478818316 average latency: 127150.71500000001 tail latency: 138934.1. 
production-topology1-1-1478818316,0.7622874550920079,0.7743313296227791,127150.71500000001,1240,740,1478818825513
In Observer * 
In Run
Let's get some latency data 
Topology: production-topology1-1-1478818316 spout: spout_head sinks: sink latency: 119738.13500000004. 
Topology: production-topology1-1-1478818316 average latency: 119738.13500000004 tail latency: 127487.65. 
production-topology1-1-1478818316,0.627873023715415,0.7729076123329358,119738.13500000004,880,280,1478818835877
In Observer * 
In Run
Let's get some latency data 
Topology: production-topology1-1-1478818316 spout: spout_head sinks: sink latency: 122330.90750000002. 
Topology: production-topology1-1-1478818316 average latency: 122330.90750000002 tail latency: 130581.1. 
production-topology1-1-1478818316,0.6664292090462558,0.7560206677487132,122330.90750000002,980,320,1478818846252
In Observer * 
In Run
Let's get some latency data 
Topology: production-topology1-1-1478818316 spout: spout_head sinks: sink latency: 130219.00499999998. 
Topology: production-topology1-1-1478818316 average latency: 130219.00499999998 tail latency: 142263.4. 
production-topology1-1-1478818316,0.48780564263322884,0.7514827279123089,130219.00499999998,1160,420,1478818856689
In Observer * 
In Run
Let's get some latency data 
Topology: production-topology1-1-1478818316 spout: spout_head sinks: sink latency: 126451.705. 
Topology: production-topology1-1-1478818316 average latency: 126451.705 tail latency: 135024.05. 
production-topology1-1-1478818316,1.8339297630658447,0.7968897618598132,126451.705,880,840,1478818867053
In Observer * 
In Run
Let's get some latency data 
Topology: production-topology1-1-1478818316 spout: spout_head sinks: sink latency: 140506.71. 
Topology: production-topology1-1-1478818316 average latency: 140506.71 tail latency: 152331.35. 
production-topology1-1-1478818316,0.7594028699158424,0.7876619561633907,140506.71,1180,680,1478818877412
In Observer * 
In Run
Let's get some latency data 
Topology: production-topology1-1-1478818316 spout: spout_head sinks: sink latency: 127855.45750000002. 
Topology: production-topology1-1-1478818316 average latency: 127855.45750000002 tail latency: 133740.39999999997. 
production-topology1-1-1478818316,0.5785605212256949,0.7880080855983593,127855.45750000002,940,320,1478818887773
In Observer * 
In Run
Let's get some latency data 
Topology: production-topology1-1-1478818316 spout: spout_head sinks: sink latency: 126489.17249999996. 
Topology: production-topology1-1-1478818316 average latency: 126489.17249999996 tail latency: 130214.05. 
production-topology1-1-1478818316,1.2776223776223774,0.8141601924481404,126489.17249999996,1080,360,1478818898144
In Observer * 
In Run
Let's get some latency data 
Topology: production-topology1-1-1478818316 spout: spout_head sinks: sink latency: 130633.92249999999. 
Topology: production-topology1-1-1478818316 average latency: 130633.92249999999 tail latency: 137732.35. 
production-topology1-1-1478818316,0.9342576242286948,0.8140770517547623,130633.92249999999,1100,740,1478818908487
In Observer * 
In Run
Let's get some latency data 
Topology: production-topology1-1-1478818316 spout: spout_head sinks: sink latency: 132460.93749999997. 
Topology: production-topology1-1-1478818316 average latency: 132460.93749999997 tail latency: 141337.1. 
production-topology1-1-1478818316,5.313696060037524,0.9628550106566718,132460.93749999997,820,340,1478818918851
In Observer * 
In Run
Let's get some latency data 
Topology: production-topology1-1-1478818316 spout: spout_head sinks: sink latency: 143326.3875. 
Topology: production-topology1-1-1478818316 average latency: 143326.3875 tail latency: 157771.39999999997. 
production-topology1-1-1478818316,0.8904872760265016,0.974630943113369,143326.3875,1260,680,1478818929211
In Observer * 
In Run
Let's get some latency data 
Topology: production-topology1-1-1478818316 spout: spout_head sinks: sink latency: 140881.64250000002. 
Topology: production-topology1-1-1478818316 average latency: 140881.64250000002 tail latency: 154030.65. 
production-topology1-1-1478818316,0.5543434343434342,0.9552137680377316,140881.64250000002,900,280,1478818939591
In Observer * 
In Run
Let's get some latency data 
Topology: production-topology1-1-1478818316 spout: spout_head sinks: sink latency: 144242.01. 
Topology: production-topology1-1-1478818316 average latency: 144242.01 tail latency: 154016.5. 
production-topology1-1-1478818316,0.5816436631749314,0.9546472416174855,144242.01,1180,460,1478818949952
In Observer * 
In Run
Let's get some latency data 
Topology: production-topology1-1-1478818316 spout: spout_head sinks: sink latency: 155371.42749999996. 
Topology: production-topology1-1-1478818316 average latency: 155371.42749999996 tail latency: 167969.2. 
production-topology1-1-1478818316,1.1325614248248512,0.97988592012769,155371.42749999996,940,740,1478818960311
In Observer * 
In Run
Let's get some latency data 
Topology: production-topology1-1-1478818316 spout: spout_head sinks: sink latency: 142494.19999999998. 
Topology: production-topology1-1-1478818316 average latency: 142494.19999999998 tail latency: 150716.05. 
production-topology1-1-1478818316,0.453127572016461,0.9609168152412895,142494.19999999998,1080,440,1478818970653
In Observer * 
In Run
Let's get some latency data 
Topology: production-topology1-1-1478818316 spout: spout_head sinks: sink latency: 151859.5725. 
Topology: production-topology1-1-1478818316 average latency: 151859.5725 tail latency: 163378.85. 
production-topology1-1-1478818316,0.42639331553105353,0.9529745372878135,151859.5725,940,340,1478818981069
In Observer * 
In Run
Let's get some latency data 
Topology: production-topology1-1-1478818316 spout: spout_head sinks: sink latency: 154113.34249999997. 
Topology: production-topology1-1-1478818316 average latency: 154113.34249999997 tail latency: 159989.45. 
production-topology1-1-1478818316,1.2157488682450284,0.9701317295155609,154113.34249999997,980,680,1478818991379
In Observer * 
In Run
Let's get some latency data 
Topology: production-topology1-1-1478818316 spout: spout_head sinks: sink latency: 153078.37249999997. 
Topology: production-topology1-1-1478818316 average latency: 153078.37249999997 tail latency: 162671.8. 
production-topology1-1-1478818316,0.7791223404255319,0.9752727868092196,153078.37249999997,1260,420,1478819001748
In Observer * 
In Run
Let's get some latency data 
Topology: production-topology1-1-1478818316 spout: spout_head sinks: sink latency: 161794.25999999998. 
Topology: production-topology1-1-1478818316 average latency: 161794.25999999998 tail latency: 169382.9. 
production-topology1-1-1478818316,0.6686852873674822,0.9599058402113805,161794.25999999998,860,280,1478819012170
In Observer * 
In Run
Let's get some latency data 
Topology: production-topology1-1-1478818316 spout: spout_head sinks: sink latency: 168644.44. 
Topology: production-topology1-1-1478818316 average latency: 168644.44 tail latency: 180218.3. 
production-topology1-1-1478818316,1.0529243189275184,0.9535449638325655,168644.44,1220,960,1478819022538
In Observer * 
In Run
Let's get some latency data 
Topology: production-topology1-1-1478818316 spout: spout_head sinks: sink latency: 166945.6625. 
Topology: production-topology1-1-1478818316 average latency: 166945.6625 tail latency: 178296.15. 
production-topology1-1-1478818316,2.349537037037037,1.0245893827355117,166945.6625,920,360,1478819032886
In Observer * 
In Run
Let's get some latency data 
Topology: production-topology1-1-1478818316 spout: spout_head sinks: sink latency: 172776.78000000003. 
Topology: production-topology1-1-1478818316 average latency: 172776.78000000003 tail latency: 180420.65. 
production-topology1-1-1478818316,1.2666549789621318,1.0326599680956907,172776.78000000003,920,340,1478819043235
In Observer * 
In Run
Let's get some latency data 
Topology: production-topology1-1-1478818316 spout: spout_head sinks: sink latency: 181168.9825. 
Topology: production-topology1-1-1478818316 average latency: 181168.9825 tail latency: 197424.2. 
production-topology1-1-1478818316,0.9324236350681506,1.0184654002317142,181168.9825,1140,720,1478819053613
In Observer * 
In Run
Let's get some latency data 
Topology: production-topology1-1-1478818316 spout: spout_head sinks: sink latency: 169388.0725. 
Topology: production-topology1-1-1478818316 average latency: 169388.0725 tail latency: 180886.1. 
production-topology1-1-1478818316,0.5206508135168961,1.0129863518266964,169388.0725,940,300,1478819064013
In Observer * 
In Run
Let's get some latency data 
Topology: production-topology1-1-1478818316 spout: spout_head sinks: sink latency: 172875.13999999998. 
Topology: production-topology1-1-1478818316 average latency: 172875.13999999998 tail latency: 186697.5. 
production-topology1-1-1478818316,0.7201592941821235,0.9968513107555744,172875.13999999998,1180,420,1478819074365
In Observer * 
In Run
Let's get some latency data 
Topology: production-topology1-1-1478818316 spout: spout_head sinks: sink latency: 181965.335. 
Topology: production-topology1-1-1478818316 average latency: 181965.335 tail latency: 187145.05. 
production-topology1-1-1478818316,0.3541608528213428,0.9951866849519678,181965.335,920,280,1478819084720
In Observer * 
In Run
Let's get some latency data 
Topology: production-topology1-1-1478818316 spout: spout_head sinks: sink latency: 185437.45. 
Topology: production-topology1-1-1478818316 average latency: 185437.45 tail latency: 201410.55. 
production-topology1-1-1478818316,1.5682550484086972,1.0191776082579707,185437.45,1020,1020,1478819095124
In Observer * 
In Run
Let's get some latency data 
Topology: production-topology1-1-1478818316 spout: spout_head sinks: sink latency: 185244.14749999996. 
Topology: production-topology1-1-1478818316 average latency: 185244.14749999996 tail latency: 192927.0. 
production-topology1-1-1478818316,1.3856960408684547,1.0457595535590545,185244.14749999996,1080,360,1478819105451
In Observer * 
In Run
Let's get some latency data 
Topology: production-topology1-1-1478818316 spout: spout_head sinks: sink latency: 190642.955. 
Topology: production-topology1-1-1478818316 average latency: 190642.955 tail latency: 200487.95. 
production-topology1-1-1478818316,1.181322045803799,1.053791692761108,190642.955,880,600,1478819115808
In Observer * 
In Run
Let's get some latency data 
Topology: production-topology1-1-1478818316 spout: spout_head sinks: sink latency: 184712.10249999998. 
Topology: production-topology1-1-1478818316 average latency: 184712.10249999998 tail latency: 197401.3. 
production-topology1-1-1478818316,0.4853832522096203,1.0587048348781312,184712.10249999998,1220,400,1478819126155
In Observer * 
In Run
Let's get some latency data 
Topology: production-topology1-1-1478818316 spout: spout_head sinks: sink latency: 183594.8475. 
Topology: production-topology1-1-1478818316 average latency: 183594.8475 tail latency: 193901.35. 
production-topology1-1-1478818316,0.58600966501059,1.0528289085420839,183594.8475,940,320,1478819136513
In Observer * 
In Run
Let's get some latency data 
Topology: production-topology1-1-1478818316 spout: spout_head sinks: sink latency: 195192.04249999998. 
Topology: production-topology1-1-1478818316 average latency: 195192.04249999998 tail latency: 206439.15. 
production-topology1-1-1478818316,0.5040875788520836,1.0487027270466394,195192.04249999998,1060,400,1478819146906
In Observer * 
In Run
Let's get some latency data 
Topology: production-topology1-1-1478818316 spout: spout_head sinks: sink latency: 209639.7425. 
Topology: production-topology1-1-1478818316 average latency: 209639.7425 tail latency: 227101.7. 
production-topology1-1-1478818316,1.8549973997327065,1.088321666736188,209639.7425,1040,1000,1478819157239
In Observer * 
In Run
Let's get some latency data 
Topology: production-topology1-1-1478818316 spout: spout_head sinks: sink latency: 189382.3275. 
Topology: production-topology1-1-1478818316 average latency: 189382.3275 tail latency: 199161.75. 
production-topology1-1-1478818316,0.5535926773455377,1.0905145678932646,189382.3275,920,400,1478819167708
In Observer * 
In Run
Let's get some latency data 
Topology: production-topology1-1-1478818316 spout: spout_head sinks: sink latency: 201215.82. 
Topology: production-topology1-1-1478818316 average latency: 201215.82 tail latency: 218306.55. 
production-topology1-1-1478818316,0.6374201787994892,1.0506309150843862,201215.82,1280,460,1478819178048
In Observer * 
In Run
Let's get some latency data 
Topology: production-topology1-1-1478818316 spout: spout_head sinks: sink latency: 206989.27499999997. 
Topology: production-topology1-1-1478818316 average latency: 206989.27499999997 tail latency: 222313.75. 
production-topology1-1-1478818316,0.7927845506527134,1.051743637775615,206989.27499999997,760,420,1478819188354
In Observer * 
In Run
Let's get some latency data 
Topology: production-topology1-1-1478818316 spout: spout_head sinks: sink latency: 196208.45. 
Topology: production-topology1-1-1478818316 average latency: 196208.45 tail latency: 202930.95. 
production-topology1-1-1478818316,0.9535684040991463,1.0642439005380637,196208.45,1260,660,1478819198667
In Observer * 
In Run
Let's get some latency data 
Topology: production-topology1-1-1478818316 spout: spout_head sinks: sink latency: 199198.2525. 
Topology: production-topology1-1-1478818316 average latency: 199198.2525 tail latency: 210564.9. 
production-topology1-1-1478818316,0.19772839506172837,1.0282474344527086,199198.2525,900,320,1478819209011
In Observer * 
In Run
Let's get some latency data 
Topology: production-topology1-1-1478818316 spout: spout_head sinks: sink latency: 211252.81250000006. 
Topology: production-topology1-1-1478818316 average latency: 211252.81250000006 tail latency: 220473.95. 
production-topology1-1-1478818316,1.007134203795935,1.0306766537716165,211252.81250000006,1020,360,1478819219342
In Observer * 
In Run
Let's get some latency data 
Topology: production-topology1-1-1478818316 spout: spout_head sinks: sink latency: 213775.05250000005. 
Topology: production-topology1-1-1478818316 average latency: 213775.05250000005 tail latency: 236370.5. 
production-topology1-1-1478818316,0.580889827195246,0.8729164460102072,213775.05250000005,1200,380,1478819229673
In Observer * 
In Run
Let's get some latency data 
Topology: production-topology1-1-1478818316 spout: spout_head sinks: sink latency: 229102.16500000004. 
Topology: production-topology1-1-1478818316 average latency: 229102.16500000004 tail latency: 248068.15. 
production-topology1-1-1478818316,0.5368421052631581,0.8611282736514292,229102.16500000004,900,260,1478819240002
In Observer * 
In Run
Let's get some latency data 
Topology: production-topology1-1-1478818316 spout: spout_head sinks: sink latency: 207107.3225. 
Topology: production-topology1-1-1478818316 average latency: 207107.3225 tail latency: 217460.05. 
production-topology1-1-1478818316,1.8268064681354383,0.9035437081111627,207107.3225,1100,1200,1478819250335
In Observer * 
In Run
Let's get some latency data 
Topology: production-topology1-1-1478818316 spout: spout_head sinks: sink latency: 223332.4875. 
Topology: production-topology1-1-1478818316 average latency: 223332.4875 tail latency: 234703.65. 
production-topology1-1-1478818316,0.4781671664167917,0.9000944915525579,223332.4875,920,360,1478819260655
In Observer * 
In Run
Let's get some latency data 
Topology: production-topology1-1-1478818316 spout: spout_head sinks: sink latency: 223412.26999999996. 
Topology: production-topology1-1-1478818316 average latency: 223412.26999999996 tail latency: 232150.45. 
production-topology1-1-1478818316,1.2905448291394528,0.9053606050297115,223412.26999999996,1040,480,1478819271039
In Observer * 
In Run
Let's get some latency data 
Topology: production-topology1-1-1478818316 spout: spout_head sinks: sink latency: 221846.13000000003. 
Topology: production-topology1-1-1478818316 average latency: 221846.13000000003 tail latency: 233445.6. 
production-topology1-1-1478818316,1.0998134328358211,0.9269168003903567,221846.13000000003,1040,680,1478819281371
In Observer * 
In Run
Let's get some latency data 
Topology: production-topology1-1-1478818316 spout: spout_head sinks: sink latency: 212931.01499999998. 
Topology: production-topology1-1-1478818316 average latency: 212931.01499999998 tail latency: 227255.95. 
production-topology1-1-1478818316,0.3645641277641278,0.9248558274647924,212931.01499999998,1000,320,1478819291717
In Observer * 
In Run
Let's get some latency data 
Topology: production-topology1-1-1478818316 spout: spout_head sinks: sink latency: 219824.1125. 
Topology: production-topology1-1-1478818316 average latency: 219824.1125 tail latency: 229065.15. 
production-topology1-1-1478818316,0.27836122595230145,0.8936095727217016,219824.1125,1120,440,1478819302004
In Observer * 
In Run
Let's get some latency data 
Topology: production-topology1-1-1478818316 spout: spout_head sinks: sink latency: 235281.09499999997. 
Topology: production-topology1-1-1478818316 average latency: 235281.09499999997 tail latency: 244694.55. 
production-topology1-1-1478818316,1.9402628434886497,0.932314256157139,235281.09499999997,900,280,1478819312346
In Observer * 
In Run
Let's get some latency data 
Topology: production-topology1-1-1478818316 spout: spout_head sinks: sink latency: 249410.6975. 
Topology: production-topology1-1-1478818316 average latency: 249410.6975 tail latency: 268341.7. 
production-topology1-1-1478818316,1.528717683636949,0.9609820026994546,249410.6975,1120,1120,1478819322737
In Observer * 
In Run
Let's get some latency data 
Topology: production-topology1-1-1478818316 spout: spout_head sinks: sink latency: 245506.9125. 
Topology: production-topology1-1-1478818316 average latency: 245506.9125 tail latency: 257382.35. 
production-topology1-1-1478818316,0.647402715515118,0.9474646159190411,245506.9125,1020,440,1478819333103
In Observer * 
In Run
Let's get some latency data 
Topology: production-topology1-1-1478818316 spout: spout_head sinks: sink latency: 250446.39250000002. 
Topology: production-topology1-1-1478818316 average latency: 250446.39250000002 tail latency: 262208.1. 
production-topology1-1-1478818316,1.253384912959381,0.9109262117831192,250446.39250000002,940,360,1478819343426
In Observer * 
In Run
Let's get some latency data 
Topology: production-topology1-1-1478818316 spout: spout_head sinks: sink latency: 252526.43749999994. 
Topology: production-topology1-1-1478818316 average latency: 252526.43749999994 tail latency: 262611.55. 
production-topology1-1-1478818316,0.47775041050903133,0.8846293928346826,252526.43749999994,1160,460,1478819353761
In Observer * 
In Run
Let's get some latency data 
Topology: production-topology1-1-1478818316 spout: spout_head sinks: sink latency: 241888.385. 
Topology: production-topology1-1-1478818316 average latency: 241888.385 tail latency: 249989.25. 
production-topology1-1-1478818316,1.0716143279797128,0.8892690825984014,241888.385,900,680,1478819364089
In Observer * 
In Run
Let's get some latency data 
Topology: production-topology1-1-1478818316 spout: spout_head sinks: sink latency: 228974.36000000002. 
Topology: production-topology1-1-1478818316 average latency: 228974.36000000002 tail latency: 236644.75. 
production-topology1-1-1478818316,0.7642357642357642,0.897388580955697,228974.36000000002,1300,420,1478819374408
In Observer * 
In Run
Let's get some latency data 
Topology: production-topology1-1-1478818316 spout: spout_head sinks: sink latency: 244613.51750000002. 
Topology: production-topology1-1-1478818316 average latency: 244613.51750000002 tail latency: 261886.8. 
production-topology1-1-1478818316,0.3302779554693464,0.8843925363319376,244613.51750000002,860,320,1478819384694
In Observer * 
In Run
Let's get some latency data 
Topology: production-topology1-1-1478818316 spout: spout_head sinks: sink latency: 246691.31750000006. 
Topology: production-topology1-1-1478818316 average latency: 246691.31750000006 tail latency: 251785.75. 
production-topology1-1-1478818316,0.7678946393280632,0.8981836625488283,246691.31750000006,920,300,1478819395018
In Observer * 
In Run
Let's get some latency data 
Topology: production-topology1-1-1478818316 spout: spout_head sinks: sink latency: 263553.65750000003. 
Topology: production-topology1-1-1478818316 average latency: 263553.65750000003 tail latency: 274983.45. 
production-topology1-1-1478818316,0.5765625549576167,0.865127246100459,263553.65750000003,1200,380,1478819405364
In Observer * 
In Run
Let's get some latency data 
Topology: production-topology1-1-1478818316 spout: spout_head sinks: sink latency: 267585.50750000007. 
Topology: production-topology1-1-1478818316 average latency: 267585.50750000007 tail latency: 283153.25. 
production-topology1-1-1478818316,0.3152095510508643,0.8294443631065392,267585.50750000007,860,320,1478819415679
In Observer * 
In Run
Let's get some latency data 
Topology: production-topology1-1-1478818316 spout: spout_head sinks: sink latency: 249227.59000000003. 
Topology: production-topology1-1-1478818316 average latency: 249227.59000000003 tail latency: 265268.35. 
production-topology1-1-1478818316,2.0362700839765053,0.8579426310456295,249227.59000000003,1260,1360,1478819425991
In Observer * 
In Run
Let's get some latency data 
Topology: production-topology1-1-1478818316 spout: spout_head sinks: sink latency: 254538.48500000002. 
Topology: production-topology1-1-1478818316 average latency: 254538.48500000002 tail latency: 274025.75. 
production-topology1-1-1478818316,0.2601328903654485,0.8504342856508237,254538.48500000002,860,360,1478819436326
In Observer * 
In Run
Let's get some latency data 
Topology: production-topology1-1-1478818316 spout: spout_head sinks: sink latency: 255088.17749999993. 
Topology: production-topology1-1-1478818316 average latency: 255088.17749999993 tail latency: 265575.19999999995. 
production-topology1-1-1478818316,0.4952396744462407,0.8474086192986786,255088.17749999993,860,320,1478819446629
In Observer * 
In Run
Let's get some latency data 
Topology: production-topology1-1-1478818316 spout: spout_head sinks: sink latency: 258358.53499999997. 
Topology: production-topology1-1-1478818316 average latency: 258358.53499999997 tail latency: 272686.15. 
production-topology1-1-1478818316,0.9651555172329519,0.862777550578041,258358.53499999997,1220,780,1478819457029
In Observer * 
In Run
Let's get some latency data 
Topology: production-topology1-1-1478818316 spout: spout_head sinks: sink latency: 256508.0625. 
Topology: production-topology1-1-1478818316 average latency: 256508.0625 tail latency: 264420.49999999994. 
production-topology1-1-1478818316,0.41730328495034386,0.8148544134186287,256508.0625,840,280,1478819467334
In Observer * 
In Run
Let's get some latency data 
Topology: production-topology1-1-1478818316 spout: spout_head sinks: sink latency: 260647.54249999998. 
Topology: production-topology1-1-1478818316 average latency: 260647.54249999998 tail latency: 275862.1. 
production-topology1-1-1478818316,0.595397560455542,0.8162479095222956,260647.54249999998,1360,440,1478819477679
In Observer * 
In Run
Let's get some latency data 
Topology: production-topology1-1-1478818316 spout: spout_head sinks: sink latency: 260979.84250000003. 
Topology: production-topology1-1-1478818316 average latency: 260979.84250000003 tail latency: 277458.55. 
production-topology1-1-1478818316,0.7423117709437965,0.8197442959271057,260979.84250000003,920,300,1478819487981
In Observer * 
In Run
Let's get some latency data 
Topology: production-topology1-1-1478818316 spout: spout_head sinks: sink latency: 280879.0975. 
Topology: production-topology1-1-1478818316 average latency: 280879.0975 tail latency: 303399.1. 
production-topology1-1-1478818316,1.316518847006652,0.8372021058055704,280879.0975,820,300,1478819498348
In Observer * 
In Run
Let's get some latency data 
Topology: production-topology1-1-1478818316 spout: spout_head sinks: sink latency: 292306.39499999996. 
Topology: production-topology1-1-1478818316 average latency: 292306.39499999996 tail latency: 304272.25. 
production-topology1-1-1478818316,0.3388101772865514,0.8167101649118174,292306.39499999996,1220,360,1478819508721
In Observer * 
In Run
Let's get some latency data 
Topology: production-topology1-1-1478818316 spout: spout_head sinks: sink latency: 302862.25249999994. 
Topology: production-topology1-1-1478818316 average latency: 302862.25249999994 tail latency: 318955.9. 
production-topology1-1-1478818316,2.5310846560846563,0.8944887069459149,302862.25249999994,920,1280,1478819519011
In Observer * 
In Run
Let's get some latency data 
Topology: production-topology1-1-1478818316 spout: spout_head sinks: sink latency: 265566.0425. 
Topology: production-topology1-1-1478818316 average latency: 265566.0425 tail latency: 282627.4. 
production-topology1-1-1478818316,0.5620473008596091,0.8796524768480374,265566.0425,1180,480,1478819529325
In Observer * 
In Run
Let's get some latency data 
Topology: production-topology1-1-1478818316 spout: spout_head sinks: sink latency: 276089.46499999997. 
Topology: production-topology1-1-1478818316 average latency: 276089.46499999997 tail latency: 301381.65. 
production-topology1-1-1478818316,3.555158730158731,0.978794773613487,276089.46499999997,880,340,1478819539635
In Observer * 
In Run
Let's get some latency data 
Topology: production-topology1-1-1478818316 spout: spout_head sinks: sink latency: 277484.345. 
Topology: production-topology1-1-1478818316 average latency: 277484.345 tail latency: 290604.6. 
production-topology1-1-1478818316,0.27400542654779947,0.9700335509896417,277484.345,1180,480,1478819549969
In Observer * 
In Run
Let's get some latency data 
Topology: production-topology1-1-1478818316 spout: spout_head sinks: sink latency: 309075.5924999999. 
Topology: production-topology1-1-1478818316 average latency: 309075.5924999999 tail latency: 318014.35. 
production-topology1-1-1478818316,0.7165142549757935,0.933023810550987,309075.5924999999,1000,400,1478819560294
In Observer * 
In Run
Let's get some latency data 
Topology: production-topology1-1-1478818316 spout: spout_head sinks: sink latency: 283177.38250000007. 
Topology: production-topology1-1-1478818316 average latency: 283177.38250000007 tail latency: 293319.4. 
production-topology1-1-1478818316,1.208724862375014,0.9573757337495946,283177.38250000007,860,740,1478819570642
In Observer * 
In Run
Let's get some latency data 
Topology: production-topology1-1-1478818316 spout: spout_head sinks: sink latency: 286284.1875. 
Topology: production-topology1-1-1478818316 average latency: 286284.1875 tail latency: 306721.24999999994. 
production-topology1-1-1478818316,0.38601532567049807,0.9272247503006296,286284.1875,1260,420,1478819580965
In Observer * 
In Run
Let's get some latency data 
Topology: production-topology1-1-1478818316 spout: spout_head sinks: sink latency: 286979.1074999999. 
Topology: production-topology1-1-1478818316 average latency: 286979.1074999999 tail latency: 306527.35. 
production-topology1-1-1478818316,0.4530612244897959,0.905666343355762,286979.1074999999,900,300,1478819591310
In Observer * 
In Run
Let's get some latency data 
Topology: production-topology1-1-1478818316 spout: spout_head sinks: sink latency: 305791.3. 
Topology: production-topology1-1-1478818316 average latency: 305791.3 tail latency: 325701.85. 
production-topology1-1-1478818316,0.24777331199682434,0.9017733161635186,305791.3,1060,380,1478819601656
In Observer * 
In Run
Let's get some latency data 
Topology: production-topology1-1-1478818316 spout: spout_head sinks: sink latency: 313258.23250000004. 
Topology: production-topology1-1-1478818316 average latency: 313258.23250000004 tail latency: 318811.25000000006. 
production-topology1-1-1478818316,0.0,0.8924946086317752,313258.23250000004,900,400,1478819612056
In Observer * 
In Run
Let's get some latency data 
Topology: production-topology1-1-1478818316 spout: spout_head sinks: sink latency: 316858.05000000005. 
Topology: production-topology1-1-1478818316 average latency: 316858.05000000005 tail latency: 329506.35. 
production-topology1-1-1478818316,0.0,0.8278191805154868,316858.05000000005,980,340,1478819622380
In Observer * 
In Run
Let's get some latency data 
Topology: production-topology1-1-1478818316 spout: spout_head sinks: sink latency: 313236.435. 
Topology: production-topology1-1-1478818316 average latency: 313236.435 tail latency: 326036.79999999993. 
production-topology1-1-1478818316,1.5978924119441755,0.8301250047923944,313236.435,1280,1380,1478819632700
In Observer * 
In Run
Let's get some latency data 
Topology: production-topology1-1-1478818316 spout: spout_head sinks: sink latency: 293824.77749999997. 
Topology: production-topology1-1-1478818316 average latency: 293824.77749999997 tail latency: 306637.65. 
production-topology1-1-1478818316,0.0,0.8085449142752237,293824.77749999997,900,340,1478819643037
In Observer * 
In Run
Let's get some latency data 
Topology: production-topology1-1-1478818316 spout: spout_head sinks: sink latency: 301807.165. 
Topology: production-topology1-1-1478818316 average latency: 301807.165 tail latency: 325944.15. 
production-topology1-1-1478818316,0.0,0.7667654171765778,301807.165,1160,460,1478819653353
In Observer * 
In Run
Let's get some latency data 
Topology: production-topology1-1-1478818316 spout: spout_head sinks: sink latency: 318729.17750000005. 
Topology: production-topology1-1-1478818316 average latency: 318729.17750000005 tail latency: 326638.6. 
production-topology1-1-1478818316,0.0,0.7508404034929435,318729.17750000005,1020,360,1478819663735
In Observer * 
In Run
Let's get some latency data 
Topology: production-topology1-1-1478818316 spout: spout_head sinks: sink latency: 318822.7075. 
Topology: production-topology1-1-1478818316 average latency: 318822.7075 tail latency: 347146.8. 
production-topology1-1-1478818316,1.6889129713691116,0.7714170249392567,318822.7075,820,820,1478819674057
In Observer * 
In Run
Let's get some latency data 
Topology: production-topology1-1-1478818316 spout: spout_head sinks: sink latency: 309547.3625. 
Topology: production-topology1-1-1478818316 average latency: 309547.3625 tail latency: 317816.55. 
production-topology1-1-1478818316,0.5714771220159152,0.7649917368652617,309547.3625,1280,420,1478819684379
In Observer * 
In Run
Let's get some latency data 
Topology: production-topology1-1-1478818316 spout: spout_head sinks: sink latency: 309552.72. 
Topology: production-topology1-1-1478818316 average latency: 309552.72 tail latency: 317816.55. 
production-topology1-1-1478818316,0.0,0.75398247168295,309552.72,840,280,1478819694710
In Observer * 
In Run
Let's get some latency data 
Topology: production-topology1-1-1478818316 spout: spout_head sinks: sink latency: 312279.9675. 
Topology: production-topology1-1-1478818316 average latency: 312279.9675 tail latency: 331523.55. 
production-topology1-1-1478818316,0.0,0.7283859837053479,312279.9675,1200,420,1478819705027
In Observer * 
In Run
Let's get some latency data 
Topology: production-topology1-1-1478818316 spout: spout_head sinks: sink latency: 328412.74750000006. 
Topology: production-topology1-1-1478818316 average latency: 328412.74750000006 tail latency: 335140.0. 
production-topology1-1-1478818316,0.0,0.7091672318734273,328412.74750000006,920,320,1478819715334
In Observer * 
In Run
Let's get some latency data 
Topology: production-topology1-1-1478818316 spout: spout_head sinks: sink latency: 330188.3975. 
Topology: production-topology1-1-1478818316 average latency: 330188.3975 tail latency: 336777.9. 
production-topology1-1-1478818316,0.0,0.6986602468383986,330188.3975,1080,300,1478819725658
In Observer * 
In Run
Let's get some latency data 
Topology: production-topology1-1-1478818316 spout: spout_head sinks: sink latency: 349610.52749999997. 
Topology: production-topology1-1-1478818316 average latency: 349610.52749999997 tail latency: 365778.55. 
production-topology1-1-1478818316,0.0,0.6307845773725148,349610.52749999997,1000,400,1478819735978
In Observer * 
In Run
Let's get some latency data 
Topology: production-topology1-1-1478818316 spout: spout_head sinks: sink latency: 347541.80750000005. 
Topology: production-topology1-1-1478818316 average latency: 347541.80750000005 tail latency: 366027.15. 
production-topology1-1-1478818316,2.3626599572243525,0.7008688129344783,347541.80750000005,980,1300,1478819746307
In Observer * 
In Run
Let's get some latency data 
Topology: production-topology1-1-1478818316 spout: spout_head sinks: sink latency: 335864.655. 
Topology: production-topology1-1-1478818316 average latency: 335864.655 tail latency: 351473.5. 
production-topology1-1-1478818316,0.0,0.6843608237862704,335864.655,1200,420,1478819756645
In Observer * 
In Run
Let's get some latency data 
Topology: production-topology1-1-1478818316 spout: spout_head sinks: sink latency: 328949.855. 
Topology: production-topology1-1-1478818316 average latency: 328949.855 tail latency: 348235.0. 
production-topology1-1-1478818316,0.0,0.6521889732118387,328949.855,860,400,1478819766991
In Observer * 
In Run
Let's get some latency data 
Topology: production-topology1-1-1478818316 spout: spout_head sinks: sink latency: 359117.86. 
Topology: production-topology1-1-1478818316 average latency: 359117.86 tail latency: 369898.4. 
production-topology1-1-1478818316,0.0,0.6382788637134936,359117.86,1160,440,1478819777303
In Observer * 
In Run
Let's get some latency data 
Topology: production-topology1-1-1478818316 spout: spout_head sinks: sink latency: 332478.285. 
Topology: production-topology1-1-1478818316 average latency: 332478.285 tail latency: 368648.8. 
production-topology1-1-1478818316,0.0,0.6184322783649757,332478.285,1020,420,1478819787615
In Observer * 
In Run
Let's get some latency data 
Topology: production-topology1-1-1478818316 spout: spout_head sinks: sink latency: 340653.775. 
Topology: production-topology1-1-1478818316 average latency: 340653.775 tail latency: 362885.25. 
production-topology1-1-1478818316,1.3029214499128678,0.6371192676639449,340653.775,840,780,1478819797964
In Observer * 
In Run
Let's get some latency data 
Topology: production-topology1-1-1478818316 spout: spout_head sinks: sink latency: 332593.685. 
Topology: production-topology1-1-1478818316 average latency: 332593.685 tail latency: 356645.25. 
production-topology1-1-1478818316,0.0,0.5932353060970565,332593.685,1280,400,1478819808277
In Observer * 
In Run
Let's get some latency data 
Topology: production-topology1-1-1478818316 spout: spout_head sinks: sink latency: 330492.2375. 
Topology: production-topology1-1-1478818316 average latency: 330492.2375 tail latency: 353076.85. 
production-topology1-1-1478818316,0.0,0.581941633520838,330492.2375,860,340,1478819818609
In Observer * 
In Run
Let's get some latency data 
Topology: production-topology1-1-1478818316 spout: spout_head sinks: sink latency: 355975.84500000003. 
Topology: production-topology1-1-1478818316 average latency: 355975.84500000003 tail latency: 367442.0. 
production-topology1-1-1478818316,0.0,0.49757214498468294,355975.84500000003,920,340,1478819829005
In Observer * 
In Run
Let's get some latency data 
Topology: production-topology1-1-1478818316 spout: spout_head sinks: sink latency: 361155.68000000005. 
Topology: production-topology1-1-1478818316 average latency: 361155.68000000005 tail latency: 377626.8. 
production-topology1-1-1478818316,0.0,0.47883723495602926,361155.68000000005,1180,420,1478819839413
In Observer * 
In Run
Let's get some latency data 
Topology: production-topology1-1-1478818316 spout: spout_head sinks: sink latency: 364741.5875. 
Topology: production-topology1-1-1478818316 average latency: 364741.5875 tail latency: 375714.25. 
production-topology1-1-1478818316,0.0,0.36033194395073825,364741.5875,920,340,1478819849762
In Observer * 
In Run
Let's get some latency data 
Topology: production-topology1-1-1478818316 spout: spout_head sinks: sink latency: 352108.70749999996. 
Topology: production-topology1-1-1478818316 average latency: 352108.70749999996 tail latency: 368669.65. 
production-topology1-1-1478818316,0.0,0.3511984297324783,352108.70749999996,1220,420,1478819860110
In Observer * 
In Run
Let's get some latency data 
Topology: production-topology1-1-1478818316 spout: spout_head sinks: sink latency: 377984.8750000001. 
Topology: production-topology1-1-1478818316 average latency: 377984.8750000001 tail latency: 399203.4. 
production-topology1-1-1478818316,2.924764502992624,0.4248067713330393,377984.8750000001,880,1400,1478819870463
In Observer * 
In Run
Let's get some latency data 
Topology: production-topology1-1-1478818316 spout: spout_head sinks: sink latency: 372057.115. 
Topology: production-topology1-1-1478818316 average latency: 372057.115 tail latency: 383749.74999999994. 
production-topology1-1-1478818316,0.0,0.38451594258720545,372057.115,1240,520,1478819880830
In Observer * 
In Run
Let's get some latency data 
Topology: production-topology1-1-1478818316 spout: spout_head sinks: sink latency: 365071.135. 
Topology: production-topology1-1-1478818316 average latency: 365071.135 tail latency: 383749.74999999994. 
production-topology1-1-1478818316,0.0,0.3716487650648555,365071.135,980,300,1478819891179
In Observer * 
In Run
Let's get some latency data 
Topology: production-topology1-1-1478818316 spout: spout_head sinks: sink latency: 383665.1925. 
Topology: production-topology1-1-1478818316 average latency: 383665.1925 tail latency: 400687.25. 
production-topology1-1-1478818316,0.0,0.35654672424852907,383665.1925,900,400,1478819901523
In Observer * 
In Run
Let's get some latency data 
Topology: production-topology1-1-1478818316 spout: spout_head sinks: sink latency: 347457.12249999994. 
Topology: production-topology1-1-1478818316 average latency: 347457.12249999994 tail latency: 382838.05000000005. 
production-topology1-1-1478818316,0.0,0.34828761384863494,347457.12249999994,1060,480,1478819911974
In Observer * 
In Run
Let's get some latency data 
Topology: production-topology1-1-1478818316 spout: spout_head sinks: sink latency: 345732.40249999997. 
Topology: production-topology1-1-1478818316 average latency: 345732.40249999997 tail latency: 366105.25. 
production-topology1-1-1478818316,1.5087424163713223,0.398579027727679,345732.40249999997,960,780,1478819922294
In Observer * 
In Run
Let's get some latency data 
Topology: production-topology1-1-1478818316 spout: spout_head sinks: sink latency: 347845.20749999996. 
Topology: production-topology1-1-1478818316 average latency: 347845.20749999996 tail latency: 366105.25. 
production-topology1-1-1478818316,0.0,0.398579027727679,347845.20749999996,1280,320,1478819932615
In Observer * 
In Run
Let's get some latency data 
Topology: production-topology1-1-1478818316 spout: spout_head sinks: sink latency: 370784.25500000006. 
Topology: production-topology1-1-1478818316 average latency: 370784.25500000006 tail latency: 386023.1. 
production-topology1-1-1478818316,0.0,0.3453159473295398,370784.25500000006,840,240,1478819942964
In Observer * 
In Run
Let's get some latency data 
Topology: production-topology1-1-1478818316 spout: spout_head sinks: sink latency: 370784.25500000006. 
Topology: production-topology1-1-1478818316 average latency: 370784.25500000006 tail latency: 386023.1. 
production-topology1-1-1478818316,0.0,0.3453159473295398,370784.25500000006,1040,220,1478819953291
In Observer * 
In Run
Let's get some latency data 
Topology: production-topology1-1-1478818316 spout: spout_head sinks: sink latency: 394312.9525. 
Topology: production-topology1-1-1478818316 average latency: 394312.9525 tail latency: 409508.9. 
production-topology1-1-1478818316,0.0,0.3453159473295398,394312.9525,1120,240,1478819963663
In Observer * 
In Run
Let's get some latency data 
Topology: production-topology1-1-1478818316 spout: spout_head sinks: sink latency: 397788.735. 
Topology: production-topology1-1-1478818316 average latency: 397788.735 tail latency: 412172.20000000007. 
production-topology1-1-1478818316,0.0,0.3453159473295398,397788.735,860,260,1478819974005
In Observer * 
In Run
Let's get some latency data 
Topology: production-topology1-1-1478818316 spout: spout_head sinks: sink latency: 388877.8625. 
Topology: production-topology1-1-1478818316 average latency: 388877.8625 tail latency: 412172.20000000007. 
production-topology1-1-1478818316,0.0,0.28901884828390273,388877.8625,1180,300,1478819984346
In Observer * 
In Run
Let's get some latency data 
Topology: production-topology1-1-1478818316 spout: spout_head sinks: sink latency: 381150.7899999999. 
Topology: production-topology1-1-1478818316 average latency: 381150.7899999999 tail latency: 411254.6. 
production-topology1-1-1478818316,1.9250707949510848,0.3341386373817417,381150.7899999999,900,1360,1478819994720
In Observer * 
In Run
Let's get some latency data 
Topology: production-topology1-1-1478818316 spout: spout_head sinks: sink latency: 387223.77999999997. 
Topology: production-topology1-1-1478818316 average latency: 387223.77999999997 tail latency: 424276.65. 
production-topology1-1-1478818316,1.9866298811544991,0.400359633420225,387223.77999999997,1140,440,1478820005050
In Observer * 
In Run
Let's get some latency data 
Topology: production-topology1-1-1478818316 spout: spout_head sinks: sink latency: 384082.66500000004. 
Topology: production-topology1-1-1478818316 average latency: 384082.66500000004 tail latency: 424276.65. 
production-topology1-1-1478818316,0.010026954177897573,0.40069386522615497,384082.66500000004,1060,360,1478820015387
In Observer * 
In Run
Let's get some latency data 
Topology: production-topology1-1-1478818316 spout: spout_head sinks: sink latency: 420849.43000000005. 
Topology: production-topology1-1-1478818316 average latency: 420849.43000000005 tail latency: 433582.65. 
production-topology1-1-1478818316,0.024691358024691353,0.4015169104936447,420849.43000000005,900,360,1478820025686
In Observer * 
In Run
Let's get some latency data 
Topology: production-topology1-1-1478818316 spout: spout_head sinks: sink latency: 397088.7175. 
Topology: production-topology1-1-1478818316 average latency: 397088.7175 tail latency: 423523.9. 
production-topology1-1-1478818316,0.1450221908476773,0.40635098352190063,397088.7175,1180,460,1478820036022
In Observer * 
In Run
Let's get some latency data 
Topology: production-topology1-1-1478818316 spout: spout_head sinks: sink latency: 397611.6925. 
Topology: production-topology1-1-1478818316 average latency: 397611.6925 tail latency: 438154.1. 
production-topology1-1-1478818316,2.8852858949186517,0.5025271800191891,397611.6925,960,1460,1478820046357
In Observer * 
In Run
Let's get some latency data 
Topology: production-topology1-1-1478818316 spout: spout_head sinks: sink latency: 433841.4125. 
Topology: production-topology1-1-1478818316 average latency: 433841.4125 tail latency: 455350.65. 
production-topology1-1-1478818316,0.0,0.42377184811171065,433841.4125,1020,260,1478820056673
In Observer * 
In Run
Let's get some latency data 
Topology: production-topology1-1-1478818316 spout: spout_head sinks: sink latency: 433039.37249999994. 
Topology: production-topology1-1-1478818316 average latency: 433039.37249999994 tail latency: 484894.75. 
production-topology1-1-1478818316,0.0,0.42377184811171065,433039.37249999994,1060,300,1478820066991
In Observer * 
In Run
Let's get some latency data 
Topology: production-topology1-1-1478818316 spout: spout_head sinks: sink latency: 445510.3350000001. 
Topology: production-topology1-1-1478818316 average latency: 445510.3350000001 tail latency: 484894.75. 
production-topology1-1-1478818316,0.0,0.42377184811171065,445510.3350000001,840,200,1478820077298
In Observer * 
In Run
Let's get some latency data 
Topology: production-topology1-1-1478818316 spout: spout_head sinks: sink latency: 437888.8925000001. 
Topology: production-topology1-1-1478818316 average latency: 437888.8925000001 tail latency: 464905.45. 
production-topology1-1-1478818316,0.0,0.42377184811171065,437888.8925000001,1180,320,1478820087627
In Observer * 
In Run
Let's get some latency data 
Topology: production-topology1-1-1478818316 spout: spout_head sinks: sink latency: 427398.30000000005. 
Topology: production-topology1-1-1478818316 average latency: 427398.30000000005 tail latency: 433244.0. 
production-topology1-1-1478818316,0.0,0.42377184811171065,427398.30000000005,1020,200,1478820097916
In Observer * 
In Run
Let's get some latency data 
Topology: production-topology1-1-1478818316 spout: spout_head sinks: sink latency: 426938.825. 
Topology: production-topology1-1-1478818316 average latency: 426938.825 tail latency: 433915.2. 
production-topology1-1-1478818316,0.0,0.380341133114615,426938.825,1120,320,1478820108294
In Observer * 
In Run
Let's get some latency data 
Topology: production-topology1-1-1478818316 spout: spout_head sinks: sink latency: 406621.41250000003. 
Topology: production-topology1-1-1478818316 average latency: 406621.41250000003 tail latency: 413775.6. 
production-topology1-1-1478818316,1.076940589899892,0.4162391527779447,406621.41250000003,960,640,1478820118534
