2016-11-10 17:38:07.833 b.s.u.Utils [INFO] Using defaults.yaml from resources
2016-11-10 17:38:07.922 b.s.u.Utils [INFO] Using storm.yaml from resources
2016-11-10 17:38:09.118 b.s.u.Utils [INFO] Using defaults.yaml from resources
2016-11-10 17:38:09.141 b.s.u.Utils [INFO] Using storm.yaml from resources
2016-11-10 17:38:09.296 o.a.s.s.o.e.j.s.Server [INFO] jetty-7.x.y-SNAPSHOT
2016-11-10 17:38:09.323 o.a.s.s.o.e.j.s.h.ContextHandler [INFO] started o.a.s.s.o.e.j.s.ServletContextHandler{/,null}
2016-11-10 17:38:09.341 o.a.s.s.o.e.j.s.AbstractConnector [INFO] Started SelectChannelConnector@0.0.0.0:8080
2016-11-10 18:02:52.569 b.s.thrift [INFO] Connecting to Nimbus at ZookeeperNimbus:6627 as user: 
2016-11-10 18:02:52.570 b.s.thrift [INFO] Connecting to Nimbus at ZookeeperNimbus:6627 as user: 
2016-11-10 18:02:52.570 b.s.u.Utils [INFO] Using defaults.yaml from resources
2016-11-10 18:02:52.570 b.s.thrift [INFO] Connecting to Nimbus at ZookeeperNimbus:6627 as user: 
2016-11-10 18:02:52.570 b.s.u.Utils [INFO] Using defaults.yaml from resources
2016-11-10 18:02:52.570 b.s.thrift [INFO] Connecting to Nimbus at ZookeeperNimbus:6627 as user: 
2016-11-10 18:02:52.571 b.s.u.Utils [INFO] Using defaults.yaml from resources
2016-11-10 18:02:52.571 b.s.u.Utils [INFO] Using defaults.yaml from resources
2016-11-10 18:02:52.597 b.s.u.Utils [INFO] Using storm.yaml from resources
2016-11-10 18:02:52.597 b.s.u.Utils [INFO] Using storm.yaml from resources
2016-11-10 18:02:52.612 b.s.u.Utils [INFO] Using storm.yaml from resources
2016-11-10 18:02:52.612 b.s.u.Utils [INFO] Using storm.yaml from resources
2016-11-10 18:02:52.618 b.s.u.StormBoundedExponentialBackoffRetry [INFO] The baseSleepTimeMs [2000] the maxSleepTimeMs [60000] the maxRetries [5]
2016-11-10 18:02:52.618 b.s.u.StormBoundedExponentialBackoffRetry [INFO] The baseSleepTimeMs [2000] the maxSleepTimeMs [60000] the maxRetries [5]
2016-11-10 18:02:52.631 b.s.u.StormBoundedExponentialBackoffRetry [INFO] The baseSleepTimeMs [2000] the maxSleepTimeMs [60000] the maxRetries [5]
2016-11-10 18:02:52.631 b.s.u.StormBoundedExponentialBackoffRetry [INFO] The baseSleepTimeMs [2000] the maxSleepTimeMs [60000] the maxRetries [5]
