2016-11-09 18:50:28.708 b.s.u.Utils [INFO] Using defaults.yaml from resources
2016-11-09 18:50:28.820 b.s.u.Utils [INFO] Using storm.yaml from resources
2016-11-09 18:50:30.040 b.s.u.Utils [INFO] Using defaults.yaml from resources
2016-11-09 18:50:30.061 b.s.u.Utils [INFO] Using storm.yaml from resources
2016-11-09 18:50:30.220 o.a.s.s.o.e.j.s.Server [INFO] jetty-7.x.y-SNAPSHOT
2016-11-09 18:50:30.246 o.a.s.s.o.e.j.s.h.ContextHandler [INFO] started o.a.s.s.o.e.j.s.ServletContextHandler{/,null}
2016-11-09 18:50:30.264 o.a.s.s.o.e.j.s.AbstractConnector [INFO] Started SelectChannelConnector@0.0.0.0:8080
2016-11-09 18:50:54.009 b.s.thrift [INFO] Connecting to Nimbus at ZookeeperNimbus:6627 as user: 
2016-11-09 18:50:54.010 b.s.u.Utils [INFO] Using defaults.yaml from resources
2016-11-09 18:50:54.010 b.s.thrift [INFO] Connecting to Nimbus at ZookeeperNimbus:6627 as user: 
2016-11-09 18:50:54.011 b.s.u.Utils [INFO] Using defaults.yaml from resources
2016-11-09 18:50:54.015 b.s.thrift [INFO] Connecting to Nimbus at ZookeeperNimbus:6627 as user: 
2016-11-09 18:50:54.016 b.s.u.Utils [INFO] Using defaults.yaml from resources
2016-11-09 18:50:54.016 b.s.thrift [INFO] Connecting to Nimbus at ZookeeperNimbus:6627 as user: 
2016-11-09 18:50:54.017 b.s.u.Utils [INFO] Using defaults.yaml from resources
2016-11-09 18:50:54.037 b.s.u.Utils [INFO] Using storm.yaml from resources
2016-11-09 18:50:54.046 b.s.u.Utils [INFO] Using storm.yaml from resources
2016-11-09 18:50:54.049 b.s.u.Utils [INFO] Using storm.yaml from resources
2016-11-09 18:50:54.051 b.s.u.Utils [INFO] Using storm.yaml from resources
2016-11-09 18:50:54.056 b.s.u.StormBoundedExponentialBackoffRetry [INFO] The baseSleepTimeMs [2000] the maxSleepTimeMs [60000] the maxRetries [5]
2016-11-09 18:50:54.067 b.s.u.StormBoundedExponentialBackoffRetry [INFO] The baseSleepTimeMs [2000] the maxSleepTimeMs [60000] the maxRetries [5]
2016-11-09 18:50:54.067 b.s.u.StormBoundedExponentialBackoffRetry [INFO] The baseSleepTimeMs [2000] the maxSleepTimeMs [60000] the maxRetries [5]
2016-11-09 18:50:54.078 b.s.u.StormBoundedExponentialBackoffRetry [INFO] The baseSleepTimeMs [2000] the maxSleepTimeMs [60000] the maxRetries [5]
2016-11-09 18:51:43.208 b.s.thrift [INFO] Connecting to Nimbus at ZookeeperNimbus:6627 as user: 
2016-11-09 18:51:43.208 b.s.u.Utils [INFO] Using defaults.yaml from resources
2016-11-09 18:51:43.213 b.s.thrift [INFO] Connecting to Nimbus at ZookeeperNimbus:6627 as user: 
2016-11-09 18:51:43.213 b.s.thrift [INFO] Connecting to Nimbus at ZookeeperNimbus:6627 as user: 
2016-11-09 18:51:43.213 b.s.thrift [INFO] Connecting to Nimbus at ZookeeperNimbus:6627 as user: 
2016-11-09 18:51:43.214 b.s.u.Utils [INFO] Using defaults.yaml from resources
2016-11-09 18:51:43.214 b.s.u.Utils [INFO] Using defaults.yaml from resources
2016-11-09 18:51:43.214 b.s.u.Utils [INFO] Using defaults.yaml from resources
2016-11-09 18:51:43.225 b.s.u.Utils [INFO] Using storm.yaml from resources
2016-11-09 18:51:43.228 b.s.u.Utils [INFO] Using storm.yaml from resources
2016-11-09 18:51:43.233 b.s.u.Utils [INFO] Using storm.yaml from resources
2016-11-09 18:51:43.233 b.s.u.Utils [INFO] Using storm.yaml from resources
2016-11-09 18:51:43.235 b.s.u.StormBoundedExponentialBackoffRetry [INFO] The baseSleepTimeMs [2000] the maxSleepTimeMs [60000] the maxRetries [5]
2016-11-09 18:51:43.239 b.s.u.StormBoundedExponentialBackoffRetry [INFO] The baseSleepTimeMs [2000] the maxSleepTimeMs [60000] the maxRetries [5]
2016-11-09 18:51:43.247 b.s.u.StormBoundedExponentialBackoffRetry [INFO] The baseSleepTimeMs [2000] the maxSleepTimeMs [60000] the maxRetries [5]
2016-11-09 18:51:43.247 b.s.u.StormBoundedExponentialBackoffRetry [INFO] The baseSleepTimeMs [2000] the maxSleepTimeMs [60000] the maxRetries [5]
2016-11-09 18:52:46.001 b.s.thrift [INFO] Connecting to Nimbus at ZookeeperNimbus:6627 as user: 
2016-11-09 18:52:46.001 b.s.thrift [INFO] Connecting to Nimbus at ZookeeperNimbus:6627 as user: 
2016-11-09 18:52:46.001 b.s.u.Utils [INFO] Using defaults.yaml from resources
2016-11-09 18:52:46.001 b.s.u.Utils [INFO] Using defaults.yaml from resources
2016-11-09 18:52:46.016 b.s.u.Utils [INFO] Using storm.yaml from resources
2016-11-09 18:52:46.017 b.s.u.Utils [INFO] Using storm.yaml from resources
2016-11-09 18:52:46.025 b.s.u.StormBoundedExponentialBackoffRetry [INFO] The baseSleepTimeMs [2000] the maxSleepTimeMs [60000] the maxRetries [5]
2016-11-09 18:52:46.026 b.s.u.StormBoundedExponentialBackoffRetry [INFO] The baseSleepTimeMs [2000] the maxSleepTimeMs [60000] the maxRetries [5]
2016-11-09 18:52:46.273 b.s.thrift [INFO] Connecting to Nimbus at ZookeeperNimbus:6627 as user: 
2016-11-09 18:52:46.273 b.s.thrift [INFO] Connecting to Nimbus at ZookeeperNimbus:6627 as user: 
2016-11-09 18:52:46.274 b.s.u.Utils [INFO] Using defaults.yaml from resources
2016-11-09 18:52:46.274 b.s.u.Utils [INFO] Using defaults.yaml from resources
2016-11-09 18:52:46.289 b.s.u.Utils [INFO] Using storm.yaml from resources
2016-11-09 18:52:46.293 b.s.u.Utils [INFO] Using storm.yaml from resources
2016-11-09 18:52:46.298 b.s.u.StormBoundedExponentialBackoffRetry [INFO] The baseSleepTimeMs [2000] the maxSleepTimeMs [60000] the maxRetries [5]
2016-11-09 18:52:46.304 b.s.u.StormBoundedExponentialBackoffRetry [INFO] The baseSleepTimeMs [2000] the maxSleepTimeMs [60000] the maxRetries [5]
2016-11-09 19:12:41.917 b.s.thrift [INFO] Connecting to Nimbus at ZookeeperNimbus:6627 as user: 
2016-11-09 19:12:41.917 b.s.u.Utils [INFO] Using defaults.yaml from resources
2016-11-09 19:12:41.919 b.s.thrift [INFO] Connecting to Nimbus at ZookeeperNimbus:6627 as user: 
2016-11-09 19:12:41.920 b.s.thrift [INFO] Connecting to Nimbus at ZookeeperNimbus:6627 as user: 
2016-11-09 19:12:41.920 b.s.u.Utils [INFO] Using defaults.yaml from resources
2016-11-09 19:12:41.920 b.s.u.Utils [INFO] Using defaults.yaml from resources
2016-11-09 19:12:41.921 b.s.thrift [INFO] Connecting to Nimbus at ZookeeperNimbus:6627 as user: 
2016-11-09 19:12:41.921 b.s.u.Utils [INFO] Using defaults.yaml from resources
2016-11-09 19:12:41.933 b.s.u.Utils [INFO] Using storm.yaml from resources
2016-11-09 19:12:41.934 b.s.u.Utils [INFO] Using storm.yaml from resources
2016-11-09 19:12:41.940 b.s.u.Utils [INFO] Using storm.yaml from resources
2016-11-09 19:12:41.940 b.s.u.Utils [INFO] Using storm.yaml from resources
2016-11-09 19:12:41.942 b.s.u.StormBoundedExponentialBackoffRetry [INFO] The baseSleepTimeMs [2000] the maxSleepTimeMs [60000] the maxRetries [5]
2016-11-09 19:12:41.943 b.s.u.StormBoundedExponentialBackoffRetry [INFO] The baseSleepTimeMs [2000] the maxSleepTimeMs [60000] the maxRetries [5]
2016-11-09 19:12:41.954 b.s.u.StormBoundedExponentialBackoffRetry [INFO] The baseSleepTimeMs [2000] the maxSleepTimeMs [60000] the maxRetries [5]
2016-11-09 19:12:41.955 b.s.u.StormBoundedExponentialBackoffRetry [INFO] The baseSleepTimeMs [2000] the maxSleepTimeMs [60000] the maxRetries [5]
