2016-11-03 20:27:13.896 b.s.u.Utils [INFO] Using defaults.yaml from resources
2016-11-03 20:27:14.010 b.s.u.Utils [INFO] Using storm.yaml from resources
2016-11-03 20:27:15.383 b.s.u.Utils [INFO] Using defaults.yaml from resources
2016-11-03 20:27:15.403 b.s.u.Utils [INFO] Using storm.yaml from resources
2016-11-03 20:27:15.570 o.a.s.s.o.e.j.s.Server [INFO] jetty-7.x.y-SNAPSHOT
2016-11-03 20:27:15.598 o.a.s.s.o.e.j.s.h.ContextHandler [INFO] started o.a.s.s.o.e.j.s.ServletContextHandler{/,null}
2016-11-03 20:27:15.616 o.a.s.s.o.e.j.s.AbstractConnector [INFO] Started SelectChannelConnector@0.0.0.0:8080
2016-11-03 20:27:24.015 b.s.thrift [INFO] Connecting to Nimbus at ZookeeperNimbus:6627 as user: 
2016-11-03 20:27:24.015 b.s.thrift [INFO] Connecting to Nimbus at ZookeeperNimbus:6627 as user: 
2016-11-03 20:27:24.016 b.s.thrift [INFO] Connecting to Nimbus at ZookeeperNimbus:6627 as user: 
2016-11-03 20:27:24.016 b.s.thrift [INFO] Connecting to Nimbus at ZookeeperNimbus:6627 as user: 
2016-11-03 20:27:24.016 b.s.u.Utils [INFO] Using defaults.yaml from resources
2016-11-03 20:27:24.016 b.s.u.Utils [INFO] Using defaults.yaml from resources
2016-11-03 20:27:24.016 b.s.u.Utils [INFO] Using defaults.yaml from resources
2016-11-03 20:27:24.017 b.s.u.Utils [INFO] Using defaults.yaml from resources
2016-11-03 20:27:24.044 b.s.u.Utils [INFO] Using storm.yaml from resources
2016-11-03 20:27:24.046 b.s.u.Utils [INFO] Using storm.yaml from resources
2016-11-03 20:27:24.058 b.s.u.Utils [INFO] Using storm.yaml from resources
2016-11-03 20:27:24.058 b.s.u.Utils [INFO] Using storm.yaml from resources
2016-11-03 20:27:24.071 b.s.u.StormBoundedExponentialBackoffRetry [INFO] The baseSleepTimeMs [2000] the maxSleepTimeMs [60000] the maxRetries [5]
2016-11-03 20:27:24.071 b.s.u.StormBoundedExponentialBackoffRetry [INFO] The baseSleepTimeMs [2000] the maxSleepTimeMs [60000] the maxRetries [5]
2016-11-03 20:27:24.083 b.s.u.StormBoundedExponentialBackoffRetry [INFO] The baseSleepTimeMs [2000] the maxSleepTimeMs [60000] the maxRetries [5]
2016-11-03 20:27:24.083 b.s.u.StormBoundedExponentialBackoffRetry [INFO] The baseSleepTimeMs [2000] the maxSleepTimeMs [60000] the maxRetries [5]
2016-11-03 20:28:19.421 b.s.thrift [INFO] Connecting to Nimbus at ZookeeperNimbus:6627 as user: 
2016-11-03 20:28:19.421 b.s.thrift [INFO] Connecting to Nimbus at ZookeeperNimbus:6627 as user: 
2016-11-03 20:28:19.421 b.s.thrift [INFO] Connecting to Nimbus at ZookeeperNimbus:6627 as user: 
2016-11-03 20:28:19.421 b.s.thrift [INFO] Connecting to Nimbus at ZookeeperNimbus:6627 as user: 
2016-11-03 20:28:19.421 b.s.u.Utils [INFO] Using defaults.yaml from resources
2016-11-03 20:28:19.421 b.s.u.Utils [INFO] Using defaults.yaml from resources
2016-11-03 20:28:19.421 b.s.u.Utils [INFO] Using defaults.yaml from resources
2016-11-03 20:28:19.422 b.s.u.Utils [INFO] Using defaults.yaml from resources
2016-11-03 20:28:19.440 b.s.u.Utils [INFO] Using storm.yaml from resources
2016-11-03 20:28:19.440 b.s.u.Utils [INFO] Using storm.yaml from resources
2016-11-03 20:28:19.446 b.s.u.Utils [INFO] Using storm.yaml from resources
2016-11-03 20:28:19.447 b.s.u.Utils [INFO] Using storm.yaml from resources
2016-11-03 20:28:19.451 b.s.u.StormBoundedExponentialBackoffRetry [INFO] The baseSleepTimeMs [2000] the maxSleepTimeMs [60000] the maxRetries [5]
2016-11-03 20:28:19.453 b.s.u.StormBoundedExponentialBackoffRetry [INFO] The baseSleepTimeMs [2000] the maxSleepTimeMs [60000] the maxRetries [5]
2016-11-03 20:28:19.460 b.s.u.StormBoundedExponentialBackoffRetry [INFO] The baseSleepTimeMs [2000] the maxSleepTimeMs [60000] the maxRetries [5]
2016-11-03 20:28:19.462 b.s.u.StormBoundedExponentialBackoffRetry [INFO] The baseSleepTimeMs [2000] the maxSleepTimeMs [60000] the maxRetries [5]
2016-11-03 20:32:08.807 b.s.thrift [INFO] Connecting to Nimbus at ZookeeperNimbus:6627 as user: 
2016-11-03 20:32:08.808 b.s.thrift [INFO] Connecting to Nimbus at ZookeeperNimbus:6627 as user: 
2016-11-03 20:32:08.808 b.s.thrift [INFO] Connecting to Nimbus at ZookeeperNimbus:6627 as user: 
2016-11-03 20:32:08.808 b.s.thrift [INFO] Connecting to Nimbus at ZookeeperNimbus:6627 as user: 
2016-11-03 20:32:08.808 b.s.u.Utils [INFO] Using defaults.yaml from resources
2016-11-03 20:32:08.808 b.s.u.Utils [INFO] Using defaults.yaml from resources
2016-11-03 20:32:08.809 b.s.u.Utils [INFO] Using defaults.yaml from resources
2016-11-03 20:32:08.809 b.s.u.Utils [INFO] Using defaults.yaml from resources
2016-11-03 20:32:08.825 b.s.u.Utils [INFO] Using storm.yaml from resources
2016-11-03 20:32:08.826 b.s.u.Utils [INFO] Using storm.yaml from resources
2016-11-03 20:32:08.832 b.s.u.Utils [INFO] Using storm.yaml from resources
2016-11-03 20:32:08.834 b.s.u.StormBoundedExponentialBackoffRetry [INFO] The baseSleepTimeMs [2000] the maxSleepTimeMs [60000] the maxRetries [5]
2016-11-03 20:32:08.835 b.s.u.Utils [INFO] Using storm.yaml from resources
2016-11-03 20:32:08.835 b.s.u.StormBoundedExponentialBackoffRetry [INFO] The baseSleepTimeMs [2000] the maxSleepTimeMs [60000] the maxRetries [5]
2016-11-03 20:32:08.843 b.s.u.StormBoundedExponentialBackoffRetry [INFO] The baseSleepTimeMs [2000] the maxSleepTimeMs [60000] the maxRetries [5]
2016-11-03 20:32:08.848 b.s.u.StormBoundedExponentialBackoffRetry [INFO] The baseSleepTimeMs [2000] the maxSleepTimeMs [60000] the maxRetries [5]
2016-11-03 20:34:38.565 b.s.thrift [INFO] Connecting to Nimbus at ZookeeperNimbus:6627 as user: 
2016-11-03 20:34:38.565 b.s.thrift [INFO] Connecting to Nimbus at ZookeeperNimbus:6627 as user: 
2016-11-03 20:34:38.565 b.s.thrift [INFO] Connecting to Nimbus at ZookeeperNimbus:6627 as user: 
2016-11-03 20:34:38.565 b.s.u.Utils [INFO] Using defaults.yaml from resources
2016-11-03 20:34:38.565 b.s.u.Utils [INFO] Using defaults.yaml from resources
2016-11-03 20:34:38.566 b.s.u.Utils [INFO] Using defaults.yaml from resources
2016-11-03 20:34:38.566 b.s.thrift [INFO] Connecting to Nimbus at ZookeeperNimbus:6627 as user: 
2016-11-03 20:34:38.566 b.s.u.Utils [INFO] Using defaults.yaml from resources
2016-11-03 20:34:38.577 b.s.u.Utils [INFO] Using storm.yaml from resources
2016-11-03 20:34:38.581 b.s.u.Utils [INFO] Using storm.yaml from resources
2016-11-03 20:34:38.581 b.s.u.Utils [INFO] Using storm.yaml from resources
2016-11-03 20:34:38.582 b.s.u.Utils [INFO] Using storm.yaml from resources
2016-11-03 20:34:38.586 b.s.u.StormBoundedExponentialBackoffRetry [INFO] The baseSleepTimeMs [2000] the maxSleepTimeMs [60000] the maxRetries [5]
2016-11-03 20:34:38.595 b.s.u.StormBoundedExponentialBackoffRetry [INFO] The baseSleepTimeMs [2000] the maxSleepTimeMs [60000] the maxRetries [5]
2016-11-03 20:34:38.595 b.s.u.StormBoundedExponentialBackoffRetry [INFO] The baseSleepTimeMs [2000] the maxSleepTimeMs [60000] the maxRetries [5]
2016-11-03 20:34:38.598 b.s.u.StormBoundedExponentialBackoffRetry [INFO] The baseSleepTimeMs [2000] the maxSleepTimeMs [60000] the maxRetries [5]
2016-11-03 23:08:01.154 b.s.thrift [INFO] Connecting to Nimbus at ZookeeperNimbus:6627 as user: 
2016-11-03 23:08:01.154 b.s.thrift [INFO] Connecting to Nimbus at ZookeeperNimbus:6627 as user: 
2016-11-03 23:08:01.154 b.s.u.Utils [INFO] Using defaults.yaml from resources
2016-11-03 23:08:01.154 b.s.u.Utils [INFO] Using defaults.yaml from resources
2016-11-03 23:08:01.154 b.s.thrift [INFO] Connecting to Nimbus at ZookeeperNimbus:6627 as user: 
2016-11-03 23:08:01.154 b.s.thrift [INFO] Connecting to Nimbus at ZookeeperNimbus:6627 as user: 
2016-11-03 23:08:01.155 b.s.u.Utils [INFO] Using defaults.yaml from resources
2016-11-03 23:08:01.155 b.s.u.Utils [INFO] Using defaults.yaml from resources
2016-11-03 23:08:01.166 b.s.u.Utils [INFO] Using storm.yaml from resources
2016-11-03 23:08:01.168 b.s.u.Utils [INFO] Using storm.yaml from resources
2016-11-03 23:08:01.170 b.s.u.Utils [INFO] Using storm.yaml from resources
2016-11-03 23:08:01.170 b.s.u.Utils [INFO] Using storm.yaml from resources
2016-11-03 23:08:01.174 b.s.u.StormBoundedExponentialBackoffRetry [INFO] The baseSleepTimeMs [2000] the maxSleepTimeMs [60000] the maxRetries [5]
2016-11-03 23:08:01.179 b.s.u.StormBoundedExponentialBackoffRetry [INFO] The baseSleepTimeMs [2000] the maxSleepTimeMs [60000] the maxRetries [5]
2016-11-03 23:08:01.181 b.s.u.StormBoundedExponentialBackoffRetry [INFO] The baseSleepTimeMs [2000] the maxSleepTimeMs [60000] the maxRetries [5]
2016-11-03 23:08:01.182 b.s.u.StormBoundedExponentialBackoffRetry [INFO] The baseSleepTimeMs [2000] the maxSleepTimeMs [60000] the maxRetries [5]
