production-topology1-1-1475358309,0.0,0.0,0.0,0,0,1475358310140
production-topology1-1-1475358309,0.0,0.0,0.0,0,0,1475358312131
production-topology2-2-1475358316,0.0,0.0,0.0,0,0,1475358316699
production-topology1-1-1475358309,0.0,0.0,0.0,0,0,1475358316699
production-topology2-2-1475358316,0.0,0.0,0.0,0,0,1475358322766
production-topology1-1-1475358309,1.1163497136347813,0.2790874284086953,0.0,340,180,1475358322766
production-topology2-2-1475358316,0.0,0.0,0.0,0,0,1475358323866
production-topology3-3-1475358323,0.0,0.0,0.0,0,0,1475358323866
production-topology1-1-1475358309,0.703125,0.36389494272695627,0.0,300,120,1475358323866
production-topology2-2-1475358316,0.9078092959671906,0.22695232399179766,625.1,660,300,1475358330849
production-topology3-3-1475358323,0.0,0.0,0.0,0,0,1475358330849
production-topology4-4-1475358329,0.0,0.0,0.0,0,0,1475358330849
production-topology1-1-1475358309,0.5769819406183043,0.3994094423755143,0.0,620,280,1475358330849
production-topology2-2-1475358316,0.560897435897436,0.29374134637292537,628.0250000000002,240,200,1475358333781
production-topology3-3-1475358323,0.0,0.0,0.0,0,0,1475358333781
production-topology4-4-1475358329,0.0,0.0,0.0,0,0,1475358333781
production-topology1-1-1475358309,1.0312500000000002,0.4896723791790123,2983.657692307692,240,140,1475358333781
production-topology2-2-1475358316,0.6651508295551919,0.35564292690330307,2252.1892857142857,860,400,1475358345186
production-topology3-3-1475358323,0.9433106575963719,0.23582766439909297,187.375,840,560,1475358345186
production-topology4-4-1475358329,0.9634545133880936,0.32115150446269786,91.39583333333333,1220,720,1475358345187
production-topology1-1-1475358309,0.8921019433731322,0.5399760747032772,4717.653846153847,1140,580,1475358345187
production-topology2-2-1475358316,0.704014561634139,0.40541030329342254,6313.0275,1320,600,1475358356590
production-topology3-3-1475358323,1.0228254601538875,0.3932272235500519,71.125,2280,1400,1475358356590
production-topology4-4-1475358329,1.0597817143215935,0.5058090569274218,82.615,2260,1460,1475358356591
production-topology1-1-1475358309,0.7568461634125108,0.5640727512265253,6496.975000000001,1000,540,1475358356591
production-topology2-2-1475358316,1.0163713056360208,0.4817804285862473,7783.8625,1160,560,1475358367932
production-topology3-3-1475358323,0.9550760892224306,0.48686870116211506,70.73499999999999,2460,1580,1475358367932
production-topology4-4-1475358329,0.9214414288838887,0.5889355313187152,83.79249999999999,1980,1220,1475358367932
production-topology1-1-1475358309,0.7763082231167339,0.5852962984155463,9746.2925,1160,580,1475358367933
production-topology2-2-1475358316,0.7731214378572813,0.5141516518385845,9638.355,1140,640,1475358379004
production-topology3-3-1475358323,1.0704360217522855,0.5702354612464251,75.57000000000002,1920,1220,1475358379005
production-topology4-4-1475358329,1.1368332666507108,0.6802518205407145,80.03,2320,1460,1475358379005
production-topology1-1-1475358309,0.9121203357697621,0.6150075745386568,11492.9225,1220,580,1475358379005
production-topology2-2-1475358316,0.6557351666047317,0.5283100033151992,13182.619999999999,960,440,1475358390271
production-topology3-3-1475358323,1.0780959867456927,0.6337180269338335,75.57249999999999,2380,1560,1475358390272
production-topology4-4-1475358329,0.925335123886953,0.7152637210187486,67.20750000000001,2560,1660,1475358390272
production-topology1-1-1475358309,0.7222222222222222,0.6239421285122873,15335.469999999998,1000,440,1475358390272
production-topology2-2-1475358316,0.9833539585664873,0.5696776356107708,15517.432499999999,1180,560,1475358401436
production-topology3-3-1475358323,0.9681060622352208,0.6708722530784321,88.9475,2240,1440,1475358401436
production-topology4-4-1475358329,0.8918125609005587,0.7373323260039748,70.475,1820,1100,1475358401436
production-topology1-1-1475358309,0.6253569145535907,0.6240509582077721,17909.432500000006,1140,540,1475358401436
production-topology2-2-1475358316,0.6751114822250253,0.5784637894952921,17789.915,1200,580,1475358412487
production-topology3-3-1475358323,0.952275179403248,0.6990125457109138,70.47749999999999,1880,1260,1475358412487
production-topology4-4-1475358329,1.1125891748003547,0.7790275314257947,73.48499999999999,2300,1580,1475358412487
production-topology1-1-1475358309,0.6316870047325557,0.6245963901023995,20079.4375,1180,520,1475358412487
production-topology2-2-1475358316,0.8294028020590521,0.5977667904617351,21480.17,880,420,1475358423633
production-topology3-3-1475358323,0.9894811807738029,0.7254187852620855,69.635,2460,1500,1475358423634
production-topology4-4-1475358329,0.8552538498913181,0.7866501632723472,77.6375,2500,1460,1475358423634
production-topology1-1-1475358309,0.9409783981888,0.6456885239748262,23038.5375,940,480,1475358423634
production-topology2-2-1475358316,0.7959262182572858,0.6119210353042746,23918.995,1220,600,1475358434711
production-topology3-3-1475358323,1.0033395722834044,0.7485788508471954,78.11499999999998,2260,1460,1475358434712
production-topology4-4-1475358329,1.221270706029596,0.8261611217048244,74.785,1700,1140,1475358434712
production-topology1-1-1475358309,0.7546620046620046,0.6524993665177748,27416.52250000001,1100,500,1475358434712
production-topology2-2-1475358316,0.6650709219858156,0.6154643610830439,26290.700000000004,1120,560,1475358445844
production-topology3-3-1475358323,0.9131010780488352,0.7612344067857831,83.60500000000002,1960,1180,1475358445845
production-topology4-4-1475358329,0.9600405419043592,0.8373177400547855,81.53,2520,1560,1475358445845
production-topology1-1-1475358309,0.8010085680164987,0.6612352019000527,28864.530000000006,1260,640,1475358445845
production-topology2-2-1475358316,0.766211318226121,0.6248860459044863,27845.770000000008,920,500,1475358457039
production-topology3-3-1475358323,1.056929846976423,0.7823555096565432,80.33500000000001,2440,1640,1475358457039
production-topology4-4-1475358329,1.1752529271925545,0.8633127544499986,67.9025,2360,1500,1475358457039
production-topology1-1-1475358309,1.182347670250896,0.6901858945862107,30718.5,1020,420,1475358457039
production-topology2-2-1475358316,0.8988845699459119,0.6410036061422172,31934.9275,1240,580,1475358468098
production-topology3-3-1475358323,0.9430286438935648,0.7930670519390113,73.75249999999998,2220,1420,1475358468098
production-topology4-4-1475358329,0.8184874131249211,0.8601109443553501,78.04750000000003,1780,1160,1475358468098
production-topology1-1-1475358309,0.7293065357581486,0.6922448757005233,36297.985,1040,600,1475358468098
production-topology2-2-1475358316,0.604639290898224,0.6389833664064397,34813.62500000001,1200,580,1475358479327
production-topology3-3-1475358323,1.006363664075598,0.8063980901975479,86.4025,2000,1280,1475358479327
production-topology4-4-1475358329,1.0360760415927235,0.8718419508378417,75.1725,2400,1500,1475358479327
production-topology1-1-1475358309,0.4479840716774514,0.6800318354993696,37671.94249999999,1200,480,1475358479327
production-topology2-2-1475358316,0.9506352055180181,0.6553860947807334,38064.782499999994,960,440,1475358491259
production-topology3-3-1475358323,0.9688908750182015,0.8159564893046453,83.44749999999998,2360,1500,1475358491259
production-topology4-4-1475358329,0.9763146770324713,0.878371496225006,71.2125,2360,1600,1475358491259
production-topology1-1-1475358309,0.8525816765840297,0.6882484945986392,41350.9225,1120,580,1475358491259
production-topology2-2-1475358316,0.7388347411739224,0.6595585271003929,39809.4625,1140,520,1475358502479
production-topology3-3-1475358323,1.1911958717669249,0.8368031216636608,79.4025,2380,1600,1475358502479
production-topology4-4-1475358329,1.0046841719845174,0.8858016536226243,61.38250000000001,2420,1520,1475358502479
production-topology1-1-1475358309,0.8287478185335807,0.6946348275047729,41700.947499999995,1240,580,1475358502479
production-topology2-2-1475358316,0.8144532244108516,0.6669344650675575,45155.89,1180,620,1475358513558
production-topology3-3-1475358323,0.8615068953161628,0.8381033202769504,73.92249999999999,2320,1400,1475358513558
production-topology4-4-1475358329,1.0200205901100374,0.8932582612052583,81.9275,1840,1140,1475358513558
production-topology1-1-1475358309,0.8707122188912447,0.7022903662607065,48588.785,960,500,1475358513558
production-topology2-2-1475358316,0.7587086558761436,0.6711060191952205,49083.48,1120,500,1475358524721
production-topology3-3-1475358323,1.0541207800493773,0.8489041932655716,78.66749999999999,1880,1200,1475358524721
production-topology4-4-1475358329,0.9897198209323865,0.898335185401423,71.50750000000001,2380,1600,1475358524721
production-topology1-1-1475358309,0.7656983672032953,0.704932366299981,48389.295,1180,620,1475358524721
production-topology2-2-1475358316,0.8144474959820024,0.6773382573163849,49589.200000000004,1060,580,1475358535856
production-topology3-3-1475358323,1.0245963616682643,0.8572704869990333,72.4975,2460,1520,1475358535856
production-topology4-4-1475358329,0.9192380397474005,0.8993803281187219,69.14500000000001,2420,1500,1475358535856
production-topology1-1-1475358309,0.8009615384615386,0.7087735331864434,50035.25000000001,1200,540,1475358535857
production-topology2-2-1475358316,0.7615497270669684,0.6808470685559925,50710.53500000001,1120,520,1475358546871
production-topology3-3-1475358323,0.9652087207265475,0.862176770350284,75.42250000000001,2280,1440,1475358546872
production-topology4-4-1475358329,1.3039618258096004,0.9186461137230495,80.57499999999999,1780,1160,1475358546872
production-topology1-1-1475358309,0.544402543626146,0.7024515720495088,52320.425,980,380,1475358546872
production-topology2-2-1475358316,0.7922775804131735,0.6853042890302798,54808.7,1200,600,1475358558039
production-topology3-3-1475358323,1.0937142857142856,0.8722436188443708,71.04499999999999,1820,1160,1475358558039
production-topology4-4-1475358329,0.9771825032946831,0.9213068587035782,70.97,2400,1560,1475358558039
production-topology1-1-1475358309,0.8665951417004049,0.7085309635180606,56066.159999999996,1140,660,1475358558039
production-topology2-2-1475358316,0.8961818181818184,0.693414963228416,59717.37999999999,1020,540,1475358569143
production-topology3-3-1475358323,0.9253382846647933,0.8744558965868885,66.70750000000001,2460,1560,1475358569144
production-topology4-4-1475358329,0.9257011530098186,0.9214979149777626,71.28249999999998,2480,1460,1475358569144
production-topology1-1-1475358309,0.9216749427043545,0.7161432484889996,58609.3325,1140,560,1475358569144
production-topology2-2-1475358316,0.7671197153909918,0.6961447688640668,58592.80499999999,1120,480,1475358580261
production-topology3-3-1475358323,0.9939965384004703,0.8792375222594317,91.915,2280,1480,1475358580261
production-topology4-4-1475358329,1.1407019528738216,0.9306314165567651,95.30749999999999,1740,1180,1475358580261
production-topology1-1-1475358309,0.7833193080878915,0.7184596643372372,59807.027500000004,900,440,1475358580261
production-topology2-2-1475358316,0.5229964798515805,0.6899609013993352,60648.517499999994,1140,460,1475358591459
production-topology3-3-1475358323,0.9384150462539248,0.8815135808746046,63.227500000000006,2000,1260,1475358591459
production-topology4-4-1475358329,1.0923895167483297,0.9371017405644276,73.00500000000002,2460,1660,1475358591459
production-topology1-1-1475358309,0.6399275405123359,0.7158419268764071,62570.5175,1260,500,1475358591459
production-topology2-2-1475358316,0.6686622448100612,0.6892264649652223,65938.02500000001,1040,540,1475358602512
production-topology3-3-1475358323,1.0146032105431804,0.8864428264178851,78.44749999999999,2400,1460,1475358602513
production-topology4-4-1475358329,0.9031781226903178,0.9357969860308081,81.86499999999998,2400,1560,1475358602513
production-topology1-1-1475358309,1.0331588450990663,0.7502805550463759,65437.8925,1200,740,1475358602513
production-topology2-2-1475358316,0.7469982847341338,0.6911521922908527,67105.72750000001,1060,540,1475358613578
production-topology3-3-1475358323,1.0905859988428797,0.8937336540044921,74.41499999999999,2220,1500,1475358613578
production-topology4-4-1475358329,0.9377092155676549,0.9358678093469875,79.92250000000001,1780,1120,1475358613578
production-topology1-1-1475358309,0.6346225593831613,0.771434640359148,67589.59999999999,860,320,1475358613579
production-topology2-2-1475358316,0.8974712643678161,0.7210679011031133,71693.76499999998,1260,640,1475358624718
production-topology3-3-1475358323,1.0731684161102397,0.8999210595943454,71.49749999999999,1920,1240,1475358624718
production-topology4-4-1475358329,1.0138064093756314,0.938651330776582,74.89750000000001,2380,1620,1475358624718
production-topology1-1-1475358309,0.9543762385762387,0.8032471816450226,72338.80500000002,1200,680,1475358624719
production-topology2-2-1475358316,0.8085180607976961,0.7480185031297031,73194.81499999997,1040,480,1475358635911
production-topology3-3-1475358323,0.8758447469207186,0.8991185158385578,70.3575,2460,1480,1475358635911
production-topology4-4-1475358329,1.0584746704691599,0.9427831700763261,87.73500000000001,2420,1480,1475358635911
production-topology1-1-1475358309,0.3471732044509386,0.7776079646722278,77448.29750000002,1240,520,1475358635911
production-topology2-2-1475358316,0.7579418009581881,0.7732832298283093,74539.47249999999,1120,540,1475358646976
production-topology3-3-1475358323,1.1077308759413396,0.9360428783699358,74.10249999999999,2260,1460,1475358646976
production-topology4-4-1475358329,0.768169063272038,0.9369626998495164,69.45249999999999,1840,1120,1475358646976
production-topology1-1-1475358309,0.8268440502586845,0.781731933014184,78252.68749999999,820,380,1475358646977
production-topology2-2-1475358316,0.835546875,0.7708744824627362,77998.95750000002,1120,460,1475358658102
production-topology3-3-1475358323,1.0224345781345225,0.9701240309744199,68.30000000000001,1900,1200,1475358658102
production-topology4-4-1475358329,1.1383743282493086,0.97490851079116,70.4675,2420,1560,1475358658102
production-topology1-1-1475358309,0.9622208469851281,0.7945732298930782,79248.05749999998,1340,740,1475358658102
production-topology2-2-1475358316,0.9034900375927393,0.7822942358525797,80718.00000000001,1200,680,1475358669344
production-topology3-3-1475358323,0.9463375926329557,1.0016686173955185,71.9475,2480,1500,1475358669345
production-topology4-4-1475358329,0.948113041980607,1.0065122788571803,87.60499999999999,2380,1600,1475358669345
production-topology1-1-1475358309,0.47398589065255736,0.7759977595814967,81752.6975,1080,520,1475358669345
production-topology2-2-1475358316,0.8076732070694774,0.7870449817697226,79771.04749999999,940,480,1475358680458
production-topology3-3-1475358323,1.0332623897841287,1.0046670084684437,72.0325,2300,1420,1475358680459
production-topology4-4-1475358329,1.031135275446318,1.0087683042591213,82.51,1820,1120,1475358680459
production-topology1-1-1475358309,0.752932664043775,0.7713587836038516,80367.695,1000,400,1475358680459
production-topology2-2-1475358316,0.6523719336219335,0.7853235608359823,85141.68000000001,1120,520,1475358691581
production-topology3-3-1475358323,0.8900180145089828,1.0002400936136133,78.94,1880,1280,1475358691581
production-topology4-4-1475358329,1.0311356347985126,1.0078134349416852,79.87999999999998,2420,1520,1475358691581
production-topology1-1-1475358309,0.6358650409316269,0.7673260795211555,85540.56250000001,1140,580,1475358691581
production-topology2-2-1475358316,1.0193315266485998,0.7854222348697348,86056.14,1200,480,1475358702585
production-topology3-3-1475358323,1.0356753010482542,1.0029267340078074,78.62749999999998,2380,1560,1475358702585
production-topology4-4-1475358329,0.957583846659161,1.009018182200861,79.25750000000001,2360,1560,1475358702585
production-topology1-1-1475358309,1.0686182669789226,0.7770697476498951,90472.8775,1220,480,1475358702585
production-topology2-2-1475358316,0.7450437598981393,0.7844863122710968,89792.23000000001,960,580,1475358713686
production-topology3-3-1475358323,1.0004584965209848,1.0005941498334308,75.33,2260,1460,1475358713687
production-topology4-4-1475358329,0.9257535866756317,1.0019821928683583,79.5275,1900,1120,1475358713687
production-topology1-1-1475358309,0.9095576536130272,0.7769843249113374,94544.1525,920,580,1475358713687
production-topology2-2-1475358316,1.0856326530612246,0.7988162284863133,94734.74499999998,1200,640,1475358724790
production-topology3-3-1475358323,0.9696724081381645,0.9969800305465134,85.3125,1920,1260,1475358724791
production-topology4-4-1475358329,1.1046450875838614,1.0079591916582553,82.1675,2280,1520,1475358724791
production-topology1-1-1475358309,0.8109556554122064,0.7799421060176702,91928.88000000003,1200,620,1475358724791
production-topology2-2-1475358316,0.6029049580103358,0.7861345951344416,96070.795,1160,580,1475358735729
production-topology3-3-1475358323,1.0825027467099357,1.000793253362337,78.92999999999999,2440,1540,1475358735729
production-topology4-4-1475358329,1.0437138653084321,1.013022568471851,72.41,2400,1540,1475358735730
production-topology1-1-1475358309,0.36821847507331373,0.771370824701661,95122.4925,1240,420,1475358735730
production-topology2-2-1475358316,1.3278966081607315,0.8078940993322984,93822.9775,940,360,1475358746714
production-topology3-3-1475358323,0.9616983980336401,1.0011073606500167,78.47500000000001,2260,1380,1475358746715
production-topology4-4-1475358329,1.015302660845151,1.0097796846733442,66.235,1860,1140,1475358746715
production-topology1-1-1475358309,1.1055842412959942,0.7871673992537755,98756.32999999999,820,580,1475358746715
production-topology2-2-1475358316,0.6965312226815216,0.8034650466863807,102000.1,1160,600,1475358758038
production-topology3-3-1475358323,1.0398660322322106,1.0027868556986304,73.04499999999999,1980,1260,1475358758038
production-topology4-4-1475358329,0.9893713151249336,1.0142502668477982,80.035,2400,1580,1475358758039
production-topology1-1-1475358309,0.5361148904006047,0.7736719489941689,98595.22,1260,440,1475358758039
production-topology2-2-1475358316,1.0200307242419913,0.810935196885871,103100.53499999999,1260,660,1475358769006
production-topology3-3-1475358323,0.9612127789013302,1.0013826292525614,79.07,2420,1580,1475358769006
production-topology4-4-1475358329,0.893132220795892,1.003312317340008,74.4675,2460,1540,1475358769006
production-topology1-1-1475358309,0.5174178385959591,0.7657638101253007,104891.54,1200,520,1475358769006
production-topology2-2-1475358316,0.3996380090497737,0.8020874331213362,108697.975,840,360,1475358779997
production-topology3-3-1475358323,0.9997081649255561,1.004269532148452,79.60249999999999,2300,1420,1475358779997
production-topology4-4-1475358329,1.0645287402892056,1.0067952572861694,72.1275,1700,1140,1475358779997
production-topology1-1-1475358309,1.1689453125,0.7780283682747507,110585.95999999999,880,500,1475358779998
production-topology2-2-1475358316,1.0104203970093182,0.8102277357474428,106031.41749999998,1260,640,1475358791220
production-topology3-3-1475358323,1.1622906294452349,1.0077815582307457,78.19750000000002,1800,1260,1475358791220
production-topology4-4-1475358329,1.0832850044554179,1.0037296598615983,70.0925,2480,1520,1475358791220
production-topology1-1-1475358309,0.7203523339109806,0.7626285237300869,99997.55750000001,1220,620,1475358791220
production-topology2-2-1475358316,0.6713342945873999,0.8026427265688258,116236.0375,1180,620,1475358802287
production-topology3-3-1475358323,0.9374321390778534,1.0075950080702218,74.6375,2420,1520,1475358802287
production-topology4-4-1475358329,1.013763806911581,1.0102388729878202,67.61999999999998,2340,1500,1475358802287
production-topology1-1-1475358309,0.5777622977172865,0.7575770491287249,115141.72000000002,1240,520,1475358802287
production-topology2-2-1475358316,0.5789815689981098,0.8017874691721555,107733.745,920,360,1475358813302
production-topology3-3-1475358323,0.9852912392249727,1.0068925939085345,75.69500000000002,2320,1500,1475358813302
production-topology4-4-1475358329,0.945309395657985,1.0072133181233291,84.77000000000001,1880,1220,1475358813302
production-topology1-1-1475358309,1.0165393077086002,0.7765288903297631,117040.5375,900,520,1475358813302
production-topology2-2-1475358316,0.6952234206471496,0.7932737430097931,122798.31249999997,1180,620,1475358824627
production-topology3-3-1475358323,1.0358389123493668,1.0091241951529066,79.2375,1960,1220,1475358824628
production-topology4-4-1475358329,0.8939652629193482,1.0044683376528918,79.14750000000001,2380,1460,1475358824628
production-topology1-1-1475358309,0.6922758253159066,0.7711853619541592,122395.62000000002,1180,480,1475358824628
production-topology2-2-1475358316,1.044613401252944,0.8034663650124273,129703.62,1220,640,1475358835616
production-topology3-3-1475358323,1.0434221973226843,1.0041984060047653,62.66000000000001,2360,1600,1475358835616
production-topology4-4-1475358329,1.005092197030136,1.0044819384877457,72.425,2440,1580,1475358835616
production-topology1-1-1475358309,0.4545146026451538,0.7587109214245449,115004.28,1180,500,1475358835616
production-topology2-2-1475358316,0.25920698924731184,0.7849581571736426,113617.55500000001,900,340,1475358846605
production-topology3-3-1475358323,0.9122670470690092,1.0058904110631937,71.4775,2360,1360,1475358846606
production-topology4-4-1475358329,1.1288481353325646,1.0081095233284965,87.58,1800,1160,1475358846606
production-topology1-1-1475358309,0.8410973084886125,0.7577237577444572,123274.97999999998,900,500,1475358846606
production-topology2-2-1475358316,0.8036457895474292,0.786456061629352,126406.25499999998,1220,620,1475358857762
production-topology3-3-1475358323,1.0342627840845944,1.0052284778643674,73.8275,1840,1200,1475358857762
production-topology4-4-1475358329,0.9548682030643182,1.0069478027328942,90.345,2460,1600,1475358857763
production-topology1-1-1475358309,1.093183114220982,0.76863991597838,124011.65250000001,1240,740,1475358857763
production-topology2-2-1475358316,0.9926203877423388,0.7923951580213634,126540.62,1180,640,1475358868883
production-topology3-3-1475358323,1.0452771438646002,1.0059178372709119,76.99749999999999,2420,1580,1475358868883
production-topology4-4-1475358329,1.067664944971173,1.0118953662403534,76.25749999999998,2400,1560,1475358868883
production-topology1-1-1475358309,0.4780714213914541,0.757876912076044,123039.3375,1220,460,1475358868883
production-topology2-2-1475358316,0.35792778649921514,0.7789410933357714,126307.48999999999,900,400,1475358879928
production-topology3-3-1475358323,0.9034839453864932,1.0038603447595766,85.49999999999999,2380,1500,1475358879928
production-topology4-4-1475358329,1.0028683574879227,1.0018589172962973,81.45249999999999,1800,1260,1475358879928
production-topology1-1-1475358309,1.1564618736383443,0.7782788897431172,125195.035,900,580,1475358879929
production-topology2-2-1475358316,0.8400668614253375,0.7805340693695103,131581.9425,1220,620,1475358891080
production-topology3-3-1475358323,1.0139680803978235,1.0012021379156948,74.24499999999999,1860,1140,1475358891080
production-topology4-4-1475358329,0.9428229872615463,1.0007136000951928,82.34000000000002,2400,1540,1475358891080
production-topology1-1-1475358309,0.2874965659750839,0.7589756038856064,132195.0475,1180,460,1475358891080
production-topology2-2-1475358316,0.8047739684527706,0.7774871410452087,146315.15999999997,1140,580,1475358902319
production-topology3-3-1475358323,1.0812327858981956,1.0063986212901415,73.955,2440,1600,1475358902319
production-topology4-4-1475358329,1.1904583203861085,1.0095388390077358,70.70249999999999,2340,1580,1475358902319
production-topology1-1-1475358309,0.8434028059362583,0.7563665326600033,133809.31749999998,1180,480,1475358902319
production-topology2-2-1475358316,2.3633712889544536,0.8306955268306574,130554.9425,880,360,1475358913449
production-topology3-3-1475358323,0.9172501060798934,1.0038404068794555,70.25500000000001,2320,1500,1475358913449
production-topology4-4-1475358329,0.8122305384282917,0.9985897918595514,74.435,1880,1060,1475358913449
production-topology1-1-1475358309,1.198340964292694,0.77020058786683,142424.56,860,620,1475358913449
production-topology2-2-1475358316,0.540796963946869,0.8312888763005003,136363.70250000004,1240,600,1475358924544
production-topology3-3-1475358323,1.0184008250425731,1.0065065995057438,85.22250000000001,1880,1200,1475358924544
production-topology4-4-1475358329,1.0232292102334295,0.9962844483090547,92.74000000000002,2340,1540,1475358924544
production-topology1-1-1475358309,0.7964476949196813,0.7754179263470747,141305.7375,1200,520,1475358924544
production-topology2-2-1475358316,0.9835500012359616,0.8417851348480302,148726.47500000003,1180,620,1475358935687
production-topology3-3-1475358323,0.9936436043136162,1.0058079459647584,69.83250000000001,2420,1500,1475358935687
production-topology4-4-1475358329,1.0306844911683215,1.000534660591655,76.7225,2440,1580,1475358935687
production-topology1-1-1475358309,0.7459920095640001,0.7658456984959058,131654.91999999998,1240,480,1475358935687
production-topology2-2-1475358316,0.7777777777777778,0.8428111179494849,143060.47750000004,900,400,1475358946695
production-topology3-3-1475358323,1.023163970436589,1.003560545017882,76.6575,2340,1500,1475358946695
production-topology4-4-1475358329,0.9021235412794726,0.9993484714487155,72.50000000000003,1800,1140,1475358946695
production-topology1-1-1475358309,1.7967581310777319,0.8045835508857249,154744.07750000004,940,680,1475358946695
production-topology2-2-1475358316,0.875106017841577,0.8420656097319438,140071.73500000004,1220,620,1475358957965
production-topology3-3-1475358323,1.0144128254750175,1.0016020253300413,78.17249999999999,1960,1240,1475358957965
production-topology4-4-1475358329,1.0822209647075542,1.0016289566264462,74.08500000000001,2420,1560,1475358957965
production-topology1-1-1475358309,0.6485823754789273,0.7943904221158143,141191.07750000004,1100,460,1475358957965
production-topology2-2-1475358316,0.7105748955582527,0.8388008375572957,156389.97749999998,1260,640,1475358969080
production-topology3-3-1475358323,1.105652967721933,1.0092622993567482,80.21000000000001,2320,1520,1475358969080
production-topology4-4-1475358329,1.075199124791617,1.0021864384371948,74.26,2380,1580,1475358969081
production-topology1-1-1475358309,0.5629929221435792,0.8015844127055691,146960.5025,1260,480,1475358969081
production-topology2-2-1475358316,1.178863407124277,0.852831557762832,146759.91500000004,780,340,1475358980232
production-topology3-3-1475358323,0.9191559323686977,1.0029764679043267,72.35750000000002,2300,1540,1475358980233
production-topology4-4-1475358329,0.8280975143699519,1.0041840534737918,72.43249999999999,1860,1140,1475358980233
production-topology1-1-1475358309,1.118823845797841,0.8113170725568744,167964.95750000005,940,660,1475358980233
production-topology2-2-1475358316,0.7789534883720932,0.8509451115419018,155523.03,1280,560,1475358991385
production-topology3-3-1475358323,1.0822404721688317,1.0049699977054705,86.595,1940,1240,1475358991386
production-topology4-4-1475358329,1.0654330624895774,1.0017526779484676,74.62250000000002,2400,1500,1475358991386
production-topology1-1-1475358309,0.5855669884823848,0.7987619439401161,151705.1725,1120,460,1475358991386
production-topology2-2-1475358316,0.84390977443609,0.8489591027700134,173961.1325,1200,660,1475359002420
production-topology3-3-1475358323,0.9193489074264035,1.004070374865252,71.05000000000001,2440,1500,1475359002420
production-topology4-4-1475358329,1.120807124971964,1.0075091473815128,77.50250000000001,2400,1520,1475359002420
production-topology1-1-1475358309,1.2059876965140124,0.8231620041354979,136783.55749999997,1260,520,1475359002420
production-topology2-2-1475358316,2.0334175084175086,0.8898172461482811,153526.19,960,340,1475359013558
production-topology3-3-1475358323,1.0074075253058647,1.00320854604931,68.90250000000002,2320,1480,1475359013558
production-topology4-4-1475358329,0.8232693308562147,1.0005802825618426,98.56250000000001,1840,1160,1475359013558
production-topology1-1-1475358309,1.2424603174603173,0.839479592582716,190090.17749999996,880,600,1475359013558
production-topology2-2-1475358316,0.6423845079827596,0.8894843319603084,172705.06,1160,520,1475359024656
production-topology3-3-1475358323,0.9824126348943429,1.006288366728822,65.86999999999999,1880,1220,1475359024656
production-topology4-4-1475358329,1.1957774061580793,1.0060683416071614,79.6175,2360,1580,1475359024656
production-topology1-1-1475358309,0.4683318465655664,0.833895152770514,154557.4625,1180,440,1475359024656
production-topology2-2-1475358316,0.778375036749421,0.8814524489636691,168351.81750000003,1160,620,1475359035747
production-topology3-3-1475358323,1.0060649385239084,1.0053013546446772,82.4025,2480,1520,1475359035747
production-topology4-4-1475358329,0.887118314636857,1.0037194905397513,77.96000000000002,2420,1560,1475359035747
production-topology1-1-1475358309,0.5367058003974841,0.8161647372177995,141586.2375,1160,540,1475359035748
production-topology2-2-1475358316,0.6248570121253717,0.8774462240379103,177079.885,940,380,1475359046919
production-topology3-3-1475358323,1.0974729398400562,1.0085351694219795,85.24750000000002,2240,1500,1475359046920
production-topology4-4-1475358329,0.9580152717652718,1.0047948800427393,80.525,1800,1200,1475359046920
production-topology1-1-1475358309,1.0432535885167464,0.8206212683812569,184744.48,1000,620,1475359046920
production-topology2-2-1475358316,1.168624638019218,0.88021262353651,180168.25500000006,1140,660,1475359058036
production-topology3-3-1475358323,0.9769734342205596,1.0087785369580595,72.61750000000002,1880,1240,1475359058036
production-topology4-4-1475358329,1.027077279482472,1.0022092864393597,68.665,2460,1540,1475359058036
production-topology1-1-1475358309,0.6294671864847304,0.814571652750341,176254.69,1140,480,1475359058036
production-topology2-2-1475358316,0.647121540144796,0.8816865096076586,163578.38999999998,1260,580,1475359069189
production-topology3-3-1475358323,0.9800677514573108,1.0053640371163055,76.83749999999999,2440,1540,1475359069189
production-topology4-4-1475358329,1.1163798800441176,1.0046314869305495,78.03,2400,1580,1475359069189
production-topology1-1-1475358309,0.5272514619883041,0.819872752314174,158031.9575,1240,460,1475359069189
production-topology2-2-1475358316,1.5464188195757194,0.8889705833214917,171132.39750000005,920,400,1475359080326
production-topology3-3-1475358323,1.0939036381514258,1.009770878453565,69.02250000000001,2260,1500,1475359080326
production-topology4-4-1475358329,1.0469109195402297,1.0056850955537187,68.92,1800,1140,1475359080326
production-topology1-1-1475358309,1.1889487393877027,0.8226515689172309,197453.79499999998,1040,680,1475359080326
production-topology2-2-1475358316,0.6547090513252777,0.8875765109429502,178895.9025,1200,620,1475359091483
production-topology3-3-1475358323,0.8453624177342126,1.003287424636965,79.4925,2000,1180,1475359091483
production-topology4-4-1475358329,0.9833499745342161,1.0054843842006949,73.43249999999999,2420,1560,1475359091483
production-topology1-1-1475358309,0.43269230769230776,0.819204149493621,181115.82499999995,1040,400,1475359091483
production-topology2-2-1475358316,0.7789693110494819,0.8795411305032,188158.21500000003,1280,600,1475359103153
production-topology3-3-1475358323,0.9985552495656389,1.0045321736591086,82.97,2400,1480,1475359103153
production-topology4-4-1475358329,0.9842329717706341,1.0085210758998528,79.88999999999999,2360,1560,1475359103153
production-topology1-1-1475358309,0.47515325802452135,0.8177953301412396,170057.66249999998,1220,460,1475359103153
production-topology2-2-1475358316,0.6838815789473683,0.8890159161664531,179811.91,1000,560,1475359114279
production-topology3-3-1475358323,1.040311752955431,1.005885626593438,76.97999999999999,2340,1520,1475359114279
production-topology4-4-1475358329,1.0362645804625663,1.007578937238965,73.71000000000001,1980,1240,1475359114279
production-topology1-1-1475358309,0.8712106720940199,0.807870842127707,177382.11,1240,840,1475359114279
production-topology2-2-1475358316,0.703348521228739,0.8787801869737673,190132.32749999998,1060,500,1475359125435
production-topology3-3-1475358323,0.9532274997613973,0.9989168556039765,83.30749999999999,2000,1360,1475359125435
production-topology4-4-1475358329,0.9733249978003454,1.003913603683796,86.92250000000001,2260,1420,1475359125435
production-topology1-1-1475358309,0.5962732919254657,0.8037348740615232,196853.0625,920,340,1475359125435
production-topology2-2-1475358316,0.7828024839743589,0.8824957932866658,197386.45750000002,1200,460,1475359136517
production-topology3-3-1475358323,1.0178561064708906,1.001597654517078,69.5275,2340,1400,1475359136517
production-topology4-4-1475358329,0.8813849957036156,0.9995009766435303,72.785,2460,1520,1475359136517
production-topology1-1-1475358309,0.619348445435402,0.8051210789854604,195002.91250000003,1200,500,1475359136517
production-topology2-2-1475358316,0.818772469014027,0.8904888232871965,181848.58500000002,1120,580,1475359147620
production-topology3-3-1475358323,0.9282479122951368,0.9996962102860835,79.05999999999999,2220,1460,1475359147620
production-topology4-4-1475358329,0.9880225384034249,1.0009247480683785,78.2075,1900,1240,1475359147620
production-topology1-1-1475358309,0.7823618282336925,0.7973151630029636,185202.50999999998,1100,660,1475359147620
production-topology2-2-1475358316,0.8250895446017399,0.8948176940856828,205608.48500000002,920,480,1475359158797
production-topology3-3-1475358323,1.2120718857283768,1.0055706427320503,76.22999999999999,2040,1340,1475359158797
production-topology4-4-1475358329,0.9744247177622224,1.0036067298964741,72.785,2320,1420,1475359158797
production-topology1-1-1475358309,0.6122448979591837,0.794647465424406,169762.5,980,360,1475359158797
production-topology2-2-1475358316,0.6811864551616197,0.8827034625493054,215552.02250000002,1200,540,1475359169842
production-topology3-3-1475358323,0.910387918405564,1.0011361667681464,84.72749999999999,2340,1440,1475359169842
production-topology4-4-1475358329,1.1289162100545478,1.007734196997288,81.83,2380,1540,1475359169842
production-topology1-1-1475358309,1.617873651771956,0.8334261003952996,208092.505,1180,500,1475359169842
production-topology2-2-1475358316,0.29678605313092976,0.8839560980120927,187843.18,1240,440,1475359180906
production-topology3-3-1475358323,0.9943903048475765,1.0038736086940987,69.60249999999999,2300,1420,1475359180906
production-topology4-4-1475358329,1.0042703749090969,1.0035816049831723,75.6,1880,1240,1475359180906
production-topology1-1-1475358309,1.0770918135167047,0.841292583896236,207081.13499999998,1200,760,1475359180906
production-topology2-2-1475358316,2.026901669758812,0.9247312940191388,209978.38999999996,840,380,1475359192147
production-topology3-3-1475358323,1.121121121121121,1.0067688865953162,78.7475,1860,1200,1475359192147
production-topology4-4-1475358329,1.0229661960558394,1.0058515380828896,74.9875,2360,1520,1475359192147
production-topology1-1-1475358309,1.6130897317298796,0.8586228044798658,195618.96000000002,940,320,1475359192147
production-topology2-2-1475358316,1.034878217653337,0.9261398883495052,217931.71749999997,1260,840,1475359203212
production-topology3-3-1475358323,0.8925615375969427,1.0016783663863944,74.35749999999999,2500,1520,1475359203212
production-topology4-4-1475358329,0.9862717225422142,1.0031384306685909,70.5525,2400,1560,1475359203212
production-topology1-1-1475358309,0.9359821121431028,0.8738864941715874,226532.34499999997,1140,520,1475359203212
production-topology2-2-1475358316,0.5282296650717704,0.9318166176352572,197908.84,1100,480,1475359214259
production-topology3-3-1475358323,1.1556232334903596,1.0100830093231898,77.2125,2300,1520,1475359214259
production-topology4-4-1475358329,1.0624700900631883,1.0051251550877665,73.21000000000001,1740,1120,1475359214259
production-topology1-1-1475358309,0.9763208762886595,0.8678817942599314,239857.03999999998,1280,760,1475359214260
production-topology2-2-1475358316,1.0330477269409488,0.9382493131524441,197770.615,980,520,1475359225430
production-topology3-3-1475358323,0.9052300979092776,1.006458409906905,92.50249999999998,1880,1220,1475359225430
production-topology4-4-1475358329,0.8508667730799213,1.002059947948379,73.8725,2480,1540,1475359225430
production-topology1-1-1475358309,0.28104395604395604,0.867666707262227,204133.03250000003,920,340,1475359225430
production-topology2-2-1475358316,0.7566740198924105,0.9366459815337657,225635.295,1160,600,1475359236511
production-topology3-3-1475358323,1.0059409400663986,1.0039486817125116,73.8525,2360,1560,1475359236511
production-topology4-4-1475358329,1.104446520994091,0.9991928879686449,72.3625,2400,1540,1475359236511
production-topology1-1-1475358309,3.2449907986750084,0.9477196403535189,208321.51750000002,1140,480,1475359236512
production-topology2-2-1475358316,0.8326324642556769,0.8856213540438065,210700.44250000003,1200,500,1475359247598
production-topology3-3-1475358323,0.9711369188625587,1.0057449088052672,72.77749999999999,2360,1500,1475359247598
production-topology4-4-1475358329,0.9956464038826239,1.005306750150456,80.50750000000001,1780,1260,1475359247598
production-topology1-1-1475358309,0.978373781930854,0.9403874009414575,244626.35,1220,820,1475359247598
production-topology2-2-1475358316,1.108614866312911,0.9045486174560078,219378.80250000005,880,560,1475359258648
production-topology3-3-1475358323,0.9867793700959024,1.004690860307045,86.35249999999999,1880,1200,1475359258648
production-topology4-4-1475358329,0.9687784242280718,1.0034917239502774,76.32749999999999,2540,1500,1475359258648
production-topology1-1-1475358309,1.0290135396518372,0.9481395957658626,226814.70000000004,940,360,1475359258648
production-topology2-2-1475358316,0.6661442006269592,0.8939684241023743,212935.3,1300,580,1475359269771
production-topology3-3-1475358323,1.0711250113108928,1.007273573873621,69.49249999999999,2440,1520,1475359269771
production-topology4-4-1475358329,1.0594695269936942,1.0044512251444566,71.67999999999999,2300,1520,1475359269771
production-topology1-1-1475358309,0.7078490421563269,0.9468681635189402,229336.6175,1200,660,1475359269771
production-topology2-2-1475358316,0.5989370902444184,0.8880070678512624,219138.83500000002,1180,500,1475359280856
production-topology3-3-1475358323,0.9428109241379311,1.004595138996999,71.20249999999999,2320,1560,1475359280856
production-topology4-4-1475358329,0.8814829262804561,1.0037632046444893,72.41499999999999,1840,1140,1475359280856
production-topology1-1-1475358309,0.7999183756759515,0.9136401716722141,262184.6024999999,1200,480,1475359280856
production-topology2-2-1475358316,0.6489540289256198,0.8804686682207306,227131.545,880,380,1475359291961
production-topology3-3-1475358323,1.0832417010906714,1.0068894348508541,74.84749999999998,1840,1200,1475359291961
production-topology4-4-1475358329,1.056488776934342,1.002905465052049,77.42999999999999,2380,1560,1475359291961
production-topology1-1-1475358309,0.7791172282866635,0.917991333432472,240396.33500000002,860,500,1475359291961
production-topology2-2-1475358316,0.911369685814352,0.8871618278959339,216702.2425,1220,560,1475359303067
production-topology3-3-1475358323,0.9896391980923119,1.0030223091965333,66.01749999999998,2400,1600,1475359303067
production-topology4-4-1475358329,1.027877109040544,1.0013280645270133,76.835,2400,1540,1475359303068
production-topology1-1-1475358309,0.8880019997808462,0.9288249693537143,201525.68750000003,1280,460,1475359303068
production-topology2-2-1475358316,0.28231413180171555,0.8572768520518484,232321.52499999997,1180,440,1475359314106
production-topology3-3-1475358323,0.9779465630131845,1.004981996884683,82.35000000000001,2340,1500,1475359314106
production-topology4-4-1475358329,0.9012484763001302,1.0037664299246856,92.79499999999999,1880,1160,1475359314106
production-topology1-1-1475358309,0.716049290052373,0.9153991508288652,248651.45,1100,580,1475359314106
production-topology2-2-1475358316,3.8045454545454542,0.9581299175909606,259652.93499999997,960,360,1475359325124
production-topology3-3-1475358323,1.0543284487811606,1.0040515961050935,72.00750000000002,1940,1220,1475359325124
production-topology4-4-1475358329,1.112485683023492,1.0053348506091495,72.7075,2320,1540,1475359325124
production-topology1-1-1475358309,0.6918449197860963,0.918941748538989,251751.56999999998,960,460,1475359325124
production-topology2-2-1475358316,1.1451786511083872,0.9681722134800371,260503.21749999997,1120,840,1475359336193
production-topology3-3-1475358323,0.9987663416886849,1.0066988439138362,61.33750000000001,2360,1580,1475359336193
production-topology4-4-1475358329,0.9066268237476398,0.9981955072350055,75.5325,2500,1520,1475359336193
production-topology1-1-1475358309,0.7784948719360418,0.9046919877197233,180360.26750000002,1220,520,1475359336193
production-topology2-2-1475358316,0.2689739490266153,0.9093574281670075,247634.67249999996,1240,400,1475359347356
production-topology3-3-1475358323,1.068714821565199,1.0087424204558142,78.99,1960,1260,1475359347356
production-topology4-4-1475358329,1.1010433023613853,1.0074546396185111,90.00500000000001,1700,1120,1475359347356
production-topology1-1-1475358309,0.7264580835520139,0.8874919132561131,248394.70250000004,1180,520,1475359347356
production-topology2-2-1475358316,1.0814637850836946,0.9239934040703719,232502.18750000006,920,580,1475359358421
production-topology3-3-1475358323,1.0351404846422352,1.0105000154474104,86.09499999999997,2220,1460,1475359358421
production-topology4-4-1475358329,1.0445426189158096,1.002413480043769,74.66749999999999,2480,1600,1475359358421
production-topology1-1-1475358309,1.177416067556521,0.9111280539558118,255881.76500000004,940,500,1475359358421
production-topology2-2-1475358316,0.9556424742865419,0.9299023186549426,247006.58750000005,1180,640,1475359369545
production-topology3-3-1475358323,0.938798886166958,1.008257813702179,86.64250000000001,2360,1520,1475359369545
production-topology4-4-1475358329,0.935590648422237,1.0040292245032816,68.47249999999998,2420,1500,1475359369545
production-topology1-1-1475358309,0.5293332014246143,0.910882300656716,239701.95749999996,1140,500,1475359369545
production-topology2-2-1475358316,0.7231882730187814,0.9331800273513895,242296.58999999994,1180,460,1475359380644
production-topology3-3-1475358323,1.0450804950571515,1.006511398876082,77.725,2080,1320,1475359380644
production-topology4-4-1475358329,0.9410539129948086,1.0034638458775995,82.25500000000002,1800,1140,1475359380644
production-topology1-1-1475358309,0.9735936487196087,0.908560302663478,237401.65750000006,1180,620,1475359380644
production-topology2-2-1475358316,0.7267607097394332,0.9184512297420633,266632.8825,940,340,1475359391842
production-topology3-3-1475358323,1.0524177163754571,1.0090262082812453,70.6125,2180,1460,1475359391842
production-topology4-4-1475358329,1.044984117149777,1.0040607404665096,76.62000000000002,2400,1580,1475359391842
production-topology1-1-1475358309,0.6778917648709315,0.9101744552763513,257634.295,880,440,1475359391842
production-topology2-2-1475358316,0.9522208530883038,0.9286212068401802,286026.11,1200,680,1475359402988
production-topology3-3-1475358323,0.9909780235413574,1.0093898840173803,69.2875,2340,1460,1475359402988
production-topology4-4-1475358329,1.0069827499749273,1.0004141694642033,94.38250000000001,2360,1500,1475359402988
production-topology1-1-1475358309,0.3815023228423739,0.9053161506381537,260514.365,1240,460,1475359402988
production-topology2-2-1475358316,0.7254054054054054,0.901254093034503,244844.09250000003,1160,640,1475359414106
production-topology3-3-1475358323,0.8893873761199049,1.0025726752829962,77.5625,2200,1420,1475359414106
production-topology4-4-1475358329,1.003896221498264,0.9989803461961375,70.16,1780,1160,1475359414106
production-topology1-1-1475358309,0.8717411402157164,0.8947425639990875,255335.7575,1180,680,1475359414106
production-topology2-2-1475358316,0.9382097992861448,0.9107041179665318,251498.1131578947,940,500,1475359425209
production-topology3-3-1475358323,1.038562851782364,1.009012689751268,76.49249999999999,2020,1340,1475359425209
production-topology4-4-1475358329,1.0775901555435996,1.002121685563117,91.8875,2500,1560,1475359425210
production-topology1-1-1475358309,0.7745079548797573,0.9061364189053357,277088.70000000007,860,460,1475359425210
production-topology2-2-1475358316,0.7487568532449316,0.9096970360397135,274642.8025,1120,580,1475359436359
production-topology3-3-1475358323,1.126894268395868,1.013290657045609,82.1675,2420,1540,1475359436359
production-topology4-4-1475358329,0.8064118750998388,0.9961943156740907,72.7125,2400,1460,1475359436359
production-topology1-1-1475358309,0.9950055905938257,0.9234648299909793,221860.47249999997,1280,540,1475359436359
production-topology2-2-1475358316,1.1465778644141216,0.925120245555272,263983.1525,1160,400,1475359447340
production-topology3-3-1475358323,0.8390030575246423,1.006580367197916,85.5875,1800,1120,1475359447340
production-topology4-4-1475358329,1.1167779588832223,0.9988780949547792,72.0325,1740,1180,1475359447341
production-topology1-1-1475358309,1.0768241136714045,0.930318611376892,289041.6225,1080,720,1475359447341
production-topology2-2-1475358316,0.44853106077595883,0.916626330206846,267932.95249999996,980,440,1475359458461
production-topology3-3-1475358323,1.0355103765948148,1.0093231297590297,65.925,2480,1540,1475359458462
production-topology4-4-1475358329,0.953895741783954,0.9982304530875662,94.53500000000001,2480,1560,1475359458462
production-topology1-1-1475358309,0.444378201731143,0.925255441703748,271902.3525,1020,400,1475359458462
production-topology2-2-1475358316,0.8272915367609545,0.9181092986330659,297168.5199999999,1300,600,1475359469469
production-topology3-3-1475358323,1.113960539702421,1.0125266108667477,77.1025,2340,1500,1475359469469
production-topology4-4-1475358329,1.120465266152733,1.00619979543587,77.13250000000001,2180,1360,1475359469469
production-topology1-1-1475358309,0.6146341463414635,0.9250982984006167,279427.945,1200,480,1475359469469
production-topology2-2-1475358316,0.6866007300271249,0.913703574000169,269763.5275,1060,540,1475359480548
production-topology3-3-1475358323,1.0812081647612997,1.017625285948953,73.3,1800,1220,1475359480548
production-topology4-4-1475358329,0.9743585349203221,1.0057443286530998,80.31250000000001,2060,1360,1475359480548
production-topology1-1-1475358309,1.0682602596004922,0.9346282461128433,286316.0775,1100,720,1475359480548
production-topology2-2-1475358316,0.8981351618097763,0.9161384279071036,278712.68500000006,960,560,1475359491509
production-topology3-3-1475358323,0.8875392999561513,1.006807533089879,66.0875,2420,1420,1475359491509
production-topology4-4-1475358329,0.9460519774552729,1.0047985706428681,75.91249999999998,2440,1520,1475359491509
production-topology1-1-1475358309,0.6576147420147418,0.9361405742480287,277661.485,1000,420,1475359491509
production-topology2-2-1475358316,0.8244916183370993,0.9209152666796194,264591.61249999993,1220,660,1475359502710
production-topology3-3-1475358323,1.0459160126202427,1.0113251362303681,73.72749999999999,2240,1560,1475359502710
production-topology4-4-1475358329,1.161811866903457,1.0058950925378316,77.41,1960,1300,1475359502711
production-topology1-1-1475358309,0.5835799554417584,0.9016641177036887,257245.48749999996,1220,520,1475359502711
production-topology2-2-1475358316,1.611111111111111,0.9647261019456255,294253.385,1080,380,1475359513983
production-topology3-3-1475358323,0.9293056253840568,1.0091556469149174,87.305,1980,1200,1475359513984
production-topology4-4-1475358329,0.8739925020873012,1.0015524967771054,63.81999999999999,2140,1360,1475359513984
production-topology1-1-1475358309,0.5746706351710454,0.8849167450921668,290333.3,1040,500,1475359513984
production-topology2-2-1475358316,0.7624635108372356,0.9225781633149064,278782.11750000005,1080,580,1475359525133
production-topology3-3-1475358323,1.053493193834722,1.0069013826720377,85.48500000000001,2400,1600,1475359525134
production-topology4-4-1475358329,0.959789864517913,0.9994466190591742,81.64499999999998,2460,1480,1475359525134
production-topology1-1-1475358309,0.898081956326419,0.8610831525787181,275129.25999999995,1060,660,1475359525134
production-topology2-2-1475358316,0.6420804478237376,0.9094849043205863,292613.675,1160,560,1475359536306
production-topology3-3-1475358323,1.0077920410783057,1.01074239945475,71.81,2400,1560,1475359536307
production-topology4-4-1475358329,1.0488503602030783,1.0015325736478697,72.545,2160,1360,1475359536307
production-topology1-1-1475358309,0.6357319289005925,0.8510748131373013,232985.21749999997,1240,440,1475359536307
production-topology2-2-1475358316,2.3267178808845475,0.9694345115143457,273757.16250000003,1080,460,1475359547424
production-topology3-3-1475358323,1.059390571475371,1.00753464405425,65.70249999999997,1740,1180,1475359547424
production-topology4-4-1475358329,1.2371698323497222,1.0073558983907542,85.04,2040,1360,1475359547424
production-topology1-1-1475358309,0.9956960166343142,0.8517206511488233,292140.6225,1160,660,1475359547424
production-topology2-2-1475358316,0.6966334955391043,0.9582207038009508,284978.9625000001,1020,480,1475359558521
production-topology3-3-1475358323,1.0180072194317775,1.0112938814383334,72.0925,2460,1540,1475359558521
production-topology4-4-1475358329,0.8982511131882194,1.0089353763943643,97.97,2440,1480,1475359558521
production-topology1-1-1475358309,1.0887352195945947,0.8786436932671778,299976.47250000003,980,500,1475359558521
production-topology2-2-1475358316,0.7985762171448612,0.9596174437093659,288532.1825,1260,660,1475359569647
production-topology3-3-1475358323,0.9715581360048571,1.0101477879696152,77.645,2400,1520,1475359569647
production-topology4-4-1475358329,0.9252931877682061,1.0029635986201682,82.96999999999998,2140,1320,1475359569647
production-topology1-1-1475358309,0.31683665556384366,0.7810385551634725,266744.47250000003,1160,440,1475359569647
production-topology2-2-1475358316,0.7852853029323619,0.9580392049985889,300650.87249999994,1100,480,1475359580796
production-topology3-3-1475358323,1.0609349090069478,1.0131410543077617,90.59,1820,1200,1475359580796
production-topology4-4-1475358329,1.0726232537965952,1.0055294936173005,73.78999999999999,2020,1400,1475359580796
production-topology1-1-1475358309,0.7626122242253588,0.7738465032399559,306481.4225,1140,540,1475359580797
production-topology2-2-1475358316,0.3483333333333333,0.9326964872326028,313362.89249999996,960,320,1475359591884
production-topology3-3-1475358323,0.9459497573133939,1.0117800672150115,74.26249999999999,2420,1500,1475359591884
production-topology4-4-1475358329,0.9554304530570353,1.0050845612449324,80.20999999999998,2400,1500,1475359591884
production-topology1-1-1475358309,0.7370301668416681,0.7641137241462836,324656.28250000003,1080,520,1475359591884
production-topology2-2-1475358316,0.8181323034264211,0.9377627573259182,312657.8525000001,1120,620,1475359602989
production-topology3-3-1475358323,1.135406200856194,1.013922773533188,78.17,2340,1560,1475359602989
production-topology4-4-1475358329,1.091328749018331,1.0061465353124206,84.81,2220,1420,1475359602989
production-topology1-1-1475358309,0.966156462585034,0.7727239714939069,276260.1325,1000,500,1475359602989
production-topology2-2-1475358316,0.8847199088279124,0.9472888512787013,283262.53250000003,1240,600,1475359614167
production-topology3-3-1475358323,0.8129484584647769,1.0095940246774162,75.99999999999999,1840,1180,1475359614167
production-topology4-4-1475358329,0.9191421232668266,1.007401841878633,81.80999999999999,2000,1380,1475359614167
production-topology1-1-1475358309,0.6410383382418098,0.7674279702461022,323318.98500000004,1220,520,1475359614168
production-topology2-2-1475358316,0.6389231869401297,0.946954489879185,325253.54,1040,560,1475359625263
production-topology3-3-1475358323,1.056579962922346,1.0087053000718054,72.3,2420,1580,1475359625263
production-topology4-4-1475358329,1.0880298717347878,1.0084532117053144,70.25750000000001,2460,1560,1475359625263
production-topology1-1-1475358309,0.8851558226342897,0.7709625900576896,307816.22250000003,980,600,1475359625263
production-topology2-2-1475358316,0.8381897216322882,0.944515157739783,303186.26749999996,1100,600,1475359636370
production-topology3-3-1475358323,1.0616666666666668,1.0111062156909505,73.345,2400,1540,1475359636370
production-topology4-4-1475358329,1.0893734777616133,1.0105030906626833,72.58500000000001,2140,1340,1475359636371
production-topology1-1-1475358309,1.0133489349508071,0.7751408212300217,281834.38750000007,1160,480,1475359636371
production-topology2-2-1475358316,0.8179250128402671,0.9623688537744014,302005.1225,1180,480,1475359647538
production-topology3-3-1475358323,0.8443900577959609,1.0066543321837098,74.0875,1740,1160,1475359647538
production-topology4-4-1475358329,0.7823538649991202,1.0065399369526495,80.59000000000002,2060,1260,1475359647539
production-topology1-1-1475358309,0.7329747934785052,0.7757050046775594,312477.2825,1120,600,1475359647539
production-topology2-2-1475358316,0.5429177363545038,0.8536479298347028,318681.1475,1020,380,1475359658530
production-topology3-3-1475358323,0.9784461476509477,1.004124922146036,73.12999999999998,2380,1480,1475359658530
production-topology4-4-1475358329,1.0517007166303673,1.0045137714062122,76.99000000000001,2400,1580,1475359658530
production-topology1-1-1475358309,0.7304187758858719,0.7769907998808852,314857.885,1060,480,1475359658530
production-topology2-2-1475358316,0.7383908045977013,0.8400883349510134,308937.2375,1140,560,1475359669616
production-topology3-3-1475358323,1.154467804605275,1.0093149709099225,78.7875,2320,1460,1475359669616
production-topology4-4-1475358329,1.1563234068348869,1.0128369908424537,79.64499999999998,2140,1400,1475359669616
production-topology1-1-1475358309,1.5074211502782933,0.8012883424922936,312562.5525,1120,500,1475359669616
production-topology2-2-1475358316,0.9230166805958807,0.8618897593366557,313852.02749999997,1080,580,1475359680666
production-topology3-3-1475358323,0.9877221699790404,1.0066152158570505,78.75,1920,1240,1475359680666
production-topology4-4-1475358329,0.8413111890656483,1.0041792537325958,83.3725,2100,1300,1475359680666
production-topology1-1-1475358309,1.3876484120072974,0.8233280201074699,324949.82250000007,1180,780,1475359680666
production-topology2-2-1475358316,0.8072985687781609,0.8527509187931379,366081.3024999999,980,380,1475359691769
production-topology3-3-1475358323,0.9077103641798329,1.0023675451749703,66.1025,2380,1540,1475359691769
production-topology4-4-1475358329,1.1388703321903955,1.0073235108417486,74.03,2320,1520,1475359691769
production-topology1-1-1475358309,0.9044129112739747,0.8142279148980517,333556.7025,1060,360,1475359691769
production-topology2-2-1475358316,0.6477777777777775,0.8424887622428457,310144.6175,1080,660,1475359702862
production-topology3-3-1475358323,1.058823388871971,1.0063683619318042,79.10999999999999,2360,1440,1475359702862
production-topology4-4-1475358329,0.9665086096307092,1.0083541095486976,81.305,2060,1280,1475359702862
production-topology1-1-1475358309,0.6905284043441939,0.8196010883287044,321305.68999999994,1120,460,1475359702862
production-topology2-2-1475358316,0.8953309572080379,0.848226851715821,342029.1875,1280,640,1475359713896
production-topology3-3-1475358323,0.9963450778592641,1.004743848025208,70.13250000000001,1940,1220,1475359713896
production-topology4-4-1475358329,0.8336366380683108,1.0047735337178145,87.3675,2160,1420,1475359713896
production-topology1-1-1475358309,0.8827656402738021,0.8165734880471776,364441.91500000004,1140,580,1475359713896
production-topology2-2-1475358316,0.5410628019323671,0.8420369214555854,318452.7375,900,320,1475359724995
production-topology3-3-1475358323,1.010274239565956,1.0033390654648913,78.1125,2380,1560,1475359724995
production-topology4-4-1475358329,1.199904809782609,1.0099375568055755,72.565,2500,1540,1475359724995
production-topology1-1-1475358309,0.7894488665201222,0.8202920581021504,311958.85750000004,1020,540,1475359724995
production-topology2-2-1475358316,0.7420140262938045,0.8350300272291021,351804.48000000004,1140,640,1475359736138
production-topology3-3-1475358323,1.0345551570291311,1.0047916365811502,73.54750000000001,2300,1440,1475359736138
production-topology4-4-1475358329,0.9220367353031792,1.007106022983184,92.45,2000,1360,1475359736138
production-topology1-1-1475358309,0.8122727079711608,0.8346510709397766,355710.41000000003,1060,580,1475359736138
production-topology2-2-1475358316,0.8786107038123165,0.8401368705093325,356531.8450000001,1240,600,1475359747087
production-topology3-3-1475358323,0.9617211246200607,1.0072027615311554,71.66,1880,1260,1475359747087
production-topology4-4-1475358329,0.9286403131274552,1.004597492704157,77.04,2200,1340,1475359747088
production-topology1-1-1475358309,0.8263149531225171,0.8331368647033368,333550.9,1240,440,1475359747088
production-topology2-2-1475358316,0.8569508878579427,0.8374282401283925,316014.17750000005,980,480,1475359758210
production-topology3-3-1475358323,1.0054705552010135,1.0060996849784438,75.88250000000001,2440,1520,1475359758210
production-topology4-4-1475358329,1.0367541736832302,1.0032362933088115,83.54499999999999,2400,1620,1475359758210
production-topology1-1-1475358309,0.9316594971187442,0.8383752494446363,314524.925,1040,560,1475359758211
production-topology2-2-1475358316,0.4037274238227147,0.825927259147652,393579.2075,1140,440,1475359769393
production-topology3-3-1475358323,0.9559599558077736,1.0004018745588408,78.9275,2280,1440,1475359769393
production-topology4-4-1475358329,1.0166009315805427,1.0102425951915015,72.9425,1960,1200,1475359769393
production-topology1-1-1475358309,0.9912828947368421,0.8382511595827368,353022.68500000006,1000,420,1475359769393
production-topology2-2-1475358316,0.8182119704507765,0.8149817293488737,357154.0125,1200,680,1475359780444
production-topology3-3-1475358323,1.0261495844875348,1.0066400921242704,72.28750000000001,1900,1260,1475359780444
production-topology4-4-1475358329,1.1437336770498518,1.0111411191303892,74.4025,2300,1460,1475359780444
production-topology1-1-1475358309,0.7598618080185672,0.8276857493943088,362282.29500000004,1220,680,1475359780444
production-topology2-2-1475358316,0.4584831644328212,0.8153134661374356,323237.40249999997,920,340,1475359791523
production-topology3-3-1475358323,1.0107729724335135,1.0058155119855603,80.09750000000001,2460,1560,1475359791523
production-topology4-4-1475358329,0.9538869818698813,1.0111408271332534,83.5975,2340,1540,1475359791523
production-topology1-1-1475358309,0.8030555555555559,0.8396416611884558,355164.53250000003,1040,520,1475359791523
production-topology2-2-1475358316,0.9959247766587239,0.820934574134028,354074.54999999993,1120,680,1475359802709
production-topology3-3-1475358323,1.0697748132631404,1.0043426544375842,75.34,2240,1500,1475359802709
production-topology4-4-1475358329,1.097149099101662,1.0103636215648846,69.32499999999999,1740,1120,1475359802710
production-topology1-1-1475358309,0.931372549019608,0.850199607944394,302174.77999999997,1100,500,1475359802710
production-topology2-2-1475358316,0.6912251339309595,0.8210887209308224,370099.175,1240,620,1475359813719
production-topology3-3-1475358323,0.8584823161365942,0.9969184594834275,66.0575,1960,1180,1475359813719
production-topology4-4-1475358329,0.9449452789111229,1.0093831796979111,72.3825,2500,1580,1475359813719
production-topology1-1-1475358309,0.6582325237787424,0.8365320167503357,360925.1075,1220,540,1475359813719
production-topology2-2-1475358316,3.9625730994152057,0.9232366521843367,350330.15,1080,360,1475359824950
production-topology3-3-1475358323,0.963400911275101,0.9994471798607257,77.66999999999999,2420,1520,1475359824950
production-topology4-4-1475358329,1.0156901480983114,1.0117044520526792,81.2525,2340,1520,1475359824950
production-topology1-1-1475358309,0.6461719355672324,0.8361505898687521,378618.6575,1000,540,1475359824950
production-topology2-2-1475358316,0.70498023715415,0.9192529394782384,372097.3975,1020,520,1475359836060
production-topology3-3-1475358323,1.1260584943377074,1.0021185959179746,84.0825,2240,1520,1475359836060
production-topology4-4-1475358329,1.0554849316635215,1.0081602208780145,89.95999999999998,1800,1180,1475359836060
production-topology1-1-1475358309,2.791783380018674,0.9097573706879826,334490.075,1000,460,1475359836060
production-topology2-2-1475358316,0.9062136255108604,0.8957563566248969,364407.27249999996,1120,580,1475359847143
production-topology3-3-1475358323,0.9541263836345805,1.0029459545263255,76.78,1940,1280,1475359847143
production-topology4-4-1475358329,0.8824041892888708,1.0084406104514003,72.7375,2420,1560,1475359847143
production-topology1-1-1475358309,0.8797757458349724,0.919927541043447,357479.14999999997,1260,700,1475359847143
production-topology2-2-1475358316,0.5439967105263158,0.8884741299478661,349058.1075,1140,380,1475359858343
production-topology3-3-1475358323,0.9924654023634774,1.0009116948106174,65.9025,2440,1520,1475359858343
production-topology4-4-1475358329,1.0688228017047878,1.0120750416909625,88.05500000000002,2480,1520,1475359858343
production-topology1-1-1475358309,0.9237963971512361,0.9207846890709407,387783.35,1000,540,1475359858343
production-topology2-2-1475358316,0.7746603550295857,0.8928934601880611,387625.95999999996,1040,580,1475359869371
production-topology3-3-1475358323,0.964482547458665,0.999468045023296,87.0375,2320,1400,1475359869371
production-topology4-4-1475358329,1.050509337860781,1.0121303409462195,75.42250000000001,1920,1280,1475359869371
production-topology1-1-1475358309,0.4377144512737733,0.9141841064833802,362480.52999999997,1180,440,1475359869371
production-topology2-2-1475358316,1.0695407433997552,0.8509875556052348,353564.085,1140,600,1475359880440
production-topology3-3-1475358323,1.173647752394989,1.0032766177206165,84.99749999999999,1800,1260,1475359880440
production-topology4-4-1475358329,0.9760465909592297,1.0034262328998698,70.11,2240,1400,1475359880440
production-topology1-1-1475358309,0.8340787554691296,0.9087968644445408,364773.54000000004,1120,560,1475359880440
production-topology2-2-1475358316,0.49796248483528777,0.8443651885817742,362258.7175000001,1220,460,1475359891551
production-topology3-3-1475358323,0.8605124409254218,0.9980267917704047,79.63500000000002,2580,1540,1475359891551
production-topology4-4-1475358329,1.0164830841856807,1.0073672985997848,71.80749999999999,2460,1620,1475359891551
production-topology1-1-1475358309,0.6901960784313728,0.8955122264057668,390868.37750000006,1020,480,1475359891551
production-topology2-2-1475358316,0.983477729891415,0.8505285723399927,371705.725,880,560,1475359902619
production-topology3-3-1475358323,1.0418471170601633,1.0003697578055815,67.80749999999999,2300,1460,1475359902619
production-topology4-4-1475358329,0.9842187014600806,1.009331482389514,72.31999999999998,1740,1180,1475359902619
production-topology1-1-1475358309,0.37860082304526743,0.8975710319884809,363067.1,1080,440,1475359902619
production-topology2-2-1475358316,0.7789659320271565,0.8503179266431524,388789.3125,1260,580,1475359913768
production-topology3-3-1475358323,1.1141244795090945,1.0021427434889865,63.79250000000002,1820,1200,1475359913768
production-topology4-4-1475358329,0.9611280487804879,1.0056149755556438,89.97750000000002,2460,1480,1475359913768
production-topology1-1-1475358309,1.2159937975981847,0.9126837511009085,401122.5825,1140,660,1475359913768
production-topology2-2-1475358316,0.7778438030560269,0.8646349423005756,346266.43000000005,1080,420,1475359924914
production-topology3-3-1475358323,0.9372440004528572,1.0018525515936352,65.43999999999998,2440,1500,1475359924914
production-topology4-4-1475358329,1.0239823504003307,1.0079000388004205,78.485,2440,1640,1475359924914
production-topology1-1-1475358309,0.5401187246963564,0.9061200363627313,406529.93,1200,540,1475359924914
production-topology2-2-1475358316,0.6814229379320991,0.8600779634507648,400039.79999999993,1100,580,1475359935990
production-topology3-3-1475358323,0.9983088488351067,0.9972826398595989,83.02999999999999,2280,1460,1475359935990
production-topology4-4-1475358329,1.100609215996555,1.0082093876996945,69.50999999999999,1720,1140,1475359935990
production-topology1-1-1475358309,0.632620197837589,0.8950021608711498,373728.4325,920,400,1475359935990
production-topology2-2-1475358316,0.8105805753386399,0.8576066523344558,346613.3025,1100,620,1475359947072
production-topology3-3-1475358323,0.9939019698368727,1.0033144235720022,68.8,1940,1220,1475359947073
production-topology4-4-1475358329,0.95162766134717,1.0092922389690393,76.8275,2440,1520,1475359947073
production-topology1-1-1475358309,0.8072528564331843,0.9005426448108623,363983.02999999997,1220,640,1475359947073
production-topology2-2-1475358316,0.36750416105254813,0.8485593514715363,391540.42750000005,1120,420,1475359958262
production-topology3-3-1475358323,1.0641573997239444,1.003567004798722,71.72,2360,1520,1475359958263
production-topology4-4-1475358329,0.9806012028989328,1.0057112833411774,77.3775,2360,1480,1475359958263
production-topology1-1-1475358309,0.6004445543409316,0.8910522692010837,407769.61500000005,1160,500,1475359958263
production-topology2-2-1475358316,1.0778830001833857,0.8565491274232395,428770.995,1000,520,1475359969369
production-topology3-3-1475358323,0.96419102519981,1.0003178167498268,63.88750000000001,2040,1340,1475359969369
production-topology4-4-1475358329,1.0719419219108857,1.0051302314794865,64.8925,1820,1160,1475359969370
production-topology1-1-1475358309,1.0397376543209875,0.8919318931800897,397189.57749999996,960,400,1475359969370
production-topology2-2-1475358316,0.8202791520524979,0.8566275987303139,405722.22500000003,1260,620,1475359980482
production-topology3-3-1475358323,1.0007045955251124,1.0055283013407985,81.435,2200,1340,1475359980482
production-topology4-4-1475358329,0.9775815400738201,1.0116378206486432,77.78500000000001,2400,1520,1475359980483
production-topology1-1-1475358309,0.7964905881036011,0.8940490863342596,338036.5725,1160,600,1475359980483
production-topology2-2-1475358316,0.6396552566895701,0.8598521827414827,362207.9975,1020,380,1475359991635
production-topology3-3-1475358323,1.0539937706341904,1.00804655544024,74.57499999999999,2460,1620,1475359991635
production-topology4-4-1475358329,1.0349239328026147,1.0110785945210514,70.85249999999999,2420,1560,1475359991635
production-topology1-1-1475358309,0.8325683880081653,0.8974540734050027,445561.29500000004,1300,640,1475359991635
production-topology2-2-1475358316,0.5856745188854157,0.8547616398844066,413471.775,1100,460,1475360002704
production-topology3-3-1475358323,0.9126756799556593,0.9999868179519191,75.2225,2000,1260,1475360002704
production-topology4-4-1475358329,0.9417562010585269,1.0039263543285062,75.73500000000001,1820,1080,1475360002704
production-topology1-1-1475358309,0.5329878542510121,0.8649729635374267,397014.0674999999,900,420,1475360002704
production-topology2-2-1475358316,1.3492079019591858,0.8689680139298501,448805.9125,1160,780,1475360013866
production-topology3-3-1475358323,0.983322975759559,0.9998401781446032,61.7525,2240,1440,1475360013867
production-topology4-4-1475358329,0.995809567112308,1.0090763002633947,80.47999999999999,2440,1560,1475360013867
production-topology1-1-1475358309,0.6663403781979977,0.84092936241045,440393.93,1200,560,1475360013867
production-topology2-2-1475358316,0.3278319579894974,0.852985793570228,334545.33249999996,1240,460,1475360025044
production-topology3-3-1475358323,1.1781156654959377,1.0088536881884733,62.125,2320,1560,1475360025044
production-topology4-4-1475358329,1.1040953542557768,1.0079171343322408,70.48249999999999,2420,1580,1475360025044
production-topology1-1-1475358309,0.7816442679606085,0.8368370743000045,352015.32999999996,1200,620,1475360025045
production-topology2-2-1475358316,1.178354937669282,0.8706716988999449,447058.62,880,620,1475360036186
production-topology3-3-1475358323,0.937662335431354,1.0048149864071194,84.44750000000002,2080,1340,1475360036186
production-topology4-4-1475358329,0.8658634634502552,1.0045622961262257,71.68,1740,1140,1475360036186
production-topology1-1-1475358309,0.7461240310077519,0.8386902618554564,364587.9849999999,860,380,1475360036186
production-topology2-2-1475358316,0.6097545546558705,0.8611524854815393,395470.9275,1140,420,1475360047221
production-topology3-3-1475358323,0.9340585461055068,1.0027387686819944,76.76,2180,1320,1475360047221
production-topology4-4-1475358329,1.0730622457051984,1.0125431497141222,82.15249999999999,2440,1540,1475360047221
production-topology1-1-1475358309,0.7807780182780183,0.8352906744555969,429447.25,1260,620,1475360047221
production-topology2-2-1475358316,0.41826438955057843,0.8570592050688132,429325.07749999996,1260,500,1475360058302
production-topology3-3-1475358323,1.0793675205386877,1.005041878047752,80.76750000000001,2360,1560,1475360058302
production-topology4-4-1475358329,1.0992021730723605,1.0091863951571138,79.6475,2300,1440,1475360058302
production-topology1-1-1475358309,0.8352451749300962,0.8368172180692627,396953.5675,1200,600,1475360058302
production-topology2-2-1475358316,0.792945579512287,0.8587569235094291,446866.36,960,480,1475360069393
production-topology3-3-1475358323,0.94516314819035,1.0020621444197926,73.995,1940,1260,1475360069393
production-topology4-4-1475358329,0.8856248379828111,1.007972665246435,73.73749999999998,1880,1140,1475360069393
production-topology1-1-1475358309,0.4363980716253444,0.8242880635244022,427385.1074999999,880,360,1475360069393
production-topology2-2-1475358316,1.057203862214916,0.8647100287895159,435557.4700000001,1120,680,1475360080477
production-topology3-3-1475358323,1.0520442116064108,1.0050729139860042,81.17999999999999,2300,1480,1475360080477
production-topology4-4-1475358329,0.9879730674008089,1.0099504237222132,70.55999999999999,2440,1600,1475360080477
production-topology1-1-1475358309,0.9871631682424034,0.829649670695065,385931.31,1220,680,1475360080478
production-topology2-2-1475358316,0.6343786008230453,0.8572909525550193,446598.715,1200,440,1475360091554
production-topology3-3-1475358323,0.9715725905808565,1.0039429818319991,69.94500000000001,2380,1560,1475360091554
production-topology4-4-1475358329,1.00545746388443,1.0089072000622532,73.72749999999999,2340,1440,1475360091554
production-topology1-1-1475358309,0.7429627407169872,0.8233597788150064,431544.1325,1080,580,1475360091554
production-topology2-2-1475358316,0.7741711021358534,0.8696390751654572,403848.68,960,500,1475360102686
production-topology3-3-1475358323,1.0275401387960357,1.0063289879316077,71.6125,1800,1180,1475360102686
production-topology4-4-1475358329,0.9097274013495138,1.0053447490545522,75.45750000000001,1940,1260,1475360102686
production-topology1-1-1475358309,1.1428571428571428,0.8284122537523497,385955.8675,980,400,1475360102686
production-topology2-2-1475358316,0.9768637760252016,0.8749274686846048,424220.44499999995,1160,640,1475360113790
production-topology3-3-1475358323,0.9365075560290406,1.0033409203163246,80.67250000000001,2420,1560,1475360113790
production-topology4-4-1475358329,1.1937131792526676,1.007010732461313,80.13250000000001,2320,1460,1475360113790
production-topology1-1-1475358309,0.6163607804232804,0.8236288861658403,449028.89,1260,580,1475360113791
production-topology2-2-1475358316,0.9235527383522423,0.8904297878152522,442498.225,1180,480,1475360124812
production-topology3-3-1475358323,1.0271061811765865,1.0038853606077605,88.11999999999999,2520,1500,1475360124812
production-topology4-4-1475358329,0.8921230865129883,1.0049519359494163,76.365,2340,1500,1475360124812
production-topology1-1-1475358309,1.025429596104967,0.831041354184154,453794.54750000004,1120,580,1475360124812
production-topology2-2-1475358316,0.5914750957854406,0.8769481317861428,418437.0475,960,380,1475360135679
production-topology3-3-1475358323,0.995735305856371,1.001417377027535,66.06249999999999,1680,1200,1475360135679
production-topology4-4-1475358329,0.850829207920792,0.9967412729100541,77.05749999999999,2000,1220,1475360135679
production-topology1-1-1475358309,1.7156955728021073,0.857185454976904,368642.8775,920,340,1475360135680
production-topology2-2-1475358316,0.9422752090026697,0.8853164676218664,451977.37,1120,740,1475360146444
production-topology3-3-1475358323,0.9197267964356285,1.0034588597041694,69.82249999999999,2460,1460,1475360146444
production-topology4-4-1475358329,1.1438224494584557,1.0033705119282983,94.21000000000001,2260,1600,1475360146444
production-topology1-1-1475358309,1.656094508596872,0.8904475211375084,444877.97250000003,680,740,1475360146444
production-topology2-2-1475358316,0.41666666666666663,0.7671195865302481,414984.8499999999,240,360,1475360157313
production-topology3-3-1475358323,1.1349924828562379,1.009178578756874,74.20499999999998,2040,1300,1475360157314
production-topology4-4-1475358329,1.1209397344228804,1.0068788314724506,69.43750000000001,1800,1180,1475360157314
production-topology1-1-1475358309,1.4220199041863164,0.9163091200914778,441650.3200000001,0,560,1475360157314
production-topology2-2-1475358316,1.0,0.7769535786251098,464029.7474999999,0,460,1475360168108
production-topology3-3-1475358323,0.0,0.9716432956122837,74.20499999999998,20,20,1475360168108
production-topology4-4-1475358329,0.938846046479168,1.002990868632972,65.41,1840,1060,1475360168109
production-topology1-1-1475358309,0.9565217391304348,0.8551337320618698,416576.90750000003,0,440,1475360168109
production-topology2-2-1475358316,1.0,0.7800797911080812,468369.28250000003,0,460,1475360178719
production-topology3-3-1475358323,1.0,0.9731724161577977,74.20499999999998,0,0,1475360178719
production-topology4-4-1475358329,1.0,1.0069107289900099,65.41,0,0,1475360178719
production-topology1-1-1475358309,0.9565217391304348,0.8576919318383852,416576.90750000003,0,440,1475360178719
production-topology2-2-1475358316,1.0,0.7952799007572041,468369.28250000003,0,460,1475360189194
production-topology3-3-1475358323,1.0,0.9734235694123484,74.20499999999998,0,0,1475360189195
production-topology4-4-1475358329,1.0,1.0046166355998503,65.41,0,0,1475360189195
production-topology1-1-1475358309,0.9565217391304348,0.8587827765710251,416576.90750000003,0,440,1475360189195
production-topology2-2-1475358316,1.0,0.8027912222562178,468369.28250000003,0,460,1475360199434
production-topology3-3-1475358323,1.0,0.9746074844970596,74.20499999999998,0,0,1475360199435
production-topology4-4-1475358329,1.0,1.0029329910044908,65.41,0,0,1475360199435
production-topology1-1-1475358309,0.9565217391304348,0.8760763528329137,416576.90750000003,0,440,1475360199435
production-topology2-2-1475358316,1.0,0.800473197476226,468369.28250000003,0,460,1475360209587
production-topology3-3-1475358323,1.0,0.9688192260838931,74.20499999999998,0,0,1475360209587
production-topology4-4-1475358329,1.0,1.0037314379725166,65.41,0,0,1475360209588
production-topology1-1-1475358309,0.9565217391304348,0.8801577856216237,416576.90750000003,0,440,1475360209588
production-topology2-2-1475358316,1.0,0.8172077813150497,468369.28250000003,0,460,1475360219731
production-topology3-3-1475358323,1.0,0.973468811386379,74.20499999999998,0,0,1475360219731
production-topology4-4-1475358329,1.0,1.003182001832994,65.41,0,0,1475360219731
production-topology1-1-1475358309,0.9565217391304348,0.8890353076449259,416576.90750000003,0,440,1475360219731
production-topology2-2-1475358316,1.0,0.8177585236520025,468369.28250000003,0,460,1475360229879
production-topology3-3-1475358323,1.0,0.9720739074843737,74.20499999999998,0,0,1475360229879
production-topology4-4-1475358329,1.0,1.0037080451176579,65.41,0,0,1475360229879
production-topology1-1-1475358309,0.9565217391304348,0.9082993381810981,416576.90750000003,0,440,1475360229879
production-topology2-2-1475358316,1.0,0.825126325917764,468369.28250000003,0,460,1475360240019
production-topology3-3-1475358323,1.0,0.9682697581674039,74.20499999999998,0,0,1475360240019
production-topology4-4-1475358329,1.0,1.005003776824975,65.41,0,0,1475360240020
production-topology1-1-1475358309,0.9565217391304348,0.8996502695655064,416576.90750000003,0,440,1475360240020
production-topology2-2-1475358316,1.0,0.832531532482563,468369.28250000003,0,460,1475360250173
production-topology3-3-1475358323,1.0,0.9703616248189754,74.20499999999998,0,0,1475360250174
production-topology4-4-1475358329,1.0,1.004204365144964,65.41,0,0,1475360250174
production-topology1-1-1475358309,0.9565217391304348,0.9135303700466423,416576.90750000003,0,440,1475360250174
production-topology2-2-1475358316,1.0,0.8431507678848263,468369.28250000003,0,460,1475360260409
production-topology3-3-1475358323,1.0,0.9704179965244717,74.20499999999998,0,0,1475360260409
production-topology4-4-1475358329,1.0,1.0008507246117455,65.41,0,0,1475360260409
production-topology1-1-1475358309,0.9565217391304348,0.9243270880897371,416576.90750000003,0,440,1475360260409
production-topology2-2-1475358316,1.0,0.8494647487068717,468369.28250000003,0,460,1475360270553
production-topology3-3-1475358323,1.0,0.9706212641965759,74.20499999999998,0,0,1475360270553
production-topology4-4-1475358329,1.0,1.002463135900173,65.41,0,0,1475360270553
production-topology1-1-1475358309,0.9565217391304348,0.9293027175129788,416576.90750000003,0,440,1475360270553
production-topology2-2-1475358316,1.0,0.8705479433384534,468369.28250000003,0,460,1475360280702
production-topology3-3-1475358323,1.0,0.9684826842057779,74.20499999999998,0,0,1475360280702
production-topology4-4-1475358329,1.0,1.0031097624702086,65.41,0,0,1475360280703
production-topology1-1-1475358309,0.9565217391304348,0.9411719570059621,416576.90750000003,0,440,1475360280703
production-topology2-2-1475358316,1.0,0.8679518433323407,468369.28250000003,0,460,1475360290848
production-topology3-3-1475358323,1.0,0.9696763166991176,74.20499999999998,0,0,1475360290848
production-topology4-4-1475358329,1.0,1.0007116984065125,65.41,0,0,1475360290848
production-topology1-1-1475358309,0.9565217391304348,0.9383980931662771,416576.90750000003,0,440,1475360290848
production-topology2-2-1475358316,1.0,0.873942538263924,468369.28250000003,0,460,1475360300986
production-topology3-3-1475358323,1.0,0.9696528301816139,74.20499999999998,0,0,1475360300987
production-topology4-4-1475358329,1.0,1.001458980404052,65.41,0,0,1475360300987
production-topology1-1-1475358309,0.9565217391304348,0.9437324648671714,416576.90750000003,0,440,1475360300987
production-topology2-2-1475358316,1.0,0.8859540297076051,468369.28250000003,0,460,1475360311124
production-topology3-3-1475358323,1.0,0.9678530378271408,74.20499999999998,0,0,1475360311124
production-topology4-4-1475358329,1.0,1.0002948493106314,65.41,0,0,1475360311124
production-topology1-1-1475358309,0.9565217391304348,0.9478642432379137,416576.90750000003,0,440,1475360311124
production-topology2-2-1475358316,1.0,0.8997648790780912,468369.28250000003,0,460,1475360321269
production-topology3-3-1475358323,1.0,0.9707638484952855,74.20499999999998,0,0,1475360321269
production-topology4-4-1475358329,1.0,1.0022363092753472,65.41,0,0,1475360321269
production-topology1-1-1475358309,0.9565217391304348,0.9619820394005613,416576.90750000003,0,440,1475360321269
production-topology2-2-1475358316,1.0,0.8881246156794517,468369.28250000003,0,460,1475360331412
production-topology3-3-1475358323,1.0,0.9713197493033,74.20499999999998,0,0,1475360331413
production-topology4-4-1475358329,1.0,1.0023759903716036,65.41,0,0,1475360331413
production-topology1-1-1475358309,0.9565217391304348,0.9716547514316425,416576.90750000003,0,440,1475360331413
production-topology2-2-1475358316,1.0,0.9105302170798016,468369.28250000003,0,460,1475360341553
production-topology3-3-1475358323,1.0,0.9653825604534354,74.20499999999998,0,0,1475360341553
production-topology4-4-1475358329,1.0,0.9989061452297444,65.41,0,0,1475360341553
production-topology1-1-1475358309,0.9565217391304348,0.9774840004706368,416576.90750000003,0,440,1475360341553
production-topology2-2-1475358316,1.0,0.9045850524908257,468369.28250000003,0,460,1475360351701
production-topology3-3-1475358323,1.0,0.9674604826057237,74.20499999999998,0,0,1475360351702
production-topology4-4-1475358329,1.0,1.0033773631147358,65.41,0,0,1475360351702
production-topology1-1-1475358309,0.9565217391304348,0.9844972574080594,416576.90750000003,0,440,1475360351702
production-topology2-2-1475358316,1.0,0.9175932340022968,468369.28250000003,0,460,1475360362060
production-topology3-3-1475358323,1.0,0.9696585310688735,74.20499999999998,0,0,1475360362061
production-topology4-4-1475358329,1.0,1.0009419549245626,65.41,0,0,1475360362061
production-topology1-1-1475358309,0.9565217391304348,0.9903553814364733,416576.90750000003,0,440,1475360362061
production-topology2-2-1475358316,1.0,0.9369844210172774,468369.28250000003,0,460,1475360372195
production-topology3-3-1475358323,1.0,0.9670129470509171,74.20499999999998,0,0,1475360372195
production-topology4-4-1475358329,1.0,0.9976352158221505,65.41,0,0,1475360372195
production-topology1-1-1475358309,0.9565217391304348,0.9943979335764846,416576.90750000003,0,440,1475360372195
production-topology2-2-1475358316,1.0,0.9438862350335345,468369.28250000003,0,460,1475360382336
production-topology3-3-1475358323,1.0,0.968840842111239,74.20499999999998,0,0,1475360382336
production-topology4-4-1475358329,1.0,1.0014477212227235,65.41,0,0,1475360382336
production-topology1-1-1475358309,0.9565217391304348,1.0117353891599876,416576.90750000003,0,440,1475360382337
production-topology2-2-1475358316,1.0,0.9419794396263707,468369.28250000003,0,460,1475360392481
production-topology3-3-1475358323,1.0,0.9671060350576919,74.20499999999998,0,0,1475360392481
production-topology4-4-1475358329,1.0,1.0018486189760298,65.41,0,0,1475360392481
production-topology1-1-1475358309,0.9565217391304348,1.0107140081895887,416576.90750000003,0,440,1475360392481
production-topology2-2-1475358316,1.0,0.9541668195989358,468369.28250000003,0,460,1475360402628
production-topology3-3-1475358323,1.0,0.9680536153716633,74.20499999999998,0,0,1475360402628
production-topology4-4-1475358329,1.0,1.0016667035132154,65.41,0,0,1475360402628
production-topology1-1-1475358309,0.9565217391304348,1.017832641470037,416576.90750000003,0,440,1475360402628
production-topology2-2-1475358316,1.0,0.9616944495277406,468369.28250000003,0,460,1475360412777
production-topology3-3-1475358323,1.0,0.9671356107451288,74.20499999999998,0,0,1475360412777
production-topology4-4-1475358329,1.0,1.0046757901348984,65.41,0,0,1475360412778
production-topology1-1-1475358309,0.9565217391304348,1.0116214613458134,416576.90750000003,0,440,1475360412778
production-topology2-2-1475358316,1.0,0.9624656569935673,468369.28250000003,0,460,1475360422912
production-topology3-3-1475358323,1.0,0.9692520255441608,74.20499999999998,0,0,1475360422912
production-topology4-4-1475358329,1.0,0.9982186841598095,65.41,0,0,1475360422913
production-topology1-1-1475358309,0.9565217391304348,1.0229601599693852,416576.90750000003,0,440,1475360422913
production-topology2-2-1475358316,1.0,0.9650138990484927,468369.28250000003,0,460,1475360433046
production-topology3-3-1475358323,1.0,0.968348486171608,74.20499999999998,0,0,1475360433047
production-topology4-4-1475358329,1.0,1.0018145812760433,65.41,0,0,1475360433047
production-topology1-1-1475358309,0.9565217391304348,1.0206632314035675,416576.90750000003,0,440,1475360433047
production-topology2-2-1475358316,1.0,0.9786313958556446,468369.28250000003,0,460,1475360443187
production-topology3-3-1475358323,1.0,0.9684906426430622,74.20499999999998,0,0,1475360443187
production-topology4-4-1475358329,1.0,1.006786941012017,65.41,0,0,1475360443188
production-topology1-1-1475358309,0.9565217391304348,0.9953574369478451,416576.90750000003,0,440,1475360443188
production-topology2-2-1475358316,1.0,0.9805555555555555,468369.28250000003,0,460,1475360453331
production-topology3-3-1475358323,1.0,0.9711664160952079,74.20499999999998,0,0,1475360453332
production-topology4-4-1475358329,1.0,1.0019928593634015,65.41,0,0,1475360453332
production-topology1-1-1475358309,0.9565217391304348,0.9720383446322972,416576.90750000003,0,440,1475360453332
production-topology2-2-1475358316,1.0,1.0,468369.28250000003,0,460,1475360463470
production-topology3-3-1475358323,1.0,0.9666666666666667,74.20499999999998,0,0,1475360463471
production-topology4-4-1475358329,1.0,0.997961534882639,65.41,0,0,1475360463471
production-topology1-1-1475358309,0.9565217391304348,0.9565217391304344,416576.90750000003,0,440,1475360463471
production-topology2-2-1475358316,1.0,1.0,468369.28250000003,0,460,1475360473615
production-topology3-3-1475358323,1.0,1.0,74.20499999999998,0,0,1475360473616
production-topology4-4-1475358329,1.0,1.0,65.41,0,0,1475360473616
production-topology1-1-1475358309,0.9565217391304348,0.9565217391304344,416576.90750000003,0,440,1475360473616
production-topology2-2-1475358316,1.0,1.0,468369.28250000003,0,460,1475360483752
production-topology3-3-1475358323,1.0,1.0,74.20499999999998,0,0,1475360483752
production-topology4-4-1475358329,1.0,1.0,65.41,0,0,1475360483752
production-topology1-1-1475358309,0.9565217391304348,0.9565217391304344,416576.90750000003,0,440,1475360483752
production-topology2-2-1475358316,1.0,1.0,468369.28250000003,0,460,1475360493889
production-topology3-3-1475358323,1.0,1.0,74.20499999999998,0,0,1475360493889
production-topology4-4-1475358329,1.0,1.0,65.41,0,0,1475360493890
production-topology1-1-1475358309,0.9565217391304348,0.9565217391304344,416576.90750000003,0,440,1475360493890
production-topology2-2-1475358316,1.0,1.0,468369.28250000003,0,460,1475360504022
production-topology3-3-1475358323,1.0,1.0,74.20499999999998,0,0,1475360504022
production-topology4-4-1475358329,1.0,1.0,65.41,0,0,1475360504022
production-topology1-1-1475358309,0.9565217391304348,0.9565217391304344,416576.90750000003,0,440,1475360504022
production-topology2-2-1475358316,1.0,1.0,468369.28250000003,0,460,1475360514157
production-topology3-3-1475358323,1.0,1.0,74.20499999999998,0,0,1475360514157
production-topology4-4-1475358329,1.0,1.0,65.41,0,0,1475360514157
production-topology1-1-1475358309,0.9565217391304348,0.9565217391304344,416576.90750000003,0,440,1475360514157
production-topology2-2-1475358316,1.0,1.0,468369.28250000003,0,460,1475360524305
production-topology3-3-1475358323,1.0,1.0,74.20499999999998,0,0,1475360524305
production-topology4-4-1475358329,1.0,1.0,65.41,0,0,1475360524305
production-topology1-1-1475358309,0.9565217391304348,0.9565217391304344,416576.90750000003,0,440,1475360524305
production-topology2-2-1475358316,1.0,1.0,468369.28250000003,0,460,1475360534438
production-topology3-3-1475358323,1.0,1.0,74.20499999999998,0,0,1475360534438
production-topology4-4-1475358329,1.0,1.0,65.41,0,0,1475360534438
production-topology1-1-1475358309,0.9565217391304348,0.9565217391304344,416576.90750000003,0,440,1475360534438
production-topology2-2-1475358316,1.0,1.0,468369.28250000003,0,460,1475360544566
production-topology3-3-1475358323,1.0,1.0,74.20499999999998,0,0,1475360544566
production-topology4-4-1475358329,1.0,1.0,65.41,0,0,1475360544566
production-topology1-1-1475358309,0.9565217391304348,0.9565217391304344,416576.90750000003,0,440,1475360544566
production-topology2-2-1475358316,1.0,1.0,468369.28250000003,0,460,1475360554697
production-topology3-3-1475358323,1.0,1.0,74.20499999999998,0,0,1475360554697
production-topology4-4-1475358329,1.0,1.0,65.41,0,0,1475360554697
production-topology1-1-1475358309,0.9565217391304348,0.9565217391304344,416576.90750000003,0,440,1475360554697
production-topology2-2-1475358316,1.0,1.0,468369.28250000003,0,460,1475360564841
production-topology3-3-1475358323,1.0,1.0,74.20499999999998,0,0,1475360564841
production-topology4-4-1475358329,1.0,1.0,65.41,0,0,1475360564841
production-topology1-1-1475358309,0.9565217391304348,0.9565217391304344,416576.90750000003,0,440,1475360564841
production-topology2-2-1475358316,1.0,1.0,468369.28250000003,0,460,1475360574975
production-topology3-3-1475358323,1.0,1.0,74.20499999999998,0,0,1475360574975
production-topology4-4-1475358329,1.0,1.0,65.41,0,0,1475360574975
production-topology1-1-1475358309,0.9565217391304348,0.9565217391304344,416576.90750000003,0,440,1475360574975
production-topology2-2-1475358316,1.0,1.0,468369.28250000003,0,460,1475360585122
production-topology3-3-1475358323,1.0,1.0,74.20499999999998,0,0,1475360585122
production-topology4-4-1475358329,1.0,1.0,65.41,0,0,1475360585123
production-topology1-1-1475358309,0.9565217391304348,0.9565217391304344,416576.90750000003,0,440,1475360585123
production-topology2-2-1475358316,1.0,1.0,468369.28250000003,0,460,1475360595260
production-topology3-3-1475358323,1.0,1.0,74.20499999999998,0,0,1475360595261
production-topology4-4-1475358329,1.0,1.0,65.41,0,0,1475360595261
production-topology1-1-1475358309,0.9565217391304348,0.9565217391304344,416576.90750000003,0,440,1475360595261
production-topology2-2-1475358316,1.0,1.0,468369.28250000003,0,460,1475360605396
production-topology3-3-1475358323,1.0,1.0,74.20499999999998,0,0,1475360605396
production-topology4-4-1475358329,1.0,1.0,65.41,0,0,1475360605396
production-topology1-1-1475358309,0.9565217391304348,0.9565217391304344,416576.90750000003,0,440,1475360605396
production-topology2-2-1475358316,1.0,1.0,468369.28250000003,0,460,1475360615526
production-topology3-3-1475358323,1.0,1.0,74.20499999999998,0,0,1475360615526
production-topology4-4-1475358329,1.0,1.0,65.41,0,0,1475360615526
production-topology1-1-1475358309,0.9565217391304348,0.9565217391304344,416576.90750000003,0,440,1475360615526
production-topology2-2-1475358316,1.0,1.0,468369.28250000003,0,460,1475360625661
production-topology3-3-1475358323,1.0,1.0,74.20499999999998,0,0,1475360625662
production-topology4-4-1475358329,1.0,1.0,65.41,0,0,1475360625662
production-topology1-1-1475358309,0.9565217391304348,0.9565217391304344,416576.90750000003,0,440,1475360625662
production-topology2-2-1475358316,1.0,1.0,468369.28250000003,0,460,1475360635805
production-topology3-3-1475358323,1.0,1.0,74.20499999999998,0,0,1475360635805
production-topology4-4-1475358329,1.0,1.0,65.41,0,0,1475360635805
production-topology1-1-1475358309,0.9565217391304348,0.9565217391304344,416576.90750000003,0,440,1475360635805
production-topology2-2-1475358316,1.0,1.0,468369.28250000003,0,460,1475360645951
production-topology3-3-1475358323,1.0,1.0,74.20499999999998,0,0,1475360645951
production-topology4-4-1475358329,1.0,1.0,65.41,0,0,1475360645951
production-topology1-1-1475358309,0.9565217391304348,0.9565217391304344,416576.90750000003,0,440,1475360645951
production-topology2-2-1475358316,1.0,1.0,468369.28250000003,0,460,1475360656125
production-topology3-3-1475358323,1.0,1.0,74.20499999999998,0,0,1475360656125
production-topology4-4-1475358329,1.0,1.0,65.41,0,0,1475360656126
production-topology1-1-1475358309,0.9565217391304348,0.9565217391304344,416576.90750000003,0,440,1475360656126
production-topology2-2-1475358316,1.0,1.0,468369.28250000003,0,460,1475360666270
production-topology3-3-1475358323,1.0,1.0,74.20499999999998,0,0,1475360666270
production-topology4-4-1475358329,1.0,1.0,65.41,0,0,1475360666271
production-topology1-1-1475358309,0.9565217391304348,0.9565217391304344,416576.90750000003,0,440,1475360666271
production-topology2-2-1475358316,1.0,1.0,468369.28250000003,0,460,1475360676407
production-topology3-3-1475358323,1.0,1.0,74.20499999999998,0,0,1475360676407
production-topology4-4-1475358329,1.0,1.0,65.41,0,0,1475360676407
production-topology1-1-1475358309,0.9565217391304348,0.9565217391304344,416576.90750000003,0,440,1475360676408
production-topology2-2-1475358316,1.0,1.0,468369.28250000003,0,460,1475360686539
production-topology3-3-1475358323,1.0,1.0,74.20499999999998,0,0,1475360686539
production-topology4-4-1475358329,1.0,1.0,65.41,0,0,1475360686539
production-topology1-1-1475358309,0.9565217391304348,0.9565217391304344,416576.90750000003,0,440,1475360686539
production-topology2-2-1475358316,1.0,1.0,468369.28250000003,0,460,1475360696680
production-topology3-3-1475358323,1.0,1.0,74.20499999999998,0,0,1475360696680
production-topology4-4-1475358329,1.0,1.0,65.41,0,0,1475360696680
production-topology1-1-1475358309,0.9565217391304348,0.9565217391304344,416576.90750000003,0,440,1475360696681
