production-topology1-1-1475197912,0.0,0.0,0.0,0,0,1475197912718
production-topology1-1-1475197912,0.0,0.0,0.0,0,0,1475197914066
production-topology2-2-1475197918,0.0,0.0,0.0,0,0,1475197919283
production-topology1-1-1475197912,0.0,0.0,0.0,0,0,1475197919284
production-topology2-2-1475197918,0.0,0.0,0.0,0,0,1475197924681
production-topology1-1-1475197912,1.1846153846153848,0.2961538461538462,0.0,240,120,1475197924682
production-topology3-3-1475197925,0.0,0.0,0.0,0,0,1475197926291
production-topology2-2-1475197918,0.0,0.0,0.0,0,0,1475197926291
production-topology1-1-1475197912,0.44170673076923084,0.32526442307692316,0.0,420,180,1475197926291
production-topology3-3-1475197925,0.0,0.0,0.0,0,0,1475197933528
production-topology2-2-1475197918,0.5241250889972069,0.13103127224930172,0.0,620,260,1475197933528
production-topology1-1-1475197912,1.05668016194332,0.44716704622132264,0.0,580,260,1475197933528
production-topology4-4-1475197932,0.0,0.0,0.0,0,0,1475197933528
production-topology3-3-1475197925,0.0,0.0,83.9,0,0,1475197935676
production-topology2-2-1475197918,1.6452991452991452,0.4338848468592705,0.0,160,140,1475197935676
production-topology1-1-1475197912,0.8695304695304694,0.5075046781226293,0.0,220,160,1475197935676
production-topology4-4-1475197932,0.0,0.0,0.0,0,0,1475197935676
production-topology3-3-1475197925,1.009222585517687,0.25230564637942177,79.82,2420,1560,1475197947301
production-topology2-2-1475197918,0.8817164027195374,0.5085234395026483,2902.6974999999998,980,420,1475197947301
production-topology1-1-1475197912,0.7042058853840142,0.5320923290303025,4863.0675,1040,500,1475197947302
production-topology4-4-1475197932,0.9974813065722157,0.3324937688574052,86.7775,600,380,1475197947302
production-topology3-3-1475197925,0.975940299900448,0.39703257708362705,80.97749999999999,2460,1560,1475197958676
production-topology2-2-1475197918,0.6473690238732452,0.5283585229841622,5046.287499999999,1240,600,1475197958676
production-topology1-1-1475197912,0.7146518226462125,0.552376717209848,6638.01,1080,480,1475197958676
production-topology4-4-1475197932,1.0117855317564963,0.502316709582178,66.21,2400,1500,1475197958676
production-topology3-3-1475197925,0.9514019318061898,0.48942746953738747,80.94,1860,1180,1475197969959
production-topology2-2-1475197918,1.0694805194805195,0.5959987725462068,8640.8875,1200,660,1475197969959
production-topology1-1-1475197912,0.7480788934426229,0.5719469348331254,10290.135,1220,660,1475197969959
production-topology4-4-1475197932,0.9745694829760402,0.5967672642609505,89.5225,2440,1600,1475197969960
production-topology3-3-1475197925,1.006346022533288,0.5632729771082304,68.19749999999999,2320,1580,1475197981127
production-topology2-2-1475197918,0.5831063734791828,0.5945662837609819,10528.855,1020,380,1475197981127
production-topology1-1-1475197912,1.1392511629489916,0.6235200464800225,11182.937499999998,1180,640,1475197981127
production-topology4-4-1475197932,1.1041867662755585,0.6813371812633852,78.22749999999999,2380,1580,1475197981127
production-topology3-3-1475197925,0.9845657409274792,0.6159345725856366,74.85500000000002,2440,1520,1475197992303
production-topology2-2-1475197918,0.7637395472798332,0.611483610112867,14087.49,1040,620,1475197992304
production-topology1-1-1475197912,0.4261647028066039,0.6070737678405709,14718.385,960,420,1475197992304
production-topology4-4-1475197932,1.043555106632232,0.7330825991732203,77.1125,1840,1160,1475197992304
production-topology3-3-1475197925,0.9943043531385972,0.6579756593137432,83.2025,1980,1240,1475198003719
production-topology2-2-1475197918,0.8285962455083,0.6312211224215427,15247.515,1300,620,1475198003719
production-topology1-1-1475197912,1.1544340162761217,0.6491784023356133,16540.815,1180,620,1475198003719
production-topology4-4-1475197932,0.9288794606771079,0.7575572068612063,67.64750000000001,2440,1540,1475198003719
production-topology3-3-1475197925,0.9633851377824212,0.6885166071606111,75.7225,2280,1520,1475198015025
production-topology2-2-1475197918,1.0226499812995833,0.6638401939947128,17722.252500000002,1060,620,1475198015025
production-topology1-1-1475197912,0.5767000882647545,0.6440013799019805,19181.504999999997,1260,560,1475198015025
production-topology4-4-1475197932,1.0201000350623608,0.78672863221689,73.57000000000002,2440,1620,1475198015026
production-topology3-3-1475197925,1.0093248727828734,0.7176809949444531,86.18250000000003,2420,1580,1475198026292
production-topology2-2-1475197918,0.902317411751374,0.6821845953606098,19045.88,1060,500,1475198026292
production-topology1-1-1475197912,0.784185902183454,0.6533470147207454,24100.9075,960,400,1475198026293
production-topology4-4-1475197932,0.8329129043230874,0.7913470594275098,82.87750000000001,1840,1100,1475198026293
production-topology3-3-1475197925,1.115573152337858,0.7508386747272368,90.295,2000,1200,1475198037377
production-topology2-2-1475197918,0.5955398006737223,0.6759956814544035,20949.935000000005,1180,520,1475198037378
production-topology1-1-1475197912,0.6813997784454522,0.6551003124535396,25383.465,1060,600,1475198037378
production-topology4-4-1475197932,1.1147230484474968,0.820744876611145,69.955,2420,1660,1475198037378
production-topology3-3-1475197925,0.9356987934448667,0.7650586838593623,73.66,2280,1480,1475198048796
production-topology2-2-1475197918,0.8188305145084505,0.6855180036580066,24949.67,1060,620,1475198048796
production-topology1-1-1475197912,0.8544620025525004,0.666827470694655,28541.114999999998,1300,620,1475198048796
production-topology4-4-1475197932,0.8860607973727471,0.8261878700079452,79.98500000000001,2220,1340,1475198048796
production-topology3-3-1475197925,0.9655359739573006,0.7793784902949292,66.50999999999998,2420,1580,1475198059914
production-topology2-2-1475197918,0.48429634881247785,0.6729416502301611,26785.76,1120,460,1475198059914
production-topology1-1-1475197912,0.7510171156004489,0.6715046731894213,31485.905000000006,920,380,1475198059914
production-topology4-4-1475197932,1.1922957023046314,0.8543500109538442,79.44999999999997,2060,1360,1475198059914
production-topology3-3-1475197925,1.1751399270270522,0.8057625860770707,70.0525,2040,1320,1475198070889
production-topology2-2-1475197918,1.1340576312409483,0.7000661197013838,28369.22000000001,1160,620,1475198070889
production-topology1-1-1475197912,0.6733362217407947,0.6716010704815989,34716.7675,1140,640,1475198070889
production-topology4-4-1475197932,0.9129169715462976,0.8585333652818765,86.1175,2480,1580,1475198070890
production-topology3-3-1475197925,0.9962016806722691,0.8176650294892707,77.42999999999999,2200,1380,1475198082327
production-topology2-2-1475197918,0.5321301600425205,0.6907363441647802,33871.12499999999,1180,460,1475198082327
production-topology1-1-1475197912,1.087801087801088,0.6924110713475733,36113.9525,1300,480,1475198082327
production-topology4-4-1475197932,0.982496829549739,0.8667975962330673,71.98499999999999,2180,1440,1475198082327
production-topology3-3-1475197925,0.8984296457668599,0.8224158892703054,96.06,2400,1560,1475198093489
production-topology2-2-1475197918,0.942033567991091,0.7039625138398492,34294.2775,960,560,1475198093489
production-topology1-1-1475197912,0.8273235785537589,0.6988354764526298,39912.467500000006,960,560,1475198093490
production-topology4-4-1475197932,1.0430583501006034,0.8778138933497883,79.86500000000001,2100,1400,1475198093490
production-topology3-3-1475197925,0.9481542354445545,0.8294013529466526,76.14999999999999,1980,1220,1475198104733
production-topology2-2-1475197918,0.5178909332952978,0.6946589348126218,38495.64749999999,1100,480,1475198104733
production-topology1-1-1475197912,1.2041063128310454,0.7218023326516487,38887.572499999995,1160,460,1475198104733
production-topology4-4-1475197932,1.0597807287195382,0.8885178248421265,84.43750000000001,2260,1460,1475198104733
production-topology3-3-1475197925,1.109449637357949,0.8441407363367207,72.37250000000002,2220,1560,1475198115938
production-topology2-2-1475197918,0.9335860894089436,0.7060364183648276,40010.8375,1240,580,1475198115939
production-topology1-1-1475197912,0.9578720926542732,0.7320662352604586,48606.22750000001,1060,680,1475198115939
production-topology4-4-1475197932,0.98279270555959,0.893755318215319,72.54499999999999,2040,1320,1475198115939
production-topology3-3-1475197925,1.0028366140394698,0.8520755302218582,66.69500000000001,2520,1460,1475198127262
production-topology2-2-1475197918,0.7081583197357905,0.7061328684271441,46313.9325,1080,460,1475198127262
production-topology1-1-1475197912,1.1268775491706697,0.7485167066733839,46534.682499999995,1180,480,1475198127263
production-topology4-4-1475197932,1.1043277709944375,0.9048380788879041,72.0275,2340,1400,1475198127263
production-topology3-3-1475197925,1.0884282280577993,0.8633304205949983,84.33,1960,1240,1475198138418
production-topology2-2-1475197918,0.7562796311890575,0.7083131624602707,47989.7175,1020,540,1475198138419
production-topology1-1-1475197912,0.8043112655135586,0.7507484890269909,50507.62500000001,1060,600,1475198138419
production-topology4-4-1475197932,0.9743561518971697,0.9083139825383674,68.6925,2320,1500,1475198138419
production-topology3-3-1475197925,1.0044279393310434,0.8697439441739095,71.66,2260,1500,1475198149763
production-topology2-2-1475197918,0.6806094182825484,0.7071588397861989,52245.255000000005,1140,520,1475198149763
production-topology1-1-1475197912,0.7106008487826668,0.7492043490175939,49823.182499999995,1100,380,1475198149764
production-topology4-4-1475197932,0.873582683982684,0.9066601111785728,95.06250000000001,2100,1260,1475198149764
production-topology3-3-1475197925,1.0119271353096628,0.875925822049377,81.095,2460,1620,1475198160891
production-topology2-2-1475197918,0.6238041431261772,0.7038246519197979,52814.51250000001,1180,560,1475198160891
production-topology1-1-1475197912,0.8197086284215944,0.7518156186251495,58423.25749999999,1200,740,1475198160891
production-topology4-4-1475197932,1.0137153214076289,0.9115262570980753,84.60499999999999,2340,1520,1475198160891
production-topology3-3-1475197925,1.0847792169293753,0.8846280468360437,90.89499999999997,1940,1220,1475198172311
production-topology2-2-1475197918,1.0558966327792538,0.717365881952854,56832.707500000004,1020,560,1475198172311
production-topology1-1-1475197912,1.0133609622534971,0.7611565237547333,55742.1125,1060,520,1475198172311
production-topology4-4-1475197932,1.0192464082407156,0.916209741930364,77.0475,2380,1500,1475198172311
production-topology3-3-1475197925,0.8963045912653975,0.8850951086132178,81.965,2300,1540,1475198183417
production-topology2-2-1475197918,0.7461873692107237,0.7184333444438862,57778.417499999996,1240,540,1475198183417
production-topology1-1-1475197912,0.6765731595560533,0.7582398560237443,57456.295,1220,540,1475198183417
production-topology4-4-1475197932,0.8933823529411764,0.9152586007224812,76.12249999999999,2000,1340,1475198183417
production-topology3-3-1475197925,0.9858031791625889,0.8889684959420397,85.85499999999999,2460,1560,1475198194645
production-topology2-2-1475197918,0.630982652633739,0.7153101054506666,58059.722499999996,1000,520,1475198194645
production-topology1-1-1475197912,0.7735921905733226,0.7587516005087303,61187.23999999999,1020,540,1475198194645
production-topology4-4-1475197932,1.2135493894099474,0.9271902322699799,73.05749999999999,2300,1560,1475198194646
production-topology3-3-1475197925,0.9680165498204519,0.8918962016412402,76.255,2120,1300,1475198205738
production-topology2-2-1475197918,0.8850574712643678,0.7211634628925184,61725.00749999999,1120,600,1475198205738
production-topology1-1-1475197912,0.9030345471521943,0.78885275208047,72040.53500000002,1040,580,1475198205738
production-topology4-4-1475197932,0.9442469579944274,0.9278462601824586,82.3625,2380,1480,1475198205739
production-topology3-3-1475197925,1.025338232864471,0.8966619884706413,84.92000000000002,2220,1440,1475198217179
production-topology2-2-1475197918,0.5559106625549013,0.7156550362145978,64543.994999999995,1260,440,1475198217179
production-topology1-1-1475197912,0.5543629164952695,0.8073315159636457,71734.04000000001,1320,480,1475198217179
production-topology4-4-1475197932,0.9953586907649458,0.9303467205744026,74.78500000000003,2140,1340,1475198217179
production-topology3-3-1475197925,0.9176226235617011,0.8973847689910227,85.77999999999999,2440,1580,1475198228707
production-topology2-2-1475197918,0.8193170731707318,0.742965605320289,72943.32,1000,560,1475198228707
production-topology1-1-1475197912,1.3267162542521338,0.8515553911053835,70698.76500000001,1020,660,1475198228708
production-topology4-4-1475197932,1.083857846744445,0.9358292607947611,63.1725,2240,1500,1475198228708
production-topology3-3-1475197925,1.0169955610864703,0.9013717953942043,77.55999999999999,2220,1380,1475198240388
production-topology2-2-1475197918,1.2669560556684345,0.7851974738425701,71044.15250000001,1200,620,1475198240388
production-topology1-1-1475197912,0.5836139169472503,0.831522008849779,69015.8525,1240,520,1475198240389
production-topology4-4-1475197932,0.9034948166161267,0.9347142799610152,76.57,2360,1460,1475198240389
production-topology3-3-1475197925,1.0342838540796275,0.9358479238635252,78.61749999999998,2160,1420,1475198251479
production-topology2-2-1475197918,0.744073780189392,0.8099999331822165,69142.9775,1060,540,1475198251479
production-topology1-1-1475197912,0.8103917605871481,0.8438115098437096,72529.14749999999,1060,520,1475198251479
production-topology4-4-1475197932,0.9631572131572131,0.9356623777342218,79.06750000000002,2340,1500,1475198251479
production-topology3-3-1475197925,0.9543058259204168,0.9676581180608725,74.40499999999999,2200,1440,1475198262703
production-topology2-2-1475197918,0.6939247318825488,0.8156599212783946,74762.05249999999,1120,500,1475198262704
production-topology1-1-1475197912,0.7601855904986166,0.8339283574622195,76907.86499999999,1060,580,1475198262704
production-topology4-4-1475197932,0.9663777165595347,0.9678749682862063,77.70749999999997,2000,1280,1475198262704
production-topology3-3-1475197925,1.0750950724492294,1.0034946204758468,84.1525,2180,1360,1475198273872
production-topology2-2-1475197918,0.7875322580826284,0.7870676917045109,76072.75249999999,1180,560,1475198273872
production-topology1-1-1475197912,1.0140607168793445,0.8387460323738485,77879.21999999999,1120,620,1475198273872
production-topology4-4-1475197932,1.136739226461312,1.0057662758349166,76.7775,2360,1500,1475198273873
production-topology3-3-1475197925,0.9974179142501762,1.0031011314335965,68.54749999999999,2320,1520,1475198284914
production-topology2-2-1475197918,0.7640417598061032,0.7831452036073965,81972.775,1060,580,1475198284914
production-topology1-1-1475197912,0.6245317665462856,0.836090228412591,82993.72,1140,520,1475198284914
production-topology4-4-1475197932,1.0619403789956119,1.0079149115823633,63.3575,2100,1320,1475198284914
production-topology3-3-1475197925,1.0134687412979333,1.0043520794801792,74.1725,2300,1520,1475198296094
production-topology2-2-1475197918,0.8681339712918659,0.790504035188017,84139.46999999999,1120,560,1475198296095
production-topology1-1-1475197912,1.7584541062801933,0.8708836378670571,85132.24499999998,1140,440,1475198296095
production-topology4-4-1475197932,0.9229558578081059,1.0049539224507502,87.69,2300,1520,1475198296095
production-topology3-3-1475197925,0.9124238929564505,1.0030528115185213,83.9025,2180,1280,1475198307542
production-topology2-2-1475197918,0.7542539562243994,0.7799964830794797,84936.84999999999,1160,440,1475198307543
production-topology1-1-1475197912,0.9663017357580223,0.8781577326109037,81974.325,1120,600,1475198307543
production-topology4-4-1475197932,0.997613821000517,1.005722067051566,76.685,2260,1420,1475198307543
production-topology3-3-1475197925,1.021460330374508,1.0035566217798955,78.30750000000002,2220,1540,1475198318839
production-topology2-2-1475197918,1.17377842351984,0.7996855514141683,102993.36499999999,1020,520,1475198318839
production-topology1-1-1475197912,0.7239611524340005,0.864314732260404,92203.4075,1060,600,1475198318839
production-topology4-4-1475197932,0.9123759435920551,0.9993283729621162,81.69,2020,1320,1475198318839
production-topology3-3-1475197925,1.085058132842178,1.0069063681770518,73.9775,2380,1540,1475198330208
production-topology2-2-1475197918,0.5116690253587256,0.7912832006834645,90015.49499999998,1180,440,1475198330208
production-topology1-1-1475197912,0.4800479808076769,0.8661108415271064,92245.8375,1220,460,1475198330208
production-topology4-4-1475197932,1.0033290798754964,0.9979875054035582,83.92999999999999,2280,1480,1475198330208
production-topology3-3-1475197925,0.9089976453720127,1.0040628112514989,67.46000000000001,2120,1340,1475198341500
production-topology2-2-1475197918,0.8544605735684652,0.7921453449521365,105993.05499999998,1080,640,1475198341500
production-topology1-1-1475197912,0.7193877551020408,0.8516092994879704,86890.2525,1040,440,1475198341500
production-topology4-4-1475197932,1.1970061736526514,1.0069250625027428,73.78,2400,1480,1475198341500
production-topology3-3-1475197925,0.9547047047047046,1.0037734634822417,84.01750000000001,2220,1400,1475198352794
production-topology2-2-1475197918,0.8894365881032547,0.7877048985122591,95422.81999999999,1200,640,1475198352794
production-topology1-1-1475197912,0.8317038447487118,0.8601094247041023,107551.25249999999,1180,620,1475198352794
production-topology4-4-1475197932,1.0028574382978637,1.0063503092772597,81.8875,2060,1340,1475198352794
production-topology3-3-1475197925,1.0497980186589566,1.005122568344778,76.2175,2440,1580,1475198363974
production-topology2-2-1475197918,0.6338033789014182,0.7787544307505938,95201.35,1040,460,1475198363975
production-topology1-1-1475197912,0.6615433673469386,0.8560213402095518,96642.625,1040,440,1475198363975
production-topology4-4-1475197932,0.904440027616876,1.0087345467203859,79.52,2420,1540,1475198363975
production-topology3-3-1475197925,0.9665591235042368,1.0001554340503238,82.605,2020,1300,1475198375081
production-topology2-2-1475197918,0.8485739345114346,0.7871889018785176,109293.17500000002,1120,540,1475198375081
production-topology1-1-1475197912,0.7838637617209048,0.8594368063187335,92877.68250000001,1120,660,1475198375081
production-topology4-4-1475197932,0.9938937274745736,1.0047069026879552,76.51,2260,1460,1475198375082
production-topology3-3-1475197925,1.1073674888989689,1.005877723898794,85.4425,2240,1420,1475198386398
production-topology2-2-1475197918,0.7179285714285715,0.7838255037758549,111483.09250000003,1120,460,1475198386398
production-topology1-1-1475197912,0.9686079766601211,0.8632416721223211,109000.90000000002,1100,600,1475198386398
production-topology4-4-1475197932,0.9865574752821331,1.0080567919516015,79.33999999999999,1900,1260,1475198386399
production-topology3-3-1475197925,0.9022028116510548,1.0037666184885858,83.6775,2180,1400,1475198397645
production-topology2-2-1475197918,0.7060386199362767,0.7912169128133149,100717.6525,1100,580,1475198397645
production-topology1-1-1475197912,0.6165328456733103,0.8587588631247497,111437.04,1160,540,1475198397645
production-topology4-4-1475197932,1.0180732480820804,1.0022493768108496,78.29999999999998,2300,1480,1475198397645
production-topology3-3-1475197925,1.1135628908502608,1.001714050616026,81.15,2260,1440,1475198408622
production-topology2-2-1475197918,1.0110103295397412,0.7871153360899412,108790.42749999999,1100,740,1475198408622
production-topology1-1-1475197912,0.6806605957709522,0.8590030089257549,107908.65,1140,440,1475198408623
production-topology4-4-1475197932,0.9835015776480703,1.004602197014242,73.7625,2460,1600,1475198408623
production-topology3-3-1475197925,0.9071906837799492,0.998747017386282,71.25999999999999,2220,1460,1475198419654
production-topology2-2-1475197918,0.909121019867155,0.7996816980840956,109922.775,1200,460,1475198419654
production-topology1-1-1475197912,1.3882211538461542,0.8690170111272569,114579.19750000001,1160,420,1475198419654
production-topology4-4-1475197932,1.138031099400263,1.0097866726759261,83.6775,1980,1240,1475198419654
production-topology3-3-1475197925,1.092369194591417,1.0052116690137671,73.73249999999999,2100,1280,1475198430972
production-topology2-2-1475197918,0.6882300138100355,0.791221579611394,117481.255,980,440,1475198430972
production-topology1-1-1475197912,0.5777507598784194,0.8606979171714123,116305.29750000002,940,420,1475198430972
production-topology4-4-1475197932,0.9480962646139818,1.0066212698263721,76.8475,2340,1460,1475198430972
production-topology3-3-1475197925,0.9174072757435715,1.0041867703570677,82.1825,2420,1600,1475198442067
production-topology2-2-1475197918,0.952454425614708,0.8057070293553744,114261.49999999997,1240,540,1475198442067
production-topology1-1-1475197912,0.8519346931295296,0.8489588631813618,115252.8975,1180,600,1475198442068
production-topology4-4-1475197932,1.050657963832215,1.0063171776634612,81.1125,2440,1580,1475198442068
production-topology3-3-1475197925,1.0573340195573857,1.0024495830970488,76.68499999999999,2200,1400,1475198453460
production-topology2-2-1475197918,0.2927625693326177,0.7843462453528302,127080.81000000001,960,400,1475198453460
production-topology1-1-1475197912,1.1749272115924232,0.8561940338126335,121238.6075,1040,720,1475198453460
production-topology4-4-1475197932,0.9264707273402925,1.0044397783894847,81.11749999999999,1820,1120,1475198453461
production-topology3-3-1475197925,0.9862430593101792,1.0018964646060724,76.685,2140,1300,1475198464555
production-topology2-2-1475197918,1.0030816640986133,0.7941770234982575,126536.82750000001,1140,620,1475198464555
production-topology1-1-1475197912,0.4516700404858299,0.8336871168564721,132448.81749999998,1120,420,1475198464555
production-topology4-4-1475197932,1.0126311456833574,1.0013832242124487,67.52999999999999,2400,1580,1475198464555
production-topology3-3-1475197925,1.0279389994359214,0.999880156985343,70.62250000000002,2260,1520,1475198475809
production-topology2-2-1475197918,0.705935116428843,0.7924988730062503,129015.33249999999,1140,620,1475198475809
production-topology1-1-1475197912,0.9096830372692442,0.8371995092483284,128073.35,1280,740,1475198475809
production-topology4-4-1475197932,1.1114792752114537,1.0059539949895917,66.88749999999999,2160,1380,1475198475809
production-topology3-3-1475197925,0.9593424916984882,0.9983773087309248,87.05,2040,1300,1475198487029
production-topology2-2-1475197918,0.7727540479771806,0.7955703606627381,122906.0575,1100,380,1475198487030
production-topology1-1-1475197912,0.5984126984126983,0.833459904235996,122264.62750000002,1120,480,1475198487030
production-topology4-4-1475197932,0.849920761315083,1.005165264234005,69.16749999999999,2100,1320,1475198487030
production-topology3-3-1475197925,1.1008475794533863,1.0013413235357156,77.36999999999999,2340,1540,1475198498100
production-topology2-2-1475197918,0.7940404453233117,0.8012449040693091,136470.6575,1100,680,1475198498100
production-topology1-1-1475197912,0.8804381127450981,0.8354842203801128,151089.78999999998,920,380,1475198498100
production-topology4-4-1475197932,1.0650285537891648,1.0068757053133897,74.49500000000002,2500,1540,1475198498100
production-topology3-3-1475197925,0.9331515653147668,0.9962870684818953,80.4275,2320,1480,1475198509197
production-topology2-2-1475197918,0.8020833333333331,0.7927844607544452,126479.71500000001,1280,640,1475198509197
production-topology1-1-1475197912,0.6290724623182604,0.8226746037156047,131295.60749999998,1160,520,1475198509197
production-topology4-4-1475197932,0.9717182338034525,1.0052914328321476,70.05,2040,1340,1475198509197
production-topology3-3-1475197925,1.1064278727478873,1.003291177864645,67.975,1880,1180,1475198520340
production-topology2-2-1475197918,1.1598837209302326,0.8065743391450955,129073.38499999998,860,380,1475198520341
production-topology1-1-1475197912,0.7047873653367718,0.8236150772416286,146076.3125,1060,500,1475198520341
production-topology4-4-1475197932,1.0525583014270798,1.0105972977816777,78.98499999999999,2100,1300,1475198520341
production-topology3-3-1475197925,0.9345152589372848,1.0015815805238015,85.28999999999999,2480,1560,1475198531334
production-topology2-2-1475197918,0.6144130368178593,0.8060220186178995,154755.16499999998,1240,600,1475198531334
production-topology1-1-1475197912,0.42566511602401813,0.8120175080899852,129223.87,1120,460,1475198531334
production-topology4-4-1475197932,0.9582531324170667,1.0020874225485816,72.04750000000003,2440,1640,1475198531334
production-topology3-3-1475197925,0.9916831309742958,1.0023704665622628,80.80999999999999,2060,1300,1475198542699
production-topology2-2-1475197918,0.9897532970499863,0.8095118794774202,134723.8225,1080,560,1475198542699
production-topology1-1-1475197912,0.8080304311073542,0.8088507042218238,152847.5725,1260,660,1475198542699
production-topology4-4-1475197932,1.0589730606677483,1.005911625971026,78.1875,1900,1140,1475198542699
production-topology3-3-1475197925,1.0169333516427244,1.0020903038548714,83.095,2240,1500,1475198553686
production-topology2-2-1475197918,1.7356214695958287,0.848835573045451,144095.05250000002,960,380,1475198553686
production-topology1-1-1475197912,0.8879706620291116,0.8199709624062852,138343.865,940,520,1475198553686
production-topology4-4-1475197932,1.0200651017214397,1.0067351730029088,82.3225,2380,1520,1475198553686
production-topology3-3-1475197925,1.0272098226853992,1.0057432104923278,81.60000000000001,2460,1540,1475198565157
production-topology2-2-1475197918,0.7357823627984919,0.8460510826997097,166619.7,1240,600,1475198565157
production-topology1-1-1475197912,0.9622002947585796,0.8078204304231668,143713.07499999998,1200,540,1475198565157
production-topology4-4-1475197932,1.0317297404985666,1.0049975694613795,75.96000000000001,2380,1500,1475198565157
production-topology3-3-1475197925,0.9040170297491076,1.0019772594477492,70.53500000000001,2380,1540,1475198576346
production-topology2-2-1475197918,0.79395431973251,0.8302843581685123,139958.0875,1240,720,1475198576346
production-topology1-1-1475197912,0.29699435996287565,0.7982664451903543,169641.2275,1200,480,1475198576346
production-topology4-4-1475197932,0.8718909939840173,1.0039441087069758,71.745,2240,1400,1475198576347
production-topology3-3-1475197925,1.0655457721872819,1.003019323384671,60.38000000000001,1880,1180,1475198587336
production-topology2-2-1475197918,0.7397508991350025,0.830140262133366,146316.0725,980,480,1475198587336
production-topology1-1-1475197912,0.7101638429209353,0.7949255146014808,159468.98999999996,940,520,1475198587336
production-topology4-4-1475197932,1.0119735204655431,1.0055713189505868,77.135,2080,1320,1475198587336
production-topology3-3-1475197925,1.1034622825909703,1.0079912052736895,87.00999999999999,2360,1560,1475198598740
production-topology2-2-1475197918,1.0117096018735363,0.8407330911330656,158583.0025,1220,460,1475198598740
production-topology1-1-1475197912,0.5299145299145298,0.7872498125820111,150659.67250000002,1200,500,1475198598740
production-topology4-4-1475197932,1.0382218958499743,1.007966124926935,81.37,2420,1600,1475198598740
production-topology3-3-1475197925,0.9051081652403494,1.0023249750333936,68.92,1860,1140,1475198610002
production-topology2-2-1475197918,0.8568809958218896,0.8430447157243743,157034.5425,1220,620,1475198610002
production-topology1-1-1475197912,0.9168643278018279,0.784009932946094,164811.86500000002,1200,600,1475198610002
production-topology4-4-1475197932,1.0139233391376443,1.003872262016146,61.2125,1780,1200,1475198610002
production-topology3-3-1475197925,0.9490766382234115,1.0007135991658347,86.7075,2440,1520,1475198620975
production-topology2-2-1475197918,0.9793639404056679,0.8502221217443601,153162.71750000003,940,520,1475198620975
production-topology1-1-1475197912,0.6295518269446599,0.7841772682927065,167944.0425,920,500,1475198620975
production-topology4-4-1475197932,0.9275090141925584,0.9993912165227111,72.13250000000001,2500,1540,1475198620975
production-topology3-3-1475197925,1.0104990991644403,1.0006146110947183,73.635,2600,1720,1475198632078
production-topology2-2-1475197918,0.7807945670628181,0.8473108082700583,163855.525,1200,660,1475198632078
production-topology1-1-1475197912,0.7208004981570734,0.7495888146886025,161061.83749999997,1260,600,1475198632078
production-topology4-4-1475197932,1.0925231903848167,1.0050434609419348,67.71,2520,1660,1475198632078
production-topology3-3-1475197925,1.0140293040293042,1.0040014581304801,74.5825,1820,1120,1475198643248
production-topology2-2-1475197918,0.3584580498866213,0.8341176113921324,163696.74000000002,1000,400,1475198643249
production-topology1-1-1475197912,2.6785319885150556,0.8066631564471702,178652.125,940,320,1475198643249
production-topology4-4-1475197932,0.90979083110016,1.0021160279452561,80.2975,1880,1200,1475198643249
production-topology3-3-1475197925,0.9371028292682925,1.0011895414269394,77.8875,2460,1620,1475198654218
production-topology2-2-1475197918,0.9422969170427747,0.8264015611762303,160352.2325,1240,640,1475198654218
production-topology1-1-1475197912,0.7245835261694208,0.806683902238351,181752.30500000002,1260,680,1475198654218
production-topology4-4-1475197932,1.0174673351595864,1.0056190743308406,74.13499999999998,2440,1580,1475198654218
production-topology3-3-1475197925,0.9164439425308992,0.9955690684165635,70.46000000000001,1800,1240,1475198665356
production-topology2-2-1475197918,0.44912467786368077,0.8243167495930622,167075.825,880,380,1475198665356
production-topology1-1-1475197912,0.4892687559354226,0.8069912614092759,173657.82750000004,900,340,1475198665357
production-topology4-4-1475197932,1.1710371169352083,1.011209342232831,71.6425,1720,1180,1475198665357
production-topology3-3-1475197925,1.2216678658408866,1.0059914090988593,77.62499999999999,2420,1600,1475198676386
production-topology2-2-1475197918,0.9947515829034458,0.8289931165708949,166961.15999999997,1140,640,1475198676386
production-topology1-1-1475197912,0.990608382936508,0.8160319490037581,173228.675,1200,640,1475198676386
production-topology4-4-1475197932,0.9228779999999999,1.0020717364444092,71.5375,2500,1580,1475198676386
production-topology3-3-1475197925,0.9618247141177106,1.0062287427459595,79.1675,2320,1440,1475198687451
production-topology2-2-1475197918,0.8873646983174366,0.8289240535780343,172498.715,1280,600,1475198687451
production-topology1-1-1475197912,0.5693602239643621,0.8072871616442796,191328.445,1160,620,1475198687451
production-topology4-4-1475197932,1.0060598923134256,1.0021784849115947,83.79249999999999,2400,1600,1475198687451
production-topology3-3-1475197925,1.002529327813763,1.0046531197177864,72.29249999999999,1980,1240,1475198698532
production-topology2-2-1475197918,0.26058936160276464,0.8164835863347458,187749.34999999998,880,400,1475198698532
production-topology1-1-1475197912,2.1748899486427002,0.8577320476874718,176009.22,940,340,1475198698532
production-topology4-4-1475197932,0.9444273811422718,1.0035113966957743,79.83,1920,1140,1475198698532
production-topology3-3-1475197925,0.9942703843277789,1.0055768284119047,66.8625,2380,1540,1475198710078
production-topology2-2-1475197918,0.8015922304439745,0.8149175295324972,179355.37,1280,580,1475198710078
production-topology1-1-1475197912,0.932614320545355,0.8626903996482868,184127.02999999997,1160,680,1475198710078
production-topology4-4-1475197932,0.97789097556556,1.0029779716321408,74.575,2380,1540,1475198710078
production-topology3-3-1475197925,1.1066977832799785,1.0055545048912715,71.17499999999998,2400,1580,1475198721060
production-topology2-2-1475197918,0.8619077557995195,0.8197168356781953,179493.52499999997,1160,680,1475198721060
production-topology1-1-1475197912,0.7842116720429042,0.8565438561610461,198576.315,1260,680,1475198721060
production-topology4-4-1475197932,1.2133999122715882,1.0105393861984557,81.33500000000001,2380,1540,1475198721060
production-topology3-3-1475197925,0.9148634222919937,1.0059765252459696,86.33,1860,1140,1475198732182
production-topology2-2-1475197918,0.5891619407687461,0.815820946372611,188117.79499999998,920,340,1475198732182
production-topology1-1-1475197912,0.943808797355708,0.8674530545504595,208936.44999999998,900,400,1475198732182
production-topology4-4-1475197932,0.9213834077835266,1.0073163915218373,71.65,1840,1080,1475198732182
production-topology3-3-1475197925,1.081400089646773,1.0049044318725202,77.305,2340,1620,1475198743646
production-topology2-2-1475197918,0.8534175482349435,0.8105678536624511,186794.77499999994,1180,660,1475198743646
production-topology1-1-1475197912,0.7981401150581042,0.8713690385266979,195110.08250000002,1280,660,1475198743646
production-topology4-4-1475197932,0.9946237675142708,1.007687131184044,70.7025,2420,1600,1475198743647
production-topology3-3-1475197925,1.0189449140192368,1.0086295728804964,82.16250000000001,1880,1160,1475198754859
production-topology2-2-1475197918,0.9251797998749217,0.8111031463293766,193828.9975,1200,660,1475198754860
production-topology1-1-1475197912,0.9018836212870565,0.8551577874413945,192514.48500000002,1080,560,1475198754860
production-topology4-4-1475197932,0.9827796546546548,1.002512083025857,79.89750000000001,1820,1200,1475198754860
production-topology3-3-1475197925,0.9626318040419564,1.0043049931955141,84.64000000000001,2560,1540,1475198765964
production-topology2-2-1475197918,0.7925215401496353,0.8145795305406967,177277.48499999993,960,500,1475198765965
production-topology1-1-1475197912,0.27389903329752957,0.8450293965553648,211211.26499999996,980,340,1475198765965
production-topology4-4-1475197932,1.029106737992774,1.0052124321384834,82.99749999999999,2520,1600,1475198765965
production-topology3-3-1475197925,0.9270075013243481,1.0046250007148734,70.2625,2420,1600,1475198776948
production-topology2-2-1475197918,0.7304775568764093,0.8071803015827534,180334.9325,1140,440,1475198776948
production-topology1-1-1475197912,0.9846906655612839,0.8494545956364233,188755.86,1200,700,1475198776948
production-topology4-4-1475197932,1.0684868429663836,1.0058067281096223,65.5175,2320,1480,1475198776948
production-topology3-3-1475197925,1.1204032022105028,1.0067273068033107,75.02,1760,1100,1475198788032
production-topology2-2-1475197918,0.834259561948349,0.8252302013366112,203554.37999999998,1260,660,1475198788032
production-topology1-1-1475197912,0.7563606251510069,0.8355023760883761,198726.9675,1240,620,1475198788032
production-topology4-4-1475197932,0.7049788881069669,0.9984236668018448,65.49,1960,1140,1475198788032
production-topology3-3-1475197925,0.9087333894583931,1.0041436511415847,77.76,2400,1600,1475198798969
production-topology2-2-1475197918,0.6359120997536944,0.8129912158584472,182388.86249999996,1000,520,1475198798970
production-topology1-1-1475197912,0.7308336781835327,0.8448078306782995,203632.03000000003,920,320,1475198798970
production-topology4-4-1475197932,1.1056672444959537,1.001524870095598,78.75249999999998,2320,1560,1475198798970
production-topology3-3-1475197925,1.0040011381445408,1.0033457224318718,73.995,2460,1500,1475198810154
production-topology2-2-1475197918,0.8114397564158331,0.8165080371913468,205679.075,1140,420,1475198810154
production-topology1-1-1475197912,0.6782972061575242,0.8370949696412421,218473.35250000004,1120,560,1475198810154
production-topology4-4-1475197932,1.0090567399692603,0.998110785587525,67.10250000000002,2480,1560,1475198810154
production-topology3-3-1475197925,1.0058482753377886,1.0048959152198487,77.8725,1820,1160,1475198821440
production-topology2-2-1475197918,0.7210679468743986,0.8147851671545874,244320.67499999996,1240,580,1475198821440
production-topology1-1-1475197912,0.7390610738711078,0.841783248823189,211610.48000000004,1300,600,1475198821440
production-topology4-4-1475197932,1.11273213532598,1.0068711647212216,73.8475,1820,1160,1475198821440
production-topology3-3-1475197925,0.9672202124384237,1.0004416696526832,79.0325,2380,1560,1475198832466
production-topology2-2-1475197918,1.222025724236564,0.8290513431183624,216748.01500000004,900,560,1475198832466
production-topology1-1-1475197912,0.3807605137245026,0.8251273288558358,214814.275,800,320,1475198832466
production-topology4-4-1475197932,0.941681827370123,1.0027596071739202,78.15,2420,1560,1475198832466
/var/nimbus/storm/bin/storm rebalance production-topology2 -w 0 -e bolt_aggregate=3
1475198832876
/var/nimbus/storm/bin/storm rebalance production-topology3 -w 0 -e spout_head=9
production-topology2-2-1475197918,0.7626383979818608,0.7626383979818608,191426.84500000003,90860,44120,1475198842943
production-topology3-3-1475197925,0.9980339961142363,0.9980339961142363,71.055,178180,114360,1475198842944
production-topology1-1-1475197912,0.9131569787678385,0.8345968127374885,238708.12750000003,1280,640,1475198842944
production-topology4-4-1475197932,0.9979709156712026,1.0036346965695118,69.62750000000001,1760,1080,1475198842944
production-topology2-2-1475197918,1.0,0.8813191989909304,191426.84500000003,0,0,1475198844037
production-topology3-3-1475197925,0.013297989841486786,0.5056659929778615,71.055,178180,1440,1475198844037
production-topology1-1-1475197912,1.0,0.8444372338929294,238708.12750000003,0,0,1475198844037
production-topology4-4-1475197932,0.9457639135058492,1.000074883638804,70.34,620,400,1475198844037
production-topology2-2-1475197918,1.0,0.9208794659939535,191426.84500000003,0,0,1475198845233
production-topology3-3-1475197925,0.013297989841486786,0.34154332526573666,71.055,178180,1440,1475198845233
production-topology1-1-1475197912,0.16666666666666666,0.8358039522476843,215656.1225,60,60,1475198845233
production-topology4-4-1475197932,1.0,1.0014664458915685,76.0025,0,0,1475198845234
production-topology2-2-1475197918,1.0,0.9406595994954652,181884.21666666667,0,0,1475198856381
production-topology3-3-1475197925,0.7630688639091999,0.4469247099266025,67.02499999999999,600,380,1475198856381
production-topology1-1-1475197912,0.8853140096618357,0.8383800715328338,204884.49,1080,600,1475198856381
production-topology4-4-1475197932,1.0493506493506493,1.0011456988476655,75.4,2480,1580,1475198856381
production-topology2-2-1475197918,1.099264705882353,0.9723806207728428,177.96000000000004,840,520,1475198867466
production-topology3-3-1475197925,1.0158026670896996,0.560700301359222,75.53249999999998,2160,1400,1475198867466
production-topology1-1-1475197912,1.1047668579216197,0.8456066113959174,216746.40749999997,1200,680,1475198867467
production-topology4-4-1475197932,1.1148719380277756,1.004305926724543,75.7025,1780,1200,1475198867467
production-topology2-2-1475197918,1.0230799109767363,0.9808305024734917,314.9,1260,800,1475198878735
production-topology3-3-1475197925,1.0905599205222651,0.6490102378863959,74.56750000000001,1740,1180,1475198878735
production-topology1-1-1475197912,0.44222936220811093,0.8282742469775687,242106.225,940,360,1475198878735
production-topology4-4-1475197932,0.9299021993570293,1.0009116753531588,74.93249999999999,2520,1620,1475198878735
production-topology2-2-1475197918,0.975936156149785,0.9801313101415337,187.60999999999996,1200,760,1475198890367
production-topology3-3-1475197925,0.9381586850202518,0.6903171589055181,75.63499999999999,2280,1400,1475198890367
production-topology1-1-1475197912,0.921015308638138,0.849074945266744,221147.41499999998,1220,600,1475198890367
production-topology4-4-1475197932,0.9868896951085763,1.004744965390644,77.23999999999998,2500,1540,1475198890367
production-topology2-2-1475197918,1.0694444444444444,0.9912954519293975,167.17,900,660,1475198901531
production-topology3-3-1475197925,1.0648503544291306,0.7371338083459696,66.9975,2020,1340,1475198901531
production-topology1-1-1475197912,0.8923902235425539,0.8551491579541312,239419.1975,1200,640,1475198901531
production-topology4-4-1475197932,0.9963482720766363,1.0042241237776806,77.25500000000002,1920,1240,1475198901531
production-topology2-2-1475197918,0.935057154268977,0.9850467521893508,244.48250000000002,1160,760,1475198912612
production-topology3-3-1475197925,0.9278685544824518,0.7583265579166899,77.2078947368421,2260,1360,1475198912612
production-topology1-1-1475197912,2.1675963743130935,0.9097385527674167,220492.805,1180,440,1475198912612
production-topology4-4-1475197932,1.091964930744201,1.0060155582741548,69.16499999999999,2240,1500,1475198912612
production-topology2-2-1475197918,0.9826830674610801,0.9848103837165236,359.2875,1180,760,1475198924027
production-topology3-3-1475197925,0.9519803712478996,0.777691939249811,75.4275,1800,1180,1475198924028
production-topology1-1-1475197912,0.7462511759946329,0.9040514477071769,244141.44,1040,540,1475198924028
production-topology4-4-1475197932,0.9227637702794669,1.002976905978882,84.40249999999999,2460,1500,1475198924028
production-topology2-2-1475197918,0.8808213063532211,0.9753568312289507,288.0575,1100,640,1475198935111
production-topology3-3-1475197925,1.12527087449905,0.8092900242724691,67.035,2120,1400,1475198935111
production-topology1-1-1475197912,0.8544267053701016,0.9115472769880248,230495.33249999996,1140,580,1475198935112
production-topology4-4-1475197932,1.1206840237371003,1.0094160729637,70.2775,1860,1240,1475198935112
production-topology2-2-1475197918,1.3820075035524904,1.0092443872559123,463.48499999999996,1080,780,1475198946473
production-topology3-3-1475197925,0.9599575639779723,0.8218456525812611,69.78999999999999,1800,1060,1475198946474
production-topology1-1-1475197912,0.5935813210227272,0.9073066377502134,220433.24250000002,960,340,1475198946474
production-topology4-4-1475197932,0.9149977833013547,1.0034985593942514,87.14749999999998,2400,1540,1475198946474
production-topology2-2-1475197918,0.7820855614973258,0.9917706314283288,301.755,940,600,1475198957767
production-topology3-3-1475197925,0.9147666521365566,0.8289934217778222,79.18250000000003,2040,1320,1475198957767
production-topology1-1-1475197912,0.7379918634120314,0.8426219669134459,275143.0475,1220,600,1475198957767
production-topology4-4-1475197932,1.0452490568397652,1.0080138335855715,69.65000000000002,2340,1500,1475198957767
production-topology2-2-1475197918,1.100207415089448,0.9995161159755516,239.5525,1300,820,1475198969331
production-topology3-3-1475197925,1.0698433489943686,0.8461969880075755,66.345,2120,1380,1475198969331
production-topology1-1-1475197912,0.8219572203998008,0.8458677567211252,242963.27250000002,1200,660,1475198969331
production-topology4-4-1475197932,1.07390888971113,1.0098952187372896,75.34249999999997,1940,1260,1475198969331
production-topology2-2-1475197918,0.9801817539753352,0.9982271585088704,224.39749999999998,1160,700,1475198980837
production-topology3-3-1475197925,1.0203143757503002,0.8578048138570904,66.47,1840,1160,1475198980837
production-topology1-1-1475197912,1.152941176470588,0.8679901707389642,245237.13999999996,1160,420,1475198980838
production-topology4-4-1475197932,0.9342165338166987,1.002001199300006,82.5675,2500,1520,1475198980838
production-topology2-2-1475197918,0.9599571160546767,0.9958352808554833,219.01999999999992,1040,740,1475198991876
production-topology3-3-1475197925,1.0153338160903371,0.8676503764966683,71.80749999999999,2080,1380,1475198991876
production-topology1-1-1475197912,0.7443666976986297,0.8597821145643681,254094.705,1080,600,1475198991876
production-topology4-4-1475197932,1.0601600354777443,1.006577267149264,78.23499999999999,2460,1640,1475198991876
production-topology2-2-1475197918,1.2693489306801498,1.0119243190804637,225.4025,1080,660,1475199003053
production-topology3-3-1475197925,1.064866226620473,0.8792513088568922,68.2175,1980,1220,1475199003053
production-topology1-1-1475197912,1.117658355179402,0.8780587189382028,257325.63750000004,1020,660,1475199003053
production-topology4-4-1475197932,0.9797593561724343,1.005700582611231,84.9625,1860,1160,1475199003053
production-topology2-2-1475197918,0.9097024715327698,1.0062453275500363,443.1150000000001,1180,780,1475199014041
production-topology3-3-1475197925,0.8854967892628086,0.8795982799905542,67.805,1980,1280,1475199014042
production-topology1-1-1475197912,0.8196535974313754,0.8328841738978254,260092.4975,1260,580,1475199014042
production-topology4-4-1475197932,0.9538248112091251,1.0060138302801263,78.32500000000002,2340,1580,1475199014042
production-topology2-2-1475197918,0.9342061804095858,1.0024537934900126,267.435,1060,680,1475199025280
production-topology3-3-1475197925,1.1624114001207864,0.8944831810500401,66.2825,2120,1360,1475199025281
production-topology1-1-1475197912,0.6933137427306525,0.8249074879706686,263825.74750000006,980,380,1475199025281
production-topology4-4-1475197932,1.090641296128088,1.009772174298877,69.425,2420,1560,1475199025281
production-topology2-2-1475197918,1.3829894863486598,1.021480578132945,136.5625,1080,660,1475199036265
production-topology3-3-1475197925,0.7788076319877506,0.8886994035969256,68.7425,1900,1140,1475199036265
production-topology1-1-1475197912,0.9600920230996762,0.8307701663392277,282617.3375,1180,520,1475199036265
production-topology4-4-1475197932,0.9140590952643557,0.9997941470653026,65.2325,1900,1180,1475199036265
production-topology2-2-1475197918,0.9658146384225182,1.0188298190991152,220.85250000000002,1200,840,1475199047539
production-topology3-3-1475197925,1.0965999298790419,0.8985994286579787,73.49249999999998,2040,1300,1475199047539
production-topology1-1-1475197912,0.7798730082891573,0.8253056400370092,244137.73750000005,1200,600,1475199047539
production-topology4-4-1475197932,1.084246182285398,1.005222906215365,70.2375,2340,1540,1475199047539
production-topology2-2-1475197918,0.9769720738226609,1.0169271943138218,146.76000000000002,1060,640,1475199058942
production-topology3-3-1475197925,0.9343897409566347,0.9002262610351903,69.4225,2120,1260,1475199058942
production-topology1-1-1475197912,0.9019129855889724,0.8287647357213717,284368.9050000001,960,500,1475199058942
production-topology4-4-1475197932,1.01794825615165,1.0060003891699443,71.71249999999999,2480,1500,1475199058942
production-topology2-2-1475197918,0.8854641293665683,1.0112114088813324,219.7625,1080,680,1475199069917
production-topology3-3-1475197925,0.9980182054274895,0.9044780847044207,72.275,1840,1240,1475199069917
production-topology1-1-1475197912,0.5322526737967915,0.8164437041383628,281501.09500000003,1160,460,1475199069917
production-topology4-4-1475197932,0.9625706214689266,1.0053267547304199,69.58500000000001,1920,1240,1475199069917
production-topology2-2-1475197918,1.1750348801157504,1.0180373868494332,140.8675,1200,740,1475199080963
production-topology3-3-1475197925,1.0584295435430844,0.9108927288226983,59.532500000000006,2000,1280,1475199080963
production-topology1-1-1475197912,0.9534623178587246,0.839095813623736,269910.7975,1180,620,1475199080963
production-topology4-4-1475197932,0.9720510174502557,1.0034248973790028,79.60249999999999,2440,1540,1475199080963
production-topology2-2-1475197918,0.8267008985879332,1.0103839273189732,422.1200000000002,920,560,1475199092157
production-topology3-3-1475197925,1.037893972719962,0.9159727785785889,71.99,1920,1200,1475199092157
production-topology1-1-1475197912,0.8564946225231711,0.8348226121891323,274311.035,920,540,1475199092157
production-topology4-4-1475197932,0.905931573539073,0.9980063883980924,82.13000000000001,1780,1140,1475199092158
production-topology2-2-1475197918,1.169035046586067,1.0164858934446306,233.22000000000003,1240,800,1475199103130
production-topology3-3-1475197925,1.0118619443212793,0.9196608234148462,77.73,2120,1360,1475199103130
production-topology1-1-1475197912,0.3655138920839403,0.8217943877535633,276803.305,1260,500,1475199103130
production-topology4-4-1475197932,0.928787000807085,1.0054666588214294,74.2,2420,1580,1475199103130
production-topology2-2-1475197918,1.0172056453482026,1.0165125509225408,370.9375,1240,840,1475199114966
production-topology3-3-1475197925,1.0166354380157723,0.9232524758074732,79.175,2220,1380,1475199114966
production-topology1-1-1475197912,0.589481467530248,0.8170826473984538,246167.555,1260,580,1475199114966
production-topology4-4-1475197932,1.0997540457688746,1.0052695521971937,82.00249999999998,2560,1720,1475199114966
production-topology2-2-1475197918,1.0042714760322733,1.0160753696764597,173.1525,860,520,1475199125985
production-topology3-3-1475197925,1.04904184571437,0.9277449533041481,73.72749999999999,1620,1080,1475199125985
production-topology1-1-1475197912,1.1166272767541565,0.8316936497516748,265720.78,880,500,1475199125985
production-topology4-4-1475197932,1.0769184069936866,1.0075316077646745,77.3575,1880,1080,1475199125985
production-topology2-2-1475197918,1.059202892876718,1.0175625256488825,168.73500000000004,1220,780,1475199137238
production-topology3-3-1475197925,0.958023783728009,0.9287890509049709,78.64,2240,1460,1475199137238
production-topology1-1-1475197912,0.9495252373813093,0.8387091218686815,304848.015,1220,700,1475199137238
production-topology4-4-1475197932,0.9968354430379746,1.0036683846884076,77.91749999999999,2440,1680,1475199137238
production-topology2-2-1475197918,0.8631854363207547,1.0124166226712783,281.1025,1060,600,1475199148374
production-topology3-3-1475197925,0.955618172397107,0.9296833549547087,59.7525,1820,1140,1475199148374
production-topology1-1-1475197912,0.7648819444444445,0.8515131695593463,297812.58999999997,960,340,1475199148374
production-topology4-4-1475197932,0.85741705384424,1.0008595589042115,88.2725,1880,1100,1475199148374
production-topology2-2-1475197918,1.3456761156519024,1.0318512132602795,147.20999999999998,1120,800,1475199159343
production-topology3-3-1475197925,1.0876944937539312,0.9326720382093652,69.9,2140,1320,1475199159343
production-topology1-1-1475197912,0.7655218855218857,0.8465919997844811,279010.7225,1200,600,1475199159343
production-topology4-4-1475197932,1.1051831359523667,1.0044332995802503,87.33,2520,1680,1475199159343
production-topology2-2-1475197918,0.9933914372430018,1.0316309278350464,171.88999999999996,1080,640,1475199170520
production-topology3-3-1475197925,0.9902873689622176,0.9652383508467229,72.16499999999999,1820,1240,1475199170520
production-topology1-1-1475197912,0.8468150874606541,0.8414858360331696,309155.41250000003,1140,600,1475199170520
production-topology4-4-1475197932,0.9805960173564329,1.0055943697086032,71.945,1900,1240,1475199170520
production-topology2-2-1475197918,0.9195245990422621,1.0289484144697885,211.21750000000003,1040,740,1475199181768
production-topology3-3-1475197925,1.106034221355859,1.001662891897202,74.3375,1980,1320,1475199181769
production-topology1-1-1475197912,1.0038270907836124,0.8693911835037346,296131.22500000003,960,400,1475199181769
production-topology4-4-1475197932,1.0042962514816884,1.0057375780913262,80.4225,2340,1480,1475199181769
production-topology2-2-1475197918,0.8496679384396311,1.0239373457511094,246.42,1220,740,1475199193192
production-topology3-3-1475197925,0.9098235303198484,1.0065547141108904,68.595,2180,1340,1475199193192
production-topology1-1-1475197912,0.7054435319222973,0.8633955009124166,321136.33499999996,1220,680,1475199193192
production-topology4-4-1475197932,0.9545771003715716,1.0025784597920238,75.92250000000001,2360,1560,1475199193193
production-topology2-2-1475197918,1.0626695429327009,1.022717506986121,223.84,1140,680,1475199204309
production-topology3-3-1475197925,1.0218482905982906,1.00675623489451,73.89750000000001,1920,1220,1475199204309
production-topology1-1-1475197912,1.1589972527472527,0.8652031807399376,299120.3675,1200,500,1475199204309
production-topology4-4-1475197932,1.0180739862357608,0.9993518613989565,81.2525,2180,1340,1475199204309
production-topology2-2-1475197918,1.272825125898589,1.0310423474835158,207.15499999999997,1040,700,1475199215441
production-topology3-3-1475197925,1.0830453417226995,1.0065057489345244,70.435,1980,1220,1475199215441
production-topology1-1-1475197912,0.14561344537815127,0.8553159835122723,285685.76,900,380,1475199215441
production-topology4-4-1475197932,1.0968146120371949,1.0049156084882953,74.67749999999998,2200,1440,1475199215441
production-topology2-2-1475197918,1.0330543064683497,1.0329462858274683,187.82999999999998,1180,800,1475199226715
production-topology3-3-1475197925,0.8930145778915828,1.0050009453635689,75.125,2140,1420,1475199226715
production-topology1-1-1475197912,0.7294997377725896,0.8489321311500875,306143.20749999996,1220,560,1475199226715
production-topology4-4-1475197932,0.9926387796293474,1.005107244638988,80.13499999999999,2300,1480,1475199226715
production-topology2-2-1475197918,0.8956640503810317,1.0271536060253545,247.1225,1060,640,1475199237835
production-topology3-3-1475197925,1.075143334264414,1.0053440446914117,76.975,1840,1220,1475199237835
production-topology1-1-1475197912,0.8179203769793145,0.8464498029313128,300205.53,1240,700,1475199237836
production-topology4-4-1475197932,0.9506843827999653,1.003585114996432,68.13250000000001,2240,1360,1475199237836
production-topology2-2-1475197918,1.0673168076068016,1.0315622611366153,143.67499999999998,1080,700,1475199248956
production-topology3-3-1475197925,1.0112967701991993,1.0081249852153031,71.47,2060,1320,1475199248956
production-topology1-1-1475197912,1.1109300894247132,0.8112275934350336,285476.27999999997,880,380,1475199248956
production-topology4-4-1475197932,1.0517635000002528,1.002245067304967,87.22999999999999,2140,1360,1475199248956
production-topology2-2-1475197918,1.0735986573808842,1.0345927808006088,207.2775,1180,700,1475199260425
production-topology3-3-1475197925,1.0358974358974358,1.010922220703621,70.8175,1980,1260,1475199260425
production-topology1-1-1475197912,0.8219708276663713,0.8137515818240916,322168.6425,1320,660,1475199260425
production-topology4-4-1475197932,0.8583243351293126,1.0000970861332954,74.69500000000001,2180,1460,1475199260425
production-topology2-2-1475197918,0.9434183673469385,1.0366793495003994,308.3525,1060,720,1475199271582
production-topology3-3-1475197925,0.9410414688192466,1.0047812405142944,68.86500000000001,1920,1240,1475199271582
production-topology1-1-1475197912,0.7756756021523513,0.8111265450501666,328339.0375,980,520,1475199271582
production-topology4-4-1475197932,1.0462363640992351,0.9976154974786997,74.23750000000001,2240,1380,1475199271582
production-topology2-2-1475197918,1.0695482875348465,1.0262640422998113,216.1975,1080,740,1475199282564
production-topology3-3-1475197925,0.8991531173204207,1.0027544256257093,71.65,2280,1400,1475199282564
production-topology1-1-1475197912,1.0216351543113946,0.8253950061597889,319071.3425000001,1120,580,1475199282564
production-topology4-4-1475197932,1.2078554815825768,1.0073774207547406,82.035,2280,1500,1475199282564
production-topology2-2-1475197918,1.033229277910129,1.0346354995135714,127.42249999999999,1160,760,1475199293522
production-topology3-3-1475197925,1.0744368166793796,1.0080767644438033,76.99999999999997,1900,1260,1475199293522
production-topology1-1-1475197912,0.5993346162627614,0.8207730979214798,315809.81500000006,1280,500,1475199293523
production-topology4-4-1475197932,0.8722368562065326,1.0016103474002995,68.3775,2280,1420,1475199293523
production-topology2-2-1475197918,0.9923349056603774,1.031039749199269,263.325,1040,660,1475199304996
production-topology3-3-1475197925,1.063127645864488,1.0078529076728073,85.02750000000002,1960,1240,1475199304996
production-topology1-1-1475197912,0.801741632963049,0.8200992450069214,359700.45249999996,920,520,1475199304996
production-topology4-4-1475197932,0.882049050364114,0.9952150194220657,72.2975,2220,1400,1475199304996
production-topology2-2-1475197918,0.8931489629164048,1.0281386561639714,171.23,1200,700,1475199315973
production-topology3-3-1475197925,1.0196860949598627,1.0078319649797927,75.435,2140,1420,1475199315973
production-topology1-1-1475197912,0.7491044384902144,0.8066380204075757,323936.435,1160,460,1475199315973
production-topology4-4-1475197932,1.0718552554080103,0.9998029768084427,91.47749999999999,2320,1500,1475199315973
production-topology2-2-1475197918,1.1601076883774593,1.034810341908064,135.67000000000002,1100,800,1475199327963
production-topology3-3-1475197925,0.9283208157447509,1.0049315316349399,71.93,1700,1060,1475199327963
production-topology1-1-1475197912,0.9247878255779926,0.8126520580035544,349287.615,1160,640,1475199327963
production-topology4-4-1475197932,0.9524606427439863,0.9962129970506507,76.7625,2040,1300,1475199327963
production-topology2-2-1475197918,0.8443091905051733,1.0206423505688982,259.91749999999996,1060,640,1475199339003
production-topology3-3-1475197925,0.9026573059336118,0.9995245676120444,68.97,2220,1400,1475199339003
production-topology1-1-1475197912,0.6078431372549019,0.7956582174060712,342768.74999999994,1140,520,1475199339003
production-topology4-4-1475197932,1.1145685152756908,1.000706635687426,88.91250000000001,2360,1520,1475199339003
production-topology2-2-1475197918,0.8935454916360669,1.0201037845723415,440.77250000000004,1140,800,1475199349993
production-topology3-3-1475197925,1.0764632634759608,1.005890116752483,70.37250000000002,2240,1400,1475199349993
production-topology1-1-1475197912,1.117401470111896,0.805583146495422,328000.6375,1000,700,1475199349993
production-topology4-4-1475197932,0.8842132336435102,0.9983862497685722,71.41499999999999,2240,1420,1475199349993
production-topology2-2-1475197918,1.2917163325848668,1.0320207896448508,198.23999999999998,1240,720,1475199361571
production-topology3-3-1475197925,1.090341170634224,1.0034877757695975,63.95000000000001,1880,1200,1475199361571
production-topology1-1-1475197912,1.49696394686907,0.8323714866333691,312463.78500000003,1240,460,1475199361571
production-topology4-4-1475197932,1.1537005572979337,1.0004882251409002,77.84250000000002,2140,1340,1475199361571
production-topology2-2-1475197918,0.9368615640392645,1.0171498589012045,142.8125,980,700,1475199372693
production-topology3-3-1475197925,1.0605159793764194,1.0128780540158866,67.965,1800,1200,1475199372693
production-topology1-1-1475197912,0.31135548894343446,0.8107469354948277,361480.3875,1180,480,1475199372693
production-topology4-4-1475197932,0.9489473860927377,1.001651168168513,72.305,2320,1520,1475199372693
production-topology2-2-1475197918,0.9636540170940168,1.017077838190254,148.805,1200,760,1475199383867
production-topology3-3-1475197925,0.9048400019991002,1.0064860564198885,65.285,2300,1440,1475199383867
production-topology1-1-1475197912,1.1043569333891914,0.8215630663314955,370604.07250000007,1000,780,1475199383867
production-topology4-4-1475197932,0.987433961993649,0.998424094158788,71.3175,2340,1500,1475199383867
production-topology2-2-1475197918,0.9190175168311274,1.0151460196238697,150.83750000000003,980,620,1475199395004
production-topology3-3-1475197925,1.0231712476657329,1.0094454399768584,70.27250000000001,1620,1060,1475199395004
production-topology1-1-1475197912,0.670990990990991,0.8138656665115626,305553.2549999999,1100,420,1475199395004
production-topology4-4-1475197932,1.0536365738172218,0.9996137047476404,73.485,1920,1200,1475199395004
production-topology2-2-1475197918,1.138856948892241,1.0235924469413922,229.01500000000001,1140,780,1475199406054
production-topology3-3-1475197925,1.0073316952778104,1.0097558896385357,75.0925,2120,1460,1475199406054
production-topology1-1-1475197912,0.38387971061440457,0.8089199010721497,384701.2925000001,1200,460,1475199406054
production-topology4-4-1475197932,1.0219905420202544,1.0015943687660178,80.93249999999998,2380,1560,1475199406054
production-topology2-2-1475197918,0.9097465650026867,1.01474950310429,148.10000000000002,1140,640,1475199417191
production-topology3-3-1475197925,0.9841704390229342,1.0072805861545306,76.64999999999999,1980,1220,1475199417191
production-topology1-1-1475197912,1.0688540214899072,0.812766291193189,369121.7425,960,600,1475199417192
production-topology4-4-1475197932,0.973698624213553,1.0016492889914612,83.28999999999999,2100,1260,1475199417192
production-topology2-2-1475197918,0.9507115500907074,1.018883191487716,262.21,1100,680,1475199428251
production-topology3-3-1475197925,1.0105535643170052,1.0063692392077654,71.24,1920,1120,1475199428251
production-topology1-1-1475197912,0.43724696356275305,0.7987913692278419,318565.66000000003,1100,440,1475199428251
production-topology4-4-1475197932,0.977297455558325,1.0040281517254364,66.9825,2180,1420,1475199428251
production-topology2-2-1475197918,1.1423068913477008,1.0179922529797703,193.29749999999996,1220,780,1475199439255
production-topology3-3-1475197925,1.0506026754762852,1.0076605969129324,76.495,2160,1440,1475199439255
production-topology1-1-1475197912,0.7770853729650494,0.8125104185905455,362705.75999999995,1260,660,1475199439255
production-topology4-4-1475197932,1.0421421487603306,1.007806656657211,77.3075,2520,1620,1475199439255
production-topology2-2-1475197918,0.7578477239560036,1.0093469889333637,258.785,940,620,1475199450293
production-topology3-3-1475197925,0.9621722813369242,1.0058451583569705,68.43249999999999,1740,1180,1475199450293
production-topology1-1-1475197912,0.7963017979357847,0.8194044296040632,381248.985,1020,560,1475199450294
production-topology4-4-1475197932,0.9046826222684703,1.0013042758738644,98.03499999999998,1820,1080,1475199450294
production-topology2-2-1475197918,1.38449058600713,1.022020959265859,291.41249999999997,1160,780,1475199461694
production-topology3-3-1475197925,0.9805757869844091,1.0035629563993054,67.92750000000001,2120,1280,1475199461694
production-topology1-1-1475197912,1.4270454545454547,0.8297517021971064,303649.51000000007,1100,460,1475199461694
production-topology4-4-1475197932,0.9374775622457326,0.996656247715599,71.9375,2460,1580,1475199461694
production-topology2-2-1475197918,0.9743730643904847,1.0191932983163177,175.4475,1080,620,1475199472770
production-topology3-3-1475197925,1.052066213356536,1.0066977040535898,65.7775,1860,1220,1475199472771
production-topology1-1-1475197912,0.634570675226413,0.8192532167919432,375323.9425,1300,600,1475199472771
production-topology4-4-1475197932,1.2983640284403144,1.0067072005623436,69.95,2020,1380,1475199472771
production-topology2-2-1475197918,0.8462910353535353,1.0186301516174103,196.1175,1020,700,1475199483756
production-topology3-3-1475197925,0.8910018806758726,1.0045438276628815,69.525,1980,1240,1475199483756
production-topology1-1-1475197912,0.8762498692240628,0.822965480951264,422537.0625,880,520,1475199483756
production-topology4-4-1475197932,0.9398074616824618,1.0094535474902846,82.7825,2220,1380,1475199483756
production-topology2-2-1475197918,0.9587364728539985,1.005732163524147,121.0125,1200,720,1475199494907
production-topology3-3-1475197925,0.9596866516207111,1.0002768995917743,70.11749999999999,2160,1320,1475199494908
production-topology1-1-1475197912,0.6678370852615891,0.8197093209425874,349698.075,1220,460,1475199494908
production-topology4-4-1475197932,0.964502920412557,1.0047642069722909,77.18500000000002,2420,1580,1475199494908
production-topology2-2-1475197918,1.0846543659043661,1.0087742611461925,257.46250000000003,1120,680,1475199506015
production-topology3-3-1475197925,1.041093309134546,1.0019704309308521,69.33750000000002,1940,1360,1475199506015
production-topology1-1-1475197912,0.5708033826638478,0.8105089307826938,336865.3699999999,1120,560,1475199506015
production-topology4-4-1475197932,0.9382028561748053,1.0033511015995698,75.2775,1920,1280,1475199506015
production-topology2-2-1475197918,0.9909199652022617,1.011154106684859,183.4075,1100,680,1475199517138
production-topology3-3-1475197925,1.0324037834311808,0.9995160830000294,75.9875,1900,1160,1475199517138
production-topology1-1-1475197912,1.0289473684210524,0.8113462733706084,389233.6625,1000,400,1475199517138
production-topology4-4-1475197932,1.038406722685646,1.0044881173063684,83.78,2300,1480,1475199517138
production-topology2-2-1475197918,1.3746130030959751,1.0286522755067373,177.48250000000002,1040,780,1475199528152
production-topology3-3-1475197925,1.0004322891853692,1.0025363749622134,72.3,2160,1360,1475199528152
production-topology1-1-1475197912,0.8348577235772356,0.8156600797591064,382690.515,1200,680,1475199528152
production-topology4-4-1475197932,0.9074151696614313,1.0029160529493637,70.70750000000001,2420,1520,1475199528153
production-topology2-2-1475197918,0.937942165798611,1.0244946962689345,170.29250000000002,1060,660,1475199539387
production-topology3-3-1475197925,0.9956783955110834,1.001664045125973,71.905,1880,1220,1475199539387
production-topology1-1-1475197912,0.7609560163236156,0.8023920385449852,376844.6425,1200,580,1475199539387
production-topology4-4-1475197932,0.9772000489288084,1.0015535883724653,74.845,2080,1320,1475199539387
production-topology2-2-1475197918,1.0114177358186072,1.0157811165996018,181.1625,1080,720,1475199550469
production-topology3-3-1475197925,0.9239019351083951,0.9963592649054963,77.13749999999999,2000,1240,1475199550469
production-topology1-1-1475197912,0.7323369565217392,0.821949488916438,347415.8175,920,440,1475199550469
production-topology4-4-1475197932,1.1400132039347723,1.0029935414357178,77.87249999999999,2100,1400,1475199550469
production-topology2-2-1475197918,1.0624982920230646,1.0167625827847588,191.41500000000002,1160,680,1475199561577
production-topology3-3-1475197925,1.1446185517356233,1.0047460640336312,68.81750000000001,2120,1440,1475199561577
production-topology1-1-1475197912,0.7150308202939782,0.821467191667151,417325.8425,1140,440,1475199561577
production-topology4-4-1475197932,0.9513771819207539,1.0016181548454315,64.5375,2440,1540,1475199561577
production-topology2-2-1475197918,0.8950344466110843,1.0167415959924273,211.53249999999997,1020,660,1475199572741
production-topology3-3-1475197925,1.018264053878917,1.0028500880207811,73.1175,1820,1120,1475199572741
production-topology1-1-1475197912,0.5436998579969428,0.8123265077010717,428995.7375,920,320,1475199572742
production-topology4-4-1475197932,0.9673284189112967,1.0021729560491426,71.625,1960,1160,1475199572742
production-topology2-2-1475197918,1.1847563881076977,1.0206562486757904,276.805,1180,800,1475199583773
production-topology3-3-1475197925,1.094973254424996,1.0056393041616412,69.9125,2060,1320,1475199583773
production-topology1-1-1475197912,0.995125471907617,0.8084663537838352,409390.00749999995,1320,880,1475199583774
production-topology4-4-1475197932,0.9622263937836574,0.9991883858419225,85.92999999999999,2300,1520,1475199583774
production-topology2-2-1475197918,0.7353565365025467,1.009381511313179,148.5925,1240,720,1475199594918
production-topology3-3-1475197925,0.8592554705975265,0.9997512386516443,65.15,1940,1260,1475199594918
production-topology1-1-1475197912,0.4956172839506172,0.7975879023266436,386164.55999999994,1200,440,1475199594918
production-topology4-4-1475197932,0.9374537355546072,1.001826032522766,68.51249999999999,2340,1500,1475199594918
production-topology2-2-1475197918,1.1494785476337948,1.0162501839894076,241.51,940,660,1475199606197
production-topology3-3-1475197925,1.0156602013517317,1.0022385297360603,71.78,2100,1320,1475199606197
production-topology1-1-1475197912,1.0010056660536484,0.8050989044566869,404206.88750000007,1080,640,1475199606197
production-topology4-4-1475197932,1.189663519789797,1.0066069377124511,80.9725,2040,1380,1475199606197
production-topology2-2-1475197918,1.079086605402395,1.016568127918326,192.34250000000003,660,440,1475199613076
production-topology3-3-1475197925,1.0849824278587386,1.0084328400873377,68.00999999999998,1060,740,1475199613077
production-topology1-1-1475197912,1.0,0.804377732646307,425559.1250000001,0,0,1475199613077
production-topology4-4-1475197932,0.9059811827956987,0.996544461086222,76.34499999999998,1300,820,1475199613077
production-topology2-2-1475197918,0.9834392014519058,1.014908458703052,192.34250000000003,580,340,1475199617068
production-topology3-3-1475197925,0.9994520486670248,1.0059333478202592,68.95,720,400,1475199617068
production-topology1-1-1475197912,1.0,0.8177332454375483,425559.1250000001,0,0,1475199617069
production-topology4-4-1475197932,1.1749471458773784,1.0066348040752502,63.63500000000001,1120,700,1475199617069
production-topology2-2-1475197918,0.884041017820282,1.0112986624417153,196.25,920,600,1475199627967
production-topology3-3-1475197925,1.0172522061265326,1.0044041664956604,67.375,2100,1340,1475199627967
production-topology1-1-1475197912,0.0,0.7910085243387801,363732.3,300,0,1475199627967
production-topology4-4-1475197932,1.0650435999656143,1.0127346223953002,71.5,1920,1300,1475199627967
production-topology2-2-1475197918,0.9956126540478473,1.0147141188127635,401.995,1300,820,1475199639494
production-topology3-3-1475197925,0.8571785544986944,0.9989872484802883,70.14500000000001,1760,1160,1475199639494
production-topology1-1-1475197912,1.0791172282866635,0.8020089506653284,5777.7649999999985,840,540,1475199639494
production-topology4-4-1475197932,1.057422799888757,1.0122535405446584,79.81499999999998,2320,1440,1475199639494
production-topology2-2-1475197918,0.9719487458566267,1.008442154062069,161.24,900,600,1475199650677
production-topology3-3-1475197925,1.1346066141303082,1.005863441759807,64.94500000000001,2020,1320,1475199650677
production-topology1-1-1475197912,1.1531277701178568,0.8096202821499906,3077.3649999999993,1180,740,1475199650678
production-topology4-4-1475197932,0.8679452171121178,1.009436359690263,78.6225,1980,1180,1475199650678
production-topology2-2-1475197918,1.1503369284504934,1.0186430786602463,224.215,1200,840,1475199661778
production-topology3-3-1475197925,0.9833767135172654,1.008554088679262,76.55,2260,1340,1475199661779
production-topology1-1-1475197912,1.3043879619244687,0.8328384429723095,2338.6150000000007,1200,820,1475199661779
production-topology4-4-1475197932,1.0310329166487961,1.0066518397360331,84.65500000000002,2420,1580,1475199661779
production-topology2-2-1475197918,0.9811014858270739,1.0215616117999466,195.03000000000003,1200,740,1475199672965
production-topology3-3-1475197925,0.9311927065451475,1.0037117367815682,62.985,1720,1160,1475199672965
production-topology1-1-1475197912,0.6740477071320694,0.8180599842063152,1031.2,980,660,1475199672965
production-topology4-4-1475197932,0.9285212864699004,1.008128774830246,73.60749999999999,2340,1500,1475199672965
production-topology2-2-1475197918,0.7736487766975572,1.0042926932703695,235.76000000000005,1020,620,1475199684040
production-topology3-3-1475197925,1.0660356539655695,1.0029015528926128,66.575,2060,1400,1475199684040
production-topology1-1-1475197912,1.123147307409498,0.8055994295576626,220.87249999999995,1140,760,1475199684040
production-topology4-4-1475197932,0.9184004575366372,1.0002854381715363,78.65,1920,1200,1475199684041
production-topology2-2-1475197918,1.2689987762053652,1.0153639336759062,184.5425,1080,760,1475199694908
production-topology3-3-1475197925,0.8315623577965005,0.9952697655066156,66.92249999999999,2220,1320,1475199694908
production-topology1-1-1475197912,0.9885899263483011,0.8281739108044914,128.54,1220,760,1475199694908
production-topology4-4-1475197932,1.0547162106982442,1.0038110656583867,87.7075,2400,1540,1475199694908
production-topology2-2-1475197918,0.9364591598762296,1.014457438435313,150.32000000000002,1260,800,1475199706000
production-topology3-3-1475197925,1.0959624729624196,1.0016405145387264,81.54249999999999,1700,1120,1475199706000
production-topology1-1-1475197912,1.0175644461358748,0.8252808278960477,204.1575,900,600,1475199706000
production-topology4-4-1475197932,1.2083705461452303,1.0111756184634393,67.2125,2260,1520,1475199706000
production-topology2-2-1475197918,0.9879814846048612,1.0167562373611043,143.105,980,580,1475199717073
production-topology3-3-1475197925,0.9671955215812509,0.9997746570025771,73.64750000000001,2060,1340,1475199717074
production-topology1-1-1475197912,0.857841088977964,0.8315091644956134,176.94,1200,740,1475199717074
production-topology4-4-1475197932,0.9112960996494068,1.006430935991179,72.66250000000001,2060,1260,1475199717074
production-topology2-2-1475197918,0.9879171644763043,1.0117249112139064,105.39500000000001,1240,780,1475199728435
production-topology3-3-1475197925,1.0641038774925506,1.0016670630764015,70.75999999999999,2180,1440,1475199728435
production-topology1-1-1475197912,1.2576126339004412,0.8606335952718146,152.2075,1220,760,1475199728435
production-topology4-4-1475197932,0.9791851258578282,1.0050040887857647,66.965,2220,1520,1475199728435
production-topology2-2-1475197918,1.0112545544509917,1.0151085108621833,199.795,940,600,1475199739494
production-topology3-3-1475197925,1.1241442057942055,1.0063328553021107,66.7175,1680,1080,1475199739494
production-topology1-1-1475197912,0.7150013741287266,0.848838507026442,318.55499999999995,920,600,1475199739494
production-topology4-4-1475197932,0.9555510163556333,1.004399168523834,75.30750000000002,2080,1320,1475199739494
production-topology2-2-1475197918,1.1106392177698523,1.0204394331181548,175.705,1180,760,1475199750625
production-topology3-3-1475197925,1.0431884066458568,1.007420683379739,72.9825,2280,1480,1475199750625
production-topology1-1-1475197912,1.3289414163954978,0.8785616554542002,317.87500000000006,1140,780,1475199750625
production-topology4-4-1475197932,1.0806079369546864,1.0078428512370459,86.195,2380,1620,1475199750625
production-topology2-2-1475197918,1.0816406565394419,1.018417225291213,202.0325,1080,720,1475199761626
production-topology3-3-1475197925,0.9366654882877941,1.0036227771401227,81.2025,1620,1080,1475199761626
production-topology1-1-1475197912,0.7932913019526228,0.8791018530871192,228.51500000000001,1020,600,1475199761626
production-topology4-4-1475197932,0.8198415727831974,1.0004328320378082,79.13000000000001,2020,1240,1475199761626
production-topology2-2-1475197918,1.1226139868300407,1.0305761007203473,252.1125,1080,640,1475199772594
production-topology3-3-1475197925,0.887922887922888,1.0011477973596548,58.277499999999996,2180,1380,1475199772594
production-topology1-1-1475197912,1.2408990186767963,0.8939217604451529,135.22,1240,800,1475199772594
production-topology4-4-1475197932,1.138245116273524,1.0082182485046431,68.625,2400,1540,1475199772594
production-topology2-2-1475197918,0.8648939743589742,1.0132562136654089,170.64500000000004,1200,820,1475199783712
production-topology3-3-1475197925,1.0107051521411514,1.0021521095315462,72.61250000000001,2260,1380,1475199783712
production-topology1-1-1475197912,1.0338983050847457,0.8808168554631294,207.295,1180,740,1475199783712
production-topology4-4-1475197932,1.013255842964594,1.010744191195272,67.445,2220,1480,1475199783712
production-topology2-2-1475197918,0.8045168067226892,1.0075943384098156,334.57249999999993,960,560,1475199794914
production-topology3-3-1475197925,1.153366289651731,1.0055287787413862,64.405,1700,1160,1475199794915
production-topology1-1-1475197912,1.1599010268281102,0.8983278671831859,197.21999999999997,940,620,1475199794915
production-topology4-4-1475197932,0.931020016431157,0.9984993907949666,86.12749999999998,2080,1280,1475199794915
production-topology2-2-1475197918,1.2886668999671262,1.022340200563602,184.80750000000003,1180,800,1475199805863
production-topology3-3-1475197925,1.0180433377364324,1.0097634939767381,67.6525,2200,1400,1475199805863
production-topology1-1-1475197912,0.7386772535949969,0.8937421133288838,311.4,1160,780,1475199805863
production-topology4-4-1475197932,1.1629290617848966,1.0059367774650478,82.25750000000001,2300,1540,1475199805863
production-topology2-2-1475197918,0.9192791987589923,1.0210249580937687,154.105,1180,720,1475199816948
production-topology3-3-1475197925,0.904603988405258,1.0079274052028897,71.17750000000001,1600,1100,1475199816948
production-topology1-1-1475197912,1.3592450007298207,0.9167890438444916,258.9024999999999,1100,700,1475199816948
production-topology4-4-1475197932,0.9893364019946299,1.0067645601844502,70.83000000000001,1960,1280,1475199816948
production-topology2-2-1475197918,1.0256410256410255,1.0190578467516571,208.08500000000004,920,580,1475199828070
production-topology3-3-1475197925,1.0518115647081863,1.0082846803886776,71.4075,2180,1380,1475199828070
production-topology1-1-1475197912,0.8073608954019812,0.9246742942690958,156.8275,980,640,1475199828070
production-topology4-4-1475197932,0.8958785227742269,1.0053537490710973,75.92250000000001,2360,1460,1475199828071
production-topology2-2-1475197918,1.1311352305135514,1.0237316889287,145.25000000000003,1200,780,1475199839133
production-topology3-3-1475197925,0.9612216001348531,1.0059119409454664,74.1225,2180,1380,1475199839133
production-topology1-1-1475197912,1.0825778027469362,0.9264619754132922,246.6,1300,760,1475199839133
production-topology4-4-1475197932,1.0772612423270214,1.0066488997258098,66.8075,2440,1600,1475199839133
production-topology2-2-1475197918,0.8717310489517135,1.0069689571238913,148.215,940,560,1475199850238
production-topology3-3-1475197925,1.0599588672678373,1.0078961602148822,78.30250000000001,1720,1080,1475199850238
production-topology1-1-1475197912,0.8962320574162679,0.9285077865412599,150.675,900,540,1475199850238
production-topology4-4-1475197932,0.8286906841297476,1.0040247502080872,68.07000000000002,1760,1080,1475199850238
production-topology2-2-1475197918,0.9063008130081299,1.0059142453642087,166.82999999999998,1220,800,1475199861189
production-topology3-3-1475197925,1.0036871553282218,1.0081631188754536,69.3,2080,1340,1475199861189
production-topology1-1-1475197912,1.0735534110920817,0.9389276997002086,179.0025,1180,800,1475199861189
production-topology4-4-1475197932,1.1129240005393592,1.0085488819284387,82.28749999999998,2540,1600,1475199861189
production-topology2-2-1475197918,1.152671903700783,1.0106227176269478,186.2825,1180,800,1475199872532
production-topology3-3-1475197925,0.9218623050448622,1.008095131206669,86.69750000000002,1660,1060,1475199872532
production-topology1-1-1475197912,0.8479224658200906,0.9427805500101536,173.84,1100,700,1475199872532
production-topology4-4-1475197932,1.0610124754237722,1.0059155243114055,66.695,1880,1260,1475199872532
production-topology2-2-1475197918,0.8423031727379553,1.003282880317444,215.44250000000002,1020,540,1475199883562
production-topology3-3-1475197925,0.9794911271371854,1.0025908837200546,85.19749999999999,2240,1460,1475199883562
production-topology1-1-1475197912,0.938129269159395,0.9502171649723342,401.42249999999996,1020,640,1475199883562
production-topology4-4-1475197932,0.9098680368721302,1.004531886143118,78.445,2340,1460,1475199883562
production-topology2-2-1475197918,1.1684899869185987,1.0123980649943614,245.96000000000004,880,600,1475199893679
production-topology3-3-1475197925,0.9503307028386456,1.0003264386853787,63.292500000000004,1640,1060,1475199893679
production-topology1-1-1475197912,1.0,0.9654271697057695,245.90499999999997,0,0,1475199893679
production-topology4-4-1475197932,1.016874131225897,1.006183409886938,77.1375,1780,1180,1475199893679
production-topology2-2-1475197918,1.709833024118738,1.0299006195280627,241.59250000000003,280,220,1475199894965
production-topology3-3-1475197925,1.3297500069986843,1.008152330437835,63.292500000000004,540,360,1475199894965
production-topology1-1-1475197912,1.0,0.9655896539755157,245.90499999999997,0,0,1475199894965
production-topology4-4-1475197932,1.1412130376344087,1.0121496313486298,72.57499999999999,620,380,1475199894965
production-topology2-2-1475197918,0.8179960029069767,1.0326552684082102,202.475,960,540,1475199906208
production-topology3-3-1475197925,0.9529834176298825,1.0112765953389138,87.725,1620,1040,1475199906208
production-topology1-1-1475197912,0.45610859728506786,0.9642726977533305,245.90499999999997,340,140,1475199906208
production-topology4-4-1475197932,0.9503088307632065,1.0125781345222498,72.17500000000001,1840,1220,1475199906209
production-topology2-2-1475197918,1.081594393822332,1.0303924632811614,249.66,1140,800,1475199917580
production-topology3-3-1475197925,1.01488323307599,1.011250696396389,70.70500000000001,2260,1360,1475199917580
production-topology1-1-1475197912,1.0694470342599764,0.9665540766935415,97.64,880,600,1475199917580
production-topology4-4-1475197932,1.010236389157589,1.0065972301678427,76.40249999999999,2360,1500,1475199917580
production-topology2-2-1475197918,0.9418919770593057,1.0258193090030585,243.91750000000008,1280,800,1475199928798
production-topology3-3-1475197925,1.0069270374991042,1.008648850051068,70.8025,2140,1440,1475199928798
production-topology1-1-1475197912,1.0453735109364888,0.9680665270580913,100.225,1260,860,1475199928798
production-topology4-4-1475197932,1.173883969264775,1.0155273230501454,64.8475,2380,1520,1475199928798
production-topology2-2-1475197918,1.1582110081884418,1.0316450358942766,197.5375,1020,640,1475199939751
production-topology3-3-1475197925,0.8266894370071518,1.0028900963290721,74.67999999999999,1640,1040,1475199939751
production-topology1-1-1475197912,1.0729717522690636,0.9704989188003934,93.36749999999998,1240,780,1475199939751
production-topology4-4-1475197932,0.8804315803021698,1.0057101375309716,78.51,1920,1140,1475199939751
production-topology2-2-1475197918,0.8145047888735193,1.0293271615960513,141.08499999999998,1140,680,1475199950665
production-topology3-3-1475197925,1.1529934799359427,1.0074148054560523,80.92249999999999,2060,1440,1475199950665
production-topology1-1-1475197912,0.9837861118473361,1.0032917891953046,96.83500000000001,880,520,1475199950665
production-topology4-4-1475197932,1.0743281545844074,1.0060196226849316,77.5225,2360,1620,1475199950666
production-topology2-2-1475197918,0.9492997168269223,1.0277833970220203,191.85,1180,820,1475199961706
production-topology3-3-1475197925,1.0679297501315428,1.0144398453104808,83.21750000000002,2320,1460,1475199961706
production-topology1-1-1475197912,0.71810065611641,0.991257903456296,85.245,1260,740,1475199961706
production-topology4-4-1475197932,1.041734187227382,1.0054966689295524,71.915,2420,1520,1475199961706
production-topology2-2-1475197918,1.1742470391044955,1.034526673463616,261.14,960,560,1475199972796
production-topology3-3-1475197925,0.8947911097507326,1.0064459951644948,70.19749999999999,1580,1040,1475199972796
production-topology1-1-1475197912,1.8847681382371482,1.015645915726939,80.21000000000001,940,680,1475199972796
production-topology4-4-1475197932,0.9036179615110478,1.0066857604095167,78.69000000000001,1840,1180,1475199972797
production-topology2-2-1475197918,0.9249341509788522,1.0270132475478946,397.0675,1160,780,1475199983825
production-topology3-3-1475197925,1.011451179969774,1.0073818107129118,67.95250000000001,2320,1420,1475199983825
production-topology1-1-1475197912,0.8484738607373642,1.0004487790207022,96.69250000000001,1240,780,1475199983825
production-topology4-4-1475197932,1.2618649374473359,1.0143801611028014,73.93250000000002,2340,1600,1475199983825
production-topology2-2-1475197918,1.3397954835399377,1.0389697141383236,192.85750000000002,920,600,1475199995289
production-topology3-3-1475197925,1.0567092433054617,1.011565695271589,67.26249999999999,1580,980,1475199995289
production-topology1-1-1475197912,0.8483360064153969,1.0062583889968133,81.81749999999998,960,620,1475199995289
production-topology4-4-1475197932,0.7497885509310505,1.0084224032515063,81.56750000000002,1960,1180,1475199995289
production-topology2-2-1475197918,0.7617174909290622,1.0385720046127072,215.3675,1180,760,1475200006250
production-topology3-3-1475197925,0.94088626635002,1.0073940490177373,68.39250000000001,2200,1440,1475200006250
production-topology1-1-1475197912,1.2177382231087923,1.0094114195201231,113.94000000000001,1140,720,1475200006250
production-topology4-4-1475197932,1.0133504070879151,1.0115874015698825,96.60500000000003,2400,1600,1475200006250
production-topology2-2-1475197918,1.1584927991401968,1.0348884720438682,186.18749999999994,1220,800,1475200017356
production-topology3-3-1475197925,0.9988616432730173,1.0129706918669545,64.36749999999999,2160,1440,1475200017356
production-topology1-1-1475197912,1.0,1.0097917553085132,93.19000000000001,0,0,1475200017357
production-topology4-4-1475197932,1.0475489433222325,1.0113484926573486,83.14,2320,1440,1475200017357
production-topology2-2-1475197918,1.0,1.0370065000479938,186.18749999999994,0,0,1475200018547
production-topology3-3-1475197925,1.0,1.0097719427682073,64.36749999999999,0,0,1475200018547
production-topology1-1-1475197912,1.0,1.0092062737706506,93.19000000000001,0,0,1475200018547
production-topology4-4-1475197932,0.47619047619047616,0.9869424903255234,80.62249999999999,120,80,1475200018547
production-topology2-2-1475197918,0.8612177934307294,1.0327810436755227,319.6,1200,760,1475200029398
production-topology3-3-1475197925,1.0291645592456453,1.0118375773570205,63.5,2180,1420,1475200029398
production-topology1-1-1475197912,0.0,0.9806115708047186,74.15,140,0,1475200029398
production-topology4-4-1475197932,0.9883684593108458,0.9895115689809048,72.45,2340,1480,1475200029398
production-topology2-2-1475197918,1.2981412836731985,1.0431218476487527,170.375,940,620,1475200040767
production-topology3-3-1475197925,1.200940805879078,1.0163988083032383,79.725,1680,1000,1475200040767
production-topology1-1-1475197912,0.6224260197280725,0.9594386836656397,74.15,660,260,1475200040767
production-topology4-4-1475197932,1.050739977332064,0.9918967306967127,64.275,1920,1240,1475200040767
production-topology2-2-1475197918,0.9858702817345446,1.0422757052248712,278.165,1180,760,1475200051722
production-topology3-3-1475197925,0.8239415228458655,1.00639205220496,70.88499999999999,2140,1420,1475200051722
production-topology1-1-1475197912,0.8072882633213679,0.9625149133053943,5447.089999999998,980,480,1475200051722
production-topology4-4-1475197932,1.0842856685553313,0.9961878857700359,82.22749999999999,2300,1460,1475200051722
production-topology2-2-1475197918,0.8886367413831251,1.0348756226786469,431.56749999999994,1280,760,1475200062816
production-topology3-3-1475197925,1.0633062673556188,1.007062647561952,71.53750000000001,2160,1400,1475200062816
production-topology1-1-1475197912,0.6902145227808523,0.9412240168515729,7621.862500000001,1100,520,1475200062816
production-topology4-4-1475197932,1.0274343839328803,0.9944154340026424,75.18999999999998,2400,1520,1475200062816
production-topology2-2-1475197918,0.9980293895022576,1.032088580444074,261.96500000000003,860,600,1475200074261
production-topology3-3-1475197925,0.9770486656200943,1.0084087534730286,72.9075,1680,920,1475200074261
production-topology1-1-1475197912,0.9371828922956742,0.9460204031963413,9743.079999999998,1100,520,1475200074261
production-topology4-4-1475197932,0.9511935114362783,0.9987938319577452,80.685,1940,1260,1475200074261
production-topology2-2-1475197918,0.9898616513676329,1.0276635025953271,175.7475,1260,760,1475200085212
production-topology3-3-1475197925,1.020200755343427,1.0128180157203799,61.61249999999999,2120,1460,1475200085212
production-topology1-1-1475197912,0.8301961191431079,0.9323303065452182,12882.869999999999,1180,620,1475200085212
production-topology4-4-1475197932,0.96831242044008,0.993129408763297,86.92499999999998,2360,1500,1475200085212
production-topology2-2-1475197918,0.9892920589495806,1.031810105415014,235.365,1200,780,1475200096264
production-topology3-3-1475197925,0.8948354856444429,1.008955693503823,66.3725,2200,1360,1475200096264
production-topology1-1-1475197912,0.751294305057746,0.922910173210985,14166.647500000001,1080,560,1475200096265
production-topology4-4-1475197932,1.0189167205924647,0.993318104684226,78.64250000000001,2400,1540,1475200096265
production-topology2-2-1475197918,1.0199885875402792,1.0389924981089336,210.74,840,560,1475200107373
production-topology3-3-1475197925,1.0509150441221422,1.0055406519861703,74.88,1640,1040,1475200107373
production-topology1-1-1475197912,0.7466966149746956,0.9091366928158712,17879.467500000002,1140,480,1475200107374
production-topology4-4-1475197932,0.982139729355595,0.9950220951150406,74.88749999999999,1980,1260,1475200107374
production-topology2-2-1475197918,0.925079365079365,1.0268729136126749,172.6225,1260,820,1475200118660
production-topology3-3-1475197925,1.1992353694769409,1.0115803863775203,74.28999999999999,2300,1380,1475200118660
production-topology1-1-1475197912,0.9831967146165292,0.917287341516589,19319.467500000002,1140,680,1475200118661
production-topology4-4-1475197932,1.0713621402932216,0.9919698643986514,73.0975,2180,1460,1475200118661
production-topology2-2-1475197918,1.143272050530115,1.0343393420050455,168.99249999999998,980,700,1475200129907
production-topology3-3-1475197925,0.8147817245312797,1.0085863109150544,75.2575,1500,1080,1475200129907
production-topology1-1-1475197912,0.7544430366743141,0.897127276048072,21442.5875,1060,500,1475200129907
production-topology4-4-1475197932,0.831610566615974,0.9867123365526963,84.53749999999998,2060,1240,1475200129907
production-topology2-2-1475197918,0.9135198350467261,1.0306019689852357,172.62,1080,640,1475200140900
production-topology3-3-1475197925,1.072090083203481,1.0092622615315643,71.6125,2260,1440,1475200140900
production-topology1-1-1475197912,0.7807852534562212,0.8962414213165466,24614.32,1000,480,1475200140900
production-topology4-4-1475197932,1.1326242513041447,0.9946038608370268,79.565,2380,1600,1475200140900
production-topology2-2-1475197918,0.867253458809149,1.0218059099284222,172.385,1280,740,1475200151861
production-topology3-3-1475197925,1.0373992776416472,1.0118015174484571,70.10999999999999,2280,1400,1475200151862
production-topology1-1-1475197912,0.7039627909242817,0.8836209209224581,27493.4475,1140,580,1475200151862
production-topology4-4-1475197932,0.9405451207456574,0.9900466567843147,75.9125,2400,1500,1475200151862
production-topology2-2-1475197918,1.542005318018186,1.0441483855639713,193.74,1020,680,1475200163171
production-topology3-3-1475197925,0.9348384057778486,1.007630835398791,76.80500000000002,1640,1040,1475200163171
production-topology1-1-1475197912,0.6532483964694918,0.8755214655575657,29233.329999999998,1260,560,1475200163172
production-topology4-4-1475197932,1.0965986394557823,0.9989769219618491,77.425,2000,1240,1475200163172
production-topology2-2-1475197918,0.7455263781205848,1.0387892377343866,203.8875,1140,660,1475200174260
production-topology3-3-1475197925,0.9176496008948092,1.0047629169176773,81.25750000000001,2320,1460,1475200174260
production-topology1-1-1475197912,0.8037407284733152,0.8665277094702735,32276.060000000005,1020,560,1475200174260
production-topology4-4-1475197932,1.0397681159420291,0.9965383924752713,69.48750000000001,2340,1540,1475200174261
production-topology2-2-1475197918,1.1557525215457147,1.0388919249958841,183.15999999999997,1060,700,1475200185396
production-topology3-3-1475197925,1.130927370619302,1.0117317524368252,66.285,1660,1060,1475200185396
production-topology1-1-1475197912,0.77024833959439,0.8639385719294167,34961.677500000005,1120,500,1475200185396
production-topology4-4-1475197932,0.979390448766302,0.9938176582533558,79.82999999999998,1980,1240,1475200185396
production-topology2-2-1475197918,0.9435509154332894,1.0422668497523953,293.88500000000005,1160,780,1475200196446
production-topology3-3-1475197925,0.8347788630923467,1.0069080103019972,64.7475,2280,1460,1475200196446
production-topology1-1-1475197912,0.8792921716519011,0.8619773353458335,37129.29999999999,1140,580,1475200196446
production-topology4-4-1475197932,0.9159846126626758,0.9940215441130407,77.41499999999999,2620,1620,1475200196446
production-topology2-2-1475197918,1.1001392557022807,1.0399884920451845,169.7225,1040,640,1475200207528
production-topology3-3-1475197925,1.1435825410544513,1.013349738242524,68.0875,1780,1160,1475200207528
production-topology1-1-1475197912,0.970529932602088,0.8609949997659031,40983.037500000006,940,360,1475200207528
production-topology4-4-1475197932,0.9959043767766654,0.9933225522980662,72.41499999999999,1760,1180,1475200207528
production-topology2-2-1475197918,1.043556658935746,1.0177792798724183,139.86249999999998,1100,700,1475200218692
production-topology3-3-1475197925,1.071382943264925,1.0047375027847323,68.09,2160,1380,1475200218692
production-topology1-1-1475197912,0.8063764613224873,0.8545408818099859,45117.454999999994,1240,700,1475200218692
production-topology4-4-1475197932,1.0979038798506868,0.9918789137052753,82.7125,2440,1560,1475200218692
production-topology2-2-1475197918,0.7994541860720957,1.0171612193112556,176.79500000000002,1080,680,1475200229789
production-topology3-3-1475197925,0.9075463518740828,1.0032229339262055,70.22000000000001,1620,1060,1475200229789
production-topology1-1-1475197912,0.5829114894922535,0.8587676448835588,45177.5625,1060,440,1475200229789
production-topology4-4-1475197932,1.015406009326155,0.9940488196573737,78.71249999999999,2060,1320,1475200229790
production-topology2-2-1475197918,1.1063912915119882,1.0179877825675774,228.51000000000005,1120,720,1475200240861
production-topology3-3-1475197925,0.9056876096876096,0.9995830798132596,61.610000000000014,2200,1360,1475200240862
production-topology1-1-1475197912,0.9324093337282457,0.854199721532501,48372.63250000001,1120,580,1475200240862
production-topology4-4-1475197932,1.0546295944989879,0.9955285931687538,75.55,2200,1420,1475200240862
production-topology2-2-1475197918,1.1846807723701662,1.0260807424112728,198.13250000000002,1140,760,1475200251961
production-topology3-3-1475197925,0.9656910710025645,0.9982085475967082,66.5675,2220,1460,1475200251961
production-topology1-1-1475197912,0.6204583704583704,0.8400358835165638,48751.917499999996,1200,600,1475200251962
production-topology4-4-1475197932,0.9361587408536634,0.9876044188883834,73.2625,2440,1480,1475200251962
production-topology2-2-1475197918,0.7955482893611914,1.0139919851170311,260.895,1080,640,1475200263255
production-topology3-3-1475197925,0.9981393616284018,1.003923545084083,69.88500000000002,1740,1040,1475200263255
production-topology1-1-1475197912,0.9000241020169689,0.834270961841494,54203.8875,1080,560,1475200263255
production-topology4-4-1475197932,0.9244053060086006,0.9890702097452645,83.72250000000001,2120,1380,1475200263255
production-topology2-2-1475197918,1.1628921023359289,1.0256048955657782,204.4925,1160,720,1475200274314
production-topology3-3-1475197925,1.0442126872688526,1.0002975186618468,68.1275,2120,1380,1475200274314
production-topology1-1-1475197912,0.7959925249169437,0.8280111756104809,55847.975,1000,440,1475200274314
production-topology4-4-1475197932,1.0899464241333638,0.9895908187302296,76.3175,2220,1440,1475200274315
production-topology2-2-1475197918,0.8896153502723402,1.0236154166806253,265.99750000000006,1100,720,1475200285478
production-topology3-3-1475197925,1.115504910836937,1.0018833573520267,66.47,1680,1040,1475200285478
production-topology1-1-1475197912,0.6729325272839287,0.8265055713160648,62705.64750000001,1140,520,1475200285478
production-topology4-4-1475197932,0.9893027409305096,0.987843103853667,76.93249999999998,2200,1300,1475200285478
production-topology2-2-1475197918,1.0904958677685948,1.0208237109694285,202.14000000000001,1100,720,1475200296480
production-topology3-3-1475197925,0.9792229135411149,1.0046977508117059,77.6575,2200,1420,1475200296480
production-topology1-1-1475197912,0.8203360747490798,0.7910245025331292,59007.76499999999,1060,600,1475200296480
production-topology4-4-1475197932,0.9548163348372989,0.9895497162978756,93.73500000000001,2140,1420,1475200296480
production-topology2-2-1475197918,1.0266013725215113,1.024212618354184,241.6375,960,620,1475200307610
production-topology3-3-1475197925,1.15908760110619,1.0096189648495864,78.44000000000001,1640,1180,1475200307610
production-topology1-1-1475197912,0.9424812824538099,0.7941580832570108,69154.41,1040,400,1475200307610
production-topology4-4-1475197932,1.0187376994194073,0.9814454750302779,74.3725,2060,1360,1475200307611
production-topology2-2-1475197918,1.0822967050056493,1.0156293257363742,172.70749999999995,1240,760,1475200318634
production-topology3-3-1475197925,0.8903558653051553,1.0040738522495762,75.71749999999999,2320,1340,1475200318635
production-topology1-1-1475197912,1.0298827858797872,0.8002096425724904,64177.40750000001,1160,680,1475200318635
production-topology4-4-1475197932,1.026124729921708,0.9906566809966332,75.93500000000002,2240,1420,1475200318635
production-topology2-2-1475197918,1.0170118343195267,1.024139137182723,201.5625,1040,700,1475200329601
production-topology3-3-1475197925,1.0140091081636862,1.0065112803100318,74.5375,2160,1360,1475200329601
production-topology1-1-1475197912,0.7608363636363636,0.7849795805900761,73898.25999999998,1100,560,1475200329601
production-topology4-4-1475197932,0.896451077592646,0.9867600366801244,75.5925,2460,1560,1475200329602
production-topology2-2-1475197918,1.1279397670764588,1.0231207027805986,227.35250000000002,1080,700,1475200340687
production-topology3-3-1475197925,1.0230972388955584,1.0073191334974498,71.4,1640,1040,1475200340687
production-topology1-1-1475197912,0.5698946529087014,0.770642735687033,67754.96750000001,1080,440,1475200340687
production-topology4-4-1475197932,1.128676935219729,0.9894643030767075,67.5175,1920,1240,1475200340687
production-topology2-2-1475197918,0.7624368341700216,1.015201930586266,332.20500000000004,1240,800,1475200352179
production-topology3-3-1475197925,1.0661694458837114,1.0095247816935737,75.43499999999999,2260,1440,1475200352179
production-topology1-1-1475197912,0.7422799749992085,0.7620520681870068,72196.75000000001,1280,640,1475200352179
production-topology4-4-1475197932,0.974698190911614,1.0060812269007455,76.385,2420,1480,1475200352179
production-topology2-2-1475197918,1.0634043338445853,1.0219414819333943,196.815,1060,640,1475200363371
production-topology3-3-1475197925,1.1296924708377518,1.0128757120799774,64.59,1640,1060,1475200363371
production-topology1-1-1475197912,0.803223381355596,0.78882618089886,76072.495,920,540,1475200363371
production-topology4-4-1475197932,0.9958085472802557,1.006329229833059,70.44000000000001,2100,1420,1475200363371
production-topology2-2-1475197918,1.2314814814814814,1.0197194885270038,210.11749999999998,1120,740,1475200374339
production-topology3-3-1475197925,0.938673718417005,1.0041334758312415,59.879999999999995,2260,1400,1475200374339
production-topology1-1-1475197912,0.7663750393167825,0.793624481551817,75826.045,1140,480,1475200374339
production-topology4-4-1475197932,1.0926305117497208,1.0077255809803143,79.6475,2320,1460,1475200374339
production-topology2-2-1475197918,0.9614037886340977,1.018903938756989,121.545,1080,760,1475200385493
production-topology3-3-1475197925,0.9183520723104056,1.0072804941467262,83.61749999999999,2200,1380,1475200385493
production-topology1-1-1475197912,0.7663750393167825,0.7922607074183308,79343.45499999999,1140,480,1475200385493
production-topology4-4-1475197932,0.9797962934345886,1.0042426018096229,71.15749999999998,2320,1500,1475200385493
production-topology2-2-1475197918,0.9614037886340977,1.0213295069986879,118.72749999999999,1080,760,1475200396324
production-topology3-3-1475197925,1.058602539488971,1.007123703217838,73.82249999999999,1680,1060,1475200396324
production-topology1-1-1475197912,0.7663750393167825,0.7947993913028616,79343.45499999999,1140,480,1475200396324
production-topology4-4-1475197932,0.9879131235206453,1.0029252264625486,75.3,2080,1200,1475200396324
