production-topology1-1-1478731234,0.0,0.0,0.0,0,0,1478731235589
production-topology1-1-1478731234,0.0,0.0,0.0,0,0,1478731240784
production-topology1-1-1478731234,0.9135758651286603,0.3045252883762201,0.0,560,320,1478731251469
production-topology1-1-1478731234,0.6653977976575283,0.39474341569654714,0.0,1180,560,1478731261988
production-topology1-1-1478731234,1.0438391079251292,0.5245625541422635,0.0,900,420,1478731272374
production-topology1-1-1478731234,0.7311720116618075,0.5589974637288542,0.0,1180,580,1478731282783
production-topology1-1-1478731234,0.6107902930100424,0.5663964393404525,0.0,960,420,1478731293204
production-topology1-1-1478731234,0.8317209531620829,0.5995620035681564,0.0,1200,660,1478731303615
production-topology1-1-1478731234,0.8052941176470588,0.6224211273547011,0.0,900,420,1478731314013
production-topology1-1-1478731234,0.94772946084724,0.654951960703955,0.0,960,540,1478731324476
production-topology1-1-1478731234,0.5127920484062081,0.6420283323132507,0.0,1180,460,1478731334825
production-topology1-1-1478731234,0.9917272481072541,0.6711699086294177,0.0,820,500,1478731345191
production-topology1-1-1478731234,0.8820296377997581,0.687389887796367,0.0,1200,540,1478731355592
production-topology1-1-1478731234,0.5849590738479626,0.6800734010857666,0.0,900,420,1478731365942
production-topology1-1-1478731234,0.6947132301196339,0.6810493896880244,0.0,1200,520,1478731376284
production-topology1-1-1478731234,0.6769881318772883,0.6807955610748535,0.0,920,400,1478731386637
production-topology1-1-1478731234,0.6873913043478261,0.6811835459732637,0.0,1000,420,1478731397030
production-topology1-1-1478731234,0.9117339996603413,0.6939919045114347,0.0,1140,600,1478731407368
production-topology1-1-1478731234,0.4479485255929367,0.6810422529894085,0.0,860,360,1478731417728
production-topology1-1-1478731234,1.013799794092025,0.6976801300445393,0.0,1220,700,1478731428040
production-topology1-1-1478731234,0.6689430894308941,0.6963116995391276,0.0,820,360,1478731438367
production-topology1-1-1478731234,0.9811573274123043,0.7092592280788175,0.0,1260,700,1478731448645
production-topology1-1-1478731234,0.44744318181818166,0.6978759217196593,0.0,880,280,1478731458972
production-topology1-1-1478731234,1.4699248120300752,0.7300446254825933,0.0,960,480,1478731469328
production-topology1-1-1478731234,0.6978163974901249,0.7287554963628946,0.0,1180,600,1478731479672
production-topology1-1-1478731234,1.0540444444444443,0.7412666097506465,0.0,900,420,1478731490006
production-topology1-1-1478731234,0.596602962294119,0.7359086968818863,0.0,1180,600,1478731500329
production-topology1-1-1478731234,0.9125039318945137,0.7422156695609087,0.0,840,500,1478731510637
production-topology1-1-1478731234,0.6945812807881776,0.7405731044308145,0.0,1160,520,1478731520961
production-topology1-1-1478731234,0.741421568627451,0.7406013865707024,0.0,1000,480,1478731531271
production-topology1-1-1478731234,0.8399286987522281,0.7685990098624433,0.0,880,400,1478731541565
production-topology1-1-1478731234,0.7962962962962962,0.7951422197389866,0.0,1180,560,1478731551908
production-topology1-1-1478731234,0.8654442086071904,0.7935378311882708,0.0,940,520,1478731562195
production-topology1-1-1478731234,0.8106917842741936,0.7983809640754931,0.0,1180,580,1478731572485
production-topology1-1-1478731234,0.5386489479512735,0.7815412920763646,0.0,860,380,1478731582752
production-topology1-1-1478731234,0.8048657083922021,0.7839977486340445,0.0,960,500,1478731593067
production-topology1-1-1478731234,0.8250228102645192,0.7911388325425269,0.0,1220,600,1478731603398
production-topology1-1-1478731234,0.8847379157427938,0.7929060646285507,0.0,840,520,1478731613714
production-topology1-1-1478731234,0.8978494850785687,0.7959912435429343,0.0,1220,560,1478731624022
production-topology1-1-1478731234,0.651073056329926,0.7861026967256907,0.0,900,400,1478731634317
production-topology1-1-1478731234,0.7631587924270851,0.7944482548597198,0.0,1000,480,1478731644647
production-topology1-1-1478731234,0.7116611940232925,0.7851127197235878,0.0,1080,540,1478731655030
production-topology1-1-1478731234,1.494071146245059,0.8055141033384311,0.0,920,360,1478731665359
production-topology1-1-1478731234,0.7280109070564136,0.8102824977787129,0.0,1220,640,1478731675653
production-topology1-1-1478731234,0.8468811188811188,0.8153547607374291,0.0,920,580,1478731685957
production-topology1-1-1478731234,0.5880961663417804,0.8123916952195785,0.0,900,340,1478731696360
production-topology1-1-1478731234,0.8804827681027831,0.8188280773447439,0.0,1140,540,1478731706660
production-topology1-1-1478731234,0.7172117154715412,0.8123440012051173,0.0,1020,420,1478731716936
production-topology1-1-1478731234,0.3199467155835081,0.808077274204803,0.0,1060,460,1478731727283
production-topology1-1-1478731234,0.8063616071428571,0.801162667973164,0.0,960,340,1478731737598
production-topology1-1-1478731234,1.2371310840169227,0.8201022677926983,0.0,1120,820,1478731747918
production-topology1-1-1478731234,0.6309437273661948,0.8084284811244945,0.0,940,460,1478731758233
production-topology1-1-1478731234,0.44490055504162823,0.8083437268986094,0.0,940,360,1478731768512
production-topology1-1-1478731234,0.9854523804316585,0.792194645845329,0.0,1240,660,1478731778768
production-topology1-1-1478731234,0.5853994490358126,0.7884474142301852,0.0,880,340,1478731789073
production-topology1-1-1478731234,0.387749780485858,0.7662375920982322,0.0,1180,540,1478731799384
production-topology1-1-1478731234,0.9323614881366428,0.7774295429596497,0.0,840,480,1478731809676
production-topology1-1-1478731234,0.983329161451815,0.7797903839448932,0.0,960,460,1478731819990
production-topology1-1-1478731234,0.6605922925535515,0.7786574176704055,0.0,1180,460,1478731830306
production-topology1-1-1478731234,0.7981536242336819,0.7805484861906131,0.0,940,480,1478731840675
production-topology1-1-1478731234,0.9768338675007403,0.7851119918155636,0.0,1140,660,1478731850962
production-topology1-1-1478731234,0.7473415798611112,0.7834801679343908,0.0,960,360,1478731861262
production-topology1-1-1478731234,0.7976233422661995,0.7812194723896911,0.0,980,360,1478731871626
production-topology1-1-1478731234,0.7137263950216299,0.777987292747939,0.0,1100,560,1478731881944
production-topology1-1-1478731234,0.818260587972728,0.7873076807486541,0.0,900,500,1478731892207
production-topology1-1-1478731234,0.9599007854485325,0.7924755166505318,0.0,1180,500,1478731902523
production-topology1-1-1478731234,0.6447367429806917,0.7864659810744041,0.0,860,500,1478731912818
production-topology1-1-1478731234,0.8281428571428572,0.7845794791210728,0.0,1120,560,1478731923147
production-topology1-1-1478731234,1.4545394006659262,0.8031358096406513,0.0,1060,460,1478731933438
production-topology1-1-1478731234,0.7562862669245648,0.8066429166604726,0.0,840,500,1478731943731
production-topology1-1-1478731234,1.1173244493671146,0.8184484385584737,0.0,1280,680,1478731954032
production-topology1-1-1478731234,0.46543036725364917,0.8102407443328191,0.0,840,320,1478731964340
production-topology1-1-1478731234,0.950977691764045,0.7921376291834519,0.0,1140,620,1478731974626
production-topology1-1-1478731234,0.43479480504774565,0.7823637591164964,0.0,1060,360,1478731984901
production-topology1-1-1478731234,0.5701818181818181,0.7731404490931862,0.0,800,420,1478731995180
production-topology1-1-1478731234,0.8009393314577372,0.7802352212637181,0.0,1180,620,1478732005489
production-topology1-1-1478731234,0.3743740195981911,0.7633649296468985,0.0,900,360,1478732015804
production-topology1-1-1478731234,0.6851019950118975,0.7622946056315771,0.0,1260,620,1478732026132
production-topology1-1-1478731234,0.7082824521381286,0.7752391301833977,0.0,920,380,1478732036437
production-topology1-1-1478731234,1.3534521183324846,0.7934754805563853,0.0,1000,640,1478732046739
production-topology1-1-1478731234,0.8141831671243437,0.7793772166599662,0.0,1080,520,1478732057030
production-topology1-1-1478731234,0.5761280063605645,0.7775500259597784,0.0,860,360,1478732067319
production-topology1-1-1478731234,0.7459222563220489,0.7875840826691258,0.0,1220,640,1478732077623
production-topology1-1-1478731234,1.073768231321189,0.7905279443654436,0.0,940,560,1478732087912
production-topology1-1-1478731234,0.32640825854959976,0.7818949046825697,0.0,980,360,1478732098199
production-topology1-1-1478731234,0.9566729323308273,0.8008590097440688,0.0,1120,540,1478732108493
production-topology1-1-1478731234,0.8404612329263045,0.797795667903724,0.0,920,520,1478732118781
production-topology1-1-1478731234,0.7338321536905967,0.7894791009783503,0.0,1100,480,1478732129075
production-topology1-1-1478731234,0.757897418478261,0.7927226051758406,0.0,960,500,1478732139358
production-topology1-1-1478731234,0.7564270152505446,0.791331718209736,0.0,1020,560,1478732149683
production-topology1-1-1478731234,1.8466319622233598,0.8203249880338231,0.0,1120,440,1478732159992
production-topology1-1-1478731234,0.42610909090909094,0.8096172384020891,0.0,880,360,1478732170273
production-topology1-1-1478731234,1.0763031370056737,0.8189065648934049,0.0,1240,740,1478732180510
production-topology1-1-1478731234,0.38526949241234953,0.8079580014730954,0.0,900,380,1478732190784
production-topology1-1-1478731234,0.9063850266330404,0.8108954827617726,0.0,1020,520,1478732201057
production-topology1-1-1478731234,0.9606995884773664,0.8109221095294004,0.0,1080,460,1478732211307
production-topology1-1-1478731234,0.8932421810829594,0.8192056241328094,0.0,980,520,1478732221675
production-topology1-1-1478731234,0.8700026903416732,0.8206009519061033,0.0,1080,660,1478732231955
production-topology1-1-1478731234,0.4398148148148149,0.7867767990443995,0.0,960,320,1478732242246
production-topology1-1-1478731234,1.09375,0.798025590146914,0.0,940,540,1478732252525
production-topology1-1-1478731234,0.23453860114477176,0.768599395206169,0.0,1140,400,1478732262815
production-topology1-1-1478731234,0.8284815106215577,0.7807010999850995,0.0,920,480,1478732273103
production-topology1-1-1478731234,0.7866958035482795,0.775225037044574,0.0,1200,620,1478732283371
production-topology1-1-1478731234,2.2263450834879404,0.8349433796592471,0.0,900,360,1478732293658
production-topology1-1-1478731234,0.6445151763740772,0.8374211582656559,0.0,1060,400,1478732303932
production-topology1-1-1478731234,0.804859358442569,0.8375518258318169,0.0,1120,620,1478732314203
production-topology1-1-1478731234,1.2736842105263158,0.8675288321960877,0.0,800,400,1478732324495
production-topology1-1-1478731234,0.8071588010204082,0.8715973923963712,0.0,1280,500,1478732334771
production-topology1-1-1478731234,0.7360147261849976,0.8725218015312669,0.0,880,440,1478732345051
production-topology1-1-1478731234,0.7382132495164411,0.8520138392373988,0.0,960,540,1478732355317
production-topology1-1-1478731234,0.8724415204678362,0.8539557843488486,0.0,1140,440,1478732365606
production-topology1-1-1478731234,0.8516791523722841,0.8631408225492393,0.0,920,520,1478732375880
production-topology1-1-1478731234,1.1567902939474521,0.8768364238034193,0.0,1140,680,1478732386164
production-topology1-1-1478731234,1.0754296874999998,0.8768918056760465,0.0,900,360,1478732396413
production-topology1-1-1478731234,0.5205741626794257,0.8833640024803738,0.0,920,400,1478732406739
production-topology1-1-1478731234,0.7672346367374748,0.8770493926272621,0.0,1160,680,1478732417005
production-topology1-1-1478731234,0.514444227413286,0.8661821591101614,0.0,980,400,1478732427355
production-topology1-1-1478731234,0.719966695418171,0.8657199771677474,0.0,1040,540,1478732437635
production-topology1-1-1478731234,1.0005268856855725,0.8738076260746577,0.0,1020,680,1478732447897
production-topology1-1-1478731234,0.9006507468637421,0.8786150837950976,0.0,1020,400,1478732458177
production-topology1-1-1478731234,0.5741545033819865,0.8361991685003853,0.0,1100,580,1478732468547
production-topology1-1-1478731234,1.9521531100478469,0.887067302471677,0.0,880,340,1478732478840
production-topology1-1-1478731234,0.8489668209373574,0.8794894252693998,0.0,1180,660,1478732489122
production-topology1-1-1478731234,1.8483841739655689,0.9282599146545072,0.0,860,360,1478732499412
production-topology1-1-1478731234,0.9490231139083265,0.9296811842303501,0.0,1060,560,1478732509754
production-topology1-1-1478731234,0.6562335083454655,0.9195323148926201,0.0,1040,560,1478732520052
production-topology1-1-1478731234,1.133468815296104,0.9275398693663915,0.0,920,360,1478732530357
production-topology1-1-1478731234,0.7853153937790731,0.9247169594809715,0.0,1200,600,1478732540649
production-topology1-1-1478731234,1.125235152512171,0.9475643040708834,0.0,920,560,1478732550932
production-topology1-1-1478731234,1.0224300881740331,0.9451869736766845,0.0,1020,440,1478732561250
production-topology1-1-1478731234,0.6449630541871922,0.9588677887780984,0.0,1000,460,1478732571535
production-topology1-1-1478731234,1.2369791666666667,0.9724843773129355,0.0,960,420,1478732581819
production-topology1-1-1478731234,0.43608627450980386,0.960797393011653,0.0,1200,440,1478732592100
production-topology1-1-1478731234,1.090764119601329,0.9229446942154328,0.0,840,560,1478732602356
production-topology1-1-1478731234,1.22007772554797,0.9421301125212291,0.0,1140,460,1478732612653
production-topology1-1-1478731234,0.7160655737704917,0.9391703196988266,0.0,1000,560,1478732623015
production-topology1-1-1478731234,0.8190737315010571,0.9240166370646512,0.0,860,320,1478732633303
production-topology1-1-1478731234,1.1096854210008917,0.9341008577306674,0.0,1240,800,1478732643588
production-topology1-1-1478731234,0.32671566731141194,0.9204575557682145,0.0,940,340,1478732653866
production-topology1-1-1478731234,1.293453541260559,0.9389655654930185,0.0,1160,500,1478732664135
production-topology1-1-1478731234,0.6466023772146221,0.9314375940512446,0.0,900,480,1478732674411
production-topology1-1-1478731234,1.0247695301285527,0.9372072733097868,0.0,920,520,1478732684700
production-topology1-1-1478731234,0.4892781636967683,0.9149568689680974,0.0,1260,540,1478732694988
production-topology1-1-1478731234,0.8807185310580101,0.9084664970866978,0.0,820,480,1478732705255
production-topology1-1-1478731234,0.8014101057579318,0.9178276951893145,0.0,1180,580,1478732715528
production-topology1-1-1478731234,0.7367891858780606,0.9168128468273341,0.0,920,360,1478732725817
production-topology1-1-1478731234,0.7796464668652735,0.9256529214757337,0.0,980,520,1478732736086
production-topology1-1-1478731234,0.8649169023258978,0.9304845950393246,0.0,1180,480,1478732746356
production-topology1-1-1478731234,1.0580529780241388,0.9324021314506101,0.0,960,600,1478732756630
production-topology1-1-1478731234,0.9201902780473601,0.9330534491567308,0.0,1120,580,1478732766971
production-topology1-1-1478731234,0.24889403791407866,0.9222114336411338,0.0,920,380,1478732777263
production-topology1-1-1478731234,0.835489751456138,0.8849893216880766,0.0,840,420,1478732787569
production-topology1-1-1478731234,0.9102050656402931,0.887030596511508,0.0,1320,600,1478732797836
production-topology1-1-1478731234,0.2852541982976766,0.8349262639892449,0.0,900,360,1478732808116
production-topology1-1-1478731234,0.8869857010492572,0.832858350227276,0.0,1120,640,1478732818401
production-topology1-1-1478731234,0.35472140762463344,0.8228079468699149,0.0,900,360,1478732828752
production-topology1-1-1478731234,1.2074106449106445,0.825272674523733,0.0,960,460,1478732839020
production-topology1-1-1478731234,0.9916045112240122,0.8321489784385644,0.0,1160,480,1478732849289
production-topology1-1-1478731234,0.868695065083199,0.8235976421909318,0.0,920,440,1478732859565
production-topology1-1-1478731234,0.6819020085586084,0.8122467062037511,0.0,940,440,1478732869920
production-topology1-1-1478731234,2.8465720326185444,0.8856336721514627,0.0,1200,500,1478732880166
production-topology1-1-1478731234,0.8733835699606181,0.8735138189279279,0.0,860,560,1478732890449
production-topology1-1-1478731234,1.0502907054631194,0.893987299959705,0.0,1160,500,1478732900709
production-topology1-1-1478731234,0.7949716018727156,0.8841275493687513,0.0,1020,500,1478732910961
production-topology1-1-1478731234,0.830490384339801,0.8711413046618124,0.0,820,480,1478732921243
production-topology1-1-1478731234,0.9636830357142857,0.8793952200599389,0.0,1280,440,1478732931578
production-topology1-1-1478731234,0.886609649122807,0.8816464173139972,0.0,900,460,1478732941859
production-topology1-1-1478731234,0.631985493676784,0.8657230864031934,0.0,1100,460,1478732952143
production-topology1-1-1478731234,0.8069180214458663,0.8817298315410086,0.0,980,540,1478732962406
production-topology1-1-1478731234,0.8699127906976745,0.867611806522246,0.0,960,580,1478732972870
production-topology1-1-1478731234,0.939407301066448,0.8773719706506401,0.0,1120,580,1478732983126
production-topology1-1-1478731234,0.40606424898150006,0.8567484612790719,0.0,920,340,1478732993406
production-topology1-1-1478731234,0.8140558384967149,0.8675743837724033,0.0,1240,560,1478733003689
production-topology1-1-1478731234,0.7173626373626374,0.8621291873158908,0.0,780,340,1478733013964
production-topology1-1-1478731234,0.8195194635872602,0.8627328325768684,0.0,1260,660,1478733024379
production-topology1-1-1478731234,0.9535925799631723,0.8699596123797053,0.0,900,600,1478733034667
production-topology1-1-1478731234,0.5488,0.8622647301508628,0.0,900,280,1478733044945
production-topology1-1-1478731234,6.556601293443399,1.051987543188113,0.0,140,580,1478733055209
production-topology1-1-1478731234,0.9565217391304348,1.0486031685583228,0.0,0,440,1478733065500
production-topology1-1-1478731234,1.0,1.0512634926234108,0.0,0,0,1478733073504
production-topology1-1-1478731234,1.0,1.0763003580262747,0.0,0,0,1478733075774
production-topology1-1-1478731234,1.9831730769230769,1.1145564688751728,0.0,320,180,1478733086060
production-topology1-1-1478731234,0.96645769574531,1.11643155654534,0.0,1180,780,1478733096362
production-topology1-1-1478731234,0.8357699805068226,1.1347820826189783,0.0,900,580,1478733106669
production-topology1-1-1478731234,1.0579545454545456,1.1404810440991544,0.0,1200,720,1478733116970
production-topology1-1-1478731234,0.8676898195144613,1.1575799911621485,0.0,920,580,1478733127254
production-topology1-1-1478731234,1.174814374814375,1.1564934488256062,0.0,920,620,1478733137560
production-topology1-1-1478731234,1.125981795664477,1.1609726916402885,0.0,1180,820,1478733147878
production-topology1-1-1478731234,0.7761932414003542,1.1578892975175272,0.0,920,560,1478733158186
production-topology1-1-1478731234,0.9649931347557767,1.1673256683907662,0.0,1040,620,1478733168552
production-topology1-1-1478731234,0.9403869186119114,1.103786164590545,0.0,1040,700,1478733178845
production-topology1-1-1478731234,1.4335650796470725,1.1224588815800933,0.0,940,620,1478733189142
production-topology1-1-1478731234,0.8313268292682926,1.1151600857069324,0.0,1220,800,1478733199426
production-topology1-1-1478731234,1.6102068322172034,1.142334593385082,0.0,780,520,1478733209742
production-topology1-1-1478731234,0.7354465709728867,1.1391664662728513,0.0,1100,680,1478733220074
production-topology1-1-1478731234,1.2845734407703846,1.1498628131080548,0.0,1080,660,1478733230363
production-topology1-1-1478731234,0.871018367821437,1.1493431037313426,0.0,880,560,1478733240640
production-topology1-1-1478731234,0.7881565932721611,1.1545488070511882,0.0,1180,800,1478733250916
production-topology1-1-1478731234,1.4822698145813973,1.1770605334890394,0.0,900,600,1478733261194
production-topology1-1-1478731234,0.8341578701127211,1.175868702802874,0.0,1000,640,1478733271523
production-topology1-1-1478731234,0.9189549656016545,1.175186958287381,0.0,1160,720,1478733281761
production-topology1-1-1478731234,1.0103683317550505,1.1953304277131662,0.0,880,540,1478733291986
production-topology1-1-1478731234,1.0872823705753487,1.2044379787824542,0.0,1160,820,1478733302217
production-topology1-1-1478731234,0.8992052933843009,1.210499400649843,0.0,960,580,1478733312480
production-topology1-1-1478731234,1.0380268157629478,1.217782979055699,0.0,880,580,1478733322752
production-topology1-1-1478731234,0.9325455063628364,1.217081409935688,0.0,1220,720,1478733333039
production-topology1-1-1478731234,1.1548160028512873,1.237281943364064,0.0,860,560,1478733343321
production-topology1-1-1478731234,0.9800966185213048,1.0513984541999946,0.0,1220,760,1478733353581
production-topology1-1-1478731234,0.9161324786324787,1.0500521455167293,0.0,920,540,1478733363870
production-topology1-1-1478731234,1.2687147520074769,1.0590093039169786,0.0,880,600,1478733374112
production-topology1-1-1478731234,0.9738618395388247,1.0581380319016058,0.0,1220,740,1478733384350
production-topology1-1-1478731234,1.3150955833882663,1.0358687821171122,0.0,880,600,1478733394625
production-topology1-1-1478731234,0.6984150242003045,1.0269340263989453,0.0,1240,760,1478733404915
production-topology1-1-1478731234,1.5302583822454199,1.0500836397902318,0.0,880,640,1478733415219
production-topology1-1-1478731234,0.728177852023162,1.039091083342519,0.0,960,540,1478733425513
production-topology1-1-1478731234,1.0431410899794975,1.044939459024687,0.0,1180,760,1478733435798
production-topology1-1-1478731234,1.147230586122224,1.0440199994016153,0.0,860,600,1478733446074
production-topology1-1-1478731234,0.7117401382634357,1.0302119441549138,0.0,1080,640,1478733456403
production-topology1-1-1478731234,1.3467971618977557,1.0492320748381607,0.0,1020,740,1478733466702
production-topology1-1-1478731234,0.8617014196983142,1.0457890176695783,0.0,920,580,1478733476985
production-topology1-1-1478731234,1.070832450952599,1.0501372020809348,0.0,1180,760,1478733487271
production-topology1-1-1478731234,1.0213208455395955,1.0363957276106857,0.0,920,620,1478733497554
production-topology1-1-1478731234,1.0523076923076924,1.0437617563786656,0.0,1040,720,1478733507868
production-topology1-1-1478731234,0.917419899238081,1.0206688586126949,0.0,1100,600,1478733518158
production-topology1-1-1478731234,0.8893333333333334,1.025798417358043,0.0,860,580,1478733528407
production-topology1-1-1478731234,1.11600924166159,1.0201796107210834,0.0,1100,760,1478733538683
production-topology1-1-1478731234,0.8391439705554447,1.0191171308122167,0.0,980,600,1478733548970
production-topology1-1-1478731234,1.0128733333333335,1.0266076888142561,0.0,1000,580,1478733559290
production-topology1-1-1478731234,1.1815273192652809,1.0165829389703853,0.0,1100,720,1478733569578
production-topology1-1-1478731234,1.0311778294257623,1.0231502709474867,0.0,820,580,1478733579857
production-topology1-1-1478731234,1.1354414639756192,1.0303664875599523,0.0,1240,780,1478733590132
production-topology1-1-1478731234,0.985124966103227,1.0295250420382251,0.0,960,600,1478733600409
production-topology1-1-1478731234,1.2019430608456363,1.0333470650472345,0.0,960,580,1478733610768
production-topology1-1-1478731234,0.6812622691419475,1.0260822975724893,0.0,1120,700,1478733621041
production-topology1-1-1478731234,1.1747631582254991,1.0306401756545742,0.0,800,580,1478733631294
production-topology1-1-1478731234,1.0513709273182958,1.0346010230197564,0.0,1260,780,1478733641555
production-topology1-1-1478731234,0.9097075467123864,1.0264307411484597,0.0,960,580,1478733651837
production-topology1-1-1478731234,1.047615992668118,1.0286813869533533,0.0,1000,640,1478733662254
production-topology1-1-1478731234,1.1091069849690538,1.035113870497906,0.0,1080,720,1478733672523
production-topology1-1-1478731234,0.8710357798310286,1.0218579047586909,0.0,880,580,1478733682791
production-topology1-1-1478731234,1.0244038748137108,1.023542639267854,0.0,1220,760,1478733693062
production-topology1-1-1478731234,1.1369538510193156,1.0176045815222219,0.0,800,560,1478733703350
production-topology1-1-1478731234,1.3135802469135802,1.038110088945998,0.0,1080,600,1478733713659
production-topology1-1-1478731234,0.6640360217206345,1.0092360102618383,0.0,1160,720,1478733723927
production-topology1-1-1478731234,1.3532997614630267,1.0300734072431674,0.0,840,600,1478733734217
production-topology1-1-1478731234,1.2740424985919667,1.0377701208635828,0.0,1260,780,1478733744495
production-topology1-1-1478731234,0.7104413889258592,1.0232104809570373,0.0,820,580,1478733754769
production-topology1-1-1478731234,0.9676065689876501,1.0317393619811779,0.0,1000,620,1478733765142
production-topology1-1-1478731234,1.0432371860174054,1.0216206961184995,0.0,1120,720,1478733775423
production-topology1-1-1478731234,1.080011558772695,1.0288977007543123,0.0,980,580,1478733785715
production-topology1-1-1478731234,1.0343026736469358,1.02768004151079,0.0,1080,800,1478733796005
production-topology1-1-1478731234,1.0835089496791626,1.0297529783154424,0.0,1000,580,1478733806328
production-topology1-1-1478731234,0.8852941344827389,1.0241858597212772,0.0,1180,740,1478733816605
production-topology1-1-1478731234,1.0157404009396418,1.027463209777996,0.0,840,600,1478733826914
production-topology1-1-1478731234,0.98338578999736,1.030598291666797,0.0,880,560,1478733837210
production-topology1-1-1478731234,0.8530149253731344,1.0218318144571816,0.0,1340,780,1478733847503
production-topology1-1-1478731234,1.4876202588771053,1.0434476907345704,0.0,820,560,1478733857793
production-topology1-1-1478731234,0.9753317116320211,1.0421963033445267,0.0,1140,720,1478733868123
production-topology1-1-1478731234,0.8302642711728738,1.0304875350747795,0.0,980,640,1478733878417
production-topology1-1-1478731234,1.0869144568582583,1.032345422655863,0.0,900,580,1478733888702
production-topology1-1-1478731234,1.1036975332640613,1.0312872916321443,0.0,1120,800,1478733898976
production-topology1-1-1478731234,0.8656361953065249,1.0273043326055875,0.0,980,580,1478733909270
production-topology1-1-1478731234,1.0195688926458155,1.0212251936655934,0.0,1040,680,1478733919551
production-topology1-1-1478731234,1.2395982783357242,1.0398363939720527,0.0,1100,700,1478733929830
production-topology1-1-1478731234,0.9209025470653377,1.0313743736000474,0.0,900,580,1478733940101
production-topology1-1-1478731234,0.9086665414305165,1.0266175607371213,0.0,1220,760,1478733950378
production-topology1-1-1478731234,0.9720930232558139,1.0286970766219021,0.0,860,580,1478733960662
production-topology1-1-1478731234,1.1273481543133212,1.031354815343409,0.0,1080,640,1478733970945
production-topology1-1-1478731234,0.9553004818310941,1.026227931905477,0.0,1040,680,1478733981234
production-topology1-1-1478731234,1.275,1.0396934059111094,0.0,900,600,1478733991520
production-topology1-1-1478731234,0.9183046683046683,1.0361567656941413,0.0,1140,760,1478734001869
production-topology1-1-1478731234,1.0110246848598103,1.0319591268221577,0.0,920,580,1478734012144
production-topology1-1-1478731234,1.1191669790104948,1.0254786845587216,0.0,1160,780,1478734022435
production-topology1-1-1478731234,1.0319111732820425,1.0377411896107687,0.0,900,580,1478734032721
production-topology1-1-1478731234,0.8241759844433639,1.02010373037678,0.0,1000,560,1478734043003
production-topology1-1-1478731234,1.1909844796678977,1.0173351297459774,0.0,1180,800,1478734053294
production-topology1-1-1478731234,0.8750042578971191,1.022820558711686,0.0,940,560,1478734063571
production-topology1-1-1478731234,1.1220782274509888,1.0279696139937975,0.0,980,680,1478734073895
production-topology1-1-1478731234,1.055754475703325,1.0283868569833279,0.0,1060,660,1478734084189
production-topology1-1-1478731234,0.7988876529477198,1.0190160601224953,0.0,900,560,1478734094475
production-topology1-1-1478731234,1.1587269013405377,1.023163534378949,0.0,1260,780,1478734104762
production-topology1-1-1478731234,0.8118489583333334,1.0141082013340879,0.0,880,600,1478734115051
production-topology1-1-1478731234,1.1876475796930341,1.0241866495077643,0.0,1120,740,1478734125377
production-topology1-1-1478731234,1.018963438525858,1.0242940840939716,0.0,960,620,1478734135641
production-topology1-1-1478731234,0.9013981734299971,1.021561163541726,0.0,860,540,1478734145916
production-topology1-1-1478731234,1.0012836970474968,1.0265034559308714,0.0,1280,800,1478734156190
production-topology1-1-1478731234,1.0973829771138432,1.013495546538763,0.0,840,620,1478734166478
production-topology1-1-1478731234,0.9906924120692879,1.0140075698866717,0.0,1180,700,1478734176795
production-topology1-1-1478731234,0.9526113195943862,1.0180858048340553,0.0,980,660,1478734187270
production-topology1-1-1478731234,0.9551712578147201,1.0136943648659376,0.0,960,620,1478734197527
production-topology1-1-1478731234,1.2987348459570678,1.0201956086223711,0.0,1080,780,1478734207797
production-topology1-1-1478731234,0.9728246137164543,1.0237685559027023,0.0,1020,540,1478734218084
production-topology1-1-1478731234,1.0337120506612032,1.024239994503215,0.0,1180,780,1478734228339
production-topology1-1-1478731234,0.7549433479532165,1.0080848301571315,0.0,800,580,1478734238615
production-topology1-1-1478731234,1.28412403922608,1.020192213229156,0.0,980,600,1478734248892
production-topology1-1-1478731234,0.8075961063582342,1.0168231987267469,0.0,1220,760,1478734259172
production-topology1-1-1478731234,0.8959255249034932,1.0142842821150029,0.0,860,620,1478734269459
production-topology1-1-1478731234,1.2893668518550345,1.0196849053663932,0.0,1080,680,1478734279787
production-topology1-1-1478731234,1.1340485154445112,1.0256431731535072,0.0,1040,660,1478734290057
production-topology1-1-1478731234,0.7173346366894754,1.007054327709823,0.0,880,600,1478734300294
production-topology1-1-1478731234,1.0044388580388532,1.0099254673676292,0.0,1220,760,1478734310589
production-topology1-1-1478731234,1.0937499999999998,1.0126829778723023,0.0,900,560,1478734320866
production-topology1-1-1478731234,0.8265348761626679,1.0029285744440413,0.0,1000,600,1478734331222
production-topology1-1-1478731234,1.1543278699227848,1.0070091309987328,0.0,1120,780,1478734341518
production-topology1-1-1478731234,1.0697922414487917,1.0151963395655805,0.0,920,540,1478734351800
production-topology1-1-1478731234,1.1320568209900213,1.0132320842763178,0.0,1000,800,1478734362075
production-topology1-1-1478731234,0.9131941861330161,1.0145050818841812,0.0,1040,600,1478734372354
production-topology1-1-1478731234,0.8130287403868578,1.0042034323153766,0.0,1240,720,1478734382773
production-topology1-1-1478731234,1.1034460356617788,1.0057931509806586,0.0,900,600,1478734393050
production-topology1-1-1478731234,1.2695549207906136,1.021482059908755,0.0,860,620,1478734403340
production-topology1-1-1478731234,0.7047114694846043,1.0063482121802239,0.0,1280,720,1478734413613
production-topology1-1-1478731234,0.9933574879227052,1.0123984964998698,0.0,920,600,1478734423893
production-topology1-1-1478731234,1.070855935902232,1.0085054417068426,0.0,900,660,1478734434290
production-topology1-1-1478731234,1.2407713339292288,1.0158990382202884,0.0,1140,720,1478734444558
production-topology1-1-1478731234,0.9651186579378068,1.018023054370549,0.0,940,560,1478734454830
production-topology1-1-1478731234,0.9162655526291891,1.015189116223272,0.0,1200,760,1478734465086
production-topology1-1-1478731234,0.9262517890031697,1.0094847432862495,0.0,900,560,1478734475356
production-topology1-1-1478731234,1.2619777067987745,1.018527586443899,0.0,900,600,1478734485701
production-topology1-1-1478731234,1.1610228578888007,1.0254746377203794,0.0,1180,780,1478734495992
production-topology1-1-1478731234,0.8218415074557317,1.021030312708413,0.0,880,600,1478734506277
production-topology1-1-1478731234,0.9870024691502806,1.0106392334815204,0.0,1240,760,1478734516562
production-topology1-1-1478731234,1.2052122704421873,1.0183854887057113,0.0,940,560,1478734526813
production-topology1-1-1478731234,1.038540420819491,1.018546434377654,0.0,860,580,1478734537105
production-topology1-1-1478731234,0.9124312619011279,1.0237960315092511,0.0,1120,760,1478734547427
production-topology1-1-1478731234,0.2657245253837769,0.9898493810478411,0.0,1020,140,1478734557687
production-topology1-1-1478731234,1.5431632599989595,1.0143682861691987,0.0,1160,1220,1478734568011
production-topology1-1-1478731234,1.3263136209126385,1.0287145560361701,0.0,940,580,1478734578330
production-topology1-1-1478731234,0.688309503784693,1.0086793111004921,0.0,920,560,1478734588666
production-topology1-1-1478731234,1.1398631934032981,1.0088731336991184,0.0,1160,780,1478734599019
production-topology1-1-1478731234,0.9087919604335473,1.0152550444905875,0.0,960,580,1478734609294
production-topology1-1-1478731234,0.8598220826792254,1.0104344853119331,0.0,1200,760,1478734619580
production-topology1-1-1478731234,1.1350552946523256,1.0118113284670107,0.0,820,600,1478734629863
production-topology1-1-1478731234,1.375781756180733,1.030119557800946,0.0,880,580,1478734640228
production-topology1-1-1478731234,0.8714336158192092,1.0206897493308271,0.0,1200,760,1478734650503
production-topology1-1-1478731234,0.8924772036474165,1.0147792480707813,0.0,920,540,1478734660777
production-topology1-1-1478731234,1.1098958166458406,1.0140405479259753,0.0,1200,780,1478734671065
production-topology1-1-1478731234,0.9042916751487251,1.0137437975598325,0.0,880,620,1478734681346
production-topology1-1-1478731234,1.5326591244338046,1.037731477028064,0.0,880,540,1478734691728
production-topology1-1-1478731234,0.890566037735849,1.0306354770971997,0.0,1200,800,1478734702009
production-topology1-1-1478731234,0.8487113776495154,1.0166073589924964,0.0,980,600,1478734712329
production-topology1-1-1478731234,1.2021693630551655,1.0331892887781817,0.0,1180,740,1478734722607
production-topology1-1-1478731234,1.2791417316657698,1.0427154302362838,0.0,800,580,1478734732883
production-topology1-1-1478731234,0.7593165638348364,1.032330784500704,0.0,1000,640,1478734743230
production-topology1-1-1478731234,0.984956854540566,1.0238036351877489,0.0,1160,680,1478734753508
production-topology1-1-1478731234,0.8441496673902567,1.0197713355028304,0.0,920,620,1478734763864
production-topology1-1-1478731234,0.9497237488539003,1.0208866087103206,0.0,1340,740,1478734774151
production-topology1-1-1478731234,1.2906684034077414,1.033033829190473,0.0,740,540,1478734784451
production-topology1-1-1478731234,1.0846560846560847,1.0271231084523835,0.0,1020,640,1478734794810
production-topology1-1-1478731234,0.9236818576560215,1.0192117417779574,0.0,1200,740,1478734805104
production-topology1-1-1478731234,0.8140785738270399,1.0189529773236674,0.0,820,560,1478734815392
production-topology1-1-1478731234,1.3694063181214626,1.0316997722893737,0.0,1260,760,1478734825678
production-topology1-1-1478731234,0.8365384615384616,1.0194106453259162,0.0,880,600,1478734835971
production-topology1-1-1478731234,1.0947882059800669,1.0212855714979352,0.0,860,600,1478734846251
production-topology1-1-1478731234,0.9801742532005693,1.023543671207917,0.0,900,540,1478734856504
production-topology1-1-1478731234,1.0,1.0480195203617908,0.0,0,0,1478734866796
production-topology1-1-1478731234,1.0,1.0299140783618257,0.0,0,0,1478734877077
production-topology1-1-1478731234,1.0,1.0190369576647376,0.0,0,0,1478734881062
production-topology1-1-1478731234,1.0,1.0294266408719144,0.0,0,0,1478734887317
production-topology1-1-1478731234,0.7248011938731096,1.015591240887575,0.0,920,540,1478734897577
production-topology1-1-1478731234,1.634916402917297,1.0397953889703666,0.0,860,580,1478734907869
production-topology1-1-1478731234,0.8918132418132418,1.0408617609415005,0.0,900,580,1478734918150
production-topology1-1-1478731234,0.9463873191087773,1.034572828423382,0.0,1280,740,1478734928410
production-topology1-1-1478731234,1.1589141705069124,1.0273439089009213,0.0,840,580,1478734938689
production-topology1-1-1478731234,0.9478040151990185,1.0298895888802482,0.0,1240,760,1478734948971
production-topology1-1-1478731234,1.2331378299120233,1.0412449430890685,0.0,900,580,1478734959288
production-topology1-1-1478731234,0.7897195716214037,1.030572401588254,0.0,820,540,1478734969579
production-topology1-1-1478731234,1.018811016737585,1.0343897129745494,0.0,1280,860,1478734979841
production-topology1-1-1478731234,1.0092006900517538,1.0169410984951475,0.0,900,560,1478734990111
production-topology1-1-1478731234,1.0055364250963543,1.020773444740498,0.0,980,540,1478735000410
production-topology1-1-1478731234,1.0894620486366986,1.0287984671067372,0.0,1180,840,1478735010763
production-topology1-1-1478731234,0.9954954954954957,1.0219093381880815,0.0,800,520,1478735021058
production-topology1-1-1478731234,0.8122556296145375,1.0063464681197072,0.0,1260,740,1478735031336
production-topology1-1-1478731234,1.5034666993072916,1.0311514726354558,0.0,860,600,1478735041633
production-topology1-1-1478731234,1.0300506575415997,1.032654599402157,0.0,920,580,1478735052005
production-topology1-1-1478731234,0.8798780487804877,1.0338455454484978,0.0,1180,780,1478735062297
production-topology1-1-1478731234,1.2268890780857484,1.043084389756226,0.0,880,600,1478735072581
production-topology1-1-1478731234,1.0157653664302602,1.03392095519031,0.0,1220,780,1478735082869
production-topology1-1-1478731234,1.2435151488880434,1.0392162573313752,0.0,860,560,1478735093151
production-topology1-1-1478731234,0.7352877455843282,1.0329364535956522,0.0,920,560,1478735103523
production-topology1-1-1478731234,1.0345890327457148,1.0402868022262748,0.0,1240,780,1478735113800
production-topology1-1-1478731234,0.9003267973856207,1.0246508182017466,0.0,920,580,1478735124085
production-topology1-1-1478731234,1.0966865255418936,1.0333224203351945,0.0,1200,780,1478735134378
production-topology1-1-1478731234,1.1664829323837265,1.0357122445486497,0.0,820,560,1478735144736
production-topology1-1-1478731234,1.1118747253201033,1.0401022602859675,0.0,980,620,1478735155104
production-topology1-1-1478731234,0.9780919832047649,1.0393719930594598,0.0,1180,740,1478735165378
production-topology1-1-1478731234,1.2342076069967844,1.0471789132926859,0.0,940,620,1478735175669
production-topology1-1-1478731234,0.8448935789975328,1.0420086992592703,0.0,1120,720,1478735186004
production-topology1-1-1478731234,1.1844973208609566,1.0481586099546354,0.0,880,600,1478735196291
production-topology1-1-1478731234,1.0746642421922352,1.059820711565273,0.0,960,600,1478735206624
production-topology1-1-1478731234,0.679516258623982,1.027974040088829,0.0,1220,760,1478735216893
production-topology1-1-1478731234,1.5109684638685048,1.0486125474906711,0.0,880,580,1478735227180
production-topology1-1-1478731234,0.9446977232537577,1.0485562276288372,0.0,1200,740,1478735237448
production-topology1-1-1478731234,0.8295508274231677,1.0375774495260457,0.0,940,580,1478735247718
production-topology1-1-1478731234,1.2752149557560584,1.0484911475446137,0.0,880,580,1478735258086
production-topology1-1-1478731234,0.7698548761077849,1.0330483824178058,0.0,1260,740,1478735268350
production-topology1-1-1478731234,1.8034531352863727,1.066839501206638,0.0,800,600,1478735278628
production-topology1-1-1478731234,0.9463186154109784,1.0644230878290846,0.0,1280,800,1478735288890
production-topology1-1-1478731234,0.8851273148148148,1.06028730865452,0.0,900,540,1478735299166
production-topology1-1-1478731234,0.975016611295681,1.0592699815278308,0.0,900,560,1478735309484
production-topology1-1-1478731234,1.1247667446733662,1.060446804729053,0.0,1200,780,1478735319720
production-topology1-1-1478731234,1.151267618238138,1.0656392088204742,0.0,820,580,1478735329972
production-topology1-1-1478731234,0.7599636094318704,1.0638961414810522,0.0,1280,760,1478735340252
production-topology1-1-1478731234,1.1736124464754552,1.052900999719991,0.0,940,600,1478735350560
production-topology1-1-1478731234,1.0582679934372945,1.0538415775831809,0.0,840,580,1478735360833
production-topology1-1-1478731234,0.8867169312169312,1.0540695403310625,0.0,1260,780,1478735371195
production-topology1-1-1478731234,1.640184595540482,1.0678460575795534,0.0,820,540,1478735381467
production-topology1-1-1478731234,0.8287412656151899,1.0616119208857178,0.0,1260,800,1478735391750
production-topology1-1-1478731234,1.025381776653579,1.0543408084779022,0.0,860,580,1478735401999
production-topology1-1-1478731234,1.1070607074009549,1.0667332405384564,0.0,900,560,1478735412267
production-topology1-1-1478731234,1.051601756045601,1.0673003313151193,0.0,1260,780,1478735422630
production-topology1-1-1478731234,0.9590152640200866,1.0692566135362682,0.0,900,640,1478735432885
production-topology1-1-1478731234,1.1449466415568108,1.0708652840700987,0.0,1200,760,1478735443165
production-topology1-1-1478731234,0.7658509454949946,1.0575108845071413,0.0,900,520,1478735453414
production-topology1-1-1478731234,1.2856756338899196,1.063304248126135,0.0,960,620,1478735463690
production-topology1-1-1478731234,1.1224951728088246,1.0681176877796037,0.0,1120,780,1478735473978
production-topology1-1-1478731234,0.7063649682226759,1.0505229331538002,0.0,920,540,1478735484262
production-topology1-1-1478731234,0.8753398340539958,1.0515378083223488,0.0,1160,780,1478735494559
production-topology1-1-1478731234,1.660079051383399,1.067390532673097,0.0,900,560,1478735504832
production-topology1-1-1478731234,0.956364312906088,1.063447201696892,0.0,980,520,1478735515109
production-topology1-1-1478731234,0.944149789920733,1.072268319406784,0.0,1160,740,1478735525395
production-topology1-1-1478731234,0.7774756039033754,1.047818557407946,0.0,940,620,1478735535741
production-topology1-1-1478731234,1.24483398375024,1.0578230994244955,0.0,1160,720,1478735546069
production-topology1-1-1478731234,1.2588747479044564,1.0721338967738716,0.0,860,560,1478735556355
production-topology1-1-1478731234,0.6685344827586208,1.0519112143406237,0.0,960,560,1478735566645
production-topology1-1-1478731234,1.382324994780651,1.072326884963053,0.0,1120,760,1478735576927
production-topology1-1-1478731234,0.9273504273504274,1.0431234613651879,0.0,960,620,1478735587209
production-topology1-1-1478731234,0.8402921485088253,1.0395892458017826,0.0,1200,780,1478735597480
production-topology1-1-1478731234,1.1929974196140236,1.049851582628423,0.0,900,520,1478735607761
production-topology1-1-1478731234,1.133878064110622,1.0551469643889209,0.0,800,600,1478735618030
production-topology1-1-1478731234,0.8645221445221445,1.0464721443838803,0.0,1300,800,1478735628304
production-topology1-1-1478731234,1.0968316992140021,1.0446576137497423,0.0,860,640,1478735638577
production-topology1-1-1478731234,1.047281764523144,1.0542348855861183,0.0,1160,600,1478735648909
production-topology1-1-1478731234,1.1084557494495382,1.0520629956852543,0.0,980,700,1478735659174
production-topology1-1-1478731234,0.7386133004092954,1.0414078392509876,0.0,860,620,1478735669502
production-topology1-1-1478731234,1.342105263157895,1.0565874503156862,0.0,1220,720,1478735679776
production-topology1-1-1478731234,0.7986820954098569,1.0285373669779987,0.0,920,580,1478735690060
production-topology1-1-1478731234,1.0383932680297152,1.035525767058483,0.0,1020,660,1478735700386
production-topology1-1-1478731234,0.9902455082557997,1.0343545581118903,0.0,1060,660,1478735710659
production-topology1-1-1478731234,0.7335712226066896,1.0219049086187482,0.0,960,580,1478735720924
production-topology1-1-1478731234,1.152281313571636,1.0252608938696162,0.0,1200,800,1478735731206
production-topology1-1-1478731234,0.9909207869194192,1.0263244112995937,0.0,840,520,1478735741622
production-topology1-1-1478731234,1.1010868117851536,1.0248624169738718,0.0,1040,660,1478735751938
production-topology1-1-1478731234,1.0827209356621121,1.0354247499794427,0.0,1060,720,1478735762202
production-topology1-1-1478731234,0.6630326263957815,1.014669983062971,0.0,900,540,1478735772471
production-topology1-1-1478731234,1.0926353715762234,1.013674656355218,0.0,1220,780,1478735782752
production-topology1-1-1478731234,1.3600723025583985,1.0354649008330752,0.0,900,540,1478735793014
production-topology1-1-1478731234,1.0742324196878499,1.0420946536875368,0.0,940,620,1478735803334
production-topology1-1-1478731234,1.0042113970685398,1.0202323985437085,0.0,1160,740,1478735813604
production-topology1-1-1478731234,0.9184392695525447,1.0189682304319236,0.0,820,600,1478735823850
production-topology1-1-1478731234,0.8145522415315434,1.0146483121522842,0.0,1300,680,1478735834109
production-topology1-1-1478731234,1.3596589255818465,1.0340544228748998,0.0,900,600,1478735844376
production-topology1-1-1478731234,0.9892035271345617,1.0255334076543774,0.0,780,560,1478735854747
production-topology1-1-1478731234,1.104062032977189,1.0203729838234683,0.0,1200,740,1478735865057
production-topology1-1-1478731234,1.0712693222354337,1.0337974784726955,0.0,920,620,1478735875338
production-topology1-1-1478731234,1.0034286963805064,1.0211676018593574,0.0,1220,780,1478735885608
production-topology1-1-1478731234,0.8181837148652562,1.017528711443185,0.0,920,540,1478735895876
production-topology1-1-1478731234,1.10104656262505,1.0262205252470593,0.0,900,620,1478735906271
production-topology1-1-1478731234,1.1921742024437785,1.0261930846747176,0.0,1140,800,1478735916523
production-topology1-1-1478731234,0.8104568692396313,1.0154123781790179,0.0,960,540,1478735926792
production-topology1-1-1478731234,1.1423137760616766,1.0246720992303355,0.0,1160,780,1478735937189
production-topology1-1-1478731234,0.7911499915067096,1.0144827089734259,0.0,960,600,1478735947475
production-topology1-1-1478731234,0.9956002514142049,1.0127599918697947,0.0,860,580,1478735957831
production-topology1-1-1478731234,1.0920163718853293,1.0122120126176544,0.0,1200,700,1478735968107
production-topology1-1-1478731234,0.9081612869274276,1.0178636121682587,0.0,820,620,1478735978383
production-topology1-1-1478731234,1.103248066185609,1.009901705602516,0.0,1280,760,1478735988678
production-topology1-1-1478731234,0.9208151983255446,1.0139728090330389,0.0,860,560,1478735998961
production-topology1-1-1478731234,1.1055343427693658,1.0162108448576939,0.0,1000,560,1478736009316
production-topology1-1-1478731234,0.9245482337650236,1.0140209357080012,0.0,1080,760,1478736019601
production-topology1-1-1478731234,0.9462450592885375,1.0211100635973962,0.0,900,580,1478736029883
production-topology1-1-1478731234,0.8488261593758215,1.0109948917908693,0.0,1220,820,1478736040171
production-topology1-1-1478731234,1.4789308426073131,1.027261893647132,0.0,960,540,1478736050443
production-topology1-1-1478731234,0.8867787881226362,1.0201182928583816,0.0,860,600,1478736060737
production-topology1-1-1478731234,0.9246504157218441,1.0148492755270395,0.0,1180,740,1478736071098
production-topology1-1-1478731234,1.3407781407781405,1.037440792673118,0.0,1000,600,1478736081386
production-topology1-1-1478731234,0.6401535881325363,1.0223580665583285,0.0,1240,780,1478736091658
production-topology1-1-1478731234,1.7017562540818356,1.0337475316091098,0.0,780,580,1478736101948
production-topology1-1-1478731234,0.9193652339490254,1.0285852920844822,0.0,920,600,1478736112364
production-topology1-1-1478731234,0.9873869972392136,1.028024478756838,0.0,1160,760,1478736122700
production-topology1-1-1478731234,1.067777777777778,1.0330024290310125,0.0,920,620,1478736132991
production-topology1-1-1478731234,1.1306289607636408,1.0435383196720822,0.0,1320,740,1478736143279
production-topology1-1-1478731234,0.7385596859281068,1.0228350116836242,0.0,780,600,1478736153609
production-topology1-1-1478731234,1.1593055939766428,1.0285050805783602,0.0,1220,720,1478736163896
production-topology1-1-1478731234,0.8736662334695344,1.0208252205947719,0.0,940,600,1478736174155
production-topology1-1-1478731234,1.0175286669851886,1.0190338654197637,0.0,960,600,1478736184408
production-topology1-1-1478731234,1.0548844231565828,1.0207490563122996,0.0,1160,740,1478736194675
production-topology1-1-1478731234,1.2566649332057147,1.035365096923648,0.0,880,580,1478736204948
production-topology1-1-1478731234,0.8992761904761903,1.0286394178520195,0.0,900,640,1478736215319
production-topology1-1-1478731234,0.9279114507358439,1.0198306594617552,0.0,1240,800,1478736225614
production-topology1-1-1478731234,0.9793096076620981,1.0254590840758375,0.0,900,600,1478736235890
production-topology1-1-1478731234,1.052380672306927,1.022461313950679,0.0,1240,780,1478736246154
production-topology1-1-1478731234,1.0337227647006406,1.0305470730571435,0.0,860,560,1478736256436
production-topology1-1-1478731234,0.9206056616194865,1.0280472533973195,0.0,980,560,1478736266712
production-topology1-1-1478731234,0.8370689059368305,1.0195490045323696,0.0,1040,760,1478736277086
production-topology1-1-1478731234,0.8324905336370264,1.0170266460893562,0.0,1080,580,1478736287351
production-topology1-1-1478731234,1.2003824764163014,1.0202644597637127,0.0,1080,760,1478736297627
production-topology1-1-1478731234,0.9398309001657529,1.0208983164917196,0.0,920,580,1478736307891
production-topology1-1-1478731234,1.4525691699604744,1.0324661440647565,0.0,920,640,1478736318306
production-topology1-1-1478731234,1.1202876219825368,1.0389907903386737,0.0,1240,820,1478736328663
production-topology1-1-1478731234,0.9149094831958559,1.0379462711355842,0.0,880,580,1478736338929
production-topology1-1-1478731234,0.8791208791208791,1.0389560951270862,0.0,1260,720,1478736349210
production-topology1-1-1478731234,0.9892371738055975,1.0226329728336958,0.0,880,600,1478736359499
production-topology1-1-1478731234,1.2253693886758403,1.0339193261854691,0.0,900,560,1478736369827
production-topology1-1-1478731234,1.1204828310091466,1.0404470733617124,0.0,1180,800,1478736380167
production-topology1-1-1478731234,0.9217908023916734,1.02648082874883,0.0,900,600,1478736390433
production-topology1-1-1478731234,1.0519046059115744,1.040205862674798,0.0,1140,760,1478736400687
production-topology1-1-1478731234,0.9204295337824318,1.0141616386648178,0.0,980,560,1478736410965
production-topology1-1-1478731234,0.9870740305522916,1.0164185985515932,0.0,900,580,1478736421235
production-topology1-1-1478731234,1.0234345097431603,1.017620182301725,0.0,1140,740,1478736431600
production-topology1-1-1478731234,0.8755800717975658,1.0112135921023844,0.0,940,500,1478736441866
production-topology1-1-1478731234,1.2875180024087118,1.016443226823887,0.0,1140,800,1478736452143
production-topology1-1-1478731234,0.7938437141027336,1.018286027763041,0.0,940,560,1478736462437
production-topology1-1-1478731234,1.2114635364635362,1.0200246258459376,0.0,920,620,1478736472692
production-topology1-1-1478731234,0.8572818063395571,1.0194784782749384,0.0,1120,740,1478736483058
production-topology1-1-1478731234,1.3086379085750224,1.0291821196612663,0.0,980,600,1478736493304
production-topology1-1-1478731234,0.9060810527326651,1.0242220073138022,0.0,1200,760,1478736503634
production-topology1-1-1478731234,1.1515834885773115,1.0207192924928554,0.0,940,600,1478736513959
production-topology1-1-1478731234,1.0147058823529413,1.0245669488887474,0.0,800,540,1478736524338
production-topology1-1-1478731234,1.0557184750733137,1.0288271830333295,0.0,1240,720,1478736534627
production-topology1-1-1478731234,0.7528971389201937,1.0212801007419328,0.0,980,600,1478736544911
production-topology1-1-1478731234,1.0725415512465375,1.0219521300399197,0.0,1120,780,1478736555175
production-topology1-1-1478731234,1.1842144268774704,1.0269685187791473,0.0,920,580,1478736565461
production-topology1-1-1478731234,0.7425383713629576,1.021032942437263,0.0,880,580,1478736575777
production-topology1-1-1478731234,0.9721186548100658,1.0255346007330377,0.0,1260,820,1478736586144
production-topology1-1-1478731234,1.4322721897086867,1.045527322602093,0.0,880,520,1478736596405
production-topology1-1-1478731234,0.8749744309049997,1.0346803877517161,0.0,1120,780,1478736606673
production-topology1-1-1478731234,1.0080084286204847,1.0369529720335406,0.0,980,520,1478736616932
production-topology1-1-1478731234,0.8706026299055232,1.0175540873650422,0.0,960,600,1478736627275
production-topology1-1-1478731234,1.1945672292092981,1.020030074272601,0.0,1220,760,1478736637586
production-topology1-1-1478731234,0.8215300951674699,1.0169174280049882,0.0,840,560,1478736647847
production-topology1-1-1478731234,1.2729751204351758,1.0300459027154647,0.0,1220,760,1478736658026
production-topology1-1-1478731234,0.4340277777777779,1.0115389228478708,0.0,120,100,1478736668272
production-topology1-1-1478731234,1.0,1.0040266098920094,0.0,0,0,1478736678550
production-topology1-1-1478731234,1.0,1.0000105155250378,0.0,0,0,1478736688559
production-topology1-1-1478731234,1.0,1.0026174887786488,0.0,0,0,1478736689028
production-topology1-1-1478731234,2.9206493703535124,1.0649089809267132,0.0,260,200,1478736699311
production-topology1-1-1478731234,0.7225898354930612,1.0583143243170674,0.0,920,600,1478736709583
production-topology1-1-1478731234,0.8364832535885168,1.0532946317516085,0.0,920,540,1478736719927
production-topology1-1-1478731234,1.3488843813387423,1.0641429608047945,0.0,1160,800,1478736730202
production-topology1-1-1478731234,0.9277168430038545,1.0658808531783375,0.0,960,560,1478736740478
production-topology1-1-1478731234,1.1712175412409602,1.0620041711394124,0.0,1220,740,1478736750759
production-topology1-1-1478731234,1.0285427757427756,1.0698274731940807,0.0,900,580,1478736761048
production-topology1-1-1478731234,1.200334129086566,1.0694564929481816,0.0,880,620,1478736771328
production-topology1-1-1478731234,0.7903473248873637,1.0672253435664416,0.0,1200,800,1478736781617
production-topology1-1-1478731234,0.9727851415442533,1.0560302513320827,0.0,920,560,1478736791910
production-topology1-1-1478731234,1.2958580382580382,1.069022817516262,0.0,1200,760,1478736802148
production-topology1-1-1478731234,1.1728605971404542,1.0697320544683666,0.0,820,540,1478736812435
production-topology1-1-1478731234,0.932939698929217,1.0670065150209092,0.0,1000,580,1478736822721
production-topology1-1-1478731234,0.8047572770604839,1.0586411417538146,0.0,1200,740,1478736833003
production-topology1-1-1478731234,1.2207653985507247,1.0742367504081656,0.0,900,620,1478736843265
production-topology1-1-1478731234,1.0055219060433789,1.0720027622347272,0.0,940,580,1478736853615
production-topology1-1-1478731234,0.8865879104198775,1.0620818783528074,0.0,1200,760,1478736863885
production-topology1-1-1478731234,1.0947111416164226,1.0738209706945896,0.0,860,600,1478736874153
production-topology1-1-1478731234,0.9433983091751923,1.0728636258400936,0.0,1240,760,1478736884430
production-topology1-1-1478731234,1.0737033226411667,1.0609113302711763,0.0,820,560,1478736894764
production-topology1-1-1478731234,0.9780084857715681,1.0643457987667289,0.0,960,600,1478736905041
production-topology1-1-1478731234,1.0912124086915937,1.0671192647690992,0.0,1180,800,1478736915405
production-topology1-1-1478731234,1.1200026504108134,1.0754325987859419,0.0,1000,600,1478736925686
production-topology1-1-1478731234,0.9123654601024619,1.0660258731490473,0.0,1140,780,1478736935968
production-topology1-1-1478731234,0.8872267029158526,1.0682157600739932,0.0,880,540,1478736946243
production-topology1-1-1478731234,0.8677248116988729,1.05470741644945,0.0,960,580,1478736956517
production-topology1-1-1478731234,1.3397301939309132,1.084897496987888,0.0,1080,780,1478736966780
production-topology1-1-1478731234,0.8807163798089387,1.0809213763148524,0.0,980,560,1478736977034
production-topology1-1-1478731234,0.9979854182215874,1.0808542235889054,0.0,1180,740,1478736987342
production-topology1-1-1478731234,1.0985276592472992,1.0841384788971486,0.0,960,640,1478736997622
production-topology1-1-1478731234,0.796111193150045,1.013320539657033,0.0,940,580,1478737007867
production-topology1-1-1478731234,1.2032867802393334,1.0293437711485756,0.0,1140,740,1478737018142
production-topology1-1-1478731234,1.1006304184679032,1.0381486766445551,0.0,920,540,1478737028416
production-topology1-1-1478731234,0.7825107584722969,1.0192695558823404,0.0,880,580,1478737038755
production-topology1-1-1478731234,1.1414899931948872,1.0263953275553748,0.0,1160,800,1478737049039
production-topology1-1-1478731234,0.8320215517241379,1.0150887945714808,0.0,1000,540,1478737059325
production-topology1-1-1478731234,1.0915800865800864,1.0171900382660577,0.0,1200,780,1478737069600
production-topology1-1-1478731234,1.1583685191300654,1.0157911846008412,0.0,880,580,1478737079881
production-topology1-1-1478731234,1.1680478240467393,1.028381201239487,0.0,940,600,1478737090255
production-topology1-1-1478731234,0.7799195813539533,1.0219523492331437,0.0,1240,660,1478737100575
production-topology1-1-1478731234,1.2715674513920128,1.0211426630042761,0.0,840,580,1478737110842
production-topology1-1-1478731234,0.8939002135662374,1.0118439835518023,0.0,1220,780,1478737121118
production-topology1-1-1478731234,0.9222972972972974,1.0114892368307382,0.0,860,560,1478737131399
production-topology1-1-1478731234,1.1539297918608262,1.0231283206574164,0.0,960,620,1478737141740
production-topology1-1-1478731234,0.7549102177022086,1.0075998146291325,0.0,1160,680,1478737152010
production-topology1-1-1478731234,1.3865440430735598,1.0203005525301385,0.0,860,620,1478737162281
production-topology1-1-1478731234,1.0481006428046205,1.0256843102762965,0.0,1280,760,1478737172598
production-topology1-1-1478731234,1.171265929017867,1.0282361365230115,0.0,860,600,1478737182854
production-topology1-1-1478731234,0.8179129014090223,1.0240532895974723,0.0,960,620,1478737193148
production-topology1-1-1478731234,1.0315151515151515,1.0226470172266051,0.0,1140,740,1478737203407
production-topology1-1-1478731234,1.1459849514456697,1.0282462327490751,0.0,880,520,1478737213690
production-topology1-1-1478731234,0.8798963133640554,1.021202362904824,0.0,1240,780,1478737223961
production-topology1-1-1478731234,0.9844444746746175,1.0166837570469507,0.0,840,600,1478737234231
production-topology1-1-1478731234,1.001636661211129,1.0196594637505727,0.0,1040,600,1478737244574
production-topology1-1-1478731234,1.1977277198845278,1.0300094976495289,0.0,1080,760,1478737254843
production-topology1-1-1478731234,0.7323022442565623,1.0254954120681183,0.0,1000,580,1478737265120
production-topology1-1-1478731234,1.2054207138545707,1.021018429398907,0.0,1140,740,1478737275410
production-topology1-1-1478731234,0.9535300660865014,1.0234455522748258,0.0,920,640,1478737285698
production-topology1-1-1478731234,1.2342241665635232,1.0313201772195568,0.0,980,540,1478737296075
production-topology1-1-1478731234,0.7398534908217006,1.0193643716053704,0.0,1060,740,1478737306363
production-topology1-1-1478731234,1.3959471702386679,1.0393589041749913,0.0,880,600,1478737316646
production-topology1-1-1478731234,0.9770240803200251,1.031816814177681,0.0,1220,780,1478737326930
production-topology1-1-1478731234,1.1141217182106624,1.032266524169106,0.0,860,560,1478737337224
production-topology1-1-1478731234,0.9524602332979852,1.0379315066632957,0.0,1000,620,1478737347512
production-topology1-1-1478731234,0.7509968524043944,1.024915068636946,0.0,1160,780,1478737357853
production-topology1-1-1478731234,1.3334109011930904,1.0416280469525776,0.0,820,560,1478737368117
production-topology1-1-1478731234,0.9878958944281523,1.03817190721418,0.0,1240,800,1478737378405
production-topology1-1-1478731234,1.1675989393899386,1.038479587889509,0.0,900,600,1478737388673
production-topology1-1-1478731234,0.8449031786627693,1.0277080997100434,0.0,960,620,1478737399016
production-topology1-1-1478731234,1.1482633645424343,1.039986225816326,0.0,1200,720,1478737409318
production-topology1-1-1478731234,0.8154845570386111,1.0247834626712125,0.0,880,560,1478737419602
production-topology1-1-1478731234,1.0976505784936479,1.0315751415021264,0.0,1140,740,1478737429873
production-topology1-1-1478731234,0.995834412501079,1.0340263786755857,0.0,900,580,1478737440167
production-topology1-1-1478731234,0.9118399874581942,1.0259567185288312,0.0,1040,660,1478737450476
production-topology1-1-1478731234,0.9542211895153072,1.0326004175892678,0.0,1040,700,1478737460749
production-topology1-1-1478731234,1.3787552521008406,1.0323407912235105,0.0,900,580,1478737471008
production-topology1-1-1478731234,0.9373308245857265,1.0286484639495475,0.0,1200,760,1478737481338
production-topology1-1-1478731234,1.0461688181583997,1.024478560254232,0.0,920,600,1478737491604
production-topology1-1-1478731234,0.7699186812565816,1.0228787529158172,0.0,1220,680,1478737501911
production-topology1-1-1478731234,1.4475015311510881,1.0367449655703485,0.0,860,620,1478737512190
production-topology1-1-1478731234,1.1018589338901839,1.035274098318499,0.0,900,580,1478737522467
production-topology1-1-1478731234,0.970907005577679,1.038307788058953,0.0,1220,780,1478737532745
production-topology1-1-1478731234,0.8801982331394097,1.034832913341113,0.0,980,580,1478737543024
production-topology1-1-1478731234,0.997438773289586,1.034692983743728,0.0,960,600,1478737553383
production-topology1-1-1478731234,0.9218224565403249,1.0254961416322546,0.0,1160,680,1478737563638
production-topology1-1-1478731234,1.1997108568585997,1.041076428718989,0.0,800,640,1478737573921
production-topology1-1-1478731234,0.9405506291547958,1.0322474258956633,0.0,1260,740,1478737584201
production-topology1-1-1478731234,1.0060058728032435,1.033996619452888,0.0,920,600,1478737594496
production-topology1-1-1478731234,0.8849425176959114,1.0223538978239677,0.0,1080,680,1478737604830
production-topology1-1-1478731234,1.3348912320699153,1.0421884891989082,0.0,960,640,1478737615091
production-topology1-1-1478731234,0.707049707049707,1.0192252404259425,0.0,960,580,1478737625352
production-topology1-1-1478731234,1.3021762766554437,1.0300636469704567,0.0,1200,760,1478737635640
production-topology1-1-1478731234,0.8007889546351086,1.0196192215179383,0.0,860,580,1478737645973
production-topology1-1-1478731234,1.2643569055529182,1.0300157772597696,0.0,1140,720,1478737656286
production-topology1-1-1478731234,0.6794307266009849,1.027630239732989,0.0,1000,560,1478737666541
production-topology1-1-1478731234,1.177396483267158,1.0224297591354583,0.0,820,580,1478737676970
production-topology1-1-1478731234,1.3051810994668136,1.033005932636747,0.0,1220,800,1478737687263
production-topology1-1-1478731234,0.786475007394262,1.0203018015702243,0.0,980,560,1478737697554
production-topology1-1-1478731234,1.2312745381454464,1.0331808468863135,0.0,1180,800,1478737707819
production-topology1-1-1478731234,0.8814764780673873,1.0242879506704785,0.0,880,580,1478737718101
production-topology1-1-1478731234,1.0586419753086418,1.0323931979461463,0.0,900,560,1478737728375
production-topology1-1-1478731234,0.9271936440410883,1.026711300131061,0.0,1140,780,1478737738641
production-topology1-1-1478731234,1.0673025732031942,1.0290935721544647,0.0,980,540,1478737748911
production-topology1-1-1478731234,1.1171864972404058,1.035938455813872,0.0,1060,640,1478737759220
production-topology1-1-1478731234,0.7538893188854489,1.0292607267928766,0.0,1020,700,1478737769489
production-topology1-1-1478731234,1.5157571353065538,1.0338274562330672,0.0,860,560,1478737779754
production-topology1-1-1478731234,0.9518859206989246,1.0343126261035072,0.0,1220,780,1478737790036
production-topology1-1-1478731234,0.6760596546310832,1.02197565398593,0.0,980,560,1478737800304
production-topology1-1-1478731234,1.5985149280668283,1.0495955288796046,0.0,860,620,1478737810623
production-topology1-1-1478731234,0.9762558144330208,1.0338873383223357,0.0,1240,740,1478737820885
production-topology1-1-1478731234,0.9409061479644917,1.028522245458146,0.0,860,580,1478737831172
production-topology1-1-1478731234,1.2800468727520398,1.0388269076972911,0.0,1140,760,1478737841442
production-topology1-1-1478731234,0.6372026287943298,1.0307270542191218,0.0,960,600,1478737851737
production-topology1-1-1478731234,1.0477185649599443,1.0324030472748005,0.0,900,600,1478737862106
production-topology1-1-1478731234,1.2066849715404053,1.0418984644414697,0.0,1180,760,1478737872404
production-topology1-1-1478731234,1.0751910531220876,1.0377478043169193,0.0,840,540,1478737882670
production-topology1-1-1478731234,0.9004443129290127,1.0364109271093933,0.0,1300,740,1478737892949
production-topology1-1-1478731234,1.2310140307263069,1.0439111990401622,0.0,800,620,1478737903211
production-topology1-1-1478731234,0.6864994307105766,1.0372964294739841,0.0,1040,620,1478737913548
production-topology1-1-1478731234,1.1929425338291684,1.0325648061992925,0.0,1080,720,1478737923824
production-topology1-1-1478731234,0.8610763633184364,1.0376990280749168,0.0,840,620,1478737934106
production-topology1-1-1478731234,1.0305839726231214,1.0286459512738393,0.0,1300,720,1478737944374
production-topology1-1-1478731234,1.027173913043478,1.0361921165541184,0.0,760,560,1478737954631
production-topology1-1-1478731234,1.718615802496183,1.0513340797855606,0.0,1060,600,1478737964988
production-topology1-1-1478731234,1.181682174785623,1.0680757947250483,0.0,1080,700,1478737975261
production-topology1-1-1478731234,0.7900960626674913,1.0551657807050598,0.0,880,640,1478737985525
production-topology1-1-1478731234,0.8224351816799225,1.0390742501121635,0.0,1300,800,1478737995832
production-topology1-1-1478731234,1.2505492444539708,1.0545433913474869,0.0,860,580,1478738006113
production-topology1-1-1478731234,0.7697996891734448,1.0391608963817538,0.0,1000,600,1478738016449
production-topology1-1-1478731234,1.1219296559677105,1.0471760023117644,0.0,1100,720,1478738026723
production-topology1-1-1478731234,0.9784223422853741,1.0445020145443222,0.0,940,580,1478738037000
production-topology1-1-1478731234,1.1759915248912987,1.0527952772393292,0.0,1180,760,1478738047274
production-topology1-1-1478731234,0.9529062967496257,1.0489820680242101,0.0,860,560,1478738057547
production-topology1-1-1478731234,0.705310347409404,1.0352528630298434,0.0,1120,620,1478738067945
production-topology1-1-1478731234,1.3988122432866406,1.0567502938432165,0.0,920,660,1478738078210
production-topology1-1-1478731234,0.9509369256067934,1.0379229535198913,0.0,980,620,1478738088493
production-topology1-1-1478731234,1.2075256238859182,1.0464442769594577,0.0,1180,740,1478738098780
production-topology1-1-1478731234,0.8937582050364006,1.0537008953063018,0.0,980,600,1478738109031
production-topology1-1-1478731234,1.0593676767582065,1.035729320262681,0.0,880,640,1478738119341
production-topology1-1-1478731234,0.8953615871073032,1.0330328460184903,0.0,1120,700,1478738129617
production-topology1-1-1478731234,1.13265306122449,1.0394244097938237,0.0,940,600,1478738139896
production-topology1-1-1478731234,0.9127198187506744,1.027180174660445,0.0,1180,780,1478738150181
production-topology1-1-1478731234,0.9705309288675502,1.0382911179962189,0.0,920,540,1478738160434
production-topology1-1-1478731234,1.1197290322580644,1.0406914669061562,0.0,1000,660,1478738170758
production-topology1-1-1478731234,0.7620844182528445,1.0258714484632374,0.0,1160,680,1478738181042
production-topology1-1-1478731234,1.1121516164994427,1.0271034672424826,0.0,900,560,1478738191325
production-topology1-1-1478731234,1.1919002648194061,1.036818665638829,0.0,1080,820,1478738201593
production-topology1-1-1478731234,0.8397061485836247,1.0237750695674062,0.0,940,540,1478738211870
production-topology1-1-1478731234,0.9325912183055041,1.0319781291539036,0.0,1000,580,1478738222187
production-topology1-1-1478731234,0.9522706165991102,1.0239557319129018,0.0,1200,820,1478738232442
production-topology1-1-1478731234,1.2214250868582244,1.0359673560308948,0.0,820,540,1478738242677
production-topology1-1-1478731234,1.16553912580197,1.0404658611368565,0.0,1220,820,1478738253020
production-topology1-1-1478731234,0.7373188142418913,1.0308040245101369,0.0,780,540,1478738263398
production-topology1-1-1478731234,1.6551879736748436,1.0286897635494257,0.0,1020,640,1478738273710
production-topology1-1-1478731234,0.9697865160050032,1.021626574923405,0.0,1120,760,1478738283980
production-topology1-1-1478731234,0.9460334387020604,1.0268244874578905,0.0,880,540,1478738294275
production-topology1-1-1478731234,0.9781311005009761,1.0320143514185924,0.0,1200,760,1478738304553
production-topology1-1-1478731234,0.8704397700408336,1.0193440356048211,0.0,940,560,1478738314835
production-topology1-1-1478731234,0.8445495271279244,1.0218356968699702,0.0,980,620,1478738325197
production-topology1-1-1478731234,0.7754408201304753,1.0102860690087294,0.0,1140,680,1478738335483
production-topology1-1-1478731234,1.999150406244002,1.0443103378073502,0.0,880,600,1478738345756
production-topology1-1-1478731234,0.9265317477477476,1.0359950119025652,0.0,1200,720,1478738356037
production-topology1-1-1478731234,0.9257587332453643,1.03509009311909,0.0,980,620,1478738366331
production-topology1-1-1478731234,1.2965976979717333,1.0547996714711674,0.0,920,720,1478738376636
production-topology1-1-1478731234,0.7054438068391558,1.0316873902562513,0.0,1100,580,1478738386976
production-topology1-1-1478731234,1.3949373737373734,1.0464874051939372,0.0,960,620,1478738397266
production-topology1-1-1478731234,0.9569293008286587,1.038134194425362,0.0,1180,720,1478738407542
production-topology1-1-1478731234,0.9258885826742248,1.0392052070132896,0.0,900,560,1478738417839
production-topology1-1-1478731234,0.9233843440664465,1.0346724292568976,0.0,1080,700,1478738428145
production-topology1-1-1478731234,1.1176706977667472,1.0420827329455458,0.0,980,640,1478738438405
production-topology1-1-1478731234,1.0162937542896362,1.0382040893810505,0.0,940,540,1478738448719
production-topology1-1-1478731234,0.9770353219378068,1.040347939487288,0.0,1240,780,1478738459043
