production-topology1-1-1478226788,0.0,0.0,0.0,0,0,1478226789075
production-topology1-1-1478226788,0.0,0.0,0.0,0,0,1478226794106
production-topology1-1-1478226788,0.8965704819128154,0.2988568273042718,0.0,1220,760,1478226804795
production-topology1-1-1478226788,1.0294450362465708,0.4815038795398465,0.0,2400,1520,1478226815361
production-topology1-1-1478226788,1.1197051501262696,0.609144133657131,0.0,1760,1160,1478226825891
production-topology1-1-1478226788,0.9482855853823596,0.6656677089446692,0.0,2480,1580,1478226836473
production-topology1-1-1478226788,0.8373358342023629,0.6901917268386254,0.0,1820,1180,1478226846970
production-topology1-1-1478226788,1.3016714497648547,0.766626692204404,0.0,2280,1540,1478226857459
production-topology1-1-1478226788,0.9551081537707176,0.7875690768228834,0.0,1880,1180,1478226867924
production-topology1-1-1478226788,1.0336793499228396,0.8121801041328791,0.0,2380,1600,1478226878445
production-topology1-1-1478226788,0.9259658553875235,0.8225242633378468,0.0,1840,1060,1478226888873
production-topology1-1-1478226788,0.907362423151897,0.8295941099890176,0.0,1900,1240,1478226899399
production-topology1-1-1478226788,1.0610079575596816,0.847395175186761,0.0,2300,1500,1478226909827
production-topology1-1-1478226788,1.120480294303009,0.8669012551236358,0.0,1800,1180,1478226920255
production-topology1-1-1478226788,0.845816926298314,0.8654956332019477,0.0,2460,1520,1478226930754
production-topology1-1-1478226788,1.137994170266255,0.8825267917684669,0.0,1700,1200,1478226941183
production-topology1-1-1478226788,1.0735668233629263,0.8937644406857881,0.0,2460,1440,1478226951618
production-topology1-1-1478226788,0.824238718869626,0.88990190058489,0.0,1860,1140,1478226962026
production-topology1-1-1478226788,1.0400458904554346,0.8978042158412345,0.0,2340,1520,1478226972422
production-topology1-1-1478226788,0.9901046461570988,0.9024192373570278,0.0,1840,1160,1478226982806
production-topology1-1-1478226788,1.0425192012288786,0.9090906642080683,0.0,2000,1240,1478226993216
production-topology1-1-1478226788,0.9713958129969077,0.9119227164257427,0.0,2220,1460,1478227003655
production-topology1-1-1478226788,1.1869669353016492,0.9238811607246952,0.0,1800,1140,1478227014071
production-topology1-1-1478226788,0.959315134952286,0.9253575763175115,0.0,2360,1500,1478227024429
production-topology1-1-1478226788,0.9005908742750849,0.9243669082358145,0.0,1920,1200,1478227034807
production-topology1-1-1478226788,0.9704636060874757,0.926139858153186,0.0,2340,1500,1478227045163
production-topology1-1-1478226788,0.9695349131622251,0.9277470824127799,0.0,1760,1180,1478227055533
production-topology1-1-1478226788,1.1435079706186873,0.9354528284201338,0.0,2000,1340,1478227065976
production-topology1-1-1478226788,0.8485703357454788,0.9324568803968698,0.0,2220,1360,1478227076319
production-topology1-1-1478226788,1.176545943867743,0.9405931825125655,0.0,1800,1160,1478227086688
production-topology1-1-1478226788,1.0947368421052632,0.977084410582741,0.0,2400,1560,1478227097064
production-topology1-1-1478226788,0.8584196893148541,1.0056984002265694,0.0,1740,1120,1478227107444
production-topology1-1-1478226788,1.1255411255411256,1.0133307550141797,0.0,2400,1520,1478227117825
production-topology1-1-1478226788,0.9708690515195743,1.0113782221899466,0.0,1880,1120,1478227128197
production-topology1-1-1478226788,1.033693120730705,1.0085111545434278,0.0,1960,1280,1478227138609
production-topology1-1-1478226788,0.9454961145427118,1.0084181721821064,0.0,2200,1420,1478227149041
production-topology1-1-1478226788,1.1786464168921196,1.0197951916050982,0.0,1840,1160,1478227159396
production-topology1-1-1478226788,0.8221618494453574,1.003811538261115,0.0,2400,1520,1478227169729
production-topology1-1-1478226788,1.0177892677652838,1.0059009087276007,0.0,1860,1180,1478227180080
production-topology1-1-1478226788,0.973598136855753,1.0038982016253646,0.0,2380,1620,1478227190437
production-topology1-1-1478226788,1.1555292106013109,1.0115503134658241,0.0,1740,1140,1478227200807
production-topology1-1-1478226788,0.8868080939396753,1.0108651691587498,0.0,1980,1240,1478227211245
production-topology1-1-1478226788,1.1654256180162994,1.0143457578406374,0.0,2240,1460,1478227221622
production-topology1-1-1478226788,0.846807970369471,1.0052233470428527,0.0,1720,1140,1478227232037
production-topology1-1-1478226788,1.0174863387978141,1.010945660792836,0.0,2440,1520,1478227242419
production-topology1-1-1478226788,0.9717986488932931,1.005405810080404,0.0,1880,1160,1478227252792
production-topology1-1-1478226788,1.0209354865701614,1.0036514321873118,0.0,2380,1520,1478227263167
production-topology1-1-1478226788,1.0242241079898609,1.010317611824653,0.0,1820,1180,1478227273548
production-topology1-1-1478226788,1.1160730060223791,1.0128518490102176,0.0,1960,1320,1478227283974
production-topology1-1-1478226788,0.8860094825781355,1.0093820102242523,0.0,2220,1380,1478227294419
production-topology1-1-1478226788,1.0150050338052228,1.0084648713101305,0.0,1740,1140,1478227304870
production-topology1-1-1478226788,0.8671679756863866,1.0049906100664463,0.0,2440,1580,1478227315253
production-topology1-1-1478226788,1.1681844745692571,1.0043645280420332,0.0,1780,1180,1478227325626
production-topology1-1-1478226788,0.9808114514102133,1.0050810719239642,0.0,2480,1460,1478227335986
production-topology1-1-1478226788,1.1425858521918024,1.0131475711878548,0.0,1760,1200,1478227346344
production-topology1-1-1478226788,0.9058594112730985,1.0109940980273755,0.0,2200,1340,1478227356735
production-topology1-1-1478226788,1.0730555702480267,1.0144447865969022,0.0,2020,1260,1478227367101
production-topology1-1-1478226788,1.035236349952434,1.0108357325746937,0.0,1720,1160,1478227377528
production-topology1-1-1478226788,0.916197616366051,1.0130899752620461,0.0,2480,1560,1478227387992
production-topology1-1-1478226788,1.2281892486919255,1.0148114187561856,0.0,1760,1200,1478227398337
production-topology1-1-1478226788,0.8481695122153687,1.0065925077598556,0.0,2440,1540,1478227408704
production-topology1-1-1478226788,1.1544606768288461,1.0164605406769889,0.0,1780,1160,1478227419077
production-topology1-1-1478226788,1.0957843876553552,1.01546864941413,0.0,2440,1520,1478227429443
production-topology1-1-1478226788,0.9120063647593325,1.0135065598554553,0.0,1740,1140,1478227439876
production-topology1-1-1478226788,1.048344680853224,1.0139949451928725,0.0,1840,1200,1478227450241
production-topology1-1-1478226788,1.0009270264373387,1.0158426422560265,0.0,2420,1540,1478227460680
production-topology1-1-1478226788,0.9354965997862316,1.007737648352497,0.0,1760,1120,1478227471051
production-topology1-1-1478226788,0.9994330216444197,1.0136466874257992,0.0,2480,1580,1478227481421
production-topology1-1-1478226788,0.9709985694161087,1.0120869974808264,0.0,1800,1200,1478227491744
production-topology1-1-1478226788,1.0353467061415267,1.014145283123686,0.0,1780,1140,1478227502191
production-topology1-1-1478226788,1.0829279985984308,1.0117252427235897,0.0,2360,1560,1478227512552
production-topology1-1-1478226788,1.0208624456410598,1.016193721113636,0.0,1860,1220,1478227522908
production-topology1-1-1478226788,0.9382848556402275,1.008622362367767,0.0,2400,1500,1478227533254
production-topology1-1-1478226788,1.2253920634746842,1.0212418321379404,0.0,1800,1160,1478227543624
production-topology1-1-1478226788,0.912237696528399,1.0177335440622934,0.0,2400,1460,1478227553989
production-topology1-1-1478226788,1.0124305177900872,1.0190879396921866,0.0,1840,1160,1478227564336
production-topology1-1-1478226788,0.8716170187399411,1.0141106574311791,0.0,1880,1100,1478227574750
production-topology1-1-1478226788,0.897906926950977,1.0099000847298831,0.0,2260,1540,1478227585241
production-topology1-1-1478226788,1.1900530997771621,1.0123660878550427,0.0,1840,1160,1478227595609
production-topology1-1-1478226788,1.098810795137416,1.019459464940352,0.0,2440,1540,1478227605973
production-topology1-1-1478226788,0.8218489480595149,1.0130209287488283,0.0,1780,1160,1478227616311
production-topology1-1-1478226788,1.1487090281919476,1.0224056304990137,0.0,2400,1600,1478227626641
production-topology1-1-1478226788,0.951268115942029,1.0151750852114394,0.0,1780,1180,1478227637000
production-topology1-1-1478226788,1.1026060818154515,1.0192349062249473,0.0,1840,1140,1478227647340
production-topology1-1-1478226788,0.8340878346501973,1.0089516389735604,0.0,2340,1560,1478227657698
production-topology1-1-1478226788,1.2291911912595679,1.0197293649731094,0.0,1840,1160,1478227668043
production-topology1-1-1478226788,0.8728242412284173,1.0130549873391224,0.0,2420,1500,1478227678365
production-topology1-1-1478226788,1.096785102878875,1.0151066124366706,0.0,1780,1160,1478227688723
production-topology1-1-1478226788,1.0324804078934946,1.0189827054875853,0.0,1780,1080,1478227699182
production-topology1-1-1478226788,0.9603796608169491,1.0100557192250859,0.0,2420,1600,1478227709535
production-topology1-1-1478226788,0.9643493320138545,1.0139283798850356,0.0,1880,1220,1478227719895
production-topology1-1-1478226788,1.0844017684443217,1.0115930829388846,0.0,2400,1620,1478227730259
production-topology1-1-1478226788,1.0851423003716123,1.0112383466960932,0.0,1760,1140,1478227740620
production-topology1-1-1478226788,0.8661508633186629,1.0097098299814042,0.0,2440,1500,1478227750954
production-topology1-1-1478226788,0.9772801381822985,1.0073410118923734,0.0,1820,1160,1478227761291
production-topology1-1-1478226788,1.0464531982258591,1.0088585509519907,0.0,1820,1180,1478227771642
production-topology1-1-1478226788,0.9911513683393892,1.0107137099037626,0.0,2400,1600,1478227782005
production-topology1-1-1478226788,1.1043992462934584,1.0142125840587304,0.0,1800,1160,1478227792316
production-topology1-1-1478226788,0.8706163832490542,1.0108665111864952,0.0,2400,1540,1478227802582
production-topology1-1-1478226788,1.0221743833671495,1.010427433760683,0.0,1860,1180,1478227812903
production-topology1-1-1478226788,1.0819851943256342,1.0103960069515894,0.0,1740,1140,1478227823250
production-topology1-1-1478226788,0.9644373580290055,1.0085151706978543,0.0,2360,1480,1478227833601
production-topology1-1-1478226788,0.9608300226996619,1.0092666762665021,0.0,1900,1200,1478227843942
production-topology1-1-1478226788,1.166793158746876,1.007313379442242,0.0,2240,1580,1478227854387
production-topology1-1-1478226788,0.8220258114488272,1.0043063166062565,0.0,1940,1120,1478227864701
production-topology1-1-1478226788,1.09288726638964,1.0069882082262416,0.0,1780,1180,1478227875127
production-topology1-1-1478226788,0.9968891672594541,1.0111639465102253,0.0,2420,1520,1478227885456
production-topology1-1-1478226788,0.91444467267745,1.0117152047011075,0.0,1760,1180,1478227895841
production-topology1-1-1478226788,0.9537029569892473,1.0038368666081772,0.0,2480,1600,1478227906184
production-topology1-1-1478226788,1.037863678917993,1.0018052960675297,0.0,1720,1100,1478227916529
production-topology1-1-1478226788,0.9781770337099043,1.007016232255876,0.0,2480,1600,1478227926886
production-topology1-1-1478226788,1.1318319327731092,1.0064536624085814,0.0,1700,1140,1478227937246
production-topology1-1-1478226788,0.9867622461170847,1.0076368000810834,0.0,1860,1160,1478227947582
production-topology1-1-1478226788,1.0287111571393452,1.005173635925213,0.0,2400,1500,1478227957922
production-topology1-1-1478226788,0.9310235910555705,1.0084048278053923,0.0,1820,1120,1478227968266
production-topology1-1-1478226788,1.0361774464576397,1.0019710363119947,0.0,2400,1600,1478227978597
production-topology1-1-1478226788,0.9036638905888302,1.0029990246240084,0.0,1820,1060,1478227988945
production-topology1-1-1478226788,1.1150911368496252,1.0036092257563667,0.0,1800,1180,1478227999274
production-topology1-1-1478226788,0.9694915254237287,1.001509596340708,0.0,2360,1580,1478228009728
production-topology1-1-1478226788,0.9601385199929122,1.00150155831324,0.0,1840,1160,1478228020064
production-topology1-1-1478226788,1.0244162290329957,1.003503788213878,0.0,2320,1520,1478228030391
production-topology1-1-1478226788,0.9993068368310317,1.000667290493435,0.0,1900,1160,1478228040751
production-topology1-1-1478226788,1.2452634020144273,1.0060046605481954,0.0,2060,1440,1478228051216
production-topology1-1-1478226788,0.9007441688993625,1.0071577707342187,0.0,2160,1300,1478228061555
production-topology1-1-1478226788,0.9524893314366999,1.0063314105093655,0.0,1800,1160,1478228071904
production-topology1-1-1478226788,0.9195450677524027,1.0021011394935837,0.0,2440,1520,1478228082247
production-topology1-1-1478226788,1.0535208619759995,1.004180122614804,0.0,1740,1160,1478228092542
production-topology1-1-1478226788,0.9601619433198381,0.9993722125156833,0.0,2440,1540,1478228102850
production-topology1-1-1478226788,1.1304751613600754,1.0080341717860506,0.0,1740,1140,1478228113142
production-topology1-1-1478226788,0.93548981485094,1.0051446861688436,0.0,1900,1240,1478228123487
production-topology1-1-1478226788,1.1215888192499435,1.0064648069996538,0.0,2380,1580,1478228133832
production-topology1-1-1478226788,0.8433638443935927,1.002429023211807,0.0,1900,1140,1478228144142
production-topology1-1-1478226788,1.0427602186257845,1.0051600297426775,0.0,2360,1560,1478228154526
production-topology1-1-1478226788,1.1612048708360942,1.0049737534789849,0.0,1780,1160,1478228164862
production-topology1-1-1478226788,0.8685212033345415,1.0065235998751754,0.0,1780,1120,1478228175216
production-topology1-1-1478226788,1.1027412663154224,1.006852066539368,0.0,2440,1580,1478228185560
production-topology1-1-1478226788,0.8100458061025453,1.0006239545008044,0.0,1800,1200,1478228195905
production-topology1-1-1478226788,0.9819762079963614,1.0028750056781017,0.0,2460,1560,1478228206242
production-topology1-1-1478226788,0.9622817157565389,1.003160964303678,0.0,1780,1140,1478228216650
production-topology1-1-1478226788,1.1450070389653506,1.00673240963859,0.0,1940,1240,1478228227093
production-topology1-1-1478226788,1.0727307554468046,1.0098842003631534,0.0,2220,1460,1478228237426
production-topology1-1-1478226788,0.9357921414098637,1.003349540651045,0.0,1820,1140,1478228247735
production-topology1-1-1478226788,0.9691532829773599,1.002762575213054,0.0,2440,1600,1478228258125
production-topology1-1-1478226788,1.0789867744536477,1.0044384291235309,0.0,1780,1120,1478228268478
production-topology1-1-1478226788,0.8201270171381059,1.0007418766596154,0.0,2480,1460,1478228278811
production-topology1-1-1478226788,1.1310906013208843,1.0039056484883901,0.0,1820,1180,1478228289168
production-topology1-1-1478226788,1.025056956830751,1.0079520840297875,0.0,1700,1120,1478228299493
production-topology1-1-1478226788,0.9471499148918504,1.002354043297862,0.0,2520,1560,1478228309894
production-topology1-1-1478226788,1.299757986406579,1.0133629253306236,0.0,1740,1120,1478228320253
production-topology1-1-1478226788,0.8650535686395092,1.0101934269521768,0.0,2400,1560,1478228330570
production-topology1-1-1478226788,1.0880129005409906,1.0123133160024433,0.0,1840,1180,1478228340878
production-topology1-1-1478226788,0.9285973355653204,1.0099563326269196,0.0,1800,1140,1478228351326
production-topology1-1-1478226788,1.001481378854649,1.0018302651882605,0.0,2380,1580,1478228361654
production-topology1-1-1478226788,1.0480445025752074,1.0067402763107887,0.0,1840,1140,1478228372023
production-topology1-1-1478226788,1.0288519621557741,1.0092856973347577,0.0,2380,1520,1478228382361
production-topology1-1-1478226788,0.966412115015445,1.0108479322435258,0.0,1900,1180,1478228392669
production-topology1-1-1478226788,1.1032313672522354,1.0125049490860671,0.0,2280,1540,1478228403066
production-topology1-1-1478226788,0.8831513505838456,1.0099379293282005,0.0,1880,1180,1478228413412
production-topology1-1-1478226788,1.0891186911560424,1.0085593803213995,0.0,1760,1180,1478228423759
production-topology1-1-1478226788,0.9552392895631374,1.0092176961451396,0.0,2420,1500,1478228434065
production-topology1-1-1478226788,0.9648022731657692,1.0039914779423336,0.0,1900,1160,1478228444396
production-topology1-1-1478226788,1.0045948556513928,1.0093658449842604,0.0,2320,1580,1478228454757
production-topology1-1-1478226788,0.8740332840312929,1.0037416138311106,0.0,1940,1160,1478228465103
production-topology1-1-1478226788,1.2326220422408076,1.0061221862112677,0.0,1660,1100,1478228475444
production-topology1-1-1478226788,0.9568138043609241,1.009065272912147,0.0,2500,1680,1478228485792
production-topology1-1-1478226788,0.8569400504629011,1.0008718990503962,0.0,1780,1040,1478228496089
production-topology1-1-1478226788,1.0172799764537017,1.007779704728768,0.0,2380,1520,1478228506420
production-topology1-1-1478226788,1.010879834055575,1.0087431589307418,0.0,1780,1180,1478228516742
production-topology1-1-1478226788,1.178004781558335,1.0159339277908017,0.0,1800,1220,1478228527096
production-topology1-1-1478226788,0.8594037083667093,1.006413816770847,0.0,2420,1500,1478228537577
production-topology1-1-1478226788,0.997145426825463,1.0038943058168022,0.0,1820,1100,1478228547927
production-topology1-1-1478226788,1.149833887833159,1.0110290306975787,0.0,2340,1520,1478228558251
production-topology1-1-1478226788,0.9242172460135846,1.0095311627987864,0.0,1840,1220,1478228568621
production-topology1-1-1478226788,0.9575321701139184,1.0054826759874618,0.0,2220,1340,1478228578995
production-topology1-1-1478226788,0.8993688195177716,1.0081240694001175,0.0,2000,1220,1478228589341
production-topology1-1-1478226788,1.186783541715722,1.009980500746612,0.0,1860,1280,1478228599657
production-topology1-1-1478226788,3.2142857142857144,1.0829547926617773,0.0,140,40,1478228610001
production-topology1-1-1478226788,1.0,1.0847164621653826,0.0,0,0,1478228620357
production-topology1-1-1478226788,1.0,1.0747245292851635,0.0,0,0,1478228630550
production-topology1-1-1478226788,1.0,1.0792227436638464,0.0,0,0,1478228640685
production-topology1-1-1478226788,1.0,1.0762889803124802,0.0,0,0,1478228650800
production-topology1-1-1478226788,1.0,1.0786690691269694,0.0,0,0,1478228660910
production-topology1-1-1478226788,1.0,1.0786196898318143,0.0,0,0,1478228671017
production-topology1-1-1478226788,1.0,1.0770182064126408,0.0,0,0,1478228681125
production-topology1-1-1478226788,1.0,1.0760564743407817,0.0,0,0,1478228691220
production-topology1-1-1478226788,1.0,1.0771760705069335,0.0,0,0,1478228701319
production-topology1-1-1478226788,1.0,1.0737350249318591,0.0,0,0,1478228711431
production-topology1-1-1478226788,1.0,1.0776299799123976,0.0,0,0,1478228721542
production-topology1-1-1478226788,1.0,1.0746593568738627,0.0,0,0,1478228731647
production-topology1-1-1478226788,1.0,1.0761513805550915,0.0,0,0,1478228741745
production-topology1-1-1478226788,1.0,1.0773246381162322,0.0,0,0,1478228751855
production-topology1-1-1478226788,1.0,1.077171476261186,0.0,0,0,1478228761967
production-topology1-1-1478226788,1.0,1.0813703667934762,0.0,0,0,1478228772077
production-topology1-1-1478226788,1.0,1.0736162987187825,0.0,0,0,1478228782190
production-topology1-1-1478226788,1.0,1.0750558385734186,0.0,0,0,1478228792282
production-topology1-1-1478226788,1.0,1.0798245035579883,0.0,0,0,1478228802361
production-topology1-1-1478226788,1.0,1.079248504342865,0.0,0,0,1478228812475
production-topology1-1-1478226788,1.0,1.0788858432076793,0.0,0,0,1478228822569
production-topology1-1-1478226788,1.0,1.0729523504890681,0.0,0,0,1478228832659
production-topology1-1-1478226788,1.0,1.0776388935435113,0.0,0,0,1478228842760
production-topology1-1-1478226788,1.0,1.0777340459826623,0.0,0,0,1478228852917
production-topology1-1-1478226788,1.0,1.0727395830548905,0.0,0,0,1478228863000
production-topology1-1-1478226788,1.0,1.0752656748544376,0.0,0,0,1478228873087
production-topology1-1-1478226788,1.0,1.0766812691839738,0.0,0,0,1478228883201
production-topology1-1-1478226788,1.0,1.0800356418667145,0.0,0,0,1478228893386
production-topology1-2-1478228902,0.0,0.0,0.0,0,0,1478228902933
production-topology1-1-1478226788,1.0,1.0738095238095238,0.0,0,0,1478228902933
production-topology1-2-1478228902,0.0,0.0,0.0,0,0,1478228903640
production-topology1-1-1478226788,1.0,1.0,0.0,0,0,1478228903640
production-topology1-2-1478228902,1.6283422459893047,0.5427807486631016,0.0,560,400,1478228913965
production-topology1-1-1478226788,1.0,1.0,0.0,0,0,1478228913966
production-topology1-2-1478228902,0.9093292177116994,0.6344178659252511,0.0,1860,1160,1478228924336
production-topology1-1-1478226788,1.0,1.0,0.0,0,0,1478228924336
production-topology1-2-1478228902,0.8959406985605333,0.6867224324523076,0.0,2380,1540,1478228934707
production-topology1-1-1478226788,1.0,1.0,0.0,0,0,1478228934707
production-topology1-2-1478228902,0.9442904558538727,0.7296504363525683,0.0,1880,1140,1478228945054
production-topology1-1-1478226788,1.0,1.0,0.0,0,0,1478228945055
production-topology1-2-1478228902,1.2148171355023747,0.7989599648025407,0.0,2180,1500,1478228955418
production-topology1-1-1478226788,1.0,1.0,0.0,0,0,1478228955418
production-topology1-2-1478228902,0.8182004408529417,0.8013650243088408,0.0,1980,1220,1478228965772
production-topology1-1-1478226788,1.0,1.0,0.0,0,0,1478228965773
production-topology1-2-1478228902,1.0742832489005176,0.8316892714856938,0.0,1780,1220,1478228976178
production-topology1-1-1478226788,1.0,1.0,0.0,0,0,1478228976178
production-topology1-2-1478228902,1.145237393237678,0.8630440836608922,0.0,2480,1460,1478228986520
production-topology1-1-1478226788,1.0,1.0,0.0,0,0,1478228986521
production-topology1-2-1478228902,0.8939849020752294,0.865856885334923,0.0,1760,1160,1478228996829
production-topology1-1-1478226788,1.0,1.0,0.0,0,0,1478228996829
production-topology1-2-1478228902,0.9263654556177916,0.8708992661918287,0.0,2420,1540,1478229007137
production-topology1-1-1478226788,1.0,1.0,0.0,0,0,1478229007137
production-topology1-2-1478228902,1.0131155353171661,0.88183897920147,0.0,1760,1100,1478229017494
production-topology1-1-1478226788,1.0,1.0,0.0,0,0,1478229017494
production-topology1-2-1478228902,1.1667879298078727,0.9021924756733559,0.0,1980,1340,1478229027869
production-topology1-1-1478226788,1.0,1.0,0.0,0,0,1478229027869
production-topology1-2-1478228902,0.9256647464934141,0.9037572937280264,0.0,2280,1400,1478229038302
production-topology1-1-1478226788,1.0,1.0,0.0,0,0,1478229038302
production-topology1-2-1478228902,0.9926777372127059,0.9093148214458189,0.0,1800,1180,1478229048682
production-topology1-1-1478226788,1.0,1.0,0.0,0,0,1478229048682
production-topology1-2-1478228902,1.0716684552056372,0.9188650351963964,0.0,2400,1560,1478229059133
production-topology1-1-1478226788,1.0,1.0,0.0,0,0,1478229059133
production-topology1-2-1478228902,0.922966426124836,0.9190928902479764,0.0,1840,1140,1478229069501
production-topology1-1-1478226788,1.0,1.0,0.0,0,0,1478229069501
production-topology1-2-1478228902,0.9379274960577978,0.9200841852905987,0.0,2400,1500,1478229079847
production-topology1-1-1478226788,1.0,1.0,0.0,0,0,1478229079847
production-topology1-2-1478228902,1.066667846661187,0.927413368359128,0.0,1740,1200,1478229090172
production-topology1-1-1478226788,1.0,1.0,0.0,0,0,1478229090172
production-topology1-2-1478228902,1.0709142508564016,0.934246743716141,0.0,1840,1120,1478229100523
production-topology1-1-1478226788,1.0,1.0,0.0,0,0,1478229100523
production-topology1-2-1478228902,1.079609320369584,0.9408541335640248,0.0,2380,1600,1478229111008
production-topology1-1-1478226788,1.0,1.0,0.0,0,0,1478229111008
production-topology1-2-1478228902,0.9094429786605315,0.9394884311769165,0.0,1840,1120,1478229121344
production-topology1-1-1478226788,1.0,1.0,0.0,0,0,1478229121344
production-topology1-2-1478228902,1.0144127313613562,0.9426102770179349,0.0,2380,1520,1478229131694
production-topology1-1-1478226788,1.0,1.0,0.0,0,0,1478229131695
production-topology1-2-1478228902,0.8753010190132008,0.9399179066977454,0.0,1820,1140,1478229142036
production-topology1-1-1478226788,1.0,1.0,0.0,0,0,1478229142037
production-topology1-2-1478228902,1.0951488776912508,0.9458883286590342,0.0,2420,1540,1478229152408
production-topology1-1-1478226788,1.0,1.0,0.0,0,0,1478229152408
production-topology1-2-1478228902,1.128618421610888,0.9526561098794731,0.0,1720,1260,1478229162754
production-topology1-1-1478226788,1.0,1.0,0.0,0,0,1478229162754
production-topology1-2-1478228902,0.8549739211632097,0.9491674602824638,0.0,1880,1040,1478229173105
production-topology1-1-1478226788,1.0,1.0,0.0,0,0,1478229173105
production-topology1-2-1478228902,1.003470638349254,0.9510399836640772,0.0,2360,1620,1478229183429
production-topology1-1-1478226788,1.0,1.0,0.0,0,0,1478229183429
production-topology1-2-1478228902,1.02217566436493,0.9534111730207723,0.0,1800,1160,1478229193792
production-topology1-1-1478226788,1.0,1.0,0.0,0,0,1478229193792
production-topology1-2-1478228902,1.0185109790481692,0.9873615389890447,0.0,2420,1520,1478229204133
production-topology1-1-1478226788,1.0,1.0,0.0,0,0,1478229204133
production-topology1-2-1478228902,0.9644474257923862,1.0195097865154574,0.0,1760,1180,1478229214495
production-topology1-1-1478226788,1.0,1.0,0.0,0,0,1478229214495
production-topology1-2-1478228902,0.9479318919510429,0.9968294413808487,0.0,1940,1180,1478229224935
production-topology1-1-1478226788,1.0,1.0,0.0,0,0,1478229224935
production-topology1-2-1478228902,1.0921870691624032,1.0029247030958721,0.0,2220,1420,1478229235272
production-topology1-1-1478226788,1.0,1.0,0.0,0,0,1478229235272
production-topology1-2-1478228902,1.0039255691429605,1.006524198781953,0.0,1800,1200,1478229245601
production-topology1-1-1478226788,1.0,1.0,0.0,0,0,1478229245602
production-topology1-2-1478228902,0.9927575573815052,1.0081397688328742,0.0,2440,1500,1478229256010
production-topology1-1-1478226788,1.0,1.0,0.0,0,0,1478229256010
production-topology1-2-1478228902,1.0670934280680608,1.0032156452517305,0.0,1800,1160,1478229266304
production-topology1-1-1478226788,1.0,1.0,0.0,0,0,1478229266304
production-topology1-2-1478228902,0.9343725999448901,1.0070880505547952,0.0,2360,1500,1478229276634
production-topology1-1-1478226788,1.0,1.0,0.0,0,0,1478229276634
production-topology1-2-1478228902,1.0199344643956998,1.0052764244046346,0.0,1900,1160,1478229286966
production-topology1-1-1478226788,1.0,1.0,0.0,0,0,1478229286966
production-topology1-2-1478228902,0.995340982320149,1.0002798773740502,0.0,1820,1180,1478229297289
production-topology1-1-1478226788,1.0,1.0,0.0,0,0,1478229297289
production-topology1-2-1478228902,0.9520158026188882,1.0022142407255057,0.0,2340,1520,1478229307639
production-topology1-1-1478226788,1.0,1.0,0.0,0,0,1478229307639
production-topology1-2-1478228902,0.9534074057744427,1.0031156390640608,0.0,1680,1200,1478229317986
production-topology1-1-1478226788,1.0,1.0,0.0,0,0,1478229317986
production-topology1-2-1478228902,1.0757461451546069,1.005203326058642,0.0,2580,1500,1478229328327
production-topology1-1-1478226788,1.0,1.0,0.0,0,0,1478229328327
production-topology1-2-1478228902,1.1785666905672656,1.0055959514172883,0.0,1680,1200,1478229338661
production-topology1-1-1478226788,1.0,1.0,0.0,0,0,1478229338661
production-topology1-2-1478228902,0.8867405022481333,1.0042984766091125,0.0,1920,1200,1478229349073
production-topology1-1-1478226788,1.0,1.0,0.0,0,0,1478229349073
production-topology1-2-1478228902,1.0449746671039692,1.0060417076054877,0.0,2340,1480,1478229359485
production-topology1-1-1478226788,1.0,1.0,0.0,0,0,1478229359486
production-topology1-2-1478228902,1.2009167064493396,1.0103499826469446,0.0,1720,1160,1478229369856
production-topology1-1-1478226788,1.0,1.0,0.0,0,0,1478229369856
production-topology1-2-1478228902,0.847451621584705,1.007832822495607,0.0,2480,1480,1478229380262
production-topology1-1-1478226788,1.0,1.0,0.0,0,0,1478229380262
production-topology1-2-1478228902,1.0016918069855931,1.0099582995265335,0.0,1780,1180,1478229390593
production-topology1-1-1478226788,1.0,1.0,0.0,0,0,1478229390593
production-topology1-2-1478228902,1.0901514517613593,1.0107410863632058,0.0,2380,1480,1478229400904
production-topology1-1-1478226788,1.0,1.0,0.0,0,0,1478229400904
production-topology1-2-1478228902,0.8416462960173935,1.0030988212019056,0.0,1880,1160,1478229411230
production-topology1-1-1478226788,1.0,1.0,0.0,0,0,1478229411230
production-topology1-2-1478228902,1.251341955221805,1.0088232423636463,0.0,1800,1200,1478229421699
production-topology1-1-1478226788,1.0,1.0,0.0,0,0,1478229421699
production-topology1-2-1478228902,0.9569876153472557,1.0104080635865371,0.0,2360,1520,1478229432041
production-topology1-1-1478226788,1.0,1.0,0.0,0,0,1478229432041
production-topology1-2-1478228902,1.0124257043175962,1.0103418293517452,0.0,1820,1200,1478229442453
production-topology1-1-1478226788,1.0,1.0,0.0,0,0,1478229442453
production-topology1-2-1478228902,0.9151499888149704,1.0116701283451375,0.0,2380,1520,1478229452863
production-topology1-1-1478226788,1.0,1.0,0.0,0,0,1478229452863
production-topology1-2-1478228902,1.0607184761656439,1.0105224482942838,0.0,1800,1140,1478229463190
production-topology1-1-1478226788,1.0,1.0,0.0,0,0,1478229463190
production-topology1-2-1478228902,0.9253947028936609,1.003748324337043,0.0,2440,1480,1478229473540
production-topology1-1-1478226788,1.0,1.0,0.0,0,0,1478229473541
production-topology1-2-1478228902,0.9850942202809304,1.008085667640967,0.0,1820,1120,1478229483884
production-topology1-1-1478226788,1.0,1.0,0.0,0,0,1478229483884
production-topology1-2-1478228902,1.156159288669756,1.013175289318317,0.0,1720,1180,1478229494224
production-topology1-1-1478226788,1.0,1.0,0.0,0,0,1478229494224
production-topology1-2-1478228902,1.0336027241307948,1.0135561913105127,0.0,2440,1560,1478229504674
production-topology1-1-1478226788,1.0,1.0,0.0,0,0,1478229504674
production-topology1-2-1478228902,0.9615290301179895,1.0116567930128402,0.0,1820,1140,1478229515023
production-topology1-1-1478226788,1.0,1.0,0.0,0,0,1478229515023
production-topology1-2-1478228902,0.845675163925233,1.0076977176172681,0.0,2360,1540,1478229525376
production-topology1-1-1478226788,1.0,1.0,0.0,0,0,1478229525376
production-topology1-2-1478228902,1.1791849415204678,1.0154061526029157,0.0,1840,1160,1478229535739
production-topology1-1-1478226788,1.0,1.0,0.0,0,0,1478229535740
production-topology1-2-1478228902,1.034517565225488,1.0134838358050184,0.0,2520,1520,1478229546134
production-topology1-1-1478226788,1.0,1.0,0.0,0,0,1478229546135
production-topology1-2-1478228902,1.057302161227129,1.0152630555411575,0.0,1700,1160,1478229556492
production-topology1-1-1478226788,1.0,1.0,0.0,0,0,1478229556492
production-topology1-2-1478228902,1.052177398339221,1.0172437169064146,0.0,1800,1180,1478229566860
production-topology1-1-1478226788,1.0,1.0,0.0,0,0,1478229566860
production-topology1-2-1478228902,0.931753133857062,1.012732373766048,0.0,2480,1440,1478229577191
production-topology1-1-1478226788,1.0,1.0,0.0,0,0,1478229577191
production-topology1-2-1478228902,1.0078489973226816,1.0151815870119743,0.0,1800,1160,1478229587526
production-topology1-1-1478226788,1.0,1.0,0.0,0,0,1478229587527
production-topology1-2-1478228902,1.0906489463601532,1.0175387364107895,0.0,2400,1560,1478229597882
production-topology1-1-1478226788,1.0,1.0,0.0,0,0,1478229597882
production-topology1-2-1478228902,0.9283041904678848,1.0153041766823807,0.0,1800,1120,1478229608203
production-topology1-1-1478226788,1.0,1.0,0.0,0,0,1478229608204
production-topology1-2-1478228902,1.0668542925707682,1.0191321263474433,0.0,1860,1240,1478229618542
production-topology1-1-1478226788,1.0,1.0,0.0,0,0,1478229618542
production-topology1-2-1478228902,0.9054964310576603,1.017535093856884,0.0,2360,1480,1478229628872
production-topology1-1-1478226788,1.0,1.0,0.0,0,0,1478229628872
production-topology1-2-1478228902,1.2486411016085117,1.023298259072014,0.0,1760,1140,1478229639192
production-topology1-1-1478226788,1.0,1.0,0.0,0,0,1478229639193
production-topology1-2-1478228902,1.0605546389902862,1.0193645240194482,0.0,2360,1520,1478229649543
production-topology1-1-1478226788,1.0,1.0,0.0,0,0,1478229649543
production-topology1-2-1478228902,0.8067929732678669,1.0166996063867724,0.0,1880,1180,1478229659884
production-topology1-1-1478226788,1.0,1.0,0.0,0,0,1478229659885
production-topology1-2-1478228902,1.1942813365456433,1.0216764953681616,0.0,1880,1200,1478229670378
production-topology1-1-1478226788,1.0,1.0,0.0,0,0,1478229670378
production-topology1-2-1478228902,0.8586573301306842,1.010267849490873,0.0,2320,1500,1478229680726
production-topology1-1-1478226788,1.0,1.0,0.0,0,0,1478229680726
production-topology1-2-1478228902,1.125574727195576,1.0195386196779022,0.0,1820,1180,1478229691047
production-topology1-1-1478226788,1.0,1.0,0.0,0,0,1478229691047
production-topology1-2-1478228902,1.0094246031746033,1.019796379550869,0.0,2420,1540,1478229701354
production-topology1-1-1478226788,1.0,1.0,0.0,0,0,1478229701354
production-topology1-2-1478228902,1.0995334467120181,1.0201091127158912,0.0,1820,1140,1478229711685
production-topology1-1-1478226788,1.0,1.0,0.0,0,0,1478229711685
production-topology1-2-1478228902,0.8145135059723645,1.019204686381057,0.0,1940,1280,1478229722097
production-topology1-1-1478226788,1.0,1.0,0.0,0,0,1478229722097
production-topology1-2-1478228902,1.11794184967862,1.0147580161962841,0.0,2220,1480,1478229732427
production-topology1-1-1478226788,1.0,1.0,0.0,0,0,1478229732427
production-topology1-2-1478228902,0.9985097767596631,1.0161420882433643,0.0,1800,1180,1478229742724
production-topology1-1-1478226788,1.0,1.0,0.0,0,0,1478229742724
production-topology1-2-1478228902,1.071786177300464,1.0181207706761266,0.0,2440,1500,1478229753062
production-topology1-1-1478226788,1.0,1.0,0.0,0,0,1478229753062
production-topology1-2-1478228902,0.7943878900052883,1.0140953673824706,0.0,1760,1100,1478229763463
production-topology1-1-1478226788,1.0,1.0,0.0,0,0,1478229763463
production-topology1-2-1478228902,1.0667047279347552,1.0142949091081077,0.0,2460,1580,1478229773804
production-topology1-1-1478226788,1.0,1.0,0.0,0,0,1478229773804
production-topology1-2-1478228902,1.3386844636844635,1.0280712344678011,0.0,1820,1220,1478229784154
production-topology1-1-1478226788,1.0,1.0,0.0,0,0,1478229784154
production-topology1-2-1478228902,0.7137800938302471,1.0190274302527782,0.0,1820,1100,1478229794499
production-topology1-1-1478226788,1.0,1.0,0.0,0,0,1478229794499
production-topology1-2-1478228902,1.0494293995366388,1.0154697672816744,0.0,2340,1520,1478229804840
production-topology1-1-1478226788,1.0,1.0,0.0,0,0,1478229804840
production-topology1-2-1478228902,1.149660037966147,1.0193383444095194,0.0,1840,1180,1478229815179
production-topology1-1-1478226788,1.0,1.0,0.0,0,0,1478229815179
production-topology1-2-1478228902,0.8648470643333143,1.016115612216697,0.0,2360,1500,1478229825570
production-topology1-1-1478226788,1.0,1.0,0.0,0,0,1478229825570
production-topology1-2-1478228902,1.0370810993742285,1.0224958100649966,0.0,1860,1180,1478229835924
production-topology1-1-1478226788,1.0,1.0,0.0,0,0,1478229835924
production-topology1-2-1478228902,0.9465031189790354,1.0147397493136154,0.0,1780,1180,1478229846375
production-topology1-1-1478226788,1.0,1.0,0.0,0,0,1478229846375
production-topology1-2-1478228902,1.104148174034597,1.0170607696072524,0.0,2420,1560,1478229856707
production-topology1-1-1478226788,1.0,1.0,0.0,0,0,1478229856707
production-topology1-2-1478228902,1.043933810260204,1.0166151579083549,0.0,1860,1140,1478229867061
production-topology1-1-1478226788,1.0,1.0,0.0,0,0,1478229867061
production-topology1-2-1478228902,0.864786396544986,1.0103687911818804,0.0,2340,1440,1478229877415
production-topology1-1-1478226788,1.0,1.0,0.0,0,0,1478229877415
production-topology1-2-1478228902,0.9180333475008916,1.009911464970008,0.0,1840,1200,1478229887771
production-topology1-1-1478226788,1.0,1.0,0.0,0,0,1478229887771
production-topology1-2-1478228902,1.1297052365318465,1.0139733396103139,0.0,2360,1520,1478229898109
production-topology1-1-1478226788,1.0,1.0,0.0,0,0,1478229898109
production-topology1-2-1478228902,1.1995901272411937,1.0176047123063483,0.0,1760,1140,1478229908448
production-topology1-1-1478226788,1.0,1.0,0.0,0,0,1478229908448
production-topology1-2-1478228902,0.8445257639034591,1.0148120980875341,0.0,1800,1140,1478229918776
production-topology1-1-1478226788,1.0,1.0,0.0,0,0,1478229918776
production-topology1-2-1478228902,0.9702138277415465,1.0115907492598935,0.0,2500,1560,1478229929104
production-topology1-1-1478226788,1.0,1.0,0.0,0,0,1478229929104
production-topology1-2-1478228902,1.0012261739551045,1.0147817406898083,0.0,1760,1160,1478229939451
production-topology1-1-1478226788,1.0,1.0,0.0,0,0,1478229939451
production-topology1-2-1478228902,1.11757416432595,1.0104128427803896,0.0,2360,1580,1478229949800
production-topology1-1-1478226788,1.0,1.0,0.0,0,0,1478229949800
production-topology1-2-1478228902,0.9334826945907279,1.006177111300404,0.0,1820,1180,1478229960140
production-topology1-1-1478226788,1.0,1.0,0.0,0,0,1478229960140
production-topology1-2-1478228902,0.9060736234057466,1.009486466305,0.0,1820,1120,1478229970528
production-topology1-1-1478226788,1.0,1.0,0.0,0,0,1478229970528
production-topology1-2-1478228902,1.2456667574516085,1.0111993136685327,0.0,2440,1540,1478229981018
production-topology1-1-1478226788,1.0,1.0,0.0,0,0,1478229981018
production-topology1-2-1478228902,0.8265852505589034,1.010130244349473,0.0,1780,1120,1478229991377
production-topology1-1-1478226788,1.0,1.0,0.0,0,0,1478229991377
production-topology1-2-1478228902,1.0852874390784226,1.0087873347455678,0.0,2400,1520,1478230001721
production-topology1-1-1478226788,1.0,1.0,0.0,0,0,1478230001721
production-topology1-2-1478228902,0.887265232205415,1.0047153557132618,0.0,1780,1160,1478230012068
production-topology1-1-1478226788,1.0,1.0,0.0,0,0,1478230012068
production-topology1-2-1478228902,1.0640475300512926,1.003532491824571,0.0,2440,1520,1478230022405
production-topology1-1-1478226788,1.0,1.0,0.0,0,0,1478230022405
production-topology1-2-1478228902,0.9019865486310746,1.0064482599131948,0.0,1760,1160,1478230032733
production-topology1-1-1478226788,1.0,1.0,0.0,0,0,1478230032733
production-topology1-2-1478228902,0.9801609707537675,1.001855563949033,0.0,1820,1200,1478230043051
production-topology1-1-1478226788,1.0,1.0,0.0,0,0,1478230043051
production-topology1-2-1478228902,1.110223929844114,1.005579369051848,0.0,2400,1580,1478230053389
production-topology1-1-1478226788,1.0,1.0,0.0,0,0,1478230053389
production-topology1-2-1478228902,0.8337296428188964,0.9976441512357955,0.0,1840,1060,1478230063714
production-topology1-1-1478226788,1.0,1.0,0.0,0,0,1478230063714
production-topology1-2-1478228902,1.1145638867564,1.0083166844608327,0.0,2420,1560,1478230074101
production-topology1-1-1478226788,1.0,1.0,0.0,0,0,1478230074101
production-topology1-2-1478228902,0.9699697035994455,1.0050921836496558,0.0,1760,1220,1478230084446
production-topology1-1-1478226788,1.0,1.0,0.0,0,0,1478230084446
production-topology1-2-1478228902,1.0965557128896508,0.9970212252898284,0.0,1860,1120,1478230094784
production-topology1-1-1478226788,1.0,1.0,0.0,0,0,1478230094784
production-topology1-2-1478228902,0.7898977431283968,0.9995584802664335,0.0,2420,1520,1478230105209
production-topology1-1-1478226788,1.0,1.0,0.0,0,0,1478230105209
production-topology1-2-1478228902,1.1326760606571702,1.0023333689704512,0.0,1760,1160,1478230115539
production-topology1-1-1478226788,1.0,1.0,0.0,0,0,1478230115540
production-topology1-2-1478228902,1.0065034781686029,0.9975614836438665,0.0,2380,1620,1478230125875
production-topology1-1-1478226788,1.0,1.0,0.0,0,0,1478230125875
production-topology1-2-1478228902,1.1383369476822986,1.0066778130888325,0.0,1860,1140,1478230136211
production-topology1-1-1478226788,1.0,1.0,0.0,0,0,1478230136211
production-topology1-2-1478228902,0.9477474947367573,1.0037000262675835,0.0,2440,1560,1478230146652
production-topology1-1-1478226788,1.0,1.0,0.0,0,0,1478230146652
production-topology1-2-1478228902,1.033686232645232,1.0066061300564566,0.0,1700,1160,1478230156965
production-topology1-1-1478226788,1.0,1.0,0.0,0,0,1478230156965
production-topology1-2-1478228902,0.9260473787538521,1.0006694368804319,0.0,1920,1180,1478230167302
production-topology1-1-1478226788,1.0,1.0,0.0,0,0,1478230167302
production-topology1-2-1478228902,1.0713091539563089,1.0015819483369686,0.0,2360,1560,1478230177627
production-topology1-1-1478226788,1.0,1.0,0.0,0,0,1478230177627
production-topology1-2-1478228902,1.135742183150966,1.0106138078905014,0.0,1740,1180,1478230187965
production-topology1-1-1478226788,1.0,1.0,0.0,0,0,1478230187965
production-topology1-2-1478228902,0.9740928270042196,1.012482457207279,0.0,2380,1520,1478230198296
production-topology1-1-1478226788,1.0,1.0,0.0,0,0,1478230198296
production-topology1-2-1478228902,1.0227330584149943,1.0089167179367173,0.0,1780,1220,1478230208640
production-topology1-1-1478226788,1.0,1.0,0.0,0,0,1478230208640
production-topology1-2-1478228902,0.9075381554257848,0.9991816522095369,0.0,1900,1100,1478230218996
production-topology1-1-1478226788,1.0,1.0,0.0,0,0,1478230218996
production-topology1-2-1478228902,1.0134049119197632,1.0048109571434138,0.0,2420,1600,1478230229435
production-topology1-1-1478226788,1.0,1.0,0.0,0,0,1478230229435
production-topology1-2-1478228902,1.0171153876703938,1.0063743424743754,0.0,1740,1040,1478230239779
production-topology1-1-1478226788,1.0,1.0,0.0,0,0,1478230239779
production-topology1-2-1478228902,0.9033233265858168,1.0031109142287324,0.0,2440,1560,1478230250106
production-topology1-1-1478226788,1.0,1.0,0.0,0,0,1478230250106
production-topology1-2-1478228902,1.1104307374539601,1.002872799999666,0.0,1740,1200,1478230260455
production-topology1-1-1478226788,1.0,1.0,0.0,0,0,1478230260455
production-topology1-2-1478228902,1.0216756636742916,1.005812565635785,0.0,2400,1520,1478230270845
production-topology1-1-1478226788,1.0,1.0,0.0,0,0,1478230270845
production-topology1-2-1478228902,0.9709399363336573,1.007974776066715,0.0,1820,1180,1478230281182
production-topology1-1-1478226788,1.0,1.0,0.0,0,0,1478230281182
production-topology1-2-1478228902,1.021594474536166,1.0005056999695339,0.0,1840,1140,1478230291533
production-topology1-1-1478226788,1.0,1.0,0.0,0,0,1478230291533
production-topology1-2-1478228902,0.9618310073701445,1.0050138918632419,0.0,2380,1540,1478230302128
production-topology1-1-1478226788,1.0,1.0,0.0,0,0,1478230302128
production-topology1-2-1478228902,0.8947903117412415,0.9986639876186693,0.0,1780,1140,1478230312471
production-topology1-1-1478226788,1.0,1.0,0.0,0,0,1478230312472
production-topology1-2-1478228902,1.149892778835265,1.0074182391729976,0.0,2420,1600,1478230322822
production-topology1-1-1478226788,1.0,1.0,0.0,0,0,1478230322823
production-topology1-2-1478228902,0.9912978181413212,1.0049932487759985,0.0,1820,1160,1478230333174
production-topology1-1-1478226788,1.0,1.0,0.0,0,0,1478230333174
production-topology1-2-1478228902,0.9162012450079056,1.0054670719885594,0.0,2340,1460,1478230343540
production-topology1-1-1478226788,1.0,1.0,0.0,0,0,1478230343540
production-topology1-2-1478228902,1.2166887882809987,1.0133513325728005,0.0,1860,1200,1478230353882
production-topology1-1-1478226788,1.0,1.0,0.0,0,0,1478230353882
production-topology1-2-1478228902,0.9588029359799024,1.00830396611066,0.0,1760,1180,1478230364213
production-topology1-1-1478226788,1.0,1.0,0.0,0,0,1478230364213
production-topology1-2-1478228902,1.0698296009582373,1.0161739647153047,0.0,2420,1540,1478230374689
production-topology1-1-1478226788,1.0,1.0,0.0,0,0,1478230374689
production-topology1-2-1478228902,0.8883867941842207,1.0086347282962322,0.0,1840,1100,1478230385026
production-topology1-1-1478226788,1.0,1.0,0.0,0,0,1478230385026
production-topology1-2-1478228902,1.0499441850498004,1.0113005443445773,0.0,2360,1520,1478230395357
production-topology1-1-1478226788,1.0,1.0,0.0,0,0,1478230395357
production-topology1-2-1478228902,0.9365202779676465,1.005966029847177,0.0,1800,1160,1478230405679
production-topology1-1-1478226788,1.0,1.0,0.0,0,0,1478230405679
production-topology1-2-1478228902,1.1799774526320301,1.0189686868306316,0.0,1800,1180,1478230416078
production-topology1-1-1478226788,1.0,1.0,0.0,0,0,1478230416078
production-topology1-2-1478228902,0.9836891646417704,1.0140024569634514,0.0,2300,1480,1478230426402
production-topology1-1-1478226788,1.0,1.0,0.0,0,0,1478230426402
production-topology1-2-1478228902,1.1055776378703768,1.0173049289535105,0.0,1840,1220,1478230436743
production-topology1-1-1478226788,1.0,1.0,0.0,0,0,1478230436744
production-topology1-2-1478228902,0.8585553632555002,1.007978876139284,0.0,2440,1520,1478230447167
production-topology1-1-1478226788,1.0,1.0,0.0,0,0,1478230447167
production-topology1-2-1478228902,1.2073034482145397,1.01663074125521,0.0,1760,1160,1478230457603
production-topology1-1-1478226788,1.0,1.0,0.0,0,0,1478230457603
production-topology1-2-1478228902,0.9003017349761127,1.0121845913329062,0.0,2460,1540,1478230467951
production-topology1-1-1478226788,1.0,1.0,0.0,0,0,1478230467952
production-topology1-2-1478228902,1.0839227031566276,1.017447102146332,0.0,1780,1120,1478230478279
production-topology1-1-1478226788,1.0,1.0,0.0,0,0,1478230478279
production-topology1-2-1478228902,0.9107835449348533,1.0120962485122833,0.0,1840,1120,1478230488636
production-topology1-1-1478226788,1.0,1.0,0.0,0,0,1478230488636
production-topology1-2-1478228902,1.060560019185597,1.0095901763801047,0.0,2360,1480,1478230499072
production-topology1-1-1478226788,1.0,1.0,0.0,0,0,1478230499072
production-topology1-2-1478228902,1.057475058851095,1.0123695841083338,0.0,1880,1120,1478230509414
production-topology1-1-1478226788,1.0,1.0,0.0,0,0,1478230509414
production-topology1-2-1478228902,0.9815606235553894,1.0109971696130138,0.0,2300,1560,1478230519755
production-topology1-1-1478226788,1.0,1.0,0.0,0,0,1478230519755
production-topology1-2-1478228902,1.118060228088725,1.018014572035112,0.0,1880,1100,1478230530093
production-topology1-1-1478226788,1.0,1.0,0.0,0,0,1478230530093
production-topology1-2-1478228902,0.828907079951508,1.0118646443028367,0.0,2360,1560,1478230540437
production-topology1-1-1478226788,1.0,1.0,0.0,0,0,1478230540437
production-topology1-2-1478228902,1.100608862488792,1.0146477601301165,0.0,1840,1120,1478230550769
production-topology1-1-1478226788,1.0,1.0,0.0,0,0,1478230550769
production-topology1-2-1478228902,0.9193472228267925,1.0151818900048157,0.0,1860,1140,1478230561103
production-topology1-1-1478226788,1.0,1.0,0.0,0,0,1478230561103
production-topology1-2-1478228902,1.1493408364147037,1.0164788933035072,0.0,2320,1600,1478230571513
production-topology1-1-1478226788,1.0,1.0,0.0,0,0,1478230571513
production-topology1-2-1478228902,0.8936333903054192,1.0122108175245448,0.0,1840,1120,1478230581845
production-topology1-1-1478226788,1.0,1.0,0.0,0,0,1478230581845
production-topology1-2-1478228902,0.9626809254207005,1.0119355171607796,0.0,2400,1480,1478230592172
production-topology1-1-1478226788,1.0,1.0,0.0,0,0,1478230592172
production-topology1-2-1478228902,1.268755705531495,1.020174224860624,0.0,1800,1140,1478230602512
production-topology1-1-1478226788,1.0,1.0,0.0,0,0,1478230602512
production-topology1-2-1478228902,0.8219346859381024,1.0155110141462227,0.0,1800,1160,1478230612900
production-topology1-1-1478226788,1.0,1.0,0.0,0,0,1478230612900
production-topology1-2-1478228902,1.1055600156354033,1.0225366709426948,0.0,2460,1600,1478230623335
production-topology1-1-1478226788,1.0,1.0,0.0,0,0,1478230623336
production-topology1-2-1478228902,1.0425946057330662,1.0189600651726212,0.0,1760,1140,1478230633671
production-topology1-1-1478226788,1.0,1.0,0.0,0,0,1478230633671
production-topology1-2-1478228902,1.0320348836057487,1.0203179673547689,0.0,2320,1520,1478230643990
production-topology1-1-1478226788,1.0,1.0,0.0,0,0,1478230643991
production-topology1-2-1478228902,0.9112530213959593,1.0201530265677041,0.0,1880,1180,1478230654298
production-topology1-1-1478226788,1.0,1.0,0.0,0,0,1478230654298
production-topology1-2-1478228902,0.978308271506801,1.0122070093418976,0.0,2040,1260,1478230664718
production-topology1-1-1478226788,1.0,1.0,0.0,0,0,1478230664718
production-topology1-2-1478228902,0.9700065222373039,1.012580462217144,0.0,2240,1400,1478230675041
production-topology1-1-1478226788,1.0,1.0,0.0,0,0,1478230675041
production-topology1-2-1478228902,1.2200205809228364,1.017586828215964,0.0,1760,1200,1478230685373
production-topology1-1-1478226788,1.0,1.0,0.0,0,0,1478230685373
production-topology1-2-1478228902,0.9370779407535232,1.0192098664349407,0.0,2400,1480,1478230695708
production-topology1-1-1478226788,1.0,1.0,0.0,0,0,1478230695708
production-topology1-2-1478228902,0.8818012133308161,1.0136051007109745,0.0,1820,1220,1478230705969
production-topology1-1-1478226788,1.0,1.0,0.0,0,0,1478230705969
production-topology1-2-1478228902,1.3091177940595828,1.026025017914039,0.0,1340,920,1478230716312
production-topology1-1-1478226788,1.0,1.0,0.0,0,0,1478230716312
production-topology1-2-1478228902,1.0,1.0200257694929713,0.0,0,0,1478230726588
production-topology1-1-1478226788,1.0,1.0,0.0,0,0,1478230726588
production-topology1-2-1478228902,1.0,1.0205694640049123,0.0,0,0,1478230736927
production-topology1-1-1478226788,1.0,1.0,0.0,0,0,1478230736927
production-topology1-2-1478228902,1.0,1.0170502094092333,0.0,0,0,1478230747096
production-topology1-1-1478226788,1.0,1.0,0.0,0,0,1478230747096
production-topology1-2-1478228902,1.0,1.0217650306340498,0.0,0,0,1478230757206
production-topology1-1-1478226788,1.0,1.0,0.0,0,0,1478230757206
production-topology1-2-1478228902,1.0,1.0148549156935651,0.0,0,0,1478230767310
production-topology1-1-1478226788,1.0,1.0,0.0,0,0,1478230767310
production-topology1-2-1478228902,1.0,1.0181781911943615,0.0,0,0,1478230777414
production-topology1-1-1478226788,1.0,1.0,0.0,0,0,1478230777414
production-topology1-2-1478228902,1.0,1.015380767755807,0.0,0,0,1478230787517
production-topology1-1-1478226788,1.0,1.0,0.0,0,0,1478230787518
production-topology1-2-1478228902,1.0,1.018354649591312,0.0,0,0,1478230797601
production-topology1-1-1478226788,1.0,1.0,0.0,0,0,1478230797601
production-topology1-2-1478228902,1.0,1.0163359822851252,0.0,0,0,1478230807708
production-topology1-1-1478226788,1.0,1.0,0.0,0,0,1478230807708
production-topology1-2-1478228902,1.0,1.0144201469900889,0.0,0,0,1478230817802
production-topology1-1-1478226788,1.0,1.0,0.0,0,0,1478230817802
production-topology1-2-1478228902,1.0,1.015034792871576,0.0,0,0,1478230827909
production-topology1-1-1478226788,1.0,1.0,0.0,0,0,1478230827909
production-topology1-2-1478228902,1.0,1.0110994519352852,0.0,0,0,1478230838013
production-topology1-1-1478226788,1.0,1.0,0.0,0,0,1478230838013
production-topology1-2-1478228902,1.0,1.0168025492702348,0.0,0,0,1478230848119
production-topology1-1-1478226788,1.0,1.0,0.0,0,0,1478230848119
production-topology1-2-1478228902,1.0,1.0134489205206085,0.0,0,0,1478230858218
production-topology1-1-1478226788,1.0,1.0,0.0,0,0,1478230858218
production-topology1-2-1478228902,1.0,1.016137346426382,0.0,0,0,1478230868319
production-topology1-1-1478226788,1.0,1.0,0.0,0,0,1478230868319
production-topology1-2-1478228902,1.0,1.011159318545892,0.0,0,0,1478230878574
production-topology1-1-1478226788,1.0,1.0,0.0,0,0,1478230878574
production-topology1-2-1478228902,1.0,1.0147048722023781,0.0,0,0,1478230888654
production-topology1-1-1478226788,1.0,1.0,0.0,0,0,1478230888655
production-topology1-2-1478228902,1.0,1.0159488413550213,0.0,0,0,1478230898750
production-topology1-1-1478226788,1.0,1.0,0.0,0,0,1478230898750
production-topology1-2-1478228902,1.0,1.0069903178373047,0.0,0,0,1478230908841
production-topology1-1-1478226788,1.0,1.0,0.0,0,0,1478230908841
production-topology1-2-1478228902,1.0,1.0129258283060347,0.0,0,0,1478230918934
production-topology1-1-1478226788,1.0,1.0,0.0,0,0,1478230918935
production-topology1-2-1478228902,1.0,1.0094071611181878,0.0,0,0,1478230929030
production-topology1-1-1478226788,1.0,1.0,0.0,0,0,1478230929030
production-topology1-2-1478228902,1.0,1.0079873409270859,0.0,0,0,1478230939136
production-topology1-1-1478226788,1.0,1.0,0.0,0,0,1478230939136
production-topology1-2-1478228902,1.0,1.0069195114735607,0.0,0,0,1478230949232
production-topology1-1-1478226788,1.0,1.0,0.0,0,0,1478230949232
production-topology1-2-1478228902,1.0,1.0098777440936955,0.0,0,0,1478230959335
production-topology1-1-1478226788,1.0,1.0,0.0,0,0,1478230959335
production-topology1-2-1478228902,1.0,1.0106008017101356,0.0,0,0,1478230969441
production-topology1-1-1478226788,1.0,1.0,0.0,0,0,1478230969441
production-topology1-2-1478228902,1.0,1.0116005843022253,0.0,0,0,1478230979547
production-topology1-1-1478226788,1.0,1.0,0.0,0,0,1478230979548
production-topology1-2-1478228902,1.0,1.0042665649381308,0.0,0,0,1478230989653
production-topology1-1-1478226788,1.0,1.0,0.0,0,0,1478230989654
production-topology1-2-1478228902,1.0,1.0063639669130133,0.0,0,0,1478230999760
production-topology1-1-1478226788,1.0,1.0,0.0,0,0,1478230999760
production-topology1-2-1478228902,1.0,1.0103039264686526,0.0,0,0,1478231009866
production-topology1-1-1478226788,1.0,1.0,0.0,0,0,1478231009867
production-topology1-3-1478231016,0.0,0.0,0.0,0,0,1478231016548
production-topology1-2-1478228902,1.0,1.0,0.0,0,0,1478231016548
production-topology1-1-1478226788,1.0,1.0,0.0,0,0,1478231016548
production-topology1-3-1478231016,0.0,0.0,0.0,0,0,1478231020067
production-topology1-2-1478228902,1.0,1.0,0.0,0,0,1478231020067
production-topology1-1-1478226788,1.0,1.0,0.0,0,0,1478231020067
production-topology1-3-1478231016,0.9673630808255507,0.32245436027518354,0.0,1180,780,1478231030386
production-topology1-2-1478228902,1.0,1.0,0.0,0,0,1478231030386
production-topology1-1-1478226788,1.0,1.0,0.0,0,0,1478231030386
production-topology1-3-1478231016,1.0614165763813654,0.507194914301729,0.0,1780,1140,1478231040723
production-topology1-2-1478228902,1.0,1.0,0.0,0,0,1478231040723
production-topology1-1-1478226788,1.0,1.0,0.0,0,0,1478231040723
production-topology1-3-1478231016,0.8857105942849927,0.5828980502983818,0.0,2480,1540,1478231051116
production-topology1-2-1478228902,1.0,1.0,0.0,0,0,1478231051116
production-topology1-1-1478226788,1.0,1.0,0.0,0,0,1478231051116
production-topology1-3-1478231016,1.196737234619156,0.6852045810185108,0.0,1760,1200,1478231061425
production-topology1-2-1478228902,1.0,1.0,0.0,0,0,1478231061425
production-topology1-1-1478226788,1.0,1.0,0.0,0,0,1478231061425
production-topology1-3-1478231016,0.8819945455600472,0.7133174330958731,0.0,2300,1500,1478231071806
production-topology1-2-1478228902,1.0,1.0,0.0,0,0,1478231071806
production-topology1-1-1478226788,1.0,1.0,0.0,0,0,1478231071806
production-topology1-3-1478231016,1.0889277207139374,0.7602687190481312,0.0,2000,1220,1478231082112
production-topology1-2-1478228902,1.0,1.0,0.0,0,0,1478231082113
production-topology1-1-1478226788,1.0,1.0,0.0,0,0,1478231082113
production-topology1-3-1478231016,1.1520022310518265,0.8037946648263196,0.0,1740,1200,1478231092459
production-topology1-2-1478228902,1.0,1.0,0.0,0,0,1478231092459
production-topology1-1-1478226788,1.0,1.0,0.0,0,0,1478231092459
production-topology1-3-1478231016,0.9347544803547454,0.8168906463791622,0.0,2440,1480,1478231102810
production-topology1-2-1478228902,1.0,1.0,0.0,0,0,1478231102810
production-topology1-1-1478226788,1.0,1.0,0.0,0,0,1478231102810
production-topology1-3-1478231016,1.082929728384912,0.8410760174705939,0.0,1700,1160,1478231113147
production-topology1-2-1478228902,1.0,1.0,0.0,0,0,1478231113147
production-topology1-1-1478226788,1.0,1.0,0.0,0,0,1478231113147
production-topology1-3-1478231016,0.9204662751047965,0.8476918722734442,0.0,2440,1560,1478231123486
production-topology1-2-1478228902,1.0,1.0,0.0,0,0,1478231123486
production-topology1-1-1478226788,1.0,1.0,0.0,0,0,1478231123486
production-topology1-3-1478231016,1.1551277461273477,0.8713407856468215,0.0,1860,1120,1478231133826
production-topology1-2-1478228902,1.0,1.0,0.0,0,0,1478231133826
production-topology1-1-1478226788,1.0,1.0,0.0,0,0,1478231133826
production-topology1-3-1478231016,0.7846537062993109,0.8651488514077136,0.0,1840,1080,1478231144169
production-topology1-2-1478228902,1.0,1.0,0.0,0,0,1478231144169
production-topology1-1-1478226788,1.0,1.0,0.0,0,0,1478231144169
production-topology1-3-1478231016,1.1459608535177332,0.8838696515483816,0.0,2280,1560,1478231154621
production-topology1-2-1478228902,1.0,1.0,0.0,0,0,1478231154621
production-topology1-1-1478226788,1.0,1.0,0.0,0,0,1478231154621
production-topology1-3-1478231016,0.8751841647723195,0.8833268086248777,0.0,1880,1180,1478231165006
production-topology1-2-1478228902,1.0,1.0,0.0,0,0,1478231165006
production-topology1-1-1478226788,1.0,1.0,0.0,0,0,1478231165006
production-topology1-3-1478231016,0.9623010385412714,0.8879723515611362,0.0,2440,1480,1478231175358
production-topology1-2-1478228902,1.0,1.0,0.0,0,0,1478231175358
production-topology1-1-1478226788,1.0,1.0,0.0,0,0,1478231175358
production-topology1-3-1478231016,1.1282859668372989,0.9013231079653674,0.0,1740,1200,1478231185673
production-topology1-2-1478228902,1.0,1.0,0.0,0,0,1478231185673
production-topology1-1-1478226788,1.0,1.0,0.0,0,0,1478231185673
production-topology1-3-1478231016,0.9729634177990403,0.9050936505881924,0.0,2080,1360,1478231196106
production-topology1-2-1478228902,1.0,1.0,0.0,0,0,1478231196106
production-topology1-1-1478226788,1.0,1.0,0.0,0,0,1478231196106
production-topology1-3-1478231016,0.9911666323895881,0.9093972996782622,0.0,2080,1360,1478231206460
production-topology1-2-1478228902,1.0,1.0,0.0,0,0,1478231206460
production-topology1-1-1478226788,1.0,1.0,0.0,0,0,1478231206460
production-topology1-3-1478231016,1.0237302107728337,0.9148417240160989,0.0,1900,1140,1478231216812
production-topology1-2-1478228902,1.0,1.0,0.0,0,0,1478231216813
production-topology1-1-1478226788,1.0,1.0,0.0,0,0,1478231216813
production-topology1-3-1478231016,1.0088419882959707,0.9191144633015476,0.0,2380,1580,1478231227143
production-topology1-2-1478228902,1.0,1.0,0.0,0,0,1478231227143
production-topology1-1-1478226788,1.0,1.0,0.0,0,0,1478231227143
production-topology1-3-1478231016,0.8597752635440398,0.9165344980946994,0.0,1840,1120,1478231237479
production-topology1-2-1478228902,1.0,1.0,0.0,0,0,1478231237479
production-topology1-1-1478226788,1.0,1.0,0.0,0,0,1478231237479
production-topology1-3-1478231016,1.2339985715993929,0.9297621678240616,0.0,2400,1540,1478231247824
production-topology1-2-1478228902,1.0,1.0,0.0,0,0,1478231247824
production-topology1-1-1478226788,1.0,1.0,0.0,0,0,1478231247824
production-topology1-3-1478231016,0.9093521664162989,0.9289457677677511,0.0,1780,1120,1478231258179
production-topology1-2-1478228902,1.0,1.0,0.0,0,0,1478231258179
production-topology1-1-1478226788,1.0,1.0,0.0,0,0,1478231258179
production-topology1-3-1478231016,0.9367223458305256,0.9292448669240116,0.0,1800,1140,1478231268532
production-topology1-2-1478228902,1.0,1.0,0.0,0,0,1478231268532
production-topology1-1-1478226788,1.0,1.0,0.0,0,0,1478231268532
production-topology1-3-1478231016,1.0349188728384446,0.9331587189949166,0.0,2420,1560,1478231278864
production-topology1-2-1478228902,1.0,1.0,0.0,0,0,1478231278864
production-topology1-1-1478226788,1.0,1.0,0.0,0,0,1478231278864
production-topology1-3-1478231016,1.0203641156949614,0.9362731974484896,0.0,1780,1120,1478231289199
production-topology1-2-1478228902,1.0,1.0,0.0,0,0,1478231289199
production-topology1-1-1478226788,1.0,1.0,0.0,0,0,1478231289199
production-topology1-3-1478231016,1.016480519897157,0.9390389671880989,0.0,2400,1480,1478231299533
production-topology1-2-1478228902,1.0,1.0,0.0,0,0,1478231299533
production-topology1-1-1478226788,1.0,1.0,0.0,0,0,1478231299534
production-topology1-3-1478231016,1.0766612779715816,0.9436263775475483,0.0,1780,1220,1478231309873
production-topology1-2-1478228902,1.0,1.0,0.0,0,0,1478231309873
production-topology1-1-1478226788,1.0,1.0,0.0,0,0,1478231309873
production-topology1-3-1478231016,0.9820106340272488,0.9763600653484565,0.0,1840,1200,1478231320382
production-topology1-2-1478228902,1.0,1.0,0.0,0,0,1478231320382
production-topology1-1-1478226788,1.0,1.0,0.0,0,0,1478231320382
production-topology1-3-1478231016,0.9638890699504171,1.0084897010134706,0.0,2480,1500,1478231330718
production-topology1-2-1478228902,1.0,1.0,0.0,0,0,1478231330718
production-topology1-1-1478226788,1.0,1.0,0.0,0,0,1478231330718
production-topology1-3-1478231016,1.1938699895030547,1.0160399313027206,0.0,1680,1200,1478231341052
production-topology1-2-1478228902,1.0,1.0,0.0,0,0,1478231341052
production-topology1-1-1478226788,1.0,1.0,0.0,0,0,1478231341052
production-topology1-3-1478231016,0.8907157137145141,1.0103499025471587,0.0,2440,1560,1478231351393
production-topology1-2-1478228902,1.0,1.0,0.0,0,0,1478231351393
production-topology1-1-1478226788,1.0,1.0,0.0,0,0,1478231351393
production-topology1-3-1478231016,0.9680980593809737,1.0130961513836914,0.0,1840,1160,1478231361724
production-topology1-2-1478228902,1.0,1.0,0.0,0,0,1478231361724
production-topology1-1-1478226788,1.0,1.0,0.0,0,0,1478231361724
production-topology1-3-1478231016,0.9938340707571477,1.0063327125882913,0.0,2340,1520,1478231372068
production-topology1-2-1478228902,1.0,1.0,0.0,0,0,1478231372068
production-topology1-1-1478226788,1.0,1.0,0.0,0,0,1478231372068
production-topology1-3-1478231016,1.0322974866009473,1.0113428106229878,0.0,1840,1180,1478231382408
production-topology1-2-1478228902,1.0,1.0,0.0,0,0,1478231382408
production-topology1-1-1478226788,1.0,1.0,0.0,0,0,1478231382408
production-topology1-3-1478231016,1.0028435841347207,1.0084733394036804,0.0,1840,1160,1478231392839
production-topology1-2-1478228902,1.0,1.0,0.0,0,0,1478231392839
production-topology1-1-1478226788,1.0,1.0,0.0,0,0,1478231392839
production-topology1-3-1478231016,0.9718107194428479,1.0024669556833812,0.0,2380,1460,1478231403269
production-topology1-2-1478228902,1.0,1.0,0.0,0,0,1478231403269
production-topology1-1-1478226788,1.0,1.0,0.0,0,0,1478231403269
production-topology1-3-1478231016,0.8357771260997067,0.9991677105415467,0.0,1820,1140,1478231413613
production-topology1-2-1478228902,1.0,1.0,0.0,0,0,1478231413613
production-topology1-1-1478226788,1.0,1.0,0.0,0,0,1478231413613
production-topology1-3-1478231016,1.085429311858882,0.999251029990679,0.0,2440,1580,1478231423928
production-topology1-2-1478228902,1.0,1.0,0.0,0,0,1478231423928
production-topology1-1-1478226788,1.0,1.0,0.0,0,0,1478231423928
production-topology1-3-1478231016,1.0376682374917947,1.0031577620702457,0.0,1760,1200,1478231434266
production-topology1-2-1478228902,1.0,1.0,0.0,0,0,1478231434267
production-topology1-1-1478226788,1.0,1.0,0.0,0,0,1478231434267
production-topology1-3-1478231016,1.117687859186381,1.00190976583888,0.0,2280,1380,1478231444626
production-topology1-2-1478228902,1.0,1.0,0.0,0,0,1478231444626
production-topology1-1-1478226788,1.0,1.0,0.0,0,0,1478231444626
production-topology1-3-1478231016,0.9750570748457973,1.0082565447904297,0.0,1900,1340,1478231454954
production-topology1-2-1478228902,1.0,1.0,0.0,0,0,1478231454954
production-topology1-1-1478226788,1.0,1.0,0.0,0,0,1478231454955
production-topology1-3-1478231016,0.8188734063272285,0.9973536298840794,0.0,1800,1140,1478231465253
production-topology1-2-1478228902,1.0,1.0,0.0,0,0,1478231465253
production-topology1-1-1478226788,1.0,1.0,0.0,0,0,1478231465253
production-topology1-3-1478231016,1.1154244244079659,1.005361638538601,0.0,2420,1500,1478231475606
production-topology1-2-1478228902,1.0,1.0,0.0,0,0,1478231475606
production-topology1-1-1478226788,1.0,1.0,0.0,0,0,1478231475606
production-topology1-3-1478231016,0.8991381680006466,1.0032562095205801,0.0,1860,1180,1478231486017
production-topology1-2-1478228902,1.0,1.0,0.0,0,0,1478231486017
production-topology1-1-1478226788,1.0,1.0,0.0,0,0,1478231486017
production-topology1-3-1478231016,1.0279418596933694,0.9999114059491159,0.0,2420,1500,1478231496361
production-topology1-2-1478228902,1.0,1.0,0.0,0,0,1478231496361
production-topology1-1-1478226788,1.0,1.0,0.0,0,0,1478231496361
production-topology1-3-1478231016,0.8111632651271813,0.9945180675267206,0.0,1760,1160,1478231506697
production-topology1-2-1478228902,1.0,1.0,0.0,0,0,1478231506697
production-topology1-1-1478226788,1.0,1.0,0.0,0,0,1478231506697
production-topology1-3-1478231016,1.3325720547024138,1.0058982482704812,0.0,1800,1120,1478231517126
production-topology1-2-1478228902,1.0,1.0,0.0,0,0,1478231517126
production-topology1-1-1478226788,1.0,1.0,0.0,0,0,1478231517126
production-topology1-3-1478231016,0.9548682578708036,1.0036028498404137,0.0,2360,1580,1478231527435
production-topology1-2-1478228902,1.0,1.0,0.0,0,0,1478231527435
production-topology1-1-1478226788,1.0,1.0,0.0,0,0,1478231527435
production-topology1-3-1478231016,1.003983838692517,1.0034409115202987,0.0,1800,1120,1478231537706
production-topology1-2-1478228902,1.0,1.0,0.0,0,0,1478231537706
production-topology1-1-1478226788,1.0,1.0,0.0,0,0,1478231537706
production-topology1-3-1478231016,0.9808601735041561,1.007477075185636,0.0,2420,1520,1478231548026
production-topology1-2-1478228902,1.0,1.0,0.0,0,0,1478231548027
production-topology1-1-1478226788,1.0,1.0,0.0,0,0,1478231548027
production-topology1-3-1478231016,1.0725813059280025,1.0020964996632562,0.0,1780,1180,1478231558360
production-topology1-2-1478228902,1.0,1.0,0.0,0,0,1478231558360
production-topology1-1-1478226788,1.0,1.0,0.0,0,0,1478231558360
production-topology1-3-1478231016,1.0213323255753342,1.0058291716352241,0.0,2440,1600,1478231568759
production-topology1-2-1478228902,1.0,1.0,0.0,0,0,1478231568759
production-topology1-1-1478226788,1.0,1.0,0.0,0,0,1478231568759
production-topology1-3-1478231016,1.0073833569082764,1.0081845386711492,0.0,1840,1040,1478231579091
production-topology1-2-1478228902,1.0,1.0,0.0,0,0,1478231579091
production-topology1-1-1478226788,1.0,1.0,0.0,0,0,1478231579091
production-topology1-3-1478231016,0.9730847803881512,1.0061234022561394,0.0,1780,1220,1478231589421
production-topology1-2-1478228902,1.0,1.0,0.0,0,0,1478231589421
production-topology1-1-1478226788,1.0,1.0,0.0,0,0,1478231589421
production-topology1-3-1478231016,1.0057060994560996,1.005634801714844,0.0,2420,1540,1478231599742
production-topology1-2-1478228902,1.0,1.0,0.0,0,0,1478231599742
production-topology1-1-1478226788,1.0,1.0,0.0,0,0,1478231599742
production-topology1-3-1478231016,1.0265021434609802,1.0059688558336382,0.0,1800,1140,1478231610066
production-topology1-2-1478228902,1.0,1.0,0.0,0,0,1478231610066
production-topology1-1-1478226788,1.0,1.0,0.0,0,0,1478231610066
production-topology1-3-1478231016,0.9900981790670909,1.0030834192034883,0.0,2340,1540,1478231620397
production-topology1-2-1478228902,1.0,1.0,0.0,0,0,1478231620397
production-topology1-1-1478226788,1.0,1.0,0.0,0,0,1478231620397
production-topology1-3-1478231016,0.918637247502007,1.0009709729859801,0.0,1920,1160,1478231630717
production-topology1-2-1478228902,1.0,1.0,0.0,0,0,1478231630717
production-topology1-1-1478226788,1.0,1.0,0.0,0,0,1478231630717
production-topology1-3-1478231016,1.064945085476328,1.004339506836844,0.0,1720,1200,1478231641082
production-topology1-2-1478228902,1.0,1.0,0.0,0,0,1478231641082
production-topology1-1-1478226788,1.0,1.0,0.0,0,0,1478231641082
production-topology1-3-1478231016,0.9887422545021476,0.9975019156701471,0.0,2420,1500,1478231651563
production-topology1-2-1478228902,1.0,1.0,0.0,0,0,1478231651563
production-topology1-1-1478226788,1.0,1.0,0.0,0,0,1478231651563
production-topology1-3-1478231016,0.9186782608695652,0.9984340005753155,0.0,1840,1120,1478231661896
production-topology1-2-1478228902,1.0,1.0,0.0,0,0,1478231661897
production-topology1-1-1478226788,1.0,1.0,0.0,0,0,1478231661897
production-topology1-3-1478231016,1.0828257115570366,1.002258255647851,0.0,2360,1480,1478231672231
production-topology1-2-1478228902,1.0,1.0,0.0,0,0,1478231672231
production-topology1-1-1478226788,1.0,1.0,0.0,0,0,1478231672231
production-topology1-3-1478231016,0.917270531400966,0.9997061376693115,0.0,1820,1140,1478231682557
production-topology1-2-1478228902,1.0,1.0,0.0,0,0,1478231682557
production-topology1-1-1478226788,1.0,1.0,0.0,0,0,1478231682557
production-topology1-3-1478231016,0.9013394797293103,0.9953408707735902,0.0,1920,1200,1478231692987
production-topology1-2-1478228902,1.0,1.0,0.0,0,0,1478231692987
production-topology1-1-1478226788,1.0,1.0,0.0,0,0,1478231692987
production-topology1-3-1478231016,1.0449945343963178,0.9967459024489769,0.0,2300,1580,1478231703322
production-topology1-2-1478228902,1.0,1.0,0.0,0,0,1478231703323
production-topology1-1-1478226788,1.0,1.0,0.0,0,0,1478231703323
production-topology1-3-1478231016,1.0916556181578785,1.0007407324061446,0.0,1860,1120,1478231713649
production-topology1-2-1478228902,1.0,1.0,0.0,0,0,1478231713649
production-topology1-1-1478226788,1.0,1.0,0.0,0,0,1478231713649
production-topology1-3-1478231016,0.9550684990599577,1.0047171115048197,0.0,2420,1600,1478231723990
production-topology1-2-1478228902,1.0,1.0,0.0,0,0,1478231723990
production-topology1-1-1478226788,1.0,1.0,0.0,0,0,1478231723990
production-topology1-3-1478231016,1.0705030857031475,1.0042195706329617,0.0,1800,1100,1478231734394
production-topology1-2-1478228902,1.0,1.0,0.0,0,0,1478231734394
production-topology1-1-1478226788,1.0,1.0,0.0,0,0,1478231734395
production-topology1-3-1478231016,0.9905113004143903,1.0026476727303817,0.0,2420,1560,1478231744741
production-topology1-2-1478228902,1.0,1.0,0.0,0,0,1478231744741
production-topology1-1-1478226788,1.0,1.0,0.0,0,0,1478231744741
production-topology1-3-1478231016,0.977925232662075,0.9979889185129047,0.0,1760,1180,1478231755074
production-topology1-2-1478228902,1.0,1.0,0.0,0,0,1478231755075
production-topology1-1-1478226788,1.0,1.0,0.0,0,0,1478231755075
production-topology1-3-1478231016,1.0300974374378353,0.9998235972659726,0.0,1760,1160,1478231765405
production-topology1-2-1478228902,1.0,1.0,0.0,0,0,1478231765405
production-topology1-1-1478226788,1.0,1.0,0.0,0,0,1478231765405
production-topology1-3-1478231016,0.8681378089727116,1.0014657440208221,0.0,2500,1440,1478231775768
production-topology1-2-1478228902,1.0,1.0,0.0,0,0,1478231775768
production-topology1-1-1478226788,1.0,1.0,0.0,0,0,1478231775769
production-topology1-3-1478231016,1.0752037878088296,1.0001250561341843,0.0,1780,1180,1478231786102
production-topology1-2-1478228902,1.0,1.0,0.0,0,0,1478231786102
production-topology1-1-1478226788,1.0,1.0,0.0,0,0,1478231786102
production-topology1-3-1478231016,0.9254080263509482,1.0010007180791942,0.0,2460,1540,1478231796458
production-topology1-2-1478228902,1.0,1.0,0.0,0,0,1478231796458
production-topology1-1-1478226788,1.0,1.0,0.0,0,0,1478231796458
production-topology1-3-1478231016,1.1425169407248086,1.0048198874469088,0.0,1680,1180,1478231806857
production-topology1-2-1478228902,1.0,1.0,0.0,0,0,1478231806857
production-topology1-1-1478226788,1.0,1.0,0.0,0,0,1478231806857
production-topology1-3-1478231016,0.8072062705616684,1.0046879876280583,0.0,2080,1200,1478231817266
production-topology1-2-1478228902,1.0,1.0,0.0,0,0,1478231817266
production-topology1-1-1478226788,1.0,1.0,0.0,0,0,1478231817266
production-topology1-3-1478231016,1.1957705194827712,1.0001279364540703,0.0,2180,1480,1478231827595
production-topology1-2-1478228902,1.0,1.0,0.0,0,0,1478231827595
production-topology1-1-1478226788,1.0,1.0,0.0,0,0,1478231827595
production-topology1-3-1478231016,1.0204511278195487,1.0023140321190285,0.0,1780,1160,1478231837930
production-topology1-2-1478228902,1.0,1.0,0.0,0,0,1478231837930
production-topology1-1-1478226788,1.0,1.0,0.0,0,0,1478231837930
production-topology1-3-1478231016,1.0270982205408434,1.0030845115139726,0.0,2440,1580,1478231848272
production-topology1-2-1478228902,1.0,1.0,0.0,0,0,1478231848273
production-topology1-1-1478226788,1.0,1.0,0.0,0,0,1478231848273
production-topology1-3-1478231016,1.015674490162585,1.0042449887359204,0.0,1800,1140,1478231858622
production-topology1-2-1478228902,1.0,1.0,0.0,0,0,1478231858622
production-topology1-1-1478226788,1.0,1.0,0.0,0,0,1478231858622
production-topology1-3-1478231016,0.9633866131628374,1.000605165643748,0.0,2440,1520,1478231868952
production-topology1-2-1478228902,1.0,1.0,0.0,0,0,1478231868953
production-topology1-1-1478226788,1.0,1.0,0.0,0,0,1478231868953
production-topology1-3-1478231016,1.103742963967295,1.00335218692348,0.0,1740,1160,1478231879276
production-topology1-2-1478228902,1.0,1.0,0.0,0,0,1478231879276
production-topology1-1-1478226788,1.0,1.0,0.0,0,0,1478231879276
production-topology1-3-1478231016,0.8330840748292297,0.9975422108541785,0.0,1880,1160,1478231889618
production-topology1-2-1478228902,1.0,1.0,0.0,0,0,1478231889618
production-topology1-1-1478226788,1.0,1.0,0.0,0,0,1478231889618
production-topology1-3-1478231016,1.102138085714763,1.001843987698399,0.0,2400,1480,1478231899958
production-topology1-2-1478228902,1.0,1.0,0.0,0,0,1478231899958
production-topology1-1-1478226788,1.0,1.0,0.0,0,0,1478231899958
production-topology1-3-1478231016,0.8794928857116491,0.9976368805735839,0.0,1740,1160,1478231910293
production-topology1-2-1478228902,1.0,1.0,0.0,0,0,1478231910293
production-topology1-1-1478226788,1.0,1.0,0.0,0,0,1478231910293
production-topology1-3-1478231016,1.0125793650793649,0.9971727879608635,0.0,2440,1520,1478231920633
production-topology1-2-1478228902,1.0,1.0,0.0,0,0,1478231920633
production-topology1-1-1478226788,1.0,1.0,0.0,0,0,1478231920633
production-topology1-3-1478231016,1.0433448656689508,0.9989476775142588,0.0,1880,1220,1478231930975
production-topology1-2-1478228902,1.0,1.0,0.0,0,0,1478231930976
production-topology1-1-1478226788,1.0,1.0,0.0,0,0,1478231930976
production-topology1-3-1478231016,0.9858056460383271,1.001186624132136,0.0,1760,1160,1478231941314
production-topology1-2-1478228902,1.0,1.0,0.0,0,0,1478231941314
production-topology1-1-1478226788,1.0,1.0,0.0,0,0,1478231941314
production-topology1-3-1478231016,1.0817672301117638,1.0017473622866508,0.0,2400,1520,1478231951821
production-topology1-2-1478228902,1.0,1.0,0.0,0,0,1478231951821
production-topology1-1-1478226788,1.0,1.0,0.0,0,0,1478231951821
production-topology1-3-1478231016,0.9419584982242516,1.0001879037440542,0.0,1800,1180,1478231962182
production-topology1-2-1478228902,1.0,1.0,0.0,0,0,1478231962182
production-topology1-1-1478226788,1.0,1.0,0.0,0,0,1478231962182
production-topology1-3-1478231016,1.0481329118571385,1.0045030587769734,0.0,2380,1500,1478231972494
production-topology1-2-1478228902,1.0,1.0,0.0,0,0,1478231972494
production-topology1-1-1478226788,1.0,1.0,0.0,0,0,1478231972494
production-topology1-3-1478231016,0.9263650870741692,0.9992877046275445,0.0,1820,1180,1478231982821
production-topology1-2-1478228902,1.0,1.0,0.0,0,0,1478231982821
production-topology1-1-1478226788,1.0,1.0,0.0,0,0,1478231982821
production-topology1-3-1478231016,0.9889733057757667,1.0016777971067043,0.0,2400,1460,1478231993165
production-topology1-2-1478228902,1.0,1.0,0.0,0,0,1478231993165
production-topology1-1-1478226788,1.0,1.0,0.0,0,0,1478231993165
production-topology1-3-1478231016,1.122378388913842,1.009045760746189,0.0,1780,1180,1478232003512
production-topology1-2-1478228902,1.0,1.0,0.0,0,0,1478232003512
production-topology1-1-1478226788,1.0,1.0,0.0,0,0,1478232003513
production-topology1-3-1478231016,1.0194740485610971,1.0081950778850148,0.0,1880,1180,1478232013860
production-topology1-2-1478228902,1.0,1.0,0.0,0,0,1478232013860
production-topology1-1-1478226788,1.0,1.0,0.0,0,0,1478232013860
production-topology1-3-1478231016,0.8702960095336622,1.0008164242642075,0.0,2340,1520,1478232024204
production-topology1-2-1478228902,1.0,1.0,0.0,0,0,1478232024204
production-topology1-1-1478226788,1.0,1.0,0.0,0,0,1478232024204
production-topology1-3-1478231016,1.0803783065713481,1.0049934178479205,0.0,1840,1140,1478232034541
production-topology1-2-1478228902,1.0,1.0,0.0,0,0,1478232034541
production-topology1-1-1478226788,1.0,1.0,0.0,0,0,1478232034541
production-topology1-3-1478231016,1.0509029376681742,1.004340079580088,0.0,2360,1580,1478232044889
production-topology1-2-1478228902,1.0,1.0,0.0,0,0,1478232044889
production-topology1-1-1478226788,1.0,1.0,0.0,0,0,1478232044889
production-topology1-3-1478231016,0.9174262152777777,1.0019039100755345,0.0,1920,1140,1478232055231
production-topology1-2-1478228902,1.0,1.0,0.0,0,0,1478232055231
production-topology1-1-1478226788,1.0,1.0,0.0,0,0,1478232055231
production-topology1-3-1478231016,1.0090121292147396,1.002940139960623,0.0,1740,1240,1478232065668
production-topology1-2-1478228902,1.0,1.0,0.0,0,0,1478232065668
production-topology1-1-1478226788,1.0,1.0,0.0,0,0,1478232065668
production-topology1-3-1478231016,1.0070067414850763,1.002170450095531,0.0,2440,1420,1478232076106
production-topology1-2-1478228902,1.0,1.0,0.0,0,0,1478232076106
production-topology1-1-1478226788,1.0,1.0,0.0,0,0,1478232076106
production-topology1-3-1478231016,1.0968602242407461,1.0097945306044658,0.0,1720,1140,1478232086454
production-topology1-2-1478228902,1.0,1.0,0.0,0,0,1478232086454
production-topology1-1-1478226788,1.0,1.0,0.0,0,0,1478232086454
production-topology1-3-1478231016,0.9603917490325323,1.0059674626452557,0.0,2460,1620,1478232096798
production-topology1-2-1478228902,1.0,1.0,0.0,0,0,1478232096798
production-topology1-1-1478226788,1.0,1.0,0.0,0,0,1478232096798
production-topology1-3-1478231016,1.0930410852123653,1.0115552312739695,0.0,1820,1160,1478232107155
production-topology1-2-1478228902,1.0,1.0,0.0,0,0,1478232107155
production-topology1-1-1478226788,1.0,1.0,0.0,0,0,1478232107155
production-topology1-3-1478231016,0.8843198526903359,1.0029486616728205,0.0,2380,1500,1478232117578
production-topology1-2-1478228902,1.0,1.0,0.0,0,0,1478232117578
production-topology1-1-1478226788,1.0,1.0,0.0,0,0,1478232117578
production-topology1-3-1478231016,1.037172940000134,1.0106142173207693,0.0,1760,1180,1478232127912
production-topology1-2-1478228902,1.0,1.0,0.0,0,0,1478232127912
production-topology1-1-1478226788,1.0,1.0,0.0,0,0,1478232127912
production-topology1-3-1478231016,1.0157056008060472,1.0046120533648784,0.0,1920,1160,1478232138304
production-topology1-2-1478228902,1.0,1.0,0.0,0,0,1478232138304
production-topology1-1-1478226788,1.0,1.0,0.0,0,0,1478232138304
production-topology1-3-1478231016,0.965734119425548,1.0027881530850784,0.0,2340,1560,1478232148718
production-topology1-2-1478228902,1.0,1.0,0.0,0,0,1478232148719
production-topology1-1-1478226788,1.0,1.0,0.0,0,0,1478232148719
production-topology1-3-1478231016,1.031367108148503,1.002930449338667,0.0,1880,1100,1478232159030
production-topology1-2-1478228902,1.0,1.0,0.0,0,0,1478232159030
production-topology1-1-1478226788,1.0,1.0,0.0,0,0,1478232159030
production-topology1-3-1478231016,1.0505163076015547,1.0040918432532995,0.0,2260,1520,1478232169382
production-topology1-2-1478228902,1.0,1.0,0.0,0,0,1478232169382
production-topology1-1-1478226788,1.0,1.0,0.0,0,0,1478232169382
production-topology1-3-1478231016,0.8249694419535945,0.999477937546325,0.0,1940,1160,1478232179708
production-topology1-2-1478228902,1.0,1.0,0.0,0,0,1478232179708
production-topology1-1-1478226788,1.0,1.0,0.0,0,0,1478232179708
production-topology1-3-1478231016,1.1036691265050533,0.9994754762975834,0.0,1880,1160,1478232190150
production-topology1-2-1478228902,1.0,1.0,0.0,0,0,1478232190150
production-topology1-1-1478226788,1.0,1.0,0.0,0,0,1478232190150
production-topology1-3-1478231016,1.0361770677777629,1.0062452427292012,0.0,2260,1520,1478232200449
production-topology1-2-1478228902,1.0,1.0,0.0,0,0,1478232200449
production-topology1-1-1478226788,1.0,1.0,0.0,0,0,1478232200449
production-topology1-3-1478231016,0.9236039977881287,1.00029410646498,0.0,1860,1180,1478232210760
production-topology1-2-1478228902,1.0,1.0,0.0,0,0,1478232210760
production-topology1-1-1478226788,1.0,1.0,0.0,0,0,1478232210760
production-topology1-3-1478231016,0.8682122227438298,0.9999180843660527,0.0,2420,1480,1478232221098
production-topology1-2-1478228902,1.0,1.0,0.0,0,0,1478232221098
production-topology1-1-1478226788,1.0,1.0,0.0,0,0,1478232221098
production-topology1-3-1478231016,1.1310117967332123,1.0038658320878477,0.0,1800,1180,1478232231430
production-topology1-2-1478228902,1.0,1.0,0.0,0,0,1478232231430
production-topology1-1-1478226788,1.0,1.0,0.0,0,0,1478232231430
production-topology1-3-1478231016,1.0343297856585005,1.0035653294208327,0.0,2420,1580,1478232241777
production-topology1-2-1478228902,1.0,1.0,0.0,0,0,1478232241778
production-topology1-1-1478226788,1.0,1.0,0.0,0,0,1478232241778
production-topology1-3-1478231016,1.1049900837041822,1.0075381440096944,0.0,1680,1160,1478232252111
production-topology1-2-1478228902,1.0,1.0,0.0,0,0,1478232252111
production-topology1-1-1478226788,1.0,1.0,0.0,0,0,1478232252111
production-topology1-3-1478231016,1.0748539139896482,1.0073077001389572,0.0,1780,1120,1478232262491
production-topology1-2-1478228902,1.0,1.0,0.0,0,0,1478232262491
production-topology1-1-1478226788,1.0,1.0,0.0,0,0,1478232262491
production-topology1-3-1478231016,0.9335068149388771,1.007025977362778,0.0,2440,1520,1478232272995
production-topology1-2-1478228902,1.0,1.0,0.0,0,0,1478232272995
production-topology1-1-1478226788,1.0,1.0,0.0,0,0,1478232272995
production-topology1-3-1478231016,0.9574718306668738,1.0040039413231026,0.0,1840,1140,1478232283322
production-topology1-2-1478228902,1.0,1.0,0.0,0,0,1478232283322
production-topology1-1-1478226788,1.0,1.0,0.0,0,0,1478232283322
production-topology1-3-1478231016,1.090576638959486,1.0094776597192798,0.0,2380,1600,1478232293675
production-topology1-2-1478228902,1.0,1.0,0.0,0,0,1478232293675
production-topology1-1-1478226788,1.0,1.0,0.0,0,0,1478232293675
production-topology1-3-1478231016,1.0108489910603047,1.0102068492287646,0.0,1840,1140,1478232304000
production-topology1-2-1478228902,1.0,1.0,0.0,0,0,1478232304000
production-topology1-1-1478226788,1.0,1.0,0.0,0,0,1478232304000
production-topology1-3-1478231016,0.8145074122507551,0.9999444833399949,0.0,2020,1200,1478232314369
production-topology1-2-1478228902,1.0,1.0,0.0,0,0,1478232314369
production-topology1-1-1478226788,1.0,1.0,0.0,0,0,1478232314369
production-topology1-3-1478231016,1.1452302357955544,1.0041363562478103,0.0,2240,1400,1478232324680
production-topology1-2-1478228902,1.0,1.0,0.0,0,0,1478232324681
production-topology1-1-1478226788,1.0,1.0,0.0,0,0,1478232324681
production-topology1-3-1478231016,1.0284341012912441,1.0094076259730629,0.0,1820,1240,1478232335010
production-topology1-2-1478228902,1.0,1.0,0.0,0,0,1478232335010
production-topology1-1-1478226788,1.0,1.0,0.0,0,0,1478232335010
production-topology1-3-1478231016,0.8945027694399362,1.0032117747353493,0.0,2320,1480,1478232345371
production-topology1-2-1478228902,1.0,1.0,0.0,0,0,1478232345371
production-topology1-1-1478226788,1.0,1.0,0.0,0,0,1478232345371
production-topology1-3-1478231016,1.3076042341430587,1.0117684846178454,0.0,1820,1180,1478232355696
production-topology1-2-1478228902,1.0,1.0,0.0,0,0,1478232355696
production-topology1-1-1478226788,1.0,1.0,0.0,0,0,1478232355696
production-topology1-3-1478231016,0.8777095576347439,1.0104445960297441,0.0,2400,1500,1478232366074
production-topology1-2-1478228902,1.0,1.0,0.0,0,0,1478232366074
production-topology1-1-1478226788,1.0,1.0,0.0,0,0,1478232366074
production-topology1-3-1478231016,1.0900635122866829,1.013146308798809,0.0,1820,1120,1478232376401
production-topology1-2-1478228902,1.0,1.0,0.0,0,0,1478232376402
production-topology1-1-1478226788,1.0,1.0,0.0,0,0,1478232376402
production-topology1-3-1478231016,0.877613152442327,1.0088331891640505,0.0,1940,1260,1478232386745
production-topology1-2-1478228902,1.0,1.0,0.0,0,0,1478232386745
production-topology1-1-1478226788,1.0,1.0,0.0,0,0,1478232386745
production-topology1-3-1478231016,1.0535251784261799,1.0073886876368985,0.0,2240,1500,1478232397242
production-topology1-2-1478228902,1.0,1.0,0.0,0,0,1478232397242
production-topology1-1-1478226788,1.0,1.0,0.0,0,0,1478232397242
production-topology1-3-1478231016,0.86706036587566,1.0042776415316694,0.0,1880,1140,1478232407543
production-topology1-2-1478228902,1.0,1.0,0.0,0,0,1478232407543
production-topology1-1-1478226788,1.0,1.0,0.0,0,0,1478232407544
production-topology1-3-1478231016,1.1064766659732337,1.0047254942236983,0.0,2420,1540,1478232417984
production-topology1-2-1478228902,1.0,1.0,0.0,0,0,1478232417984
production-topology1-1-1478226788,1.0,1.0,0.0,0,0,1478232417984
production-topology1-3-1478231016,1.1197605478444712,1.0125735173955028,0.0,1720,1160,1478232428339
production-topology1-2-1478228902,1.0,1.0,0.0,0,0,1478232428339
production-topology1-1-1478226788,1.0,1.0,0.0,0,0,1478232428339
production-topology1-3-1478231016,0.929177592340029,1.0089736724734992,0.0,2460,1520,1478232438676
production-topology1-2-1478228902,1.0,1.0,0.0,0,0,1478232438676
production-topology1-1-1478226788,1.0,1.0,0.0,0,0,1478232438676
production-topology1-3-1478231016,1.059651409992944,1.0104385327797294,0.0,1840,1140,1478232449030
production-topology1-2-1478228902,1.0,1.0,0.0,0,0,1478232449030
production-topology1-1-1478226788,1.0,1.0,0.0,0,0,1478232449030
production-topology1-3-1478231016,1.0799182554907412,1.014244670648569,0.0,1640,1140,1478232459358
production-topology1-2-1478228902,1.0,1.0,0.0,0,0,1478232459359
production-topology1-1-1478226788,1.0,1.0,0.0,0,0,1478232459359
production-topology1-3-1478231016,0.9315505420565976,1.0109174517788388,0.0,2600,1460,1478232469810
production-topology1-2-1478228902,1.0,1.0,0.0,0,0,1478232469810
production-topology1-1-1478226788,1.0,1.0,0.0,0,0,1478232469810
production-topology1-3-1478231016,1.0330533891459206,1.0103353544969844,0.0,1700,1220,1478232480139
production-topology1-2-1478228902,1.0,1.0,0.0,0,0,1478232480139
production-topology1-1-1478226788,1.0,1.0,0.0,0,0,1478232480139
production-topology1-3-1478231016,0.9838831589983666,1.015632478398477,0.0,2380,1560,1478232490478
production-topology1-2-1478228902,1.0,1.0,0.0,0,0,1478232490478
production-topology1-1-1478226788,1.0,1.0,0.0,0,0,1478232490478
production-topology1-3-1478231016,0.9309275069215128,1.009874424412359,0.0,1900,1120,1478232500804
production-topology1-2-1478228902,1.0,1.0,0.0,0,0,1478232500804
production-topology1-1-1478226788,1.0,1.0,0.0,0,0,1478232500805
production-topology1-3-1478231016,0.908180323173261,1.0056078662588754,0.0,1840,1080,1478232511212
production-topology1-2-1478228902,1.0,1.0,0.0,0,0,1478232511212
production-topology1-1-1478226788,1.0,1.0,0.0,0,0,1478232511212
production-topology1-3-1478231016,1.2289772233753375,1.0157869737784493,0.0,2240,1560,1478232521538
production-topology1-2-1478228902,1.0,1.0,0.0,0,0,1478232521538
production-topology1-1-1478226788,1.0,1.0,0.0,0,0,1478232521538
production-topology1-3-1478231016,0.8465072215072216,1.0150634737372288,0.0,1920,1160,1478232531867
production-topology1-2-1478228902,1.0,1.0,0.0,0,0,1478232531867
production-topology1-1-1478226788,1.0,1.0,0.0,0,0,1478232531867
production-topology1-3-1478231016,1.0379897982133939,1.011962740453235,0.0,2300,1620,1478232542199
production-topology1-2-1478228902,1.0,1.0,0.0,0,0,1478232542199
production-topology1-1-1478226788,1.0,1.0,0.0,0,0,1478232542199
production-topology1-3-1478231016,1.0083702818708793,1.0110974236603143,0.0,1800,1120,1478232552541
production-topology1-2-1478228902,1.0,1.0,0.0,0,0,1478232552541
production-topology1-1-1478226788,1.0,1.0,0.0,0,0,1478232552542
production-topology1-3-1478231016,0.9181293264226911,1.0048687317509313,0.0,2540,1540,1478232562886
production-topology1-2-1478228902,1.0,1.0,0.0,0,0,1478232562886
production-topology1-1-1478226788,1.0,1.0,0.0,0,0,1478232562886
production-topology1-3-1478231016,0.9602602180432215,1.0010489418860502,0.0,1700,1220,1478232573249
production-topology1-2-1478228902,1.0,1.0,0.0,0,0,1478232573249
production-topology1-1-1478226788,1.0,1.0,0.0,0,0,1478232573249
production-topology1-3-1478231016,1.0653131291343112,1.0054424856925648,0.0,1920,1180,1478232583610
production-topology1-2-1478228902,1.0,1.0,0.0,0,0,1478232583610
production-topology1-1-1478226788,1.0,1.0,0.0,0,0,1478232583610
production-topology1-3-1478231016,1.1549257268104018,1.0120242822306824,0.0,2280,1500,1478232594003
production-topology1-2-1478228902,1.0,1.0,0.0,0,0,1478232594003
production-topology1-1-1478226788,1.0,1.0,0.0,0,0,1478232594003
production-topology1-3-1478231016,0.9108354345755215,1.0060329087512168,0.0,1820,1220,1478232604327
production-topology1-2-1478228902,1.0,1.0,0.0,0,0,1478232604327
production-topology1-1-1478226788,1.0,1.0,0.0,0,0,1478232604327
production-topology1-3-1478231016,1.1589747439591052,1.0109704338478434,0.0,2460,1560,1478232614669
production-topology1-2-1478228902,1.0,1.0,0.0,0,0,1478232614669
production-topology1-1-1478226788,1.0,1.0,0.0,0,0,1478232614669
production-topology1-3-1478231016,0.9491303883909517,1.01545786638585,0.0,1760,1120,1478232625013
production-topology1-2-1478228902,1.0,1.0,0.0,0,0,1478232625013
production-topology1-1-1478226788,1.0,1.0,0.0,0,0,1478232625013
production-topology1-3-1478231016,0.8466200760410021,1.0055041943940315,0.0,1960,1200,1478232635454
production-topology1-2-1478228902,1.0,1.0,0.0,0,0,1478232635454
production-topology1-1-1478226788,1.0,1.0,0.0,0,0,1478232635454
production-topology1-3-1478231016,1.041470416842247,1.0059387382457317,0.0,2260,1520,1478232645801
production-topology1-2-1478228902,1.0,1.0,0.0,0,0,1478232645802
production-topology1-1-1478226788,1.0,1.0,0.0,0,0,1478232645802
production-topology1-3-1478231016,1.1287808073675822,1.0137480061766533,0.0,1800,1160,1478232656151
production-topology1-2-1478228902,1.0,1.0,0.0,0,0,1478232656151
production-topology1-1-1478226788,1.0,1.0,0.0,0,0,1478232656151
production-topology1-3-1478231016,1.0221680809916105,1.0042334677382716,0.0,2440,1580,1478232666584
production-topology1-2-1478228902,1.0,1.0,0.0,0,0,1478232666584
production-topology1-1-1478226788,1.0,1.0,0.0,0,0,1478232666584
production-topology1-3-1478231016,0.7683680276020701,1.0005887500705157,0.0,1800,1080,1478232676890
production-topology1-2-1478228902,1.0,1.0,0.0,0,0,1478232676890
production-topology1-1-1478226788,1.0,1.0,0.0,0,0,1478232676890
production-topology1-3-1478231016,1.1649591327967403,1.0030852707541844,0.0,2420,1520,1478232687234
production-topology1-2-1478228902,1.0,1.0,0.0,0,0,1478232687234
production-topology1-1-1478226788,1.0,1.0,0.0,0,0,1478232687234
production-topology1-3-1478231016,0.9308040660345149,1.0048583012072576,0.0,1740,1220,1478232697589
production-topology1-2-1478228902,1.0,1.0,0.0,0,0,1478232697589
production-topology1-1-1478226788,1.0,1.0,0.0,0,0,1478232697589
production-topology1-3-1478231016,1.1620771651327348,1.0084767007641426,0.0,1860,1180,1478232708016
production-topology1-2-1478228902,1.0,1.0,0.0,0,0,1478232708016
production-topology1-1-1478226788,1.0,1.0,0.0,0,0,1478232708016
production-topology1-3-1478231016,0.9838175350491735,1.0123686064032598,0.0,2380,1480,1478232718432
production-topology1-2-1478228902,1.0,1.0,0.0,0,0,1478232718432
production-topology1-1-1478226788,1.0,1.0,0.0,0,0,1478232718432
production-topology1-3-1478231016,0.8909796279254406,1.0051853718016666,0.0,1820,1160,1478232728786
production-topology1-2-1478228902,1.0,1.0,0.0,0,0,1478232728787
production-topology1-1-1478226788,1.0,1.0,0.0,0,0,1478232728787
production-topology1-3-1478231016,1.0410434426899775,1.0025614682965172,0.0,2440,1440,1478232739128
production-topology1-2-1478228902,1.0,1.0,0.0,0,0,1478232739128
production-topology1-1-1478226788,1.0,1.0,0.0,0,0,1478232739128
production-topology1-3-1478231016,1.0114568043786565,1.0053041086978045,0.0,1820,1200,1478232749461
production-topology1-2-1478228902,1.0,1.0,0.0,0,0,1478232749461
production-topology1-1-1478226788,1.0,1.0,0.0,0,0,1478232749461
production-topology1-3-1478231016,0.9568568104208822,1.0018776220454024,0.0,2080,1260,1478232759887
production-topology1-2-1478228902,1.0,1.0,0.0,0,0,1478232759887
production-topology1-1-1478226788,1.0,1.0,0.0,0,0,1478232759887
production-topology1-3-1478231016,0.996681210470893,0.9991030538780742,0.0,2100,1480,1478232770230
production-topology1-2-1478228902,1.0,1.0,0.0,0,0,1478232770230
production-topology1-1-1478226788,1.0,1.0,0.0,0,0,1478232770230
production-topology1-3-1478231016,1.080712612914018,1.0040751229066547,0.0,1800,1180,1478232780583
production-topology1-2-1478228902,1.0,1.0,0.0,0,0,1478232780583
production-topology1-1-1478226788,1.0,1.0,0.0,0,0,1478232780583
production-topology1-3-1478231016,1.0512373415599223,1.004681254653788,0.0,2480,1540,1478232790931
production-topology1-2-1478228902,1.0,1.0,0.0,0,0,1478232790931
production-topology1-1-1478226788,1.0,1.0,0.0,0,0,1478232790931
production-topology1-3-1478231016,0.8758435735054697,1.001079935137358,0.0,1740,1160,1478232801250
production-topology1-2-1478228902,1.0,1.0,0.0,0,0,1478232801250
production-topology1-1-1478226788,1.0,1.0,0.0,0,0,1478232801250
production-topology1-3-1478231016,1.0203324655973074,1.0040601004265512,0.0,2440,1580,1478232811656
production-topology1-2-1478228902,1.0,1.0,0.0,0,0,1478232811656
production-topology1-1-1478226788,1.0,1.0,0.0,0,0,1478232811656
production-topology1-3-1478231016,1.079540358516288,1.0097721016046521,0.0,1800,1140,1478232821994
production-topology1-2-1478228902,1.0,1.0,0.0,0,0,1478232821994
production-topology1-1-1478226788,1.0,1.0,0.0,0,0,1478232821994
