In Observer * 
In Run
Let's get some latency data 
In Observer * 
In Run
Let's get some latency data 
In Observer * 
In Run
Let's get some latency data 
In Observer * 
In Run
Let's get some latency data 
In Observer * 
In Run
Let's get some latency data 
In Observer * 
In Run
Let's get some latency data 
In Observer * 
In Run
Let's get some latency data 
In Observer * 
In Run
Let's get some latency data 
In Observer * 
In Run
Let's get some latency data 
In Observer * 
In Run
Let's get some latency data 
In Observer * 
In Run
Let's get some latency data 
In Observer * 
In Run
Let's get some latency data 
In Observer * 
In Run
Let's get some latency data 
In Observer * 
In Run
Let's get some latency data 
In Observer * 
In Run
Let's get some latency data 
In Observer * 
In Run
Let's get some latency data 
In Observer * 
In Run
Let's get some latency data 
In Observer * 
In Run
Let's get some latency data 
In Observer * 
In Run
Let's get some latency data 
In Observer * 
In Run
Let's get some latency data 
In Observer * 
In Run
Let's get some latency data 
In Observer * 
In Run
Let's get some latency data 
In Observer * 
In Run
Let's get some latency data 
In Observer * 
In Run
Let's get some latency data 
In Observer * 
In Run
Let's get some latency data 
In Observer * 
In Run
Let's get some latency data 
In Observer * 
In Run
Let's get some latency data 
In Observer * 
In Run
Let's get some latency data 
In Observer * 
In Run
Let's get some latency data 
In Observer * 
In Run
Let's get some latency data 
In Observer * 
In Run
Let's get some latency data 
In Observer * 
In Run
Let's get some latency data 
In Observer * 
In Run
Let's get some latency data 
In Observer * 
In Run
Let's get some latency data 
In Observer * 
In Run
Let's get some latency data 
In Observer * 
In Run
In the function: getUserSpecifiedSLOFromConfig
Topology name: production-topology1-1-1478813400
Topology SLO: 0.9
In the function: getUserSpecifiedLatencySLOFromConfig
Topology name: production-topology1-1-1478813400
Topology Latency SLO: null
In the function:  getUserSLOSensitivityFromConfig
Topology name: production-topology1-1-1478813400
Topology Sensitivity: throughput
In the function:  getNumWorkersFromConfig
Topology name: production-topology1-1-1478813400
Topology workers: 6
No latency data for topology: production-topology1-1-1478813400 
Let's get some latency data 
production-topology1-1-1478813400,0.0,0.0,0.0,0,0,1478813401077
In Observer * 
In Run
No latency data for topology: production-topology1-1-1478813400 
Let's get some latency data 
production-topology1-1-1478813400,0.0,0.0,0.0,0,0,1478813405606
In Observer * 
In Run
No latency data for topology: production-topology1-1-1478813400 
Let's get some latency data 
production-topology1-1-1478813400,1.0634747403626121,0.35449158012087073,0.0,1200,800,1478813416325
In Observer * 
In Run
No latency data for topology: production-topology1-1-1478813400 
Let's get some latency data 
production-topology1-1-1478813400,0.9262466690793613,0.4974303523604934,0.0,2420,1520,1478813426885
In Observer * 
In Run
No latency data for topology: production-topology1-1-1478813400 
Let's get some latency data 
production-topology1-1-1478813400,0.923996796811945,0.5827436412507837,0.0,1760,1100,1478813437402
In Observer * 
In Run
No latency data for topology: production-topology1-1-1478813400 
Let's get some latency data 
production-topology1-1-1478813400,1.155686456548097,0.6782341104670025,0.0,2440,1620,1478813447922
In Observer * 
In Run
No latency data for topology: production-topology1-1-1478813400 
Let's get some latency data 
production-topology1-1-1478813400,0.8159660663669418,0.6979101041669938,0.0,1820,1200,1478813458411
In Observer * 
In Run
No latency data for topology: production-topology1-1-1478813400 
Let's get some latency data 
production-topology1-1-1478813400,1.0649951405643105,0.7437957337166585,0.0,2200,1480,1478813468916
In Observer * 
In Run
No latency data for topology: production-topology1-1-1478813400 
Let's get some latency data 
production-topology1-1-1478813400,1.1552883403696348,0.7895171344558781,0.0,1980,1280,1478813479376
In Observer * 
In Run
No latency data for topology: production-topology1-1-1478813400 
Let's get some latency data 
production-topology1-1-1478813400,1.006540306491804,0.8112194516594707,0.0,1880,1160,1478813489860
In Observer * 
In Run
No latency data for topology: production-topology1-1-1478813400 
Let's get some latency data 
production-topology1-1-1478813400,0.9348738789631738,0.8224607632325346,0.0,2360,1480,1478813500376
In Observer * 
In Run
No latency data for topology: production-topology1-1-1478813400 
Let's get some latency data 
production-topology1-1-1478813400,1.1417184229822321,0.849065568211676,0.0,1860,1160,1478813510825
In Observer * 
In Run
No latency data for topology: production-topology1-1-1478813400 
Let's get some latency data 
production-topology1-1-1478813400,0.9065262540256851,0.8534856209665999,0.0,2360,1600,1478813521311
In Observer * 
In Run
No latency data for topology: production-topology1-1-1478813400 
Let's get some latency data 
production-topology1-1-1478813400,0.8836406520674396,0.855639551759517,0.0,1780,1100,1478813531756
In Observer * 
In Run
No latency data for topology: production-topology1-1-1478813400 
Let's get some latency data 
production-topology1-1-1478813400,1.1545328469607319,0.875565771439598,0.0,2420,1620,1478813542177
In Observer * 
In Run
No latency data for topology: production-topology1-1-1478813400 
Let's get some latency data 
production-topology1-1-1478813400,0.8845013249269006,0.8761242435325544,0.0,1840,1160,1478813552602
In Observer * 
In Run
No latency data for topology: production-topology1-1-1478813400 
Let's get some latency data 
production-topology1-1-1478813400,0.9509768524067762,0.8805273381722145,0.0,2360,1500,1478813563028
In Observer * 
In Run
No latency data for topology: production-topology1-1-1478813400 
Let's get some latency data 
production-topology1-1-1478813400,1.0134794660375166,0.8879135674980646,0.0,1880,1220,1478813573427
In Observer * 
In Run
No latency data for topology: production-topology1-1-1478813400 
Let's get some latency data 
production-topology1-1-1478813400,1.0170960569934975,0.8947126458925612,0.0,1760,1160,1478813583801
In Observer * 
In Run
No latency data for topology: production-topology1-1-1478813400 
Let's get some latency data 
production-topology1-1-1478813400,1.178721842729289,0.9089131057343975,0.0,2440,1500,1478813594329
In Observer * 
In Run
No latency data for topology: production-topology1-1-1478813400 
Let's get some latency data 
production-topology1-1-1478813400,0.9274238227146815,0.9097945684477444,0.0,1780,1180,1478813604722
In Observer * 
In Run
No latency data for topology: production-topology1-1-1478813400 
Let's get some latency data 
production-topology1-1-1478813400,0.9621568305112611,0.9121746712688134,0.0,2480,1520,1478813615105
In Observer * 
In Run
No latency data for topology: production-topology1-1-1478813400 
Let's get some latency data 
production-topology1-1-1478813400,1.1207266157221574,0.921242147114611,0.0,1740,1200,1478813625497
In Observer * 
In Run
No latency data for topology: production-topology1-1-1478813400 
Let's get some latency data 
production-topology1-1-1478813400,0.8764920943381688,0.9193775615822593,0.0,2400,1500,1478813635887
In Observer * 
In Run
No latency data for topology: production-topology1-1-1478813400 
Let's get some latency data 
production-topology1-1-1478813400,1.1516150754389964,0.9286670621365287,0.0,1800,1160,1478813646261
In Observer * 
In Run
No latency data for topology: production-topology1-1-1478813400 
Let's get some latency data 
production-topology1-1-1478813400,1.0206419028999674,0.9322045560120457,0.0,1860,1240,1478813656700
In Observer * 
In Run
No latency data for topology: production-topology1-1-1478813400 
Let's get some latency data 
production-topology1-1-1478813400,0.9788915550417319,0.9339337041242562,0.0,2400,1500,1478813667060
In Observer * 
In Run
No latency data for topology: production-topology1-1-1478813400 
Let's get some latency data 
production-topology1-1-1478813400,0.8476702695837849,0.9308528671763822,0.0,1760,1060,1478813677440
In Observer * 
In Run
No latency data for topology: production-topology1-1-1478813400 
Let's get some latency data 
production-topology1-1-1478813400,1.14970335282015,0.9383994356468569,0.0,2420,1620,1478813687791
In Observer * 
In Run
No latency data for topology: production-topology1-1-1478813400 
Let's get some latency data 
production-topology1-1-1478813400,0.8529671715866205,0.9355516935115157,0.0,1840,1120,1478813698131
In Observer * 
In Run
No latency data for topology: production-topology1-1-1478813400 
Let's get some latency data 
production-topology1-1-1478813400,1.1077262950439652,0.9724759033463145,0.0,2300,1520,1478813708501
In Observer * 
In Run
No latency data for topology: production-topology1-1-1478813400 
Let's get some latency data 
production-topology1-1-1478813400,0.9063020596499278,1.0026859720013122,0.0,1700,1180,1478813718876
In Observer * 
In Run
No latency data for topology: production-topology1-1-1478813400 
Let's get some latency data 
production-topology1-1-1478813400,1.188198965276624,1.0068434461651123,0.0,1880,1160,1478813729349
In Observer * 
In Run
No latency data for topology: production-topology1-1-1478813400 
Let's get some latency data 
production-topology1-1-1478813400,1.0298327850877191,1.0102963166987242,0.0,2400,1580,1478813739721
In Observer * 
In Run
No latency data for topology: production-topology1-1-1478813400 
Let's get some latency data 
production-topology1-1-1478813400,0.9826631847050032,1.0122518629618265,0.0,1880,1180,1478813750087
In Observer * 
In Run
No latency data for topology: production-topology1-1-1478813400 
Let's get some latency data 
production-topology1-1-1478813400,0.8373241817558316,1.0016397871354175,0.0,2320,1460,1478813760442
In Observer * 
In Run
No latency data for topology: production-topology1-1-1478813400 
Let's get some latency data 
production-topology1-1-1478813400,1.1363754904993237,1.0123201012731635,0.0,1840,1160,1478813770782
In Observer * 
In Run
No latency data for topology: production-topology1-1-1478813400 
Let's get some latency data 
production-topology1-1-1478813400,1.072886033802757,1.0125831310477784,0.0,2360,1620,1478813781155
In Observer * 
In Run
No latency data for topology: production-topology1-1-1478813400 
Let's get some latency data 
production-topology1-1-1478813400,1.1706674403747628,1.013095767714616,0.0,1800,1160,1478813791528
In Observer * 
In Run
No latency data for topology: production-topology1-1-1478813400 
Let's get some latency data 
production-topology1-1-1478813400,0.9271606953892668,1.0104497806778645,0.0,1820,1140,1478813802006
In Observer * 
In Run
No latency data for topology: production-topology1-1-1478813400 
Let's get some latency data 
production-topology1-1-1478813400,0.8827618011326934,1.0087127114168488,0.0,2540,1540,1478813812372
In Observer * 
In Run
No latency data for topology: production-topology1-1-1478813400 
Let's get some latency data 
production-topology1-1-1478813400,1.1317283860246745,1.0083797101849301,0.0,1660,1180,1478813822767
In Observer * 
In Run
No latency data for topology: production-topology1-1-1478813400 
Let's get some latency data 
production-topology1-1-1478813400,0.9349385189246493,1.0093267856815624,0.0,2440,1540,1478813833143
In Observer * 
In Run
No latency data for topology: production-topology1-1-1478813400 
Let's get some latency data 
production-topology1-1-1478813400,0.9200961256238597,1.010541968133443,0.0,1820,1080,1478813843516
In Observer * 
In Run
No latency data for topology: production-topology1-1-1478813400 
Let's get some latency data 
production-topology1-1-1478813400,1.123983956592115,1.0095236717878227,0.0,2460,1620,1478813853870
In Observer * 
In Run
No latency data for topology: production-topology1-1-1478813400 
Let's get some latency data 
production-topology1-1-1478813400,0.9633610959514979,1.0121523308219758,0.0,1660,1120,1478813864221
In Observer * 
In Run
No latency data for topology: production-topology1-1-1478813400 
Let's get some latency data 
production-topology1-1-1478813400,0.9141131104647292,1.0109235394239078,0.0,1880,1140,1478813874675
In Observer * 
In Run
No latency data for topology: production-topology1-1-1478813400 
Let's get some latency data 
production-topology1-1-1478813400,1.1495983196392272,1.0154608345439649,0.0,2380,1600,1478813885029
In Observer * 
In Run
No latency data for topology: production-topology1-1-1478813400 
Let's get some latency data 
production-topology1-1-1478813400,0.8947446275889597,1.0113824535638136,0.0,1880,1160,1478813895378
In Observer * 
In Run
No latency data for topology: production-topology1-1-1478813400 
Let's get some latency data 
production-topology1-1-1478813400,0.964234699746913,1.0042328821310678,0.0,2360,1520,1478813905753
In Observer * 
In Run
No latency data for topology: production-topology1-1-1478813400 
Let's get some latency data 
production-topology1-1-1478813400,1.0385936065374315,1.007938541591826,0.0,1820,1180,1478813916131
In Observer * 
In Run
No latency data for topology: production-topology1-1-1478813400 
Let's get some latency data 
production-topology1-1-1478813400,0.8522370728460553,1.0042745496696526,0.0,2420,1520,1478813926477
In Observer * 
In Run
No latency data for topology: production-topology1-1-1478813400 
Let's get some latency data 
production-topology1-1-1478813400,1.2099238780108523,1.0072477917459421,0.0,1780,1220,1478813936838
In Observer * 
In Run
No latency data for topology: production-topology1-1-1478813400 
Let's get some latency data 
production-topology1-1-1478813400,0.9923595505617978,1.01111004028673,0.0,1780,1160,1478813947203
In Observer * 
In Run
No latency data for topology: production-topology1-1-1478813400 
Let's get some latency data 
production-topology1-1-1478813400,1.0966840309888393,1.0092790054717247,0.0,2480,1540,1478813957521
In Observer * 
In Run
No latency data for topology: production-topology1-1-1478813400 
Let's get some latency data 
production-topology1-1-1478813400,0.8555555451734062,1.0037761268808392,0.0,1760,1120,1478813967863
In Observer * 
In Run
No latency data for topology: production-topology1-1-1478813400 
Let's get some latency data 
production-topology1-1-1478813400,1.1886006065344097,1.0107664285972617,0.0,2360,1580,1478813978207
In Observer * 
In Run
No latency data for topology: production-topology1-1-1478813400 
Let's get some latency data 
production-topology1-1-1478813400,0.8308753729968686,1.0102065987110311,0.0,1800,1200,1478813988545
In Observer * 
In Run
No latency data for topology: production-topology1-1-1478813400 
Let's get some latency data 
production-topology1-1-1478813400,1.3074222999824958,1.015463896949776,0.0,1860,1280,1478813998946
In Observer * 
In Run
No latency data for topology: production-topology1-1-1478813400 
Let's get some latency data 
production-topology1-1-1478813400,0.9282373054061437,1.0179729014104266,0.0,2360,1380,1478814009362
In Observer * 
In Run
No latency data for topology: production-topology1-1-1478813400 
Let's get some latency data 
production-topology1-1-1478813400,0.9091885150059686,1.01135497540916,0.0,1740,1180,1478814019729
In Observer * 
In Run
No latency data for topology: production-topology1-1-1478813400 
Let's get some latency data 
production-topology1-1-1478813400,0.9798655462184873,1.0138070916281121,0.0,2500,1580,1478814030076
In Observer * 
In Run
No latency data for topology: production-topology1-1-1478813400 
Let's get some latency data 
production-topology1-1-1478813400,1.0681701792536162,1.009806132094012,0.0,1800,1140,1478814040462
In Observer * 
In Run
No latency data for topology: production-topology1-1-1478813400 
Let's get some latency data 
production-topology1-1-1478813400,0.9441029498219041,1.0069484709184846,0.0,2380,1520,1478814050799
In Observer * 
In Run
No latency data for topology: production-topology1-1-1478813400 
Let's get some latency data 
production-topology1-1-1478813400,0.930275692039445,1.0052022211629659,0.0,1840,1140,1478814061148
In Observer * 
In Run
No latency data for topology: production-topology1-1-1478813400 
Let's get some latency data 
production-topology1-1-1478813400,1.3209413903882223,1.0213227947840455,0.0,1800,1140,1478814071506
In Observer * 
In Run
No latency data for topology: production-topology1-1-1478813400 
Let's get some latency data 
production-topology1-1-1478813400,1.0059706790048608,1.0169759677342303,0.0,2300,1560,1478814081957
In Observer * 
In Run
No latency data for topology: production-topology1-1-1478813400 
Let's get some latency data 
production-topology1-1-1478813400,1.0463846555571379,1.0160925884593761,0.0,1840,1200,1478814092320
In Observer * 
In Run
No latency data for topology: production-topology1-1-1478813400 
Let's get some latency data 
production-topology1-1-1478813400,0.924307693004568,1.0078805968803697,0.0,2400,1520,1478814102669
In Observer * 
In Run
No latency data for topology: production-topology1-1-1478813400 
Let's get some latency data 
production-topology1-1-1478813400,0.9778521736335934,1.0095703128218472,0.0,1820,1200,1478814113014
In Observer * 
In Run
No latency data for topology: production-topology1-1-1478813400 
Let's get some latency data 
production-topology1-1-1478813400,1.1018316538845891,1.0168726412469105,0.0,2360,1500,1478814123384
In Observer * 
In Run
No latency data for topology: production-topology1-1-1478813400 
Let's get some latency data 
production-topology1-1-1478813400,0.8377272727272728,1.0070726041369968,0.0,1800,1140,1478814133731
In Observer * 
In Run
No latency data for topology: production-topology1-1-1478813400 
Let's get some latency data 
production-topology1-1-1478813400,1.018201308629614,1.0098480304604958,0.0,1840,1200,1478814144068
In Observer * 
In Run
No latency data for topology: production-topology1-1-1478813400 
Let's get some latency data 
production-topology1-1-1478813400,1.1107814508165887,1.01620420796692,0.0,2400,1500,1478814154408
In Observer * 
In Run
No latency data for topology: production-topology1-1-1478813400 
Let's get some latency data 
production-topology1-1-1478813400,0.9713214007009184,1.0111154561038804,0.0,1840,1180,1478814164751
In Observer * 
In Run
No latency data for topology: production-topology1-1-1478813400 
Let's get some latency data 
production-topology1-1-1478813400,0.9900663672865074,1.0120056318150472,0.0,2380,1540,1478814175106
In Observer * 
In Run
No latency data for topology: production-topology1-1-1478813400 
Let's get some latency data 
production-topology1-1-1478813400,0.8884448884448882,1.0111500244143858,0.0,1900,1220,1478814185469
In Observer * 
In Run
No latency data for topology: production-topology1-1-1478813400 
Let's get some latency data 
production-topology1-1-1478813400,1.0798201271582983,1.0088240846650216,0.0,1720,1140,1478814195974
In Observer * 
In Run
No latency data for topology: production-topology1-1-1478813400 
Let's get some latency data 
production-topology1-1-1478813400,0.9546893097219892,1.0108222407361225,0.0,2380,1540,1478814206334
In Observer * 
In Run
No latency data for topology: production-topology1-1-1478813400 
Let's get some latency data 
production-topology1-1-1478813400,1.1444908141866297,1.016830777884113,0.0,1820,1100,1478814216676
In Observer * 
In Run
No latency data for topology: production-topology1-1-1478813400 
Let's get some latency data 
production-topology1-1-1478813400,0.9812492051072187,1.0149192978364394,0.0,2340,1620,1478814227053
In Observer * 
In Run
No latency data for topology: production-topology1-1-1478813400 
Let's get some latency data 
production-topology1-1-1478813400,0.9357929579257547,1.0177044940057627,0.0,1900,1140,1478814237369
In Observer * 
In Run
No latency data for topology: production-topology1-1-1478813400 
Let's get some latency data 
production-topology1-1-1478813400,1.0805670302237806,1.013392599079527,0.0,2380,1540,1478814247708
In Observer * 
In Run
No latency data for topology: production-topology1-1-1478813400 
Let's get some latency data 
production-topology1-1-1478813400,0.9526453876736362,1.0120687936499215,0.0,1820,1140,1478814258050
In Observer * 
In Run
No latency data for topology: production-topology1-1-1478813400 
Let's get some latency data 
production-topology1-1-1478813400,0.9800958385876418,1.0081825205698816,0.0,1820,1220,1478814268403
In Observer * 
In Run
No latency data for topology: production-topology1-1-1478813400 
Let's get some latency data 
production-topology1-1-1478813400,1.067428354435057,1.01524494754527,0.0,2380,1460,1478814278826
In Observer * 
In Run
No latency data for topology: production-topology1-1-1478813400 
Let's get some latency data 
production-topology1-1-1478813400,1.0567290229653685,1.0108492280929686,0.0,1800,1160,1478814289175
In Observer * 
In Run
No latency data for topology: production-topology1-1-1478813400 
Let's get some latency data 
production-topology1-1-1478813400,0.8406506723418893,1.0111750714044694,0.0,2400,1580,1478814299531
In Observer * 
In Run
No latency data for topology: production-topology1-1-1478813400 
Let's get some latency data 
production-topology1-1-1478813400,1.0032258196990602,1.001035188728355,0.0,1800,1180,1478814309898
In Observer * 
In Run
No latency data for topology: production-topology1-1-1478813400 
Let's get some latency data 
production-topology1-1-1478813400,1.1411184054170993,1.008131225395387,0.0,1780,1120,1478814320351
In Observer * 
In Run
No latency data for topology: production-topology1-1-1478813400 
Let's get some latency data 
production-topology1-1-1478813400,0.8916570878944577,1.0075468444916698,0.0,2460,1500,1478814330718
In Observer * 
In Run
No latency data for topology: production-topology1-1-1478813400 
Let's get some latency data 
production-topology1-1-1478813400,0.9125976295943675,1.0053045806041991,0.0,1840,1200,1478814341087
In Observer * 
In Run
No latency data for topology: production-topology1-1-1478813400 
Let's get some latency data 
production-topology1-1-1478813400,1.078854296388543,1.0056607178420303,0.0,2420,1540,1478814351503
In Observer * 
In Run
No latency data for topology: production-topology1-1-1478813400 
Let's get some latency data 
production-topology1-1-1478813400,1.0668955406787446,1.0097538042039245,0.0,1740,1040,1478814361850
In Observer * 
In Run
No latency data for topology: production-topology1-1-1478813400 
Let's get some latency data 
production-topology1-1-1478813400,1.0425495867768597,1.0134962673618386,0.0,2420,1620,1478814372179
In Observer * 
In Run
No latency data for topology: production-topology1-1-1478813400 
Let's get some latency data 
production-topology1-1-1478813400,0.9871936964189694,1.0023713442295301,0.0,1840,1120,1478814382505
In Observer * 
In Run
No latency data for topology: production-topology1-1-1478813400 
Let's get some latency data 
production-topology1-1-1478813400,1.0097362295719743,1.0024968625817672,0.0,1760,1200,1478814392824
In Observer * 
In Run
No latency data for topology: production-topology1-1-1478813400 
Let's get some latency data 
production-topology1-1-1478813400,0.9748152506674096,1.0001112157521095,0.0,2400,1560,1478814403301
In Observer * 
In Run
No latency data for topology: production-topology1-1-1478813400 
Let's get some latency data 
production-topology1-1-1478813400,0.9218942142599225,1.0000307664606214,0.0,1840,1140,1478814413647
In Observer * 
In Run
No latency data for topology: production-topology1-1-1478813400 
Let's get some latency data 
production-topology1-1-1478813400,1.0494349658791273,1.0024168595354725,0.0,2300,1560,1478814423988
In Observer * 
In Run
No latency data for topology: production-topology1-1-1478813400 
Let's get some latency data 
production-topology1-1-1478813400,1.1232189129111807,1.0031297681696922,0.0,1840,1140,1478814434335
In Observer * 
In Run
No latency data for topology: production-topology1-1-1478813400 
Let's get some latency data 
production-topology1-1-1478813400,0.9462732058922335,1.0067479659418574,0.0,1880,1320,1478814444741
In Observer * 
In Run
No latency data for topology: production-topology1-1-1478813400 
Let's get some latency data 
production-topology1-1-1478813400,0.9672031129426831,1.0050480260856265,0.0,2400,1440,1478814455086
In Observer * 
In Run
No latency data for topology: production-topology1-1-1478813400 
Let's get some latency data 
production-topology1-1-1478813400,1.0467080917178764,1.0029122474490026,0.0,1820,1160,1478814465449
In Observer * 
In Run
No latency data for topology: production-topology1-1-1478813400 
Let's get some latency data 
production-topology1-1-1478813400,1.0762000756028791,1.006408203279068,0.0,2360,1540,1478814475791
In Observer * 
In Run
No latency data for topology: production-topology1-1-1478813400 
Let's get some latency data 
production-topology1-1-1478813400,1.023924299957358,1.0075368010347632,0.0,1760,1140,1478814486146
In Observer * 
In Run
No latency data for topology: production-topology1-1-1478813400 
Let's get some latency data 
production-topology1-1-1478813400,0.9245735947673291,1.008741091245511,0.0,2460,1540,1478814496467
In Observer * 
In Run
No latency data for topology: production-topology1-1-1478813400 
Let's get some latency data 
production-topology1-1-1478813400,1.0889991347994161,1.0090470581668818,0.0,1780,1160,1478814506794
In Observer * 
In Run
No latency data for topology: production-topology1-1-1478813400 
Let's get some latency data 
production-topology1-1-1478813400,0.8750942581121806,1.006393889779888,0.0,1760,1080,1478814517144
In Observer * 
In Run
No latency data for topology: production-topology1-1-1478813400 
Let's get some latency data 
production-topology1-1-1478813400,1.1972809118329717,1.0081535597014328,0.0,2400,1620,1478814527640
In Observer * 
In Run
No latency data for topology: production-topology1-1-1478813400 
Let's get some latency data 
production-topology1-1-1478813400,0.7534087701340131,1.0005588785356594,0.0,1860,1180,1478814537986
In Observer * 
In Run
No latency data for topology: production-topology1-1-1478813400 
Let's get some latency data 
production-topology1-1-1478813400,1.0710325113652022,1.0050668636503077,0.0,2380,1480,1478814548337
In Observer * 
In Run
No latency data for topology: production-topology1-1-1478813400 
Let's get some latency data 
production-topology1-1-1478813400,0.9919661332869985,1.0021135004190815,0.0,1800,1260,1478814558692
In Observer * 
In Run
No latency data for topology: production-topology1-1-1478813400 
Let's get some latency data 
production-topology1-1-1478813400,0.9920401318060534,1.0034266585568288,0.0,2360,1480,1478814569105
In Observer * 
In Run
No latency data for topology: production-topology1-1-1478813400 
Let's get some latency data 
production-topology1-1-1478813400,0.9763796817046381,1.0033027866607287,0.0,1900,1180,1478814579452
In Observer * 
In Run
No latency data for topology: production-topology1-1-1478813400 
Let's get some latency data 
production-topology1-1-1478813400,0.9815730337078653,1.0004409426364889,0.0,1780,1160,1478814589789
In Observer * 
In Run
No latency data for topology: production-topology1-1-1478813400 
Let's get some latency data 
production-topology1-1-1478813400,0.9476244787720198,0.9968041244967106,0.0,2440,1520,1478814600171
In Observer * 
In Run
No latency data for topology: production-topology1-1-1478813400 
Let's get some latency data 
production-topology1-1-1478813400,1.087094470220403,1.0050189177593278,0.0,1740,1200,1478814610510
In Observer * 
In Run
No latency data for topology: production-topology1-1-1478813400 
Let's get some latency data 
production-topology1-1-1478813400,0.9198586004771021,1.0022400104519291,0.0,2420,1440,1478814620854
In Observer * 
In Run
No latency data for topology: production-topology1-1-1478813400 
Let's get some latency data 
production-topology1-1-1478813400,1.1554576222227286,1.0027179843454503,0.0,1860,1220,1478814631196
In Observer * 
In Run
No latency data for topology: production-topology1-1-1478813400 
Let's get some latency data 
production-topology1-1-1478813400,0.9247158829814459,1.003819944181683,0.0,1820,1100,1478814641548
In Observer * 
In Run
No latency data for topology: production-topology1-1-1478813400 
Let's get some latency data 
production-topology1-1-1478813400,1.0416211982964327,1.0081207298050854,0.0,2360,1560,1478814651999
In Observer * 
In Run
No latency data for topology: production-topology1-1-1478813400 
Let's get some latency data 
production-topology1-1-1478813400,0.9498602050326189,1.0038209267598879,0.0,1800,1160,1478814662368
In Observer * 
In Run
No latency data for topology: production-topology1-1-1478813400 
Let's get some latency data 
production-topology1-1-1478813400,0.9321852495928046,0.99933058372369,0.0,2440,1520,1478814672719
In Observer * 
In Run
No latency data for topology: production-topology1-1-1478813400 
Let's get some latency data 
production-topology1-1-1478813400,1.198465328969402,1.0045277751301078,0.0,1800,1140,1478814683201
In Observer * 
In Run
No latency data for topology: production-topology1-1-1478813400 
Let's get some latency data 
production-topology1-1-1478813400,0.9591752170831118,1.0035938258189125,0.0,2400,1580,1478814693524
In Observer * 
In Run
No latency data for topology: production-topology1-1-1478813400 
Let's get some latency data 
production-topology1-1-1478813400,0.9937575966058937,1.0030612047200433,0.0,1780,1060,1478814703870
In Observer * 
In Run
No latency data for topology: production-topology1-1-1478813400 
Let's get some latency data 
production-topology1-1-1478813400,1.0929635336414998,1.0069994808191796,0.0,1800,1220,1478814714184
In Observer * 
In Run
No latency data for topology: production-topology1-1-1478813400 
Let's get some latency data 
production-topology1-1-1478813400,0.9490476246913581,1.0079045945002274,0.0,2340,1480,1478814724512
In Observer * 
In Run
No latency data for topology: production-topology1-1-1478813400 
Let's get some latency data 
production-topology1-1-1478813400,0.8216404159725377,1.0003114428366744,0.0,1920,1160,1478814734853
In Observer * 
In Run
No latency data for topology: production-topology1-1-1478813400 
Let's get some latency data 
production-topology1-1-1478813400,1.1296543303726732,1.0005259567520575,0.0,2420,1540,1478814745202
In Observer * 
In Run
No latency data for topology: production-topology1-1-1478813400 
Let's get some latency data 
production-topology1-1-1478813400,0.944407403532827,1.0004637633400775,0.0,1780,1160,1478814755555
In Observer * 
In Run
No latency data for topology: production-topology1-1-1478813400 
Let's get some latency data 
production-topology1-1-1478813400,1.0341189477189476,1.0026942911659529,0.0,1800,1160,1478814765924
In Observer * 
In Run
No latency data for topology: production-topology1-1-1478813400 
Let's get some latency data 
production-topology1-1-1478813400,1.0531138120510157,1.0029078151770576,0.0,2460,1440,1478814776369
In Observer * 
In Run
No latency data for topology: production-topology1-1-1478813400 
Let's get some latency data 
production-topology1-1-1478813400,0.9053158822744075,0.9972116753994418,0.0,1800,1200,1478814786679
In Observer * 
In Run
No latency data for topology: production-topology1-1-1478813400 
Let's get some latency data 
production-topology1-1-1478813400,1.0239654659104485,0.9972130475978782,0.0,2340,1560,1478814797022
In Observer * 
In Run
No latency data for topology: production-topology1-1-1478813400 
Let's get some latency data 
production-topology1-1-1478813400,0.9587739463601532,0.998353059317639,0.0,1780,1120,1478814807359
In Observer * 
In Run
No latency data for topology: production-topology1-1-1478813400 
Let's get some latency data 
production-topology1-1-1478813400,1.1607708386624505,1.0007454494464068,0.0,2140,1480,1478814817830
In Observer * 
In Run
No latency data for topology: production-topology1-1-1478813400 
Let's get some latency data 
production-topology1-1-1478813400,0.9591792452830188,1.0035482823521014,0.0,2120,1240,1478814828181
In Observer * 
In Run
No latency data for topology: production-topology1-1-1478813400 
Let's get some latency data 
production-topology1-1-1478813400,0.9203889768555418,0.994318551186187,0.0,1760,1120,1478814838526
In Observer * 
In Run
No latency data for topology: production-topology1-1-1478813400 
Let's get some latency data 
production-topology1-1-1478813400,1.0197045385015306,1.003195076798438,0.0,2380,1460,1478814848853
In Observer * 
In Run
No latency data for topology: production-topology1-1-1478813400 
Let's get some latency data 
production-topology1-1-1478813400,0.8605940745578186,0.9961804622381917,0.0,1860,1160,1478814859180
In Observer * 
In Run
No latency data for topology: production-topology1-1-1478813400 
Let's get some latency data 
production-topology1-1-1478813400,0.9255251682726152,0.993965763404379,0.0,2360,1560,1478814869524
In Observer * 
In Run
No latency data for topology: production-topology1-1-1478813400 
Let's get some latency data 
production-topology1-1-1478813400,1.1277328368782642,0.9984888535734525,0.0,1840,1120,1478814879879
In Observer * 
In Run
No latency data for topology: production-topology1-1-1478813400 
Let's get some latency data 
production-topology1-1-1478813400,1.0566887027484855,1.0011658209415808,0.0,1840,1160,1478814890255
In Observer * 
In Run
No latency data for topology: production-topology1-1-1478813400 
Let's get some latency data 
production-topology1-1-1478813400,1.022067062985049,1.0025156219174869,0.0,2420,1520,1478814900690
In Observer * 
In Run
No latency data for topology: production-topology1-1-1478813400 
Let's get some latency data 
production-topology1-1-1478813400,1.0632796867939749,1.0063707955182186,0.0,1840,1200,1478814911016
In Observer * 
In Run
No latency data for topology: production-topology1-1-1478813400 
Let's get some latency data 
production-topology1-1-1478813400,0.8611640974425445,0.9988397830922902,0.0,2400,1500,1478814921367
In Observer * 
In Run
No latency data for topology: production-topology1-1-1478813400 
Let's get some latency data 
production-topology1-1-1478813400,1.2144676938036698,1.0086600862031756,0.0,1760,1180,1478814931686
In Observer * 
In Run
No latency data for topology: production-topology1-1-1478813400 
Let's get some latency data 
production-topology1-1-1478813400,1.0358662295996652,1.0046737064490736,0.0,2140,1380,1478814942111
In Observer * 
In Run
No latency data for topology: production-topology1-1-1478813400 
Let's get some latency data 
production-topology1-1-1478813400,1.0745173905158363,1.0096670900335534,0.0,2040,1320,1478814952468
In Observer * 
In Run
No latency data for topology: production-topology1-1-1478813400 
Let's get some latency data 
production-topology1-1-1478813400,1.0794086419753088,1.0109266714895158,0.0,1800,1180,1478814962818
In Observer * 
In Run
No latency data for topology: production-topology1-1-1478813400 
Let's get some latency data 
production-topology1-1-1478813400,0.8954560818967597,1.0091132007183206,0.0,2360,1500,1478814973226
In Observer * 
In Run
No latency data for topology: production-topology1-1-1478813400 
Let's get some latency data 
production-topology1-1-1478813400,1.1893425792187882,1.0176851117058534,0.0,1760,1140,1478814983560
In Observer * 
In Run
No latency data for topology: production-topology1-1-1478813400 
Let's get some latency data 
production-topology1-1-1478813400,0.861058670869573,1.0064382231025255,0.0,2480,1600,1478814993895
In Observer * 
In Run
No latency data for topology: production-topology1-1-1478813400 
Let's get some latency data 
production-topology1-1-1478813400,1.0249900438072481,1.0086320506599968,0.0,1860,1120,1478815004240
In Observer * 
In Run
No latency data for topology: production-topology1-1-1478813400 
Let's get some latency data 
production-topology1-1-1478813400,0.9502585144608028,1.0071820812551604,0.0,1740,1160,1478815014675
In Observer * 
In Run
No latency data for topology: production-topology1-1-1478813400 
Let's get some latency data 
production-topology1-1-1478813400,0.9831104605287109,1.0035203121514007,0.0,2360,1520,1478815025035
In Observer * 
In Run
No latency data for topology: production-topology1-1-1478813400 
Let's get some latency data 
production-topology1-1-1478813400,0.961030138339921,1.0039197292730195,0.0,1840,1180,1478815035375
In Observer * 
In Run
No latency data for topology: production-topology1-1-1478813400 
Let's get some latency data 
production-topology1-1-1478813400,1.1477874955907634,1.0147912985936272,0.0,2300,1600,1478815045721
In Observer * 
In Run
No latency data for topology: production-topology1-1-1478813400 
Let's get some latency data 
production-topology1-1-1478813400,0.9199362714987714,1.0078006966311637,0.0,1920,1100,1478815056069
In Observer * 
In Run
No latency data for topology: production-topology1-1-1478813400 
Let's get some latency data 
production-topology1-1-1478813400,1.0425339366515838,1.0110715810684556,0.0,1980,1280,1478815066476
In Observer * 
In Run
No latency data for topology: production-topology1-1-1478813400 
Let's get some latency data 
production-topology1-1-1478813400,0.9291313881618868,1.007571995749887,0.0,2240,1360,1478815076791
In Observer * 
In Run
No latency data for topology: production-topology1-1-1478813400 
Let's get some latency data 
production-topology1-1-1478813400,0.9816646464646464,1.005190356897008,0.0,1800,1180,1478815087228
In Observer * 
In Run
No latency data for topology: production-topology1-1-1478813400 
Let's get some latency data 
production-topology1-1-1478813400,1.0616428316344564,1.0104012552090096,0.0,2420,1540,1478815097632
In Observer * 
In Run
No latency data for topology: production-topology1-1-1478813400 
Let's get some latency data 
production-topology1-1-1478813400,0.9386823412131875,1.0075584843857674,0.0,1880,1140,1478815107948
In Observer * 
In Run
No latency data for topology: production-topology1-1-1478813400 
Let's get some latency data 
production-topology1-1-1478813400,0.981474863790817,1.0083151816334563,0.0,2320,1540,1478815118278
In Observer * 
In Run
No latency data for topology: production-topology1-1-1478813400 
Let's get some latency data 
production-topology1-1-1478813400,0.9321451995619946,1.0006943269967743,0.0,1840,1160,1478815128735
In Observer * 
In Run
No latency data for topology: production-topology1-1-1478813400 
Let's get some latency data 
production-topology1-1-1478813400,1.2017016967297223,1.0087784087116642,0.0,1780,1160,1478815139168
In Observer * 
In Run
No latency data for topology: production-topology1-1-1478813400 
Let's get some latency data 
production-topology1-1-1478813400,0.9950571286636861,1.0112673471052693,0.0,2440,1580,1478815149521
In Observer * 
In Run
No latency data for topology: production-topology1-1-1478813400 
Let's get some latency data 
production-topology1-1-1478813400,0.9836313271216319,1.0100649067259395,0.0,1820,1240,1478815159859
In Observer * 
In Run
No latency data for topology: production-topology1-1-1478813400 
Let's get some latency data 
production-topology1-1-1478813400,0.9373532302999438,1.0126235452506769,0.0,2360,1460,1478815170165
In Observer * 
In Run
No latency data for topology: production-topology1-1-1478813400 
Let's get some latency data 
production-topology1-1-1478813400,1.1187107010636423,1.0190630630103776,0.0,1820,1120,1478815180493
In Observer * 
In Run
No latency data for topology: production-topology1-1-1478813400 
Let's get some latency data 
production-topology1-1-1478813400,1.0049487443051197,1.0149702599246062,0.0,2040,1360,1478815190905
In Observer * 
In Run
No latency data for topology: production-topology1-1-1478813400 
Let's get some latency data 
production-topology1-1-1478813400,0.8262784364758049,1.007289917715517,0.0,2220,1340,1478815201240
