2016-11-03 20:24:59.677 b.s.u.Utils [INFO] Using defaults.yaml from resources
2016-11-03 20:24:59.758 b.s.u.Utils [INFO] Using storm.yaml from resources
2016-11-03 20:25:01.078 b.s.u.Utils [INFO] Using defaults.yaml from resources
2016-11-03 20:25:01.103 b.s.u.Utils [INFO] Using storm.yaml from resources
2016-11-03 20:25:01.280 o.a.s.s.o.e.j.s.Server [INFO] jetty-7.x.y-SNAPSHOT
2016-11-03 20:25:01.310 o.a.s.s.o.e.j.s.h.ContextHandler [INFO] started o.a.s.s.o.e.j.s.ServletContextHandler{/,null}
2016-11-03 20:25:01.328 o.a.s.s.o.e.j.s.AbstractConnector [INFO] Started SelectChannelConnector@0.0.0.0:8080
2016-11-03 20:25:04.452 b.s.thrift [INFO] Connecting to Nimbus at ZookeeperNimbus:6627 as user: 
2016-11-03 20:25:04.452 b.s.thrift [INFO] Connecting to Nimbus at ZookeeperNimbus:6627 as user: 
2016-11-03 20:25:04.452 b.s.thrift [INFO] Connecting to Nimbus at ZookeeperNimbus:6627 as user: 
2016-11-03 20:25:04.452 b.s.thrift [INFO] Connecting to Nimbus at ZookeeperNimbus:6627 as user: 
2016-11-03 20:25:04.452 b.s.u.Utils [INFO] Using defaults.yaml from resources
2016-11-03 20:25:04.452 b.s.u.Utils [INFO] Using defaults.yaml from resources
2016-11-03 20:25:04.453 b.s.u.Utils [INFO] Using defaults.yaml from resources
2016-11-03 20:25:04.453 b.s.u.Utils [INFO] Using defaults.yaml from resources
2016-11-03 20:25:04.480 b.s.u.Utils [INFO] Using storm.yaml from resources
2016-11-03 20:25:04.480 b.s.u.Utils [INFO] Using storm.yaml from resources
2016-11-03 20:25:04.493 b.s.u.Utils [INFO] Using storm.yaml from resources
2016-11-03 20:25:04.493 b.s.u.Utils [INFO] Using storm.yaml from resources
2016-11-03 20:25:04.501 b.s.u.StormBoundedExponentialBackoffRetry [INFO] The baseSleepTimeMs [2000] the maxSleepTimeMs [60000] the maxRetries [5]
2016-11-03 20:25:04.501 b.s.u.StormBoundedExponentialBackoffRetry [INFO] The baseSleepTimeMs [2000] the maxSleepTimeMs [60000] the maxRetries [5]
2016-11-03 20:25:04.510 b.s.u.StormBoundedExponentialBackoffRetry [INFO] The baseSleepTimeMs [2000] the maxSleepTimeMs [60000] the maxRetries [5]
2016-11-03 20:25:04.510 b.s.u.StormBoundedExponentialBackoffRetry [INFO] The baseSleepTimeMs [2000] the maxSleepTimeMs [60000] the maxRetries [5]
2016-11-03 20:25:12.194 b.s.thrift [INFO] Connecting to Nimbus at ZookeeperNimbus:6627 as user: 
2016-11-03 20:25:12.194 b.s.thrift [INFO] Connecting to Nimbus at ZookeeperNimbus:6627 as user: 
2016-11-03 20:25:12.194 b.s.thrift [INFO] Connecting to Nimbus at ZookeeperNimbus:6627 as user: 
2016-11-03 20:25:12.194 b.s.u.Utils [INFO] Using defaults.yaml from resources
2016-11-03 20:25:12.194 b.s.thrift [INFO] Connecting to Nimbus at ZookeeperNimbus:6627 as user: 
2016-11-03 20:25:12.195 b.s.u.Utils [INFO] Using defaults.yaml from resources
2016-11-03 20:25:12.195 b.s.u.Utils [INFO] Using defaults.yaml from resources
2016-11-03 20:25:12.195 b.s.u.Utils [INFO] Using defaults.yaml from resources
2016-11-03 20:25:12.215 b.s.u.Utils [INFO] Using storm.yaml from resources
2016-11-03 20:25:12.215 b.s.u.Utils [INFO] Using storm.yaml from resources
2016-11-03 20:25:12.219 b.s.u.Utils [INFO] Using storm.yaml from resources
2016-11-03 20:25:12.223 b.s.u.Utils [INFO] Using storm.yaml from resources
2016-11-03 20:25:12.226 b.s.u.StormBoundedExponentialBackoffRetry [INFO] The baseSleepTimeMs [2000] the maxSleepTimeMs [60000] the maxRetries [5]
2016-11-03 20:25:12.226 b.s.u.StormBoundedExponentialBackoffRetry [INFO] The baseSleepTimeMs [2000] the maxSleepTimeMs [60000] the maxRetries [5]
2016-11-03 20:25:12.235 b.s.u.StormBoundedExponentialBackoffRetry [INFO] The baseSleepTimeMs [2000] the maxSleepTimeMs [60000] the maxRetries [5]
2016-11-03 20:25:12.237 b.s.u.StormBoundedExponentialBackoffRetry [INFO] The baseSleepTimeMs [2000] the maxSleepTimeMs [60000] the maxRetries [5]
2016-11-03 20:26:00.821 b.s.thrift [INFO] Connecting to Nimbus at ZookeeperNimbus:6627 as user: 
2016-11-03 20:26:00.821 b.s.thrift [INFO] Connecting to Nimbus at ZookeeperNimbus:6627 as user: 
2016-11-03 20:26:00.821 b.s.u.Utils [INFO] Using defaults.yaml from resources
2016-11-03 20:26:00.821 b.s.u.Utils [INFO] Using defaults.yaml from resources
2016-11-03 20:26:00.822 b.s.thrift [INFO] Connecting to Nimbus at ZookeeperNimbus:6627 as user: 
2016-11-03 20:26:00.822 b.s.u.Utils [INFO] Using defaults.yaml from resources
2016-11-03 20:26:00.823 b.s.thrift [INFO] Connecting to Nimbus at ZookeeperNimbus:6627 as user: 
2016-11-03 20:26:00.823 b.s.u.Utils [INFO] Using defaults.yaml from resources
2016-11-03 20:26:00.836 b.s.u.Utils [INFO] Using storm.yaml from resources
2016-11-03 20:26:00.841 b.s.u.Utils [INFO] Using storm.yaml from resources
2016-11-03 20:26:00.841 b.s.u.Utils [INFO] Using storm.yaml from resources
2016-11-03 20:26:00.842 b.s.u.Utils [INFO] Using storm.yaml from resources
2016-11-03 20:26:00.846 b.s.u.StormBoundedExponentialBackoffRetry [INFO] The baseSleepTimeMs [2000] the maxSleepTimeMs [60000] the maxRetries [5]
2016-11-03 20:26:00.855 b.s.u.StormBoundedExponentialBackoffRetry [INFO] The baseSleepTimeMs [2000] the maxSleepTimeMs [60000] the maxRetries [5]
2016-11-03 20:26:00.855 b.s.u.StormBoundedExponentialBackoffRetry [INFO] The baseSleepTimeMs [2000] the maxSleepTimeMs [60000] the maxRetries [5]
2016-11-03 20:26:00.856 b.s.u.StormBoundedExponentialBackoffRetry [INFO] The baseSleepTimeMs [2000] the maxSleepTimeMs [60000] the maxRetries [5]
2016-11-03 20:27:17.636 b.s.thrift [INFO] Connecting to Nimbus at ZookeeperNimbus:6627 as user: 
2016-11-03 20:27:17.636 b.s.thrift [INFO] Connecting to Nimbus at ZookeeperNimbus:6627 as user: 
2016-11-03 20:27:17.636 b.s.thrift [INFO] Connecting to Nimbus at ZookeeperNimbus:6627 as user: 
2016-11-03 20:27:17.636 b.s.u.Utils [INFO] Using defaults.yaml from resources
2016-11-03 20:27:17.636 b.s.u.Utils [INFO] Using defaults.yaml from resources
2016-11-03 20:27:17.636 b.s.thrift [INFO] Connecting to Nimbus at ZookeeperNimbus:6627 as user: 
2016-11-03 20:27:17.636 b.s.u.Utils [INFO] Using defaults.yaml from resources
2016-11-03 20:27:17.637 b.s.u.Utils [INFO] Using defaults.yaml from resources
2016-11-03 20:27:17.649 b.s.u.Utils [INFO] Using storm.yaml from resources
2016-11-03 20:27:17.653 b.s.u.Utils [INFO] Using storm.yaml from resources
2016-11-03 20:27:17.653 b.s.u.Utils [INFO] Using storm.yaml from resources
2016-11-03 20:27:17.655 b.s.u.Utils [INFO] Using storm.yaml from resources
2016-11-03 20:27:17.658 b.s.u.StormBoundedExponentialBackoffRetry [INFO] The baseSleepTimeMs [2000] the maxSleepTimeMs [60000] the maxRetries [5]
2016-11-03 20:27:17.667 b.s.u.StormBoundedExponentialBackoffRetry [INFO] The baseSleepTimeMs [2000] the maxSleepTimeMs [60000] the maxRetries [5]
2016-11-03 20:27:17.668 b.s.u.StormBoundedExponentialBackoffRetry [INFO] The baseSleepTimeMs [2000] the maxSleepTimeMs [60000] the maxRetries [5]
2016-11-03 20:27:17.668 b.s.u.StormBoundedExponentialBackoffRetry [INFO] The baseSleepTimeMs [2000] the maxSleepTimeMs [60000] the maxRetries [5]
2016-11-03 20:28:25.595 b.s.thrift [INFO] Connecting to Nimbus at ZookeeperNimbus:6627 as user: 
2016-11-03 20:28:25.595 b.s.thrift [INFO] Connecting to Nimbus at ZookeeperNimbus:6627 as user: 
2016-11-03 20:28:25.596 b.s.thrift [INFO] Connecting to Nimbus at ZookeeperNimbus:6627 as user: 
2016-11-03 20:28:25.596 b.s.u.Utils [INFO] Using defaults.yaml from resources
2016-11-03 20:28:25.596 b.s.u.Utils [INFO] Using defaults.yaml from resources
2016-11-03 20:28:25.596 b.s.thrift [INFO] Connecting to Nimbus at ZookeeperNimbus:6627 as user: 
2016-11-03 20:28:25.596 b.s.u.Utils [INFO] Using defaults.yaml from resources
2016-11-03 20:28:25.596 b.s.u.Utils [INFO] Using defaults.yaml from resources
2016-11-03 20:28:25.606 b.s.u.Utils [INFO] Using storm.yaml from resources
2016-11-03 20:28:25.607 b.s.u.Utils [INFO] Using storm.yaml from resources
2016-11-03 20:28:25.610 b.s.u.Utils [INFO] Using storm.yaml from resources
2016-11-03 20:28:25.610 b.s.u.Utils [INFO] Using storm.yaml from resources
2016-11-03 20:28:25.615 b.s.u.StormBoundedExponentialBackoffRetry [INFO] The baseSleepTimeMs [2000] the maxSleepTimeMs [60000] the maxRetries [5]
2016-11-03 20:28:25.618 b.s.u.StormBoundedExponentialBackoffRetry [INFO] The baseSleepTimeMs [2000] the maxSleepTimeMs [60000] the maxRetries [5]
2016-11-03 20:28:25.621 b.s.u.StormBoundedExponentialBackoffRetry [INFO] The baseSleepTimeMs [2000] the maxSleepTimeMs [60000] the maxRetries [5]
2016-11-03 20:28:25.621 b.s.u.StormBoundedExponentialBackoffRetry [INFO] The baseSleepTimeMs [2000] the maxSleepTimeMs [60000] the maxRetries [5]
2016-11-03 20:32:01.359 b.s.thrift [INFO] Connecting to Nimbus at ZookeeperNimbus:6627 as user: 
2016-11-03 20:32:01.359 b.s.thrift [INFO] Connecting to Nimbus at ZookeeperNimbus:6627 as user: 
2016-11-03 20:32:01.359 b.s.thrift [INFO] Connecting to Nimbus at ZookeeperNimbus:6627 as user: 
2016-11-03 20:32:01.359 b.s.thrift [INFO] Connecting to Nimbus at ZookeeperNimbus:6627 as user: 
2016-11-03 20:32:01.360 b.s.u.Utils [INFO] Using defaults.yaml from resources
2016-11-03 20:32:01.360 b.s.u.Utils [INFO] Using defaults.yaml from resources
2016-11-03 20:32:01.360 b.s.u.Utils [INFO] Using defaults.yaml from resources
2016-11-03 20:32:01.360 b.s.u.Utils [INFO] Using defaults.yaml from resources
2016-11-03 20:32:01.373 b.s.u.Utils [INFO] Using storm.yaml from resources
2016-11-03 20:32:01.373 b.s.u.Utils [INFO] Using storm.yaml from resources
2016-11-03 20:32:01.376 b.s.u.Utils [INFO] Using storm.yaml from resources
2016-11-03 20:32:01.376 b.s.u.Utils [INFO] Using storm.yaml from resources
2016-11-03 20:32:01.381 b.s.u.StormBoundedExponentialBackoffRetry [INFO] The baseSleepTimeMs [2000] the maxSleepTimeMs [60000] the maxRetries [5]
2016-11-03 20:32:01.381 b.s.u.StormBoundedExponentialBackoffRetry [INFO] The baseSleepTimeMs [2000] the maxSleepTimeMs [60000] the maxRetries [5]
2016-11-03 20:32:01.388 b.s.u.StormBoundedExponentialBackoffRetry [INFO] The baseSleepTimeMs [2000] the maxSleepTimeMs [60000] the maxRetries [5]
2016-11-03 20:32:01.388 b.s.u.StormBoundedExponentialBackoffRetry [INFO] The baseSleepTimeMs [2000] the maxSleepTimeMs [60000] the maxRetries [5]
2016-11-03 23:07:53.417 b.s.thrift [INFO] Connecting to Nimbus at ZookeeperNimbus:6627 as user: 
2016-11-03 23:07:53.417 b.s.thrift [INFO] Connecting to Nimbus at ZookeeperNimbus:6627 as user: 
2016-11-03 23:07:53.418 b.s.thrift [INFO] Connecting to Nimbus at ZookeeperNimbus:6627 as user: 
2016-11-03 23:07:53.418 b.s.u.Utils [INFO] Using defaults.yaml from resources
2016-11-03 23:07:53.418 b.s.u.Utils [INFO] Using defaults.yaml from resources
2016-11-03 23:07:53.418 b.s.thrift [INFO] Connecting to Nimbus at ZookeeperNimbus:6627 as user: 
2016-11-03 23:07:53.418 b.s.u.Utils [INFO] Using defaults.yaml from resources
2016-11-03 23:07:53.418 b.s.u.Utils [INFO] Using defaults.yaml from resources
2016-11-03 23:07:53.427 b.s.u.Utils [INFO] Using storm.yaml from resources
2016-11-03 23:07:53.427 b.s.u.Utils [INFO] Using storm.yaml from resources
2016-11-03 23:07:53.427 b.s.u.Utils [INFO] Using storm.yaml from resources
2016-11-03 23:07:53.427 b.s.u.Utils [INFO] Using storm.yaml from resources
2016-11-03 23:07:53.436 b.s.u.StormBoundedExponentialBackoffRetry [INFO] The baseSleepTimeMs [2000] the maxSleepTimeMs [60000] the maxRetries [5]
2016-11-03 23:07:53.436 b.s.u.StormBoundedExponentialBackoffRetry [INFO] The baseSleepTimeMs [2000] the maxSleepTimeMs [60000] the maxRetries [5]
2016-11-03 23:07:53.438 b.s.u.StormBoundedExponentialBackoffRetry [INFO] The baseSleepTimeMs [2000] the maxSleepTimeMs [60000] the maxRetries [5]
2016-11-03 23:07:53.439 b.s.u.StormBoundedExponentialBackoffRetry [INFO] The baseSleepTimeMs [2000] the maxSleepTimeMs [60000] the maxRetries [5]
