0.0,1455754596152
0.03441233318939815,1455754606798
0.2057269851252739,1455754617305
0.4906343051702969,1455754627906
0.5079184574035924,1455754635202
0.5079184574035924,1455754635860
0.519319281552765,1455754638468
0.5543360882095888,1455754649024
0.5717414034136211,1455754659511
0.596437300283353,1455754670076
0.6019985541862595,1455754680644
0.6077942541298267,1455754691186
0.60475838873056,1455754701836
0.6130848850314725,1455754712407
0.6085296898011054,1455754722986
0.6111410896506566,1455754733600
0.6166539643523306,1455754744275
0.6202333052423781,1455754754839
0.6236400124294194,1455754765460
0.6272927057601327,1455754776081
0.6302782114047428,1455754786728
0.6308052344952024,1455754797303
0.6362848057367558,1455754807900
0.6644161127747067,1455754818401
0.6892683688897214,1455754828992
0.6914560541577507,1455754836219
0.6914560541577507,1455754836766
0.0,1455754839551
0.0,1455754850013
0.0,1455754860498
0.0,1455754871011
0.0,1455754881505
0.0,1455754892083
0.0,1455754902597
0.0625,1455754913164
0.05181207482993198,1455754923787
0.04966159759358288,1455754934332
0.051202203833892804,1455754944764
0.050859239955995734,1455754955282
0.05219600224466028,1455754965815
0.05452557675704293,1455754976346
0.05504347436013847,1455754987019
0.056607624511003776,1455754997529
0.05817340318092965,1455755008016
0.05865890266518409,1455755018586
0.06025414550225636,1455755029124
0.060623841206484355,1455755039687
0.060513085900876326,1455755050189
0.06020792385132208,1455755060734
0.06250183020185733,1455755071222
0.06460077675417027,1455755081698
0.06489457389180527,1455755092203
0.06585555082507394,1455755102687
0.06741856544164213,1455755113214
0.06741841202816835,1455755123783
0.06865320147446555,1455755134256
0.0690848623168136,1455755144760
0.06939567170273582,1455755155334
0.07073238419226512,1455755165813
0.07063749367001895,1455755176471
0.07078081015545493,1455755186955
0.07168993567579696,1455755197524
0.07206664871000054,1455755208016
0.07253044642645692,1455755218483
0.07325041719381262,1455755228987
0.07370212567679765,1455755239459
0.07394907203656131,1455755249920
0.07425526060851304,1455755260443
0.07490876657370231,1455755270953
0.07506471208343282,1455755281503
0.07469281653234408,1455755291999
0.07516225570229007,1455755302536
0.07513549845814413,1455755313068
0.07492718465288749,1455755323532
0.07500612563142038,1455755334069
0.07489015544758504,1455755344640
0.07479544104335734,1455755355118
0.07483003768444009,1455755365694
0.07452259516921098,1455755376169
0.07459836687319946,1455755386709
0.07421892620653353,1455755397364
0.0743730244564097,1455755407887
0.07362808859371409,1455755418500
0.07295784626379587,1455755429133
0.07289725738935747,1455755439687
0.0727643710189952,1455755450158
0.07271667314219203,1455755460697
0.0726258811065198,1455755471269
0.07266018690546452,1455755481841
0.07245559392050219,1455755492304
0.07261140284071309,1455755502842
0.07216620087318228,1455755513324
0.0723322857254946,1455755523878
0.07204907610562714,1455755534408
0.0722169978777189,1455755544898
0.07225816056626354,1455755555392
0.07211536298330391,1455755565858
0.07211210701918663,1455755576488
0.07203129725980337,1455755586947
0.07221173064614332,1455755597552
0.07218426163721708,1455755608051
0.07234970547587984,1455755618626
0.07267315821259755,1455755629260
0.0729619320656477,1455755639797
0.07263557673877885,1455755650262
0.07234864519792351,1455755660747
0.07229226657910669,1455755667925
0.07229226657910669,1455755668508
0.07224240934840293,1455755671231
0.07245405040784014,1455755681677
0.07252318348747791,1455755692132
0.07243053771339171,1455755702550
0.07231696192279057,1455755713071
0.0726026634896616,1455755723614
0.0725287682670315,1455755734127
0.0726232165342898,1455755744681
0.07287832801481069,1455755755116
0.07283805390149445,1455755765594
0.07284726308260675,1455755776070
0.0728938806390805,1455755786541
0.07288657132288526,1455755797119
0.07279807946285183,1455755807593
0.07294729392145691,1455755818056
0.07276052019160048,1455755828647
0.07290375768737438,1455755839240
0.0730683419477271,1455755849789
0.07311504132006014,1455755860379
0.07335496620147786,1455755870845
0.07337128263611559,1455755881411
0.07370730438482269,1455755891930
0.0738366596961233,1455755902472
0.07373340668764766,1455755912980
0.07389287743142617,1455755923440
0.07396647911899099,1455755933971
0.07402740901356575,1455755944530
0.07428878102487477,1455755955039
0.07398928010606029,1455755965528
0.07414102456016891,1455755975980
0.07424473294354991,1455755986524
0.0744319008524225,1455755997040
0.07447232910289814,1455756007591
0.07471944112658396,1455756018176
0.07476991666536913,1455756028643
0.0746996650658716,1455756039244
0.07484382555258985,1455756049766
0.07483894466932309,1455756060300
0.07484209880218406,1455756070813
0.0748554660948315,1455756081268
0.07472222062437484,1455756091713
0.0747152720983164,1455756102171
0.07458522491255531,1455756112654
0.07456015865597108,1455756123174
0.07447823725503527,1455756133682
0.07440242421777093,1455756144260
0.07440134144916269,1455756154829
0.07427578868633478,1455756165266
0.07403150713863144,1455756175898
0.07393150634022244,1455756186358
0.0739428814356418,1455756196842
0.07400298390443567,1455756207297
0.0738846011936459,1455756217804
0.07378028807689431,1455756228325
0.07369296930494017,1455756238796
0.07365246738489442,1455756249339
0.07356020126323196,1455756259752
0.07353219051935339,1455756270339
0.07358134443568579,1455756280869
0.0736362214048031,1455756291443
0.07356551639506166,1455756301993
0.07358953272306484,1455756312439
0.07345860473945652,1455756322947
0.07343803062917197,1455756333507
0.07355204191864445,1455756343955
0.07358662880751388,1455756354415
0.07356403165890356,1455756364934
0.0736303927920542,1455756375427
0.07361364533814369,1455756385966
0.07356527056891606,1455756396487
0.07354204244552567,1455756407049
0.07379029579430116,1455756417629
0.07382678653097628,1455756428140
0.07390901231719597,1455756438664
0.07393973407795805,1455756449109
0.07385196422941609,1455756459611
0.07388138399213284,1455756470148
0.07386953021476315,1455756480608
0.07376721307083588,1455756491109
0.0738275523298288,1455756501675
0.07371712975997677,1455756512131
0.07370149769401452,1455756522613
0.07360244492229637,1455756533077
0.07353914305840106,1455756543616
0.07354188376780317,1455756554204
0.07343794501284959,1455756564737
0.07342376946137907,1455756575191
0.07328401718074848,1455756585764
0.07332033204753362,1455756596256
0.07319657289626433,1455756606792
0.07320522430767556,1455756617255
0.07314744290211674,1455756627744
0.07309607580433684,1455756638270
0.07301139119719587,1455756648799
0.07298404875238586,1455756659246
0.07291230363660843,1455756669810
0.07282207475038946,1455756680302
0.0726314256196263,1455756690761
0.07253423748321698,1455756701267
0.07257395446713752,1455756711787
0.0726406243787932,1455756722312
0.07268501072616727,1455756732796
0.0727964132147723,1455756743277
0.07276260462041105,1455756753753
0.0727850176809157,1455756764342
0.0727253023127523,1455756771418
0.0727253023127523,1455756771957
0.07269983322205531,1455756774854
0.07273398290467233,1455756785307
0.07272193647799305,1455756795771
0.07282670136403283,1455756806330
0.07279102774724676,1455756816787
0.072833780930934,1455756827287
0.07289024533728304,1455756837781
0.07303044547350812,1455756848270
0.0731611898856313,1455756858732
0.07328479469950687,1455756869204
0.07340843294996033,1455756879677
0.07344343851567235,1455756890183
0.07356341153294692,1455756900711
0.07362397955883955,1455756911188
0.07370606601451418,1455756921645
0.0736356531122238,1455756932231
0.07367365197495684,1455756942759
0.073638500255524,1455756953274
0.07377817904773444,1455756963723
0.07376822854403471,1455756970988
0.07376261024255874,1455756974150
0.07389864201318863,1455756984634
0.0739039689653279,1455756995146
0.07390311166697719,1455757005586
0.07401844056563185,1455757016085
0.07400834792712757,1455757026634
0.0741156510281051,1455757037203
0.07414807229678405,1455757047721
0.07429807679902979,1455757058222
0.07428146154841254,1455757068787
0.07431773866110655,1455757079246
0.07438708454635956,1455757089698
0.07445796874875375,1455757100144
0.07465533604386437,1455757110677
0.07477661316521478,1455757121212
0.07501359675771328,1455757131789
0.07518609407410587,1455757142344
0.07543402636338464,1455757152748
0.0756049873865538,1455757163350
0.07574737638326978,1455757170383
0.07574992002048742,1455757173799
0.07573980896887597,1455757184299
0.07581129093044184,1455757194800
0.07571377757011746,1455757205308
0.07573039529755929,1455757215792
0.0757305502796175,1455757226216
0.07582205934361447,1455757236651
0.0758424873454254,1455757247142
0.0760027923974965,1455757257630
0.07597750178378357,1455757268134
0.07590940167450214,1455757278772
0.07591591909249154,1455757289341
0.07582610710688413,1455757299863
0.07580364987515541,1455757310328
0.07573064515621848,1455757320783
0.07569292390388963,1455757331334
0.07570944757985634,1455757341799
0.07637347867378495,1455757352361
0.07721897271846728,1455757362903
0.0781571711190625,1455757373390
0.07911576012111622,1455757383845
0.07993849846948788,1455757394306
0.08102162119887012,1455757404892
0.08170756624325454,1455757415370
0.08263618753284536,1455757425847
0.0834864474675327,1455757436414
0.08430115941367244,1455757446927
0.08503129500080922,1455757457440
0.08590289156154478,1455757468028
0.0868067253455633,1455757478624
0.08763161571432196,1455757489074
0.08847835495989709,1455757499535
0.0889427821658223,1455757509985
0.08989532580068069,1455757520536
0.09144481518841727,1455757531010
0.09404176961830311,1455757541550
0.09610370111163152,1455757552032
0.09839267178778652,1455757562601
0.10058000378504073,1455757573229
0.10266796785346649,1455757583745
0.10468005355097733,1455757594361
0.10690761026114812,1455757605012
0.10897813346155392,1455757615623
0.1111630160358647,1455757626142
0.11360370215517837,1455757636600
0.11637706321358948,1455757647165
0.11974067147148389,1455757657718
0.122321354837134,1455757668290
0.12513256699004724,1455757678862
0.1280133188846824,1455757689334
0.1309369350643168,1455757699940
0.13362427845161043,1455757710390
0.13634542327338214,1455757721016
0.139074412526917,1455757731502
0.14174005116049093,1455757742075
0.14442888530177017,1455757752571
0.14710087017350187,1455757763142
0.14950058295252958,1455757773695
0.15219442634116692,1455757784125
0.15472767338683469,1455757794669
0.15704818431731096,1455757805274
0.15981829481544801,1455757815754
0.16208132179214235,1455757826316
0.1645012281501268,1455757836865
0.1668025752144139,1455757847394
0.16948646163660588,1455757858029
0.17175260945619958,1455757868592
0.17391195142071278,1455757879134
0.17605046805011315,1455757889715
0.17859467047211844,1455757900280
0.18067183483522398,1455757910735
0.18303532250417578,1455757921285
0.18509800650117833,1455757931814
0.18728932657526542,1455757942336
0.18954932477870778,1455757952813
0.19147953407813612,1455757963366
0.19374055309043667,1455757973881
0.1953256218799938,1455757984453
0.19786205103596605,1455757994993
0.19965850858861495,1455758005536
0.20192464403460764,1455758016125
0.20370043649085265,1455758026664
0.20583050593560875,1455758037172
0.20758954073724634,1455758047717
0.20989674715142392,1455758058259
0.21157586518368068,1455758068803
0.2138209966705002,1455758079385
0.21567834671096447,1455758089904
0.21745671040703726,1455758100382
0.21935141621974724,1455758110981
0.22128503829736698,1455758121553
0.22319503649896727,1455758132034
0.22470031112376646,1455758142574
0.22681503524852745,1455758153117
0.22831739055866712,1455758163706
0.2303984258809169,1455758174272
0.23175326049399847,1455758184751
0.23381792559065961,1455758195252
0.23547489500297952,1455758205814
0.23741597230533043,1455758216401
0.23881132347178524,1455758226927
0.240635873284614,1455758237464
0.24225205904329794,1455758248038
0.24411287241201657,1455758258466
0.24561029290260394,1455758269027
0.24723858823156913,1455758279616
0.2489936078125205,1455758290079
0.25031336542679766,1455758300673
0.25215604975158157,1455758311202
0.2536072208812377,1455758321717
0.2554596166841171,1455758332251
0.2568537450351811,1455758342739
0.2585455486198067,1455758353272
0.25984277674760914,1455758363720
0.26157979457941655,1455758374265
0.26288058139677534,1455758384897
0.26462935440772845,1455758395329
0.2658953232146575,1455758405860
0.26756023534302764,1455758416349
0.26882299614223515,1455758426830
0.2701087283710604,1455758437319
0.2716754863221754,1455758447855
0.27276493749011876,1455758458408
0.274408567082632,1455758469037
0.27563251904514285,1455758479570
0.27720953935260373,1455758490171
0.2783255433368495,1455758500821
0.2797854014249044,1455758511384
0.281007854178018,1455758521902
0.28248720401427896,1455758532350
0.2837077293773612,1455758542889
0.28524111629911314,1455758553424
0.28632714467065923,1455758563877
0.2878272216758465,1455758574396
0.2889783389279425,1455758584955
0.29008154374335454,1455758595473
0.29156087394662533,1455758606002
0.2927022012506144,1455758616509
0.2940245125081691,1455758627102
0.29504613847704253,1455758637637
0.2964619918938991,1455758648241
0.29750234946654375,1455758658848
0.29900863452335,1455758669423
0.30006066380533414,1455758679895
0.301262121735402,1455758690426
0.3023062910521658,1455758701012
0.3035922744890211,1455758711562
0.30468808482800236,1455758722066
0.30604358154369526,1455758732519
0.3071143201432346,1455758742943
0.30823831942676794,1455758753532
0.30940627711508806,1455758763998
0.3104230068722077,1455758774452
0.31173318478696976,1455758784924
0.31283349697016316,1455758795490
0.3141419409994316,1455758806030
0.3150603910167137,1455758816603
0.31630198069463805,1455758827069
0.317325642625325,1455758837617
0.31852260375535013,1455758848166
0.3195363332074716,1455758858621
0.32076234661191927,1455758869089
0.3217741594769349,1455758879609
0.32271784381176205,1455758890114
0.32384147437828775,1455758900651
0.3248114714688274,1455758911220
0.32586985789896594,1455758921692
0.3267163325244361,1455758932265
0.3278394519242883,1455758942880
0.3287370343151722,1455758953360
0.3299140171573847,1455758963899
0.330909170882646,1455758974466
0.3319045173044345,1455758984943
0.33300640596775444,1455758995414
0.33389029233731804,1455759005928
0.3349762800697169,1455759016454
0.335704738372423,1455759026921
0.3367562460077893,1455759037428
0.3376679156537209,1455759047943
0.3388004920218657,1455759058438
0.33956150384873235,1455759068956
0.3405047851085523,1455759079524
0.3412987147135162,1455759089977
0.3419950866316419,1455759100476
0.3379457843959222,1455759111052
0.33875001428005114,1455759121539
0.3396402224350536,1455759132104
0.34044656473938306,1455759142561
0.34142426800041775,1455759153015
0.342178391358379,1455759163490
0.343082943232881,1455759174079
0.3437882376085786,1455759184531
0.3447642837628597,1455759195121
0.3454047151910733,1455759205627
0.3460907567170176,1455759216112
0.34706600996068543,1455759226695
0.3478023662401019,1455759237195
0.34887840940483406,1455759247788
0.34962914473969553,1455759258385
0.35057919026125545,1455759268863
0.35124807049250695,1455759279479
0.35229234408344834,1455759290033
0.3529410804680302,1455759300596
0.3541227373077493,1455759311054
0.35484163017446835,1455759321585
0.35576423112551636,1455759332123
0.35694225976430616,1455759342603
0.3576188800069212,1455759353172
0.35856684215000223,1455759363712
0.3593949236983764,1455759374261
0.3602351399915732,1455759384814
0.36099098470772817,1455759395274
0.36207182639373936,1455759405908
0.36276965147265683,1455759416420
0.3636281857707064,1455759426978
0.36441499312709524,1455759437567
0.365236468616171,1455759448020
0.3659873250143083,1455759458545
0.3669347109509145,1455759469142
0.36759127064759545,1455759479668
0.3683112795147463,1455759490217
0.3692747004232738,1455759500680
0.36984386462530316,1455759511235
0.37066932528124025,1455759521795
0.37140427945761745,1455759532389
0.37223028023723537,1455759542927
0.3727987812043245,1455759553472
0.37365541915203715,1455759563997
0.37425843960916555,1455759574510
0.37506734984093526,1455759584997
0.37568455417966046,1455759595570
0.37645375536425574,1455759606069
0.37702559987139866,1455759616533
0.37762071429307387,1455759627173
0.3784342050468971,1455759637739
0.37911407079587967,1455759648391
0.37991393389977623,1455759658980
0.38043720573442635,1455759669548
0.3812913770777627,1455759680079
0.38195339573613574,1455759690660
0.3827103122367321,1455759701171
0.3832294406645059,1455759711683
0.38400400536123114,1455759722130
0.38456724542417897,1455759732630
0.3853752042129695,1455759743195
0.385960261894953,1455759753682
0.38653618268003126,1455759764142
0.38722876894493274,1455759774666
0.3878246467412372,1455759785203
0.3886510715594521,1455759795685
0.3892232530434172,1455759806256
0.3899695551521356,1455759816768
0.39052749799701664,1455759827301
0.39100425316027854,1455759837846
0.39174152684347596,1455759848420
0.3922997960302597,1455759858993
0.39303180611557276,1455759869554
0.39358725985933957,1455759880024
0.39427653680275204,1455759890525
0.3948417443383937,1455759901061
0.39539436378600207,1455759911565
0.39608052343361244,1455759922091
0.39653205722836266,1455759932566
0.3973214744578486,1455759943137
0.39785798835102576,1455759953651
0.39853152440207584,1455759964214
0.39908916572074693,1455759974743
0.39960641374754347,1455759985391
0.4001080795884678,1455759995903
0.40077433578762645,1455760006470
0.4012421629463704,1455760017021
0.4019019573467025,1455760027491
0.40238757608570497,1455760038072
0.4030532586168264,1455760048638
0.40338874680879344,1455760059097
0.40393364821467936,1455760069624
0.40463070530436274,1455760080164
0.40512016141870244,1455760090751
0.40576632761268566,1455760101218
0.4063197033980785,1455760111703
0.4069921008816632,1455760122263
0.4073899104615273,1455760132890
0.40797762899994183,1455760143343
0.40850029180739594,1455760153781
0.4090575814816797,1455760164369
0.4095421585643044,1455760174944
0.41001533666187134,1455760185479
0.41042923483975957,1455760196107
0.4109038928631343,1455760206593
0.411630965878687,1455760217125
0.41203023817940676,1455760227665
0.4126354028627556,1455760238200
0.41298383873448136,1455760248735
0.4135946597207219,1455760259290
0.41407465716897945,1455760269802
0.4146887986822763,1455760280352
0.4151030717462699,1455760290883
0.41566505809720367,1455760301368
0.4161254762691859,1455760311842
0.41675652877866876,1455760322535
0.4171404082988488,1455760333079
0.4177739177268788,1455760343718
0.4181833294762293,1455760354246
0.4187465253764153,1455760364693
0.41923779014354356,1455760375262
0.41958499341057615,1455760385830
0.42021783247971195,1455760396281
0.4205966667288855,1455760406770
0.42118335667645646,1455760417329
0.4216056323080533,1455760427956
0.42218105942131096,1455760438469
0.4225781892333714,1455760448989
0.4230834591370326,1455760459629
0.4234685059475248,1455760470173
0.42402021265850043,1455760480690
0.42445823934148164,1455760491275
0.42498586604985766,1455760501824
0.42530632602325114,1455760512438
0.4257741775081945,1455760523027
0.4261910720614876,1455760533575
0.42667974090230565,1455760544162
0.42708000702332083,1455760554642
0.4274179511049536,1455760565177
0.42796354844771867,1455760575747
0.4282613886029985,1455760586212
0.4287938912659059,1455760596779
0.42914407162789453,1455760607228
0.42949563960792553,1455760617734
0.43005563758344545,1455760628333
0.4304009889681253,1455760638895
0.4308915657552922,1455760649504
0.4311990666105835,1455760660043
0.4317101385680509,1455760670624
0.43203730736780094,1455760681119
0.4325899068944757,1455760691742
0.4328793220768866,1455760702266
0.43336432257833346,1455760712776
0.4337142479884222,1455760723370
0.4342679392935486,1455760733855
0.4345910351050809,1455760744390
0.4351619451874118,1455760754893
0.43538943091711535,1455760765416
0.4356898984787917,1455760775951
0.43616149157832274,1455760786455
0.4365285328705248,1455760796911
0.43695796627763805,1455760807502
0.43726757583205644,1455760817971
0.43774793249673083,1455760828452
0.43800123062465884,1455760839030
0.43844051413543206,1455760849512
0.43874399495760413,1455760860092
0.43920221887601807,1455760870689
0.4395756205582208,1455760881371
0.44005387324823897,1455760891916
0.4403715248957157,1455760902445
0.4408440297019782,1455760913080
0.44115864181516024,1455760923651
0.4415286462265265,1455760934179
0.44189849897839595,1455760944688
0.442224994419455,1455760955257
0.4426829406729316,1455760965840
0.44293457357461186,1455760976347
0.44334076832139174,1455760986917
0.4436856327859782,1455760997372
0.4441388579938852,1455761007891
0.4444956039845618,1455761018401
0.4449861427147326,1455761028834
0.44522537801136725,1455761039318
0.4455419076612448,1455761049853
0.4459162628509419,1455761060401
0.4462784279927726,1455761070929
0.44665255340925225,1455761081562
0.446985337486605,1455761092150
0.4473396043716305,1455761102711
0.4476787267866097,1455761113337
0.4479639478873439,1455761123794
0.44833714795620805,1455761134313
0.448609253726557,1455761144883
0.44907820603124304,1455761155416
0.44939127738543094,1455761166027
0.44978744544149685,1455761176584
0.4500921344258606,1455761187166
0.45047061368953945,1455761197628
0.4507308540581598,1455761208118
0.4510609431669915,1455761218617
0.4514051723385525,1455761229181
0.4517693497178877,1455761239701
0.452070955033253,1455761250209
0.4524449935742121,1455761260771
0.45270324530411754,1455761271325
0.4529672262181493,1455761281851
0.4533643808344285,1455761292403
0.4535702640197471,1455761302937
0.45403238381834443,1455761313521
0.4543127253616182,1455761324137
0.4546674914588716,1455761334667
0.45492397557265574,1455761345198
0.45527633289741914,1455761355784
0.4555559724929168,1455761366298
0.45597849927024725,1455761376779
0.4563037795073416,1455761387214
0.456670029100415,1455761397807
0.4568169675465154,1455761408318
0.45708233119039426,1455761418842
0.45748293246629346,1455761429427
0.4576563311362274,1455761439938
0.4581199988383895,1455761450529
0.45839222911830385,1455761461060
0.4585446407628695,1455761471669
0.45891125188224335,1455761482155
0.4591259574964847,1455761492656
0.4595259096896992,1455761503237
0.4597352265682343,1455761513752
0.4601534758079074,1455761524221
0.46034494928054326,1455761534707
0.46064704158457664,1455761545162
0.4608300169891787,1455761555743
0.4611441135316734,1455761566228
0.4613186727339742,1455761576750
0.46157288806003943,1455761587437
0.46175452059966177,1455761597928
0.4618852237454308,1455761608561
0.462169070138422,1455761619077
0.46381161000566906,1455761629659
0.4640654245706198,1455761640231
0.4642026148443933,1455761650741
0.4644698270247443,1455761661302
0.464609033812993,1455761671813
0.46483430938321696,1455761682381
0.46495781498079536,1455761692847
0.4653067298655861,1455761703324
0.46539626505900755,1455761713885
0.4655938967422389,1455761724429
0.4658710041818718,1455761734999
0.4661431141353892,1455761745483
0.46647063321689664,1455761756011
0.46670443266550665,1455761766470
0.46713823828980444,1455761777001
0.46737048983131346,1455761787509
0.467588102425484,1455761798017
0.4679101359214741,1455761808598
0.4681621580019532,1455761819069
0.4684167785425515,1455761829617
0.46861549921266876,1455761840173
0.46889168184592056,1455761850701
0.46911289318964955,1455761861179
0.469352185958122,1455761871722
0.4694779679469797,1455761882198
0.4697329666973772,1455761892720
0.4699302276430144,1455761903252
0.47009081432441935,1455761913791
0.4703446042483666,1455761924369
0.47054110732874216,1455761934868
0.47075419532503604,1455761945413
0.47092500903538237,1455761956019
0.4711534268154071,1455761966538
0.4712896163810607,1455761977091
0.4715239125217046,1455761987637
0.4717028803084803,1455761998224
0.47190633702672846,1455762008770
0.4720464310961553,1455762019284
0.4722998438918483,1455762029821
0.4725135253678503,1455762040339
0.472592324778522,1455762050750
0.47292723511429335,1455762061329
0.47308529126736965,1455762071771
0.47336883434320504,1455762082307
0.47352733928844803,1455762092853
0.47375335386376993,1455762103446
0.47388728244047185,1455762114002
0.47395017066265344,1455762124536
0.474253776994193,1455762135051
0.4743799833610266,1455762145617
0.4746577942752058,1455762156163
0.4747870600429797,1455762166630
0.47501442599109783,1455762177111
0.47515011816179215,1455762187744
0.47538559133715436,1455762198211
0.47546918517105113,1455762208753
0.47580964131409936,1455762219274
0.4759796136858577,1455762229791
0.47612638482497754,1455762240293
0.47635591572505076,1455762250840
0.47656413519760005,1455762261333
0.4767568005028141,1455762271884
0.4768651833580493,1455762282477
0.4771805337172569,1455762292948
0.47725673227526905,1455762303497
0.47762749540931954,1455762314033
0.47769550850967335,1455762324609
0.47800617446442256,1455762335103
0.47810225986857513,1455762345625
0.4782083248248473,1455762356152
0.4784390314711428,1455762366664
0.47858897246444165,1455762377109
0.47882427224645635,1455762387650
0.4789132742723251,1455762398243
0.4791633602696222,1455762408725
0.4792884476108138,1455762419350
0.4794850109572633,1455762429871
0.47958149263791827,1455762440336
0.47981590405630326,1455762450920
0.47991051991795797,1455762461392
0.48002674073456997,1455762471915
0.4802662800375655,1455762482465
0.4803942075118569,1455762493004
0.4806009356216264,1455762503601
0.480741512522359,1455762514161
0.48095856540721316,1455762524645
0.48112613270705484,1455762535228
0.4813451497837107,1455762545697
0.4814225458959771,1455762556277
0.4816628200409374,1455762566854
0.4817968141699831,1455762577362
0.4819866018906607,1455762587851
0.48222172922034967,1455762598386
0.4823627532033393,1455762608931
0.4825682988029779,1455762619481
0.4826938697580412,1455762629979
0.48287119129019435,1455762640465
0.4830915980159801,1455762651060
0.4832643936408044,1455762661509
0.4833692837297201,1455762671990
0.48350555014633906,1455762682595
0.48368022988183823,1455762693103
0.48370483421922716,1455762703620
0.48393147616716825,1455762714150
0.4839967726860123,1455762724598
0.48420722214218415,1455762735180
0.48442390999280865,1455762745677
0.4845969120691568,1455762756196
0.4847387077188938,1455762766760
0.4849324765778304,1455762777322
0.48505715227307294,1455762787788
0.4851103275739255,1455762798317
0.48538013972999405,1455762808899
0.48537095365707206,1455762819440
0.4856266464480063,1455762830100
0.48573436709510687,1455762840596
0.48590965541409126,1455762851073
0.48599179176063634,1455762861558
0.486167890848156,1455762872076
0.48629246444185537,1455762882567
0.48644709292749244,1455762893069
0.4866583546075369,1455762903588
0.4867460454830437,1455762914189
0.48694658173124716,1455762924839
0.4870141703589928,1455762935496
0.48720944279204553,1455762946079
0.4873643948091552,1455762956565
0.48757967613775427,1455762967055
0.4876307777494031,1455762977589
0.4878055957113892,1455762988153
0.4878692515153966,1455762998637
0.48811796060690527,1455763009101
0.4882451726271825,1455763019690
0.4884138872419044,1455763030236
0.4885209350871318,1455763040755
0.48860103771770713,1455763051386
0.4888152992534608,1455763061959
0.488905859821342,1455763072538
0.489082404131478,1455763083056
0.489277138685564,1455763093607
0.48961953064989117,1455763104103
0.48990314705282645,1455763114675
0.4903118002270779,1455763125142
0.49060843068018667,1455763135635
0.49097050953104726,1455763146159
0.49119430389054114,1455763156686
0.49154991449939534,1455763167149
0.49177426371762745,1455763177618
0.4918555321685761,1455763188097
0.4921963034232226,1455763198670
0.4922795182120215,1455763209292
0.49259455451772965,1455763219811
0.4928079135818454,1455763230305
0.4929768799866907,1455763240964
0.493276794906355,1455763251407
0.4934209742047946,1455763261973
0.4937193714961955,1455763272541
0.49390493364267096,1455763282993
0.49420434157480364,1455763293410
0.49435411988666345,1455763303931
0.4946260735373198,1455763314410
0.4948000221265727,1455763324910
0.4951049234143941,1455763335463
0.49587361744090286,1455763346075
0.4961371823678762,1455763356656
0.4962598614633113,1455763367050
0.4964085636085777,1455763377654
0.49666502222149034,1455763388118
0.4968324103525548,1455763398607
0.49708047867495736,1455763409165
0.4972433805570674,1455763419642
0.49748811731786824,1455763430253
0.49769663685556714,1455763440714
0.4978947098292086,1455763451248
0.4980664606652551,1455763461841
0.49764111711835085,1455763472359
0.4977661956830233,1455763482832
0.498019409518644,1455763493434
0.49819654341666486,1455763503992
0.49846874376201605,1455763514661
0.49857666648409293,1455763525184
0.49869197493515066,1455763535651
0.498927461191766,1455763546157
0.49974755197636567,1455763556741
0.49998070007397993,1455763567253
0.500157790053099,1455763577820
0.5004093602671259,1455763588267
0.500571457221523,1455763598750
0.5008407705431863,1455763609280
0.5009571651915613,1455763619837
0.5012565630312773,1455763630453
0.5013485787906387,1455763640974
0.5016752678893175,1455763651469
0.5017613874596253,1455763662051
0.5020641707116342,1455763672616
0.502138516472959,1455763683292
0.5022988536256818,1455763693777
0.5025534428615076,1455763704355
0.5026917705878164,1455763714949
0.5029646882580543,1455763725483
0.5031372597560838,1455763735966
0.5033649954878611,1455763746532
0.503545684155453,1455763757128
0.5037725597528243,1455763767591
0.5039108866103277,1455763778201
0.5042107093213791,1455763788662
0.5043979402757852,1455763799146
0.5046525953287094,1455763809705
0.504824159762398,1455763820248
0.5050932492563442,1455763830716
0.5052087735323371,1455763841241
0.5053708113419926,1455763851805
0.5056296938816207,1455763862385
0.5058109839095178,1455763872992
0.5059436682527518,1455763883613
0.5061473557608392,1455763894161
0.506388156379974,1455763904706
0.5065188185525941,1455763915293
0.506775339328313,1455763925869
0.5069454919887619,1455763936335
0.5071779040118517,1455763946805
0.5072895780311191,1455763957329
0.5075057341409851,1455763967906
0.507712567762381,1455763978329
0.5079281734130914,1455763988885
0.5080209922360499,1455763999482
0.5082215685767247,1455764010031
0.5083956584137285,1455764020478
0.508623066102875,1455764031167
0.5088007484572221,1455764041632
0.508955501725618,1455764052110
0.5091964734787571,1455764062727
0.5093593198403972,1455764073312
0.5095475699993676,1455764083949
0.5097057668154996,1455764094388
0.5098449728970145,1455764104933
0.5100341768084918,1455764115481
0.5102065069978713,1455764125992
0.5105346785626267,1455764136561
0.5106214553797991,1455764147108
0.5109112212528877,1455764157571
0.511054679015538,1455764168073
0.5112523808848275,1455764178637
0.5114140914889485,1455764189252
0.5116872906908263,1455764199706
0.5118373193018712,1455764210234
0.5120240323250267,1455764220818
0.5121755627323965,1455764231301
0.512282034571488,1455764241871
0.5125204105586809,1455764252333
0.5125956123886427,1455764262804
0.5128691040248736,1455764273352
0.5130090658653839,1455764283895
0.5131324051654298,1455764294414
0.5133289524867428,1455764304940
0.5134358618244357,1455764315522
0.5136616699645513,1455764326127
0.5137570343411396,1455764336587
0.5140265365734197,1455764347067
0.5140689402650329,1455764357603
0.5143254416587002,1455764368214
0.5144409804760213,1455764378722
0.5146836860093124,1455764389185
0.514770936157221,1455764399751
0.5149311705012326,1455764410316
0.5151630627983557,1455764420762
0.5152512379505049,1455764431350
0.5154700441748394,1455764441928
0.5156001709777422,1455764452459
0.5157998239494687,1455764463072
0.5158718262683801,1455764473593
0.5161162429380799,1455764484123
0.5162206751032978,1455764494696
0.5164571533561095,1455764505240
0.5165687838775795,1455764515830
0.5166292950388721,1455764526377
0.5167711410677435,1455764536956
0.5169142498391595,1455764547489
0.5171420585147765,1455764557950
0.5172739552276213,1455764568509
0.517506867731724,1455764579013
0.5176046800677623,1455764589530
0.5178237155997086,1455764600111
0.5179650638510075,1455764610680
0.5180554343917798,1455764621337
0.5182417798965823,1455764631806
0.5183438527056012,1455764642328
0.5184774315990287,1455764652949
0.5186123334054376,1455764663507
0.518809189089697,1455764674083
0.5188974056965902,1455764684580
0.5190960303588641,1455764695018
0.5191767980772749,1455764705476
0.519375724402322,1455764716010
0.5194623433755999,1455764726525
0.5196800073028236,1455764737015
0.5197843341593902,1455764747628
0.5198863930471646,1455764758112
0.519984860392632,1455764768630
0.5202401219090942,1455764779247
0.5202809655978703,1455764789796
0.5204873841264123,1455764800391
0.5205853329926183,1455764811011
0.5207942854651282,1455764821532
0.5208733614413488,1455764832087
0.521038878079536,1455764842562
0.5211177729442475,1455764853033
0.5213042005021371,1455764863562
0.5214318543457132,1455764874144
0.5215537093848004,1455764884651
0.5217468049486634,1455764895205
0.5219024541603366,1455764905804
0.522103606276669,1455764916293
0.5221870365030821,1455764926874
0.5223944953871063,1455764937502
0.5224352909781447,1455764948026
0.5226571584785951,1455764958552
0.5227312618931574,1455764969105
0.5229607933399223,1455764979664
0.5229763115368067,1455764990242
0.5231186113938212,1455765000774
0.5232644748002535,1455765011316
0.5234148251043985,1455765021780
0.5236161423918242,1455765032347
0.5236825859818595,1455765042836
0.5238449221995471,1455765053402
0.5239669719508788,1455765063941
0.5242014251694108,1455765074479
0.5243319707910536,1455765084998
0.5245250076770999,1455765095572
0.5246008636060002,1455765106146
0.524806637609803,1455765116642
0.5248691903626431,1455765127126
0.5250684068232203,1455765137625
0.5251992359932123,1455765148071
0.5252967073848528,1455765158548
0.5254610342954493,1455765169049
0.525584670165769,1455765179600
0.5258297676694824,1455765190185
0.5258721656774333,1455765200759
0.5259808410365913,1455765211351
0.5261300623374453,1455765221822
0.5262429744845678,1455765232452
0.5264230354959001,1455765242912
0.5265300704828638,1455765253366
0.5266695225321987,1455765263955
0.5267908378090792,1455765274439
0.5268484603425828,1455765284867
0.5270342170690834,1455765295408
0.5270960597806608,1455765305964
0.5272454557607497,1455765316441
0.5273275665536363,1455765326954
0.5274882143945094,1455765337428
0.5276525186441686,1455765348007
0.5278172203168994,1455765358368
0.5281767961191384,1455765368743
