0.5941288455113454,1455754596153
0.5922377701280052,1455754606800
0.6652692590523164,1455754617307
0.6664479719087668,1455754627907
0.6664479719087668,1455754635203
2.682232122186658,1455754635861
4.206734758985293,1455754638469
0.9873370415083289,1455754649025
0.5198384675234027,1455754659512
0.5473311313788839,1455754670077
0.5446915032066528,1455754680645
0.5622135846484411,1455754691187
0.5601823433652426,1455754701837
0.5634413082719809,1455754712409
0.5693388095149756,1455754722988
0.5626528690340787,1455754733602
0.558267214841514,1455754744277
0.5548433293153496,1455754754840
0.5558792220776724,1455754765462
0.5500134254005961,1455754776082
0.5416914224354996,1455754786730
0.538604936293236,1455754797304
0.5446219336300351,1455754807902
0.5372573288113937,1455754818403
0.5381678547822073,1455754828993
0.5367306531072299,1455754836220
0.5356637353261832,1455754836768
0.5356352037323074,1455754839552
0.539626607558272,1455754850015
0.5359231953719539,1455754860499
0.5377146089992823,1455754871013
0.5368302699554035,1455754881507
0.5394367168684825,1455754892085
0.5381278766019632,1455754902598
0.5392371702975265,1455754913166
0.5413287115902219,1455754923788
0.5383576941459756,1455754934334
0.5413222790676997,1455754944765
0.5397696664031899,1455754955283
0.5412259936202972,1455754965817
0.5375408929794452,1455754976347
0.5392269166307994,1455754987020
0.5377192253064946,1455754997530
0.5390117590039251,1455755008017
0.5372322667931456,1455755018588
0.5380740689958456,1455755029125
0.5362799571222766,1455755039688
0.5380985359716929,1455755050190
0.5370699255474916,1455755060735
0.5373510623995698,1455755071223
0.5370554543675816,1455755081699
0.5367317546874808,1455755092204
0.5375726844113371,1455755102688
0.5357940464309854,1455755113215
0.5370135832800452,1455755123784
0.5359377339053876,1455755134258
0.5367919092776048,1455755144762
0.5359222389168005,1455755155335
0.5360692198667738,1455755165814
0.5353111368930854,1455755176472
0.5355820793700742,1455755186956
0.5358916758204282,1455755197526
0.5360814670984132,1455755208017
0.5360168392899152,1455755218484
0.5367227494738984,1455755228988
0.5358100378542635,1455755239460
0.5351735150383669,1455755249921
0.5359693743587991,1455755260444
0.5349997619306551,1455755270955
0.5354540786963737,1455755281505
0.5345530789255977,1455755292000
0.5357696477311036,1455755302537
0.5347477821659926,1455755313069
0.5356998838269083,1455755323533
0.5346300322928976,1455755334070
0.5356382588224151,1455755344642
0.5348727082290197,1455755355119
0.535999970591746,1455755365695
0.5350670155277636,1455755376170
0.5355398043793094,1455755386710
0.5356129900675295,1455755397365
0.5352232954877953,1455755407888
0.5359633316399671,1455755418501
0.535876036734313,1455755429134
0.536224712987864,1455755439688
0.5361398473295044,1455755450159
0.5368010401895672,1455755460698
0.5362392276951524,1455755471270
0.536859122739952,1455755481842
0.5363592787155518,1455755492305
0.537192693726433,1455755502843
0.5369275683604917,1455755513325
0.5376985876067504,1455755523879
0.5372259101667329,1455755534409
0.5376923914624725,1455755544899
0.5375710853528501,1455755555394
0.5375689501917169,1455755565859
0.5382267501821905,1455755576489
0.5376607363856479,1455755586949
0.5382248567832617,1455755597553
0.5379354492390481,1455755608052
0.5381886194324751,1455755618627
0.5377460815234579,1455755629261
0.5384650413430615,1455755639799
0.5373273904255068,1455755650263
0.5373776559057817,1455755660748
0.5362719037765878,1455755667926
0.5362719037765878,1455755668509
0.5363718095543173,1455755671232
0.5373678521475562,1455755681678
0.5370569302799043,1455755692133
0.5376828206968678,1455755702551
0.5386089189024685,1455755713073
0.5395470076985295,1455755723615
0.5406308471908655,1455755734128
0.5418777940850161,1455755744682
0.5430765563111242,1455755755117
0.5435192678632725,1455755765595
0.5448737944755493,1455755776070
0.5458269385420066,1455755786542
0.5467380389682401,1455755797120
0.5474309815726339,1455755807594
0.5483925459193959,1455755818058
0.5497286049776677,1455755828648
0.5505271704279432,1455755839241
0.5514039961852288,1455755849790
0.5522337739296044,1455755860380
0.5531507003182959,1455755870846
0.5538772255197105,1455755881411
0.5547581555916621,1455755891931
0.5550627680726787,1455755902474
0.556456075017944,1455755912981
0.5570876450116344,1455755923441
0.5583547107552347,1455755933972
0.5584741344394749,1455755944531
0.5589020771419231,1455755955041
0.5597655491653375,1455755965529
0.5607414239077753,1455755975981
0.5614650287685339,1455755986524
0.5619287099181756,1455755997042
0.5628167620609636,1455756007592
0.5630019053574065,1455756018177
0.5640287554267143,1455756028644
0.5646222981722274,1455756039246
0.5652316962205701,1455756049767
0.5657168802271619,1455756060302
0.5664180916543625,1455756070814
0.566836930574196,1455756081269
0.567684696717731,1455756091715
0.5679856507817231,1455756102172
0.5682811598508032,1455756112655
0.569013238380145,1455756123175
0.5694205824993073,1455756133683
0.570259568069202,1455756144260
0.5707198084949756,1455756154830
0.5713143075590436,1455756165267
0.5715606399324205,1455756175899
0.5726285867098332,1455756186359
0.5728338282828971,1455756196843
0.5734529205263358,1455756207298
0.5735961041528853,1455756217805
0.5743606547718106,1455756228326
0.5746112819036521,1455756238797
0.5747424613673933,1455756249340
0.5753412233489869,1455756259753
0.5759466355752576,1455756270341
0.5765494973859818,1455756280870
0.5767435431634724,1455756291444
0.5771368672110647,1455756301994
0.5773261308728013,1455756312440
0.5779716711588334,1455756322948
0.5774113390189852,1455756333509
0.5785800988265334,1455756343956
0.5788102249256524,1455756354416
0.5793362200396082,1455756364935
0.5796203964291584,1455756375428
0.5797432490034409,1455756385967
0.5799364418713637,1455756396488
0.5801997939861663,1455756407050
0.5809341641617036,1455756417630
0.5808897931365264,1455756428142
0.5813952991312838,1455756438665
0.5813887036814326,1455756449110
0.5812875755153648,1455756459612
0.5814482812497322,1455756470149
0.5819186438760456,1455756480609
0.5820944656724868,1455756491110
0.5825843458617005,1455756501676
0.5825412227641746,1455756512132
0.5828982043197783,1455756522614
0.5833616020680161,1455756533077
0.5833775396022527,1455756543617
0.5838529939147504,1455756554205
0.5838956173286176,1455756564738
0.5844732767685155,1455756575192
0.5845031897886136,1455756585765
0.5851398106980711,1455756596256
0.5853661316859345,1455756606793
0.5861927387271354,1455756617256
0.5860963825018993,1455756627746
0.5867295068764836,1455756638271
0.5865728719927539,1455756648800
0.5869139118090632,1455756659248
0.5875232524799574,1455756669811
0.5876720453214922,1455756680303
0.5881006379353736,1455756690763
0.5883029152180334,1455756701268
0.5886393626536068,1455756711788
0.588884252594406,1455756722313
0.5895635183837407,1455756732797
0.5894228922429213,1455756743278
0.5902611736712295,1455756753754
0.5901589862515052,1455756764343
0.5903759825079354,1455756771419
0.5908221069337958,1455756771959
0.5907222928955067,1455756774855
0.5907605426531805,1455756785308
0.590382650219358,1455756795772
0.5902375743274083,1455756806332
0.5898326354485397,1455756816788
0.5900842882060227,1455756827288
0.5897140606416038,1455756837782
0.5898100843269141,1455756848271
0.5894605982550969,1455756858733
0.5898085002847123,1455756869205
0.5894379687256386,1455756879678
0.5896191912988347,1455756890184
0.5891442115651235,1455756900712
0.5891448928467087,1455756911189
0.5895663063890536,1455756921646
0.5900029450197175,1455756932232
0.5905600130959888,1455756942760
0.5935228977657323,1455756953275
0.5970920278684582,1455756963724
0.5970920278684582,1455756970989
1.5533874533442047,1455756974151
12.02723336112129,1455756984635
1.3238380585098957,1455756995147
1.014719434843774,1455757005587
0.8366611239427025,1455757016086
0.7767527729550916,1455757026635
0.7012671946687214,1455757037204
0.6790885669089466,1455757047722
0.6564999430863777,1455757058224
0.6273875297969751,1455757068788
0.6190271568617068,1455757079247
0.598570521579312,1455757089699
0.596518499214765,1455757100145
0.5843184525859315,1455757110678
0.5256495028255264,1455757121213
0.5715291272152399,1455757131790
0.5717970158322896,1455757142345
0.6071194420359168,1455757152749
0.6520546154449106,1455757163351
0.6520546154449106,1455757170384
0.23810810810810812,1455757173800
0.0,1455757184300
0.0,1455757194800
0.0,1455757205309
0.0,1455757215793
0.0,1455757226217
0.0,1455757236652
0.0,1455757247143
0.3130719607138358,1455757257631
0.38496937698820244,1455757268135
0.4324212301891904,1455757278773
0.4284063564439907,1455757289342
0.44428723090119465,1455757299863
0.4424125133472394,1455757310329
0.4468947552034302,1455757320784
0.4501482407670112,1455757331335
0.4475765473984171,1455757341800
0.4488022801419763,1455757352362
0.4493861939934534,1455757362905
0.4541633727934898,1455757373391
0.45640274027737837,1455757383847
0.46477741751262125,1455757394308
0.4641565439737975,1455757404893
0.465953481583092,1455757415371
0.4725432746889447,1455757425848
0.47373948376953023,1455757436415
0.47543307595844425,1455757446928
0.4788979211430713,1455757457441
0.48648148485746234,1455757468029
0.48920219963302486,1455757478625
0.4872497999906331,1455757489075
0.487660787060338,1455757499537
0.49068403324847265,1455757509986
0.4888430439027462,1455757520537
0.4906786166879302,1455757531011
0.4889713103005135,1455757541551
0.49058630898420397,1455757552033
0.4888084997399269,1455757562602
0.4910184504245319,1455757573230
0.49202789554628346,1455757583746
0.49480573993099897,1455757594362
0.5000037260981021,1455757605013
0.5052239098427931,1455757615624
0.5075690401483489,1455757626143
0.5120028449907399,1455757636601
0.5136375788454453,1455757647166
0.5166996550354435,1455757657719
0.5187588073115617,1455757668291
0.5206008637053695,1455757678863
0.5224997467772782,1455757689335
0.5242170013787758,1455757699941
0.5267423070254866,1455757710391
0.5263343384607073,1455757721017
0.526698346031998,1455757731503
0.5284516989355249,1455757742076
0.5286242443562961,1455757752572
0.5291750879972534,1455757763143
0.5298612347171965,1455757773696
0.5297089931495912,1455757784126
0.5300665059790705,1455757794670
0.5308985141100981,1455757805275
0.5303681028677444,1455757815756
0.531170008590802,1455757826317
0.5320230294336713,1455757836866
0.5334481207951579,1455757847395
0.532931742597847,1455757858030
0.5341625154592495,1455757868593
0.5343961037226913,1455757879135
0.5339800930388967,1455757889716
0.5340393761773623,1455757900281
0.5352416129308477,1455757910736
0.5355088098135599,1455757921286
0.5350057930231686,1455757931815
0.5363880960794203,1455757942337
0.5362076695583751,1455757952814
0.5368007044370043,1455757963368
0.5368105009365655,1455757973882
0.5373507942949244,1455757984454
0.5375867125528283,1455757994994
0.5379167574117308,1455758005537
0.5386054542658281,1455758016126
0.5387448118882125,1455758026665
0.5394776312597306,1455758037173
0.5401204859883872,1455758047719
0.5406663746166447,1455758058260
0.5409339238583624,1455758068804
0.5418689540477316,1455758079386
0.5420093077678648,1455758089905
0.5422118591903938,1455758100383
0.5419301789035762,1455758110983
0.5416250613008887,1455758121554
0.5422661267294591,1455758132035
0.5422688472567413,1455758142575
0.5427766993513615,1455758153118
0.5430992434128513,1455758163707
0.5436237121543988,1455758174273
0.5436651543216401,1455758184752
0.5438676141067833,1455758195252
0.5437069691367816,1455758205815
0.5443804443850198,1455758216402
0.5442356845316718,1455758226928
0.5445682090163146,1455758237465
0.5443510549652032,1455758248039
0.5448593577586238,1455758258467
0.5453415616775749,1455758269028
0.5451198886740073,1455758279617
0.5455776916962032,1455758290080
0.5456660829473023,1455758300674
0.5459178263041798,1455758311203
0.5459188457270718,1455758321717
0.5467791676420637,1455758332252
0.5465929924028737,1455758342739
0.547272777675283,1455758353273
0.5473100920611799,1455758363727
0.54737236917744,1455758374265
0.5478036326212149,1455758384898
0.5478331471847753,1455758395330
0.5484763604161897,1455758405861
0.5485156222944543,1455758416350
0.549160452186414,1455758426831
0.5491207436593667,1455758437320
0.5496448439257411,1455758447856
0.5495929794454517,1455758458409
0.5501284825748941,1455758469038
0.5500775169429979,1455758479571
0.5502790812978335,1455758490172
0.5501947832163014,1455758500822
0.5505366311464684,1455758511384
0.5508437583287913,1455758521911
0.5508641091958086,1455758532351
0.5511743015667041,1455758542890
0.5508514883834582,1455758553425
0.5514716243321032,1455758563878
0.5514342821075102,1455758574397
0.5519609994062749,1455758584956
0.5519845009814335,1455758595474
0.5523238289797193,1455758606003
0.5521372573220037,1455758616510
0.5524711427525595,1455758627103
0.5523866961246523,1455758637638
0.5524680220106216,1455758648242
0.5523997664322395,1455758658849
0.5524127829170316,1455758669424
0.5525458050157426,1455758679896
0.5524899990178758,1455758690427
0.5525772434150397,1455758701012
0.5525354677620798,1455758711563
0.5524994733721569,1455758722067
0.5528325073625561,1455758732520
0.552673805625207,1455758742944
0.5528242439750253,1455758753533
0.552774004731637,1455758763999
0.5525698219013824,1455758774453
0.5527929869705157,1455758784925
0.5528035589647432,1455758795491
0.5529746630693143,1455758806031
0.5529660817724785,1455758816604
0.552998488126742,1455758827070
0.5530475259579861,1455758837618
0.5529420978183456,1455758848167
0.5533672351302843,1455758858622
0.553045405887499,1455758869090
0.5533385452877394,1455758879610
0.5532332902560778,1455758890115
0.5533123415132615,1455758900652
0.553347061146454,1455758911221
0.553323738734174,1455758921692
0.553837441670846,1455758932266
0.5538247760169058,1455758942881
0.5539231664166466,1455758953361
0.5544116199137137,1455758963900
0.554353159800711,1455758974467
0.5541596792704041,1455758984944
0.5541472623293875,1455758995415
0.554292497899424,1455759005929
0.5546914788520347,1455759016455
0.5548028333553178,1455759026922
0.5547266336057061,1455759037429
0.5548381751667665,1455759047944
0.5547326636153115,1455759058439
0.554566151130605,1455759068957
0.5547057130557561,1455759079525
0.5547488529308828,1455759089978
0.5545992666500137,1455759100477
0.5547657818726355,1455759111053
0.555018916242461,1455759121540
0.5549601074287998,1455759132105
0.5551921324864443,1455759142562
0.5554223567874488,1455759153016
0.5553865994323657,1455759163491
0.5557305222510882,1455759174079
0.5559777922496081,1455759184532
0.5561835172442129,1455759195122
0.5562495206829973,1455759205628
0.5564156468142077,1455759216113
0.556466487616929,1455759226696
0.5561893730037814,1455759237196
0.5562135173055243,1455759247789
0.5563460068440351,1455759258386
0.5564833077968951,1455759268864
0.5566235249801834,1455759279480
0.5563260862573051,1455759290034
0.5566489929151108,1455759300596
0.5562169556231158,1455759311055
0.5563461391950595,1455759321585
0.55635368223337,1455759332124
0.5563486848491211,1455759342604
0.5560361548678144,1455759353172
0.5559500476661684,1455759363713
0.555819690932152,1455759374262
0.5558834883431228,1455759384815
0.5557013157060311,1455759395275
0.5525474499488339,1455759405909
0.5527234940656013,1455759416421
0.5523957441763858,1455759426978
0.5522369746978234,1455759437567
0.5521156566524664,1455759448021
0.5519626496786616,1455759458546
0.5517052984670023,1455759469143
0.5516685902751575,1455759479669
0.5511379444853213,1455759490217
0.5511700360127725,1455759500681
0.5510857199915007,1455759511236
0.550785901823893,1455759521796
0.5510532071799163,1455759532390
0.5508633703587867,1455759542928
0.5508436234032044,1455759553473
0.5508605975455441,1455759563998
0.5510067618392986,1455759574511
0.5509490045606024,1455759584998
0.5511239781688972,1455759595571
0.5510226898056865,1455759606070
0.5511433426376339,1455759616534
0.5508426046783103,1455759627174
0.5510057833097116,1455759637739
0.5512926277242607,1455759648391
0.5515727195402277,1455759658981
0.5516721649221498,1455759669549
0.5518615712567413,1455759680080
0.5519711126933065,1455759690660
0.5521957192101745,1455759701172
0.5524863814700917,1455759711684
0.552464512169568,1455759722131
0.5525305812246388,1455759732631
0.5528125789845697,1455759743196
0.552918155885707,1455759753683
0.5526955533530287,1455759764143
0.5527726513985617,1455759774667
0.552928561754003,1455759785204
0.5526695056536057,1455759795686
0.552740258473365,1455759806257
0.5528873432215606,1455759816770
0.5528983513997993,1455759827302
0.5528240344499531,1455759837847
0.5529275776552478,1455759848420
0.5528964890342799,1455759858994
0.5530263848970041,1455759869555
0.553122250542416,1455759880024
0.5533142933963162,1455759890526
0.5532386645983662,1455759901062
0.5531836792749535,1455759911566
0.5533385607117203,1455759922092
0.5533852499165474,1455759932567
0.5535664513733672,1455759943138
0.5536292777650044,1455759953652
0.5536861697754722,1455759964215
0.5537001485113189,1455759974744
0.553797441395557,1455759985391
0.5539693995254316,1455759995904
0.5538642023022704,1455760006471
0.5540722233838732,1455760017022
0.5541906139496438,1455760027492
0.5542987697877082,1455760038073
0.5543248108228005,1455760048639
0.5545938479403616,1455760059098
0.5545676755768354,1455760069625
0.5545234984355213,1455760080165
0.5546823634498316,1455760090752
0.5545960967569237,1455760101219
0.5548506024971747,1455760111704
0.554908458928552,1455760122264
0.5547662155553765,1455760132891
0.5548120333811241,1455760143344
0.554737854456888,1455760153781
0.5545512158801187,1455760164370
0.5546701954161015,1455760174945
0.554638737441107,1455760185480
0.5545492186989655,1455760196108
0.5546864533814252,1455760206593
0.5545219867242241,1455760217126
0.5544871061330905,1455760227666
0.5545772672003357,1455760238201
0.554531445085364,1455760248736
0.5546215191320979,1455760259290
0.5547176533284462,1455760269803
0.5546073801695386,1455760280353
0.554700246296322,1455760290884
0.5548473486406388,1455760301369
0.5547192721181865,1455760311843
0.5546830124243058,1455760322536
0.5546821047910722,1455760333080
0.5549006979499076,1455760343718
0.5549223866636752,1455760354247
0.5550124339707584,1455760364694
0.5549847932911827,1455760375263
0.5549302253031536,1455760385831
0.5550043087940066,1455760396282
0.5550875675758282,1455760406771
0.5552424093557201,1455760417330
0.555329987438403,1455760427957
0.5555126397741096,1455760438470
0.555599349400723,1455760448990
0.5556174239754524,1455760459630
0.5556270501209876,1455760470174
0.5556521791653897,1455760480691
0.5556036344983971,1455760491276
0.5555379806387137,1455760501825
0.5555574015429838,1455760512439
0.5554748147103136,1455760523027
0.5555202184644079,1455760533576
0.5554255631028894,1455760544163
0.555400919865091,1455760554643
0.5552719734848571,1455760565178
0.5555221323094235,1455760575748
0.5554529997917501,1455760586212
0.555517421858293,1455760596780
0.5554949994235567,1455760607229
0.5554032438720911,1455760617735
0.5554696101001826,1455760628334
0.5553842673227767,1455760638896
0.5554489922827435,1455760649505
0.5553330126942506,1455760660044
0.5554770612404589,1455760670625
0.5552278942851114,1455760681120
0.5553809945841286,1455760691743
0.5554246323529097,1455760702267
0.5555625137829872,1455760712777
0.5554152198921293,1455760723371
0.5556720763449494,1455760733856
0.5555400597766607,1455760744391
0.5554928718038641,1455760754894
0.5554717018493994,1455760765417
0.555537851145034,1455760775952
0.5556323593184235,1455760786456
0.5555073989434001,1455760796912
0.5554696351995956,1455760807503
0.5554684651023081,1455760817972
0.5554375602158315,1455760828453
0.5553222885581507,1455760839031
0.55547911936379,1455760849513
0.5555717986355464,1455760860093
0.5555205870656663,1455760870690
0.5556267502155242,1455760881372
0.5553935395491868,1455760891916
0.5556260307350194,1455760902446
0.5554278972397455,1455760913081
0.5555696256037844,1455760923651
0.5555829997685564,1455760934180
0.5556531484770214,1455760944688
0.5557291085164842,1455760955258
0.5557478135563733,1455760965840
0.5556692281098434,1455760976348
0.5556926393406331,1455760986917
0.5557061240415319,1455760997373
0.5557547167725547,1455761007892
0.5559769920899399,1455761018402
0.555859671013679,1455761028835
0.5560215715997647,1455761039318
0.5560905706316119,1455761049854
0.5563090565420348,1455761060402
0.5562995271074617,1455761070931
0.5563842405557039,1455761081563
0.5564580201418692,1455761092150
0.5565825112022356,1455761102711
0.5566612376760911,1455761113338
0.5565600472458411,1455761123795
0.5565250228926275,1455761134314
0.5566834199785998,1455761144883
0.5567245069934462,1455761155417
0.5568796472030986,1455761166028
0.5568727068560169,1455761176584
0.5566824518777957,1455761187167
0.5567393537000984,1455761197629
0.5568769918227369,1455761208119
0.5569066254539929,1455761218618
0.5569438020759351,1455761229182
0.5571395130148827,1455761239702
0.5570911912323572,1455761250210
0.5571133763171066,1455761260772
0.5573108646844448,1455761271326
0.5574452830640636,1455761281853
0.5574009177081273,1455761292404
0.5574605956504849,1455761302938
0.5575399605521109,1455761313522
0.55760505373123,1455761324138
0.5577239983011921,1455761334668
0.5577689439625286,1455761345199
0.5577184071444276,1455761355785
0.5577889301920278,1455761366299
0.5577656724585415,1455761376780
0.5578860634034126,1455761387215
0.5579011865935621,1455761397808
0.5579583337105644,1455761408319
0.5579521668410795,1455761418843
0.5580550652422038,1455761429428
0.5580578325740138,1455761439939
0.5579942800112889,1455761450530
0.5578495832597075,1455761461061
0.558084376871036,1455761471670
0.5580995576005325,1455761482156
0.5581061445391925,1455761492657
0.5582473179080419,1455761503237
0.5581509404046858,1455761513753
0.5582714500794065,1455761524222
0.5582599616647511,1455761534708
0.558596906330358,1455761545163
0.5586273928986217,1455761555744
0.5587514155935693,1455761566229
0.5588767300076465,1455761576751
0.5590118874526275,1455761587438
0.5589167765710062,1455761597929
0.5590118879559538,1455761608562
0.559193709372792,1455761619078
0.5592528799640324,1455761629660
0.5595240177414299,1455761640232
0.559386613293674,1455761650742
0.5594253592498425,1455761661303
0.5594373814717424,1455761671814
0.5596282768917704,1455761682382
0.5596015811584846,1455761692848
0.5595458465560168,1455761703325
0.5594158718141294,1455761713886
0.559547121837718,1455761724430
0.557536848548033,1455761734999
0.5574963912273634,1455761745484
0.5575235479216153,1455761756012
0.5573976780707814,1455761766471
0.5574238219150529,1455761777002
0.5573220672146376,1455761787510
0.5573918954180151,1455761798018
0.5572190355141198,1455761808599
0.5571997218971434,1455761819070
0.5570228293473334,1455761829618
0.5570618016284674,1455761840174
0.5570175548129463,1455761850702
0.5569203914603125,1455761861180
0.5570791069156953,1455761871724
0.5569959654529721,1455761882199
0.5571135894014144,1455761892721
0.5571131824578591,1455761903253
0.557078296232615,1455761913791
0.5570101356071983,1455761924370
0.5571304590927594,1455761934869
0.5571577924205858,1455761945414
0.5571665418432887,1455761956020
0.5571754554290742,1455761966539
0.5571686650332779,1455761977092
0.5572476763553009,1455761987638
0.5574833028193122,1455761998225
0.5576695502127251,1455762008770
0.5576796564709667,1455762019284
0.5578800189466141,1455762029822
0.5578970542996857,1455762040340
0.5579212124403793,1455762050751
0.5580361639486527,1455762061330
0.5581286895953187,1455762071772
0.5580410439407943,1455762082308
0.5581791450132212,1455762092854
0.5582733747656998,1455762103447
0.5581853401087806,1455762114003
0.5583063903572605,1455762124537
0.5582867759797333,1455762135052
0.5582758057338096,1455762145617
0.5581477160945485,1455762156164
0.5583144878745452,1455762166631
0.5582479964970719,1455762177112
0.5582430629858975,1455762187745
0.5582469970013426,1455762198211
0.5584218756554546,1455762208754
0.5584308892055987,1455762219275
0.5584787520704252,1455762229792
0.5585602951100908,1455762240294
0.5586435886376613,1455762250841
0.5587064728605629,1455762261334
0.5588247969098856,1455762271885
0.5588520582814545,1455762282478
0.5589841200705628,1455762292949
0.5589545086571079,1455762303498
0.5588399914385379,1455762314034
0.5590270761102315,1455762324610
0.5590292935779133,1455762335104
0.5589614646272121,1455762345626
0.5590630494819591,1455762356153
0.5591066168328631,1455762366665
0.5591274143596916,1455762377110
0.5592172626812504,1455762387651
0.5592028269152992,1455762398243
0.5591643867244761,1455762408726
0.5592136727507349,1455762419351
0.5591272510664935,1455762429872
0.5592162298648911,1455762440337
0.5590958590529238,1455762450921
0.5592590657299225,1455762461393
0.5591750473887381,1455762471916
0.5591580986062117,1455762482466
0.5591960243263197,1455762493005
0.559173460339186,1455762503602
0.5592688070829157,1455762514162
0.55912268366148,1455762524646
0.5592155009126143,1455762535229
0.5591521616856548,1455762545698
0.5590982350524928,1455762556278
0.5590452837654998,1455762566855
0.5589859031816928,1455762577363
0.5589648629373782,1455762587852
0.5590292016432044,1455762598387
0.5590149282614426,1455762608932
0.5590616714818067,1455762619482
0.5590931001797947,1455762629980
0.5591071151540751,1455762640466
0.5590629997047563,1455762651060
0.5590749179320615,1455762661509
0.5590747975231332,1455762671991
0.5589785833732946,1455762682596
0.5591282738645432,1455762693104
0.5591464716878449,1455762703621
0.5590053168251073,1455762714151
0.5590534731620811,1455762724599
0.5590196441016306,1455762735181
0.559081440340955,1455762745678
0.5591133134252732,1455762756196
0.5591011879776909,1455762766761
0.5590275158964804,1455762777323
0.5590850616103191,1455762787789
0.5590396313041278,1455762798317
0.5591155266624008,1455762808900
0.5590537905086368,1455762819441
0.5591537438900631,1455762830101
0.5591788513741554,1455762840597
0.559120538760284,1455762851074
0.5590994947524066,1455762861559
0.5591006089300544,1455762872077
0.5591259631793067,1455762882568
0.5590304655375643,1455762893070
0.5589733874398884,1455762903588
0.5590126631324746,1455762914190
0.5589127084277401,1455762924839
0.5589822365358099,1455762935497
0.5590540632133673,1455762946080
0.5589917587422012,1455762956566
0.55896143704433,1455762967055
0.5590301869504666,1455762977590
0.55900179325381,1455762988154
0.5590381322539257,1455762998638
0.558947137161582,1455763009102
0.5589173688634048,1455763019691
0.5589761609142406,1455763030237
0.5589651567305702,1455763040756
0.5589265865319288,1455763051387
0.5590144097779455,1455763061960
0.5589409928061342,1455763072539
0.5589689365989898,1455763083057
0.559091417426692,1455763093608
0.5589888271965687,1455763104103
0.5590851469056999,1455763114676
0.5590387493608384,1455763125143
0.5590106667028966,1455763135636
0.5589778976259024,1455763146160
0.5589579779109258,1455763156687
0.5591183476777484,1455763167150
0.5591248237718791,1455763177619
0.5591563622435518,1455763188098
0.5590290746594037,1455763198671
0.5590945135862151,1455763209292
0.5589803751147873,1455763219812
0.5590283367170994,1455763230306
0.5589188167163385,1455763240965
0.5588666061380727,1455763251407
0.558835855660628,1455763261974
0.5587693356244139,1455763272542
0.5587639584675022,1455763282994
0.5587328747030257,1455763293411
0.5587519519078592,1455763303932
0.558761636704042,1455763314411
0.558778425038059,1455763324911
0.5587006442559134,1455763335464
0.5586965070798056,1455763346076
0.5587309560290408,1455763356656
0.5587002453159774,1455763367051
0.5586651979215174,1455763377654
0.5587360095051653,1455763388119
0.5588107332138104,1455763398608
0.5587463238486424,1455763409166
0.5587775241694546,1455763419643
0.558795196659374,1455763430254
0.5587918148741222,1455763440715
0.5587189138936399,1455763451249
0.5587824029413893,1455763461841
0.5588089266652718,1455763472359
0.5588310280780739,1455763482833
0.5588105735257533,1455763493434
0.5588033135183657,1455763503993
0.5588554057315996,1455763514662
0.5588142465418133,1455763525184
0.5588972869303398,1455763535652
0.5588315702061288,1455763546158
0.5588480094060206,1455763556742
0.5588484777993719,1455763567254
0.5588480311694832,1455763577821
0.5589478851632164,1455763588268
0.5590173661006407,1455763598751
0.559081248964282,1455763609280
0.55907332724094,1455763619838
0.559086130960429,1455763630454
0.5590646755501705,1455763640975
0.5590927101172063,1455763651470
0.5591516957974689,1455763662052
0.5592603348885259,1455763672617
0.5593205263471683,1455763683293
0.559282625683012,1455763693778
0.5594679178414519,1455763704356
0.5594733770242566,1455763714950
0.5594464239042297,1455763725484
0.5595014115463368,1455763735967
0.5596155102195012,1455763746533
0.559669257566448,1455763757129
0.5597390683553768,1455763767592
0.5596725836928946,1455763778202
0.5598140519703136,1455763788663
0.5597948281228837,1455763799147
0.559820885323707,1455763809706
0.5598497174914268,1455763820249
0.5599784769344858,1455763830717
0.5600614100802498,1455763841242
0.5599929600846784,1455763851805
0.5599870976102331,1455763862386
0.5599651412353606,1455763872993
0.5600829285117335,1455763883614
0.5600886490234935,1455763894161
0.5601860040866962,1455763904707
0.5602334499117516,1455763915294
0.5603142092049078,1455763925870
0.5603860707997732,1455763936336
0.5603463721043866,1455763946806
0.5603857684295416,1455763957330
0.5604387310659859,1455763967907
0.5605256421362573,1455763978330
0.5605217970105049,1455763988886
0.5606002431009875,1455763999483
0.5605325863008027,1455764010031
0.5605862138087254,1455764020479
0.5605915080701328,1455764031167
0.5607225586675109,1455764041633
0.5607605158431039,1455764052111
0.5607952798269281,1455764062728
0.5608764256941015,1455764073313
0.56083873305084,1455764083950
0.5608873607001023,1455764094389
0.5608785191856202,1455764104934
0.5595487947110638,1455764115482
0.5594717126676086,1455764125993
0.5594487493248941,1455764136562
0.559445852220888,1455764147109
0.5594018369509607,1455764157572
0.5593900674754145,1455764168074
0.5594020068014425,1455764178638
0.5593808572217168,1455764189253
0.5593899042872845,1455764199707
0.5594170268804806,1455764210235
0.5594229927174962,1455764220819
0.5594305667986741,1455764231302
0.5594629164523698,1455764241872
0.5595193708577808,1455764252334
0.5595428478227619,1455764262805
0.5595693149733759,1455764273353
0.5596909664251906,1455764283895
0.5596431999009697,1455764294415
0.5597495106730905,1455764304941
0.5597358394741103,1455764315522
0.5598114368758353,1455764326128
0.5598498634280218,1455764336596
0.5599232918765465,1455764347068
0.5599906556795051,1455764357604
0.5601412999981827,1455764368215
0.5602679686140078,1455764378723
0.5603551124236869,1455764389186
0.5603356354401539,1455764399752
0.5603868644263635,1455764410317
0.5605224373250934,1455764420763
0.5605680736754485,1455764431351
0.5605535726302526,1455764441929
0.5605888492996397,1455764452460
0.5606746394309753,1455764463072
0.5606573577899163,1455764473594
0.5608405212516617,1455764484123
0.5608620954697825,1455764494696
0.560863710679613,1455764505241
0.5609564871282956,1455764515831
0.5609588753358923,1455764526378
0.5610718611634342,1455764536956
0.5610109039722788,1455764547490
0.5611216225668537,1455764557951
0.5612135121549604,1455764568510
0.5613188910409908,1455764579014
0.561301934226188,1455764589531
0.5614490885863539,1455764600112
0.5615753627044727,1455764610681
0.5614912759987628,1455764621338
0.5616598544581023,1455764631807
0.5616818754463911,1455764642329
0.561833783575648,1455764652950
0.5617865228909036,1455764663508
0.5618425797485762,1455764674084
0.5618865324616402,1455764684581
0.5619922354724238,1455764695019
0.5620558170874425,1455764705477
0.5620127537038798,1455764716011
0.5621037435380696,1455764726526
0.5622605466760949,1455764737016
0.5623116927920697,1455764747629
0.5623901327069083,1455764758113
0.5624229698353395,1455764768631
0.5623956559758999,1455764779248
0.5624914390624212,1455764789797
0.562499162114034,1455764800392
0.5624793370310289,1455764811012
0.562557291968474,1455764821532
0.5625118680547357,1455764832088
0.562640333388833,1455764842563
0.562624152041653,1455764853034
0.5627303039477949,1455764863563
0.5627358776393167,1455764874145
0.5628038630411552,1455764884651
0.5629321085027088,1455764895206
0.5630078302015389,1455764905805
0.5630568106469565,1455764916294
0.5629808110156911,1455764926875
0.5631044783998268,1455764937503
0.563175952244855,1455764948027
0.563185247455103,1455764958552
0.5632166193818873,1455764969106
0.5632382408756891,1455764979665
0.563226587802115,1455764990243
0.5633300597867195,1455765000775
0.5634333175058195,1455765011317
0.5634384395505728,1455765021781
0.563598813547238,1455765032348
0.5636988909430979,1455765042837
0.5637999879163453,1455765053403
0.5638190408736735,1455765063942
0.5638777397855961,1455765074480
0.5639900156620827,1455765084999
0.5640953243052652,1455765095573
0.5642037507658304,1455765106147
0.5642742404533228,1455765116643
0.5643611772439299,1455765127127
0.5643419411978348,1455765137626
0.5645298778251053,1455765148072
0.5645782414095282,1455765158549
0.5646066674372885,1455765169050
0.5647274066535656,1455765179601
0.5648873590302252,1455765190186
0.5648676352783072,1455765200760
0.5649031596519296,1455765211351
0.5649574256931923,1455765221823
0.5649130776614181,1455765232452
0.5649405888335659,1455765242912
0.5649800581747763,1455765253366
0.5650146246264203,1455765263956
0.565048421687383,1455765274440
0.5651246078897673,1455765284868
0.5651764624954917,1455765295409
0.5651979261645119,1455765305965
0.5652942475106166,1455765316442
0.5653633233253506,1455765326955
0.5653856873737586,1455765337429
0.5654222664297481,1455765348007
0.5654324565150515,1455765358368
0.5665971087023904,1455765368743
