In Observer * 
In Run
Let's get some latency data 
In Observer * 
In Run
Let's get some latency data 
In Observer * 
In Run
Let's get some latency data 
In Observer * 
In Run
Let's get some latency data 
In Observer * 
In Run
Let's get some latency data 
In Observer * 
In Run
Let's get some latency data 
In Observer * 
In Run
Let's get some latency data 
In Observer * 
In Run
Let's get some latency data 
In Observer * 
In Run
Let's get some latency data 
In Observer * 
In Run
Let's get some latency data 
In Observer * 
In Run
Let's get some latency data 
In Observer * 
In Run
Let's get some latency data 
In Observer * 
In Run
Let's get some latency data 
In Observer * 
In Run
Let's get some latency data 
In Observer * 
In Run
Let's get some latency data 
In Observer * 
In Run
Let's get some latency data 
In Observer * 
In Run
Let's get some latency data 
In Observer * 
In Run
Let's get some latency data 
In Observer * 
In Run
Let's get some latency data 
In Observer * 
In Run
Let's get some latency data 
In Observer * 
In Run
Let's get some latency data 
In Observer * 
In Run
Let's get some latency data 
In Observer * 
In Run
Let's get some latency data 
In Observer * 
In Run
Let's get some latency data 
In Observer * 
In Run
Let's get some latency data 
In Observer * 
In Run
Let's get some latency data 
In Observer * 
In Run
Let's get some latency data 
In Observer * 
In Run
Let's get some latency data 
In Observer * 
In Run
Let's get some latency data 
In Observer * 
In Run
Let's get some latency data 
In Observer * 
In Run
Let's get some latency data 
In Observer * 
In Run
Let's get some latency data 
In Observer * 
In Run
Let's get some latency data 
In Observer * 
In Run
Let's get some latency data 
In Observer * 
In Run
Let's get some latency data 
In Observer * 
In Run
In the function: getUserSpecifiedSLOFromConfig
Topology name: production-topology1-1-1478820463
Topology SLO: 0.9
In the function: getUserSpecifiedLatencySLOFromConfig
Topology name: production-topology1-1-1478820463
Topology Latency SLO: null
In the function:  getUserSLOSensitivityFromConfig
Topology name: production-topology1-1-1478820463
Topology Sensitivity: throughput
In the function:  getNumWorkersFromConfig
Topology name: production-topology1-1-1478820463
Topology workers: 8
No latency data for topology: production-topology1-1-1478820463 
Let's get some latency data 
production-topology1-1-1478820463,0.0,0.0,0.0,0,0,1478820464392
In Observer * 
In Run
No latency data for topology: production-topology1-1-1478820463 
Let's get some latency data 
production-topology1-1-1478820463,0.0,0.0,0.0,0,0,1478820470741
In Observer * 
In Run
No latency data for topology: production-topology1-1-1478820463 
Let's get some latency data 
production-topology1-1-1478820463,0.8679940233637646,0.28933134112125486,0.0,1720,1080,1478820481410
In Observer * 
In Run
No latency data for topology: production-topology1-1-1478820463 
Let's get some latency data 
production-topology1-1-1478820463,1.1293014987292311,0.49932388052324894,0.0,1860,1120,1478820491947
In Observer * 
In Run
No latency data for topology: production-topology1-1-1478820463 
Let's get some latency data 
production-topology1-1-1478820463,0.9426088803414575,0.5879808804868907,0.0,2400,1620,1478820502557
In Observer * 
In Run
No latency data for topology: production-topology1-1-1478820463 
Let's get some latency data 
production-topology1-1-1478820463,1.1151166825295415,0.6758368474939992,0.0,1840,1180,1478820513114
In Observer * 
In Run
No latency data for topology: production-topology1-1-1478820463 
Let's get some latency data 
production-topology1-1-1478820463,0.9356527076068315,0.7129533989386895,0.0,2340,1520,1478820523619
In Observer * 
In Run
No latency data for topology: production-topology1-1-1478820463 
Let's get some latency data 
production-topology1-1-1478820463,1.1549322356494778,0.7682007535275379,0.0,1780,1180,1478820534104
In Observer * 
In Run
No latency data for topology: production-topology1-1-1478820463 
Let's get some latency data 
production-topology1-1-1478820463,0.9659750683060109,0.7901756773918127,0.0,2440,1540,1478820544554
In Observer * 
In Run
No latency data for topology: production-topology1-1-1478820463 
Let's get some latency data 
production-topology1-1-1478820463,1.2087430684744684,0.8320324165000782,0.0,1800,1160,1478820554982
In Observer * 
In Run
No latency data for topology: production-topology1-1-1478820463 
Let's get some latency data 
production-topology1-1-1478820463,0.9157232704402516,0.8396406759491849,0.0,2120,1360,1478820565432
In Observer * 
In Run
No latency data for topology: production-topology1-1-1478820463 
Let's get some latency data 
production-topology1-1-1478820463,0.9311627339796353,0.8472675141183891,0.0,2080,1280,1478820575871
In Observer * 
In Run
No latency data for topology: production-topology1-1-1478820463 
Let's get some latency data 
production-topology1-1-1478820463,1.0615357430349672,0.8637496855735105,0.0,1860,1160,1478820586303
In Observer * 
In Run
No latency data for topology: production-topology1-1-1478820463 
Let's get some latency data 
production-topology1-1-1478820463,0.9917394632822712,0.8728918125527078,0.0,2380,1540,1478820596837
In Observer * 
In Run
No latency data for topology: production-topology1-1-1478820463 
Let's get some latency data 
production-topology1-1-1478820463,0.9347368421052633,0.8770148145228781,0.0,1760,1200,1478820607270
In Observer * 
In Run
No latency data for topology: production-topology1-1-1478820463 
Let's get some latency data 
production-topology1-1-1478820463,0.9567738998664328,0.8819997573568502,0.0,2440,1480,1478820617774
In Observer * 
In Run
No latency data for topology: production-topology1-1-1478820463 
Let's get some latency data 
production-topology1-1-1478820463,0.924522262398146,0.8845010811828088,0.0,1820,1160,1478820628211
In Observer * 
In Run
No latency data for topology: production-topology1-1-1478820463 
Let's get some latency data 
production-topology1-1-1478820463,1.2186137142353544,0.9030628941301724,0.0,2360,1540,1478820638621
In Observer * 
In Run
No latency data for topology: production-topology1-1-1478820463 
Let's get some latency data 
production-topology1-1-1478820463,0.9042925912658759,0.9031276150320515,0.0,1800,1140,1478820649050
In Observer * 
In Run
No latency data for topology: production-topology1-1-1478820463 
Let's get some latency data 
production-topology1-1-1478820463,0.9812145263157258,0.9070319605962351,0.0,2480,1580,1478820659482
In Observer * 
In Run
No latency data for topology: production-topology1-1-1478820463 
Let's get some latency data 
production-topology1-1-1478820463,1.0045256869773,0.9116745189953335,0.0,1800,1140,1478820669841
In Observer * 
In Run
No latency data for topology: production-topology1-1-1478820463 
Let's get some latency data 
production-topology1-1-1478820463,1.0195130831995496,0.9165762719137068,0.0,1780,1200,1478820680239
In Observer * 
In Run
No latency data for topology: production-topology1-1-1478820463 
Let's get some latency data 
production-topology1-1-1478820463,1.070897966502362,0.9232859108088658,0.0,2380,1560,1478820690722
In Observer * 
In Run
No latency data for topology: production-topology1-1-1478820463 
Let's get some latency data 
production-topology1-1-1478820463,0.9704726121258099,0.9252520233637385,0.0,1760,1200,1478820701107
In Observer * 
In Run
No latency data for topology: production-topology1-1-1478820463 
Let's get some latency data 
production-topology1-1-1478820463,0.9999305555555555,0.9282391646514111,0.0,2400,1480,1478820711488
In Observer * 
In Run
No latency data for topology: production-topology1-1-1478820463 
Let's get some latency data 
production-topology1-1-1478820463,0.9321506211180125,0.9283896052847419,0.0,1860,1160,1478820721829
In Observer * 
In Run
No latency data for topology: production-topology1-1-1478820463 
Let's get some latency data 
production-topology1-1-1478820463,0.9241458046353881,0.9282324274829139,0.0,2440,1520,1478820732199
In Observer * 
In Run
No latency data for topology: production-topology1-1-1478820463 
Let's get some latency data 
production-topology1-1-1478820463,1.0574197696751335,0.932846261132636,0.0,1720,1200,1478820742570
In Observer * 
In Run
No latency data for topology: production-topology1-1-1478820463 
Let's get some latency data 
production-topology1-1-1478820463,1.347904699010102,0.9471586210594451,0.0,1820,1200,1478820752922
In Observer * 
In Run
No latency data for topology: production-topology1-1-1478820463 
Let's get some latency data 
production-topology1-1-1478820463,0.8229534490684444,0.943018448659745,0.0,2400,1500,1478820763396
In Observer * 
In Run
No latency data for topology: production-topology1-1-1478820463 
Let's get some latency data 
production-topology1-1-1478820463,1.2151104868913858,0.9835221315561247,0.0,1800,1200,1478820773757
In Observer * 
In Run
No latency data for topology: production-topology1-1-1478820463 
Let's get some latency data 
production-topology1-1-1478820463,0.8910809957449793,1.0132248314142906,0.0,2400,1460,1478820784167
In Observer * 
In Run
No latency data for topology: production-topology1-1-1478820463 
Let's get some latency data 
production-topology1-1-1478820463,0.9860626842095123,1.017160453442482,0.0,1840,1200,1478820794556
In Observer * 
In Run
No latency data for topology: production-topology1-1-1478820463 
Let's get some latency data 
production-topology1-1-1478820463,0.9783700546322033,1.0121294053059147,0.0,2320,1520,1478820804937
In Observer * 
In Run
No latency data for topology: production-topology1-1-1478820463 
Let's get some latency data 
production-topology1-1-1478820463,0.9946394432929324,1.0138637574042972,0.0,1860,1140,1478820815310
In Observer * 
In Run
No latency data for topology: production-topology1-1-1478820463 
Let's get some latency data 
production-topology1-1-1478820463,1.0486997278132486,1.011649858913754,0.0,1960,1260,1478820825781
In Observer * 
In Run
No latency data for topology: production-topology1-1-1478820463 
Let's get some latency data 
production-topology1-1-1478820463,0.9418543218778236,1.0118565793894538,0.0,2200,1440,1478820836131
In Observer * 
In Run
No latency data for topology: production-topology1-1-1478820463 
Let's get some latency data 
production-topology1-1-1478820463,1.0790793368912885,1.0093281494308475,0.0,1840,1120,1478820846496
In Observer * 
In Run
No latency data for topology: production-topology1-1-1478820463 
Let's get some latency data 
production-topology1-1-1478820463,1.044980284992156,1.0119616566537193,0.0,2440,1580,1478820856906
In Observer * 
In Run
No latency data for topology: production-topology1-1-1478820463 
Let's get some latency data 
production-topology1-1-1478820463,0.8923742354175023,1.0014160288851537,0.0,1840,1140,1478820867272
In Observer * 
In Run
No latency data for topology: production-topology1-1-1478820463 
Let's get some latency data 
production-topology1-1-1478820463,1.139731055127124,1.008882955041383,0.0,2300,1520,1478820877651
In Observer * 
In Run
No latency data for topology: production-topology1-1-1478820463 
Let's get some latency data 
production-topology1-1-1478820463,0.9136785874998711,1.008300150158724,0.0,1860,1200,1478820888026
In Observer * 
In Run
No latency data for topology: production-topology1-1-1478820463 
Let's get some latency data 
production-topology1-1-1478820463,1.086090245265285,1.0091186335664013,0.0,1960,1260,1478820898500
In Observer * 
In Run
No latency data for topology: production-topology1-1-1478820463 
Let's get some latency data 
production-topology1-1-1478820463,0.9615212002976086,1.0081113581335792,0.0,2280,1400,1478820908871
In Observer * 
In Run
No latency data for topology: production-topology1-1-1478820463 
Let's get some latency data 
production-topology1-1-1478820463,0.9155678364189,1.007472391277367,0.0,1780,1180,1478820919232
In Observer * 
In Run
No latency data for topology: production-topology1-1-1478820463 
Let's get some latency data 
production-topology1-1-1478820463,1.0197955917041939,1.009573114338626,0.0,2400,1540,1478820929696
In Observer * 
In Run
No latency data for topology: production-topology1-1-1478820463 
Let's get some latency data 
production-topology1-1-1478820463,0.9925046614119841,1.0118391943057539,0.0,1860,1160,1478820940073
In Observer * 
In Run
No latency data for topology: production-topology1-1-1478820463 
Let's get some latency data 
production-topology1-1-1478820463,1.0219296003280487,1.0052830571755103,0.0,2320,1560,1478820950411
In Observer * 
In Run
No latency data for topology: production-topology1-1-1478820463 
Let's get some latency data 
production-topology1-1-1478820463,1.0871629608435989,1.0113787361614344,0.0,1820,1120,1478820960773
In Observer * 
In Run
No latency data for topology: production-topology1-1-1478820463 
Let's get some latency data 
production-topology1-1-1478820463,0.9420358612580835,1.0100727806595131,0.0,2000,1320,1478820971203
In Observer * 
In Run
No latency data for topology: production-topology1-1-1478820463 
Let's get some latency data 
production-topology1-1-1478820463,0.9512053047146121,1.0082954345840904,0.0,2260,1380,1478820981568
In Observer * 
In Run
No latency data for topology: production-topology1-1-1478820463 
Let's get some latency data 
production-topology1-1-1478820463,0.8699429419986509,1.0033097632107268,0.0,1760,1200,1478820991942
In Observer * 
In Run
No latency data for topology: production-topology1-1-1478820463 
Let's get some latency data 
production-topology1-1-1478820463,1.1472431435689951,1.0058546024462813,0.0,2420,1500,1478821002336
In Observer * 
In Run
No latency data for topology: production-topology1-1-1478820463 
Let's get some latency data 
production-topology1-1-1478820463,0.8999469654769192,1.003503747557985,0.0,1800,1140,1478821012712
In Observer * 
In Run
No latency data for topology: production-topology1-1-1478820463 
Let's get some latency data 
production-topology1-1-1478820463,1.0186994032333014,1.0041293758139098,0.0,2360,1520,1478821023048
In Observer * 
In Run
No latency data for topology: production-topology1-1-1478820463 
Let's get some latency data 
production-topology1-1-1478820463,1.1966942413536639,1.0129474964884317,0.0,1820,1160,1478821033418
In Observer * 
In Run
No latency data for topology: production-topology1-1-1478820463 
Let's get some latency data 
production-topology1-1-1478820463,0.897411675798224,1.0120563588605263,0.0,1920,1280,1478821043871
In Observer * 
In Run
No latency data for topology: production-topology1-1-1478820463 
Let's get some latency data 
production-topology1-1-1478820463,1.0393202543756428,1.0114530416838765,0.0,2260,1480,1478821054179
In Observer * 
In Run
No latency data for topology: production-topology1-1-1478820463 
Let's get some latency data 
production-topology1-1-1478820463,0.9707674964558026,0.9988818015987332,0.0,1720,1160,1478821064514
In Observer * 
In Run
No latency data for topology: production-topology1-1-1478820463 
Let's get some latency data 
production-topology1-1-1478820463,1.0791803052045312,1.0074226968032696,0.0,2460,1480,1478821074986
In Observer * 
In Run
No latency data for topology: production-topology1-1-1478820463 
Let's get some latency data 
production-topology1-1-1478820463,0.8976403004860805,0.9968403572564258,0.0,1900,1180,1478821085373
In Observer * 
In Run
No latency data for topology: production-topology1-1-1478820463 
Let's get some latency data 
production-topology1-1-1478820463,1.25557637646068,1.0089902032802827,0.0,2360,1560,1478821095743
In Observer * 
In Run
No latency data for topology: production-topology1-1-1478820463 
Let's get some latency data 
production-topology1-1-1478820463,0.7827635213618509,1.0022135645186936,0.0,1880,1120,1478821106107
In Observer * 
In Run
No latency data for topology: production-topology1-1-1478820463 
Let's get some latency data 
production-topology1-1-1478820463,0.9605290647738085,1.0016188648567472,0.0,2200,1400,1478821116542
In Observer * 
In Run
No latency data for topology: production-topology1-1-1478820463 
Let's get some latency data 
production-topology1-1-1478820463,1.0476821508384653,1.003386955108265,0.0,1900,1300,1478821126913
In Observer * 
In Run
No latency data for topology: production-topology1-1-1478820463 
Let's get some latency data 
production-topology1-1-1478820463,0.9427410905748715,0.9998550005336523,0.0,1880,1100,1478821137258
In Observer * 
In Run
No latency data for topology: production-topology1-1-1478820463 
Let's get some latency data 
production-topology1-1-1478820463,1.0550099827263164,1.0036268558952688,0.0,2360,1580,1478821147623
In Observer * 
In Run
No latency data for topology: production-topology1-1-1478820463 
Let's get some latency data 
production-topology1-1-1478820463,0.9496886882439795,0.9993138342736917,0.0,1820,1180,1478821157952
In Observer * 
In Run
No latency data for topology: production-topology1-1-1478820463 
Let's get some latency data 
production-topology1-1-1478820463,1.0497762771868289,0.9994737006801808,0.0,2380,1500,1478821168313
In Observer * 
In Run
No latency data for topology: production-topology1-1-1478820463 
Let's get some latency data 
production-topology1-1-1478820463,0.8076940378596872,0.9966510274282537,0.0,1820,1120,1478821178671
In Observer * 
In Run
No latency data for topology: production-topology1-1-1478820463 
Let's get some latency data 
production-topology1-1-1478820463,1.1246280922786214,0.9961475953333037,0.0,1840,1200,1478821189093
In Observer * 
In Run
No latency data for topology: production-topology1-1-1478820463 
Let's get some latency data 
production-topology1-1-1478820463,1.196920151569747,1.0055889808022995,0.0,2360,1520,1478821199538
In Observer * 
In Run
No latency data for topology: production-topology1-1-1478820463 
Let's get some latency data 
production-topology1-1-1478820463,0.8225260449035028,0.9968035074569067,0.0,1860,1160,1478821209900
In Observer * 
In Run
No latency data for topology: production-topology1-1-1478820463 
Let's get some latency data 
production-topology1-1-1478820463,1.0611922517358836,1.0001258758381824,0.0,2360,1500,1478821220265
In Observer * 
In Run
No latency data for topology: production-topology1-1-1478820463 
Let's get some latency data 
production-topology1-1-1478820463,0.9642355729890421,1.0017481337238539,0.0,1880,1240,1478821230698
In Observer * 
In Run
No latency data for topology: production-topology1-1-1478820463 
Let's get some latency data 
production-topology1-1-1478820463,1.0061383505047057,1.0012928923505375,0.0,2380,1520,1478821241054
In Observer * 
In Run
No latency data for topology: production-topology1-1-1478820463 
Let's get some latency data 
production-topology1-1-1478820463,1.0684790181759878,1.0038253709093377,0.0,1760,1180,1478821251418
In Observer * 
In Run
No latency data for topology: production-topology1-1-1478820463 
Let's get some latency data 
production-topology1-1-1478820463,0.9277087256748273,1.0006846750875638,0.0,1800,1180,1478821261835
In Observer * 
In Run
No latency data for topology: production-topology1-1-1478820463 
Let's get some latency data 
production-topology1-1-1478820463,0.9795719129628001,0.9970983068248704,0.0,2480,1540,1478821272270
In Observer * 
In Run
No latency data for topology: production-topology1-1-1478820463 
Let's get some latency data 
production-topology1-1-1478820463,1.0343235339387409,1.0001745625808922,0.0,1780,1100,1478821282621
In Observer * 
In Run
No latency data for topology: production-topology1-1-1478820463 
Let's get some latency data 
production-topology1-1-1478820463,0.9237892479976655,0.9992606940236607,0.0,2360,1580,1478821292984
In Observer * 
In Run
No latency data for topology: production-topology1-1-1478820463 
Let's get some latency data 
production-topology1-1-1478820463,1.1541673993318091,1.0087348426014324,0.0,1880,1200,1478821303333
In Observer * 
In Run
No latency data for topology: production-topology1-1-1478820463 
Let's get some latency data 
production-topology1-1-1478820463,1.0384903941541335,1.0051097509542704,0.0,2340,1460,1478821313707
In Observer * 
In Run
No latency data for topology: production-topology1-1-1478820463 
Let's get some latency data 
production-topology1-1-1478820463,0.9272559088370416,1.0060200490662745,0.0,1840,1200,1478821324051
In Observer * 
In Run
No latency data for topology: production-topology1-1-1478820463 
Let's get some latency data 
production-topology1-1-1478820463,1.039081353045431,1.0066994473933457,0.0,1780,1160,1478821334446
In Observer * 
In Run
No latency data for topology: production-topology1-1-1478820463 
Let's get some latency data 
production-topology1-1-1478820463,0.9285731972020652,0.9977620792549592,0.0,2300,1500,1478821344895
In Observer * 
In Run
No latency data for topology: production-topology1-1-1478820463 
Let's get some latency data 
production-topology1-1-1478820463,1.0316348050112285,1.0022361835620592,0.0,1900,1140,1478821355248
In Observer * 
In Run
No latency data for topology: production-topology1-1-1478820463 
Let's get some latency data 
production-topology1-1-1478820463,1.0807220610788628,1.0036162437855,0.0,2360,1580,1478821365608
In Observer * 
In Run
No latency data for topology: production-topology1-1-1478820463 
Let's get some latency data 
production-topology1-1-1478820463,0.8938693448883666,1.0010529720665855,0.0,1800,1140,1478821376046
In Observer * 
In Run
No latency data for topology: production-topology1-1-1478820463 
Let's get some latency data 
production-topology1-1-1478820463,1.0739773350335065,1.0008795397275514,0.0,2440,1600,1478821386393
In Observer * 
In Run
No latency data for topology: production-topology1-1-1478820463 
Let's get some latency data 
production-topology1-1-1478820463,1.0332526264085335,1.0053999505916331,0.0,1800,1160,1478821396747
In Observer * 
In Run
No latency data for topology: production-topology1-1-1478820463 
Let's get some latency data 
production-topology1-1-1478820463,0.8421234432768795,0.991618186152173,0.0,1860,1120,1478821407089
In Observer * 
In Run
No latency data for topology: production-topology1-1-1478820463 
Let's get some latency data 
production-topology1-1-1478820463,0.9984260208348521,0.9988069361346065,0.0,2360,1600,1478821417556
In Observer * 
In Run
No latency data for topology: production-topology1-1-1478820463 
Let's get some latency data 
production-topology1-1-1478820463,1.098408855067451,1.0034029291443944,0.0,1840,1200,1478821427886
In Observer * 
In Run
No latency data for topology: production-topology1-1-1478820463 
Let's get some latency data 
production-topology1-1-1478820463,1.0949076308044459,1.0049771118099273,0.0,2380,1520,1478821438247
In Observer * 
In Run
No latency data for topology: production-topology1-1-1478820463 
Let's get some latency data 
production-topology1-1-1478820463,0.9069997291183167,1.0037857330947089,0.0,1780,1160,1478821448604
In Observer * 
In Run
No latency data for topology: production-topology1-1-1478820463 
Let's get some latency data 
production-topology1-1-1478820463,1.0381660692951016,1.0032242693136684,0.0,1900,1300,1478821459050
In Observer * 
In Run
No latency data for topology: production-topology1-1-1478820463 
Let's get some latency data 
production-topology1-1-1478820463,0.9533539437177961,1.0033464444961289,0.0,2360,1400,1478821469431
In Observer * 
In Run
No latency data for topology: production-topology1-1-1478820463 
Let's get some latency data 
production-topology1-1-1478820463,0.9233321770546308,0.9991316411583888,0.0,1780,1100,1478821479767
In Observer * 
In Run
No latency data for topology: production-topology1-1-1478820463 
Let's get some latency data 
production-topology1-1-1478820463,1.1270431094308688,1.0097766102107615,0.0,2400,1620,1478821490180
In Observer * 
In Run
No latency data for topology: production-topology1-1-1478820463 
Let's get some latency data 
production-topology1-1-1478820463,0.9693311375306163,1.0046000450524946,0.0,1880,1100,1478821500647
In Observer * 
In Run
No latency data for topology: production-topology1-1-1478820463 
Let's get some latency data 
production-topology1-1-1478820463,1.0000866051624946,0.9980389268389195,0.0,2360,1540,1478821511038
In Observer * 
In Run
No latency data for topology: production-topology1-1-1478820463 
Let's get some latency data 
production-topology1-1-1478820463,1.0485236719922224,1.00557218107521,0.0,1840,1200,1478821521417
In Observer * 
In Run
No latency data for topology: production-topology1-1-1478820463 
Let's get some latency data 
production-topology1-1-1478820463,0.9440693169239734,1.0016680832481464,0.0,1960,1300,1478821531869
In Observer * 
In Run
No latency data for topology: production-topology1-1-1478820463 
Let's get some latency data 
production-topology1-1-1478820463,1.056002934005332,1.0047269952820228,0.0,2220,1440,1478821542209
In Observer * 
In Run
No latency data for topology: production-topology1-1-1478820463 
Let's get some latency data 
production-topology1-1-1478820463,0.8551691349513872,0.999694688096912,0.0,1840,1120,1478821552572
In Observer * 
In Run
No latency data for topology: production-topology1-1-1478820463 
Let's get some latency data 
production-topology1-1-1478820463,1.0739558021394162,0.9998772475623598,0.0,2380,1540,1478821562923
In Observer * 
In Run
No latency data for topology: production-topology1-1-1478820463 
Let's get some latency data 
production-topology1-1-1478820463,1.0207038319348014,1.0029770844376922,0.0,1760,1120,1478821573292
In Observer * 
In Run
No latency data for topology: production-topology1-1-1478820463 
Let's get some latency data 
production-topology1-1-1478820463,0.9317117731572025,1.0013817464441723,0.0,2440,1560,1478821583647
In Observer * 
In Run
No latency data for topology: production-topology1-1-1478820463 
Let's get some latency data 
production-topology1-1-1478820463,1.1232933046500881,1.004347405467884,0.0,1820,1120,1478821593975
In Observer * 
In Run
No latency data for topology: production-topology1-1-1478820463 
Let's get some latency data 
production-topology1-1-1478820463,1.0772439248610794,1.009462561363331,0.0,1860,1260,1478821604335
In Observer * 
In Run
No latency data for topology: production-topology1-1-1478820463 
Let's get some latency data 
production-topology1-1-1478820463,0.9393065759364086,1.0023005339168176,0.0,2280,1500,1478821614742
In Observer * 
In Run
No latency data for topology: production-topology1-1-1478820463 
Let's get some latency data 
production-topology1-1-1478820463,0.8675972540045768,0.9966040959118325,0.0,1780,1080,1478821625101
In Observer * 
In Run
No latency data for topology: production-topology1-1-1478820463 
Let's get some latency data 
production-topology1-1-1478820463,0.9648740392228707,0.9978580335913602,0.0,2380,1460,1478821635430
In Observer * 
In Run
No latency data for topology: production-topology1-1-1478820463 
Let's get some latency data 
production-topology1-1-1478820463,1.1540986717292572,1.0016919442141543,0.0,1880,1220,1478821645748
In Observer * 
In Run
No latency data for topology: production-topology1-1-1478820463 
Let's get some latency data 
production-topology1-1-1478820463,1.0422147435897435,1.0054799957604101,0.0,1980,1260,1478821656182
In Observer * 
In Run
No latency data for topology: production-topology1-1-1478820463 
Let's get some latency data 
production-topology1-1-1478820463,0.9286057128421661,1.0020456926881083,0.0,2200,1380,1478821666537
In Observer * 
In Run
No latency data for topology: production-topology1-1-1478820463 
Let's get some latency data 
production-topology1-1-1478820463,0.9194718793786293,0.996670686631434,0.0,1760,1160,1478821676972
In Observer * 
In Run
No latency data for topology: production-topology1-1-1478820463 
Let's get some latency data 
production-topology1-1-1478820463,1.0224000434593654,1.0009550432504672,0.0,2360,1600,1478821687364
In Observer * 
In Run
No latency data for topology: production-topology1-1-1478820463 
Let's get some latency data 
production-topology1-1-1478820463,1.1103182609789237,1.0021664074486478,0.0,1860,1180,1478821697733
In Observer * 
In Run
No latency data for topology: production-topology1-1-1478820463 
Let's get some latency data 
production-topology1-1-1478820463,0.9318909612625536,0.9987876852771151,0.0,2460,1540,1478821708028
In Observer * 
In Run
No latency data for topology: production-topology1-1-1478820463 
Let's get some latency data 
production-topology1-1-1478820463,0.9949001536098312,1.0038802422882136,0.0,1740,1160,1478821718372
In Observer * 
In Run
No latency data for topology: production-topology1-1-1478820463 
Let's get some latency data 
production-topology1-1-1478820463,1.2133685223996507,1.0110449923403735,0.0,1840,1220,1478821728804
In Observer * 
In Run
No latency data for topology: production-topology1-1-1478820463 
Let's get some latency data 
production-topology1-1-1478820463,0.9991652883042271,1.007736873448266,0.0,2380,1420,1478821739291
In Observer * 
In Run
No latency data for topology: production-topology1-1-1478820463 
Let's get some latency data 
production-topology1-1-1478820463,0.845036369474882,0.9994078314039473,0.0,1940,1300,1478821749627
In Observer * 
In Run
No latency data for topology: production-topology1-1-1478820463 
Let's get some latency data 
production-topology1-1-1478820463,0.9557866799941408,1.001034063099808,0.0,2260,1500,1478821759974
In Observer * 
In Run
No latency data for topology: production-topology1-1-1478820463 
Let's get some latency data 
production-topology1-1-1478820463,1.104834111113546,1.0032563311604228,0.0,1820,1060,1478821770301
In Observer * 
In Run
No latency data for topology: production-topology1-1-1478820463 
Let's get some latency data 
production-topology1-1-1478820463,0.8787397801776506,1.0007691923757513,0.0,2340,1520,1478821780642
In Observer * 
In Run
No latency data for topology: production-topology1-1-1478820463 
Let's get some latency data 
production-topology1-1-1478820463,1.0516400709219862,1.0050461221713298,0.0,1880,1240,1478821790969
In Observer * 
In Run
No latency data for topology: production-topology1-1-1478820463 
Let's get some latency data 
production-topology1-1-1478820463,1.163902879085689,1.0062747811598238,0.0,1940,1220,1478821801339
In Observer * 
In Run
No latency data for topology: production-topology1-1-1478820463 
Let's get some latency data 
production-topology1-1-1478820463,0.969124488498822,1.006267892858764,0.0,2280,1480,1478821811690
In Observer * 
In Run
No latency data for topology: production-topology1-1-1478820463 
Let's get some latency data 
production-topology1-1-1478820463,0.9276932842826628,1.0038547821627697,0.0,1840,1140,1478821822064
In Observer * 
In Run
No latency data for topology: production-topology1-1-1478820463 
Let's get some latency data 
production-topology1-1-1478820463,1.07188458215928,1.0046334791683382,0.0,2360,1580,1478821832501
In Observer * 
In Run
No latency data for topology: production-topology1-1-1478820463 
Let's get some latency data 
production-topology1-1-1478820463,1.04471493965876,1.0079883332594979,0.0,1780,1180,1478821842852
In Observer * 
In Run
No latency data for topology: production-topology1-1-1478820463 
Let's get some latency data 
production-topology1-1-1478820463,0.8354166131181567,1.000635455896592,0.0,2120,1240,1478821853193
In Observer * 
In Run
No latency data for topology: production-topology1-1-1478820463 
Let's get some latency data 
production-topology1-1-1478820463,1.0406502500961907,1.006818159734752,0.0,2240,1460,1478821863667
In Observer * 
In Run
No latency data for topology: production-topology1-1-1478820463 
Let's get some latency data 
production-topology1-1-1478820463,1.1383204339963833,1.0089636474633177,0.0,1920,1280,1478821874024
In Observer * 
In Run
No latency data for topology: production-topology1-1-1478820463 
Let's get some latency data 
production-topology1-1-1478820463,0.8916246163060564,1.0046610069423596,0.0,2300,1440,1478821884397
In Observer * 
In Run
No latency data for topology: production-topology1-1-1478820463 
Let's get some latency data 
production-topology1-1-1478820463,1.006565071645208,1.0071561168919598,0.0,1760,1140,1478821894730
In Observer * 
In Run
No latency data for topology: production-topology1-1-1478820463 
Let's get some latency data 
production-topology1-1-1478820463,1.086597955899509,1.0059329386002738,0.0,2380,1560,1478821905141
In Observer * 
In Run
No latency data for topology: production-topology1-1-1478820463 
Let's get some latency data 
production-topology1-1-1478820463,1.194452154759453,1.0098398795968861,0.0,1820,1160,1478821915462
In Observer * 
In Run
No latency data for topology: production-topology1-1-1478820463 
Let's get some latency data 
production-topology1-1-1478820463,0.8148273252153341,1.0056905712395168,0.0,2020,1240,1478821925789
In Observer * 
In Run
No latency data for topology: production-topology1-1-1478820463 
Let's get some latency data 
production-topology1-1-1478820463,0.9166218706114332,1.0073247251264121,0.0,2180,1500,1478821936136
In Observer * 
In Run
No latency data for topology: production-topology1-1-1478820463 
Let's get some latency data 
production-topology1-1-1478820463,1.1069875802350533,1.0120618431601514,0.0,1880,1120,1478821946446
In Observer * 
In Run
No latency data for topology: production-topology1-1-1478820463 
Let's get some latency data 
production-topology1-1-1478820463,1.1858851939910264,1.0131213939022103,0.0,2380,1660,1478821956785
In Observer * 
In Run
No latency data for topology: production-topology1-1-1478820463 
Let's get some latency data 
production-topology1-1-1478820463,0.8176709933681556,1.0056366022281575,0.0,1800,1100,1478821967135
In Observer * 
In Run
No latency data for topology: production-topology1-1-1478820463 
Let's get some latency data 
production-topology1-1-1478820463,0.9499586776859504,1.0063483677229506,0.0,2000,1280,1478821977508
In Observer * 
In Run
No latency data for topology: production-topology1-1-1478820463 
Let's get some latency data 
production-topology1-1-1478820463,1.1250736547850302,1.013201760236497,0.0,2220,1460,1478821987999
In Observer * 
In Run
No latency data for topology: production-topology1-1-1478820463 
Let's get some latency data 
production-topology1-1-1478820463,0.9249603672278227,1.0099537710287791,0.0,1800,1120,1478821998357
In Observer * 
In Run
No latency data for topology: production-topology1-1-1478820463 
Let's get some latency data 
production-topology1-1-1478820463,0.938294059891998,1.0042196309925482,0.0,2400,1540,1478822008659
In Observer * 
In Run
No latency data for topology: production-topology1-1-1478820463 
Let's get some latency data 
production-topology1-1-1478820463,0.9578022212946405,1.0050833396602843,0.0,1820,1140,1478822018991
In Observer * 
In Run
No latency data for topology: production-topology1-1-1478820463 
Let's get some latency data 
production-topology1-1-1478820463,1.1313704363997255,1.0096323490866141,0.0,2140,1400,1478822029417
In Observer * 
In Run
No latency data for topology: production-topology1-1-1478820463 
Let's get some latency data 
production-topology1-1-1478820463,0.8879370732647632,0.9987846341154512,0.0,2000,1240,1478822039727
In Observer * 
In Run
No latency data for topology: production-topology1-1-1478820463 
Let's get some latency data 
production-topology1-1-1478820463,1.0075026507499634,0.9990625461969758,0.0,2120,1320,1478822050048
In Observer * 
In Run
No latency data for topology: production-topology1-1-1478820463 
Let's get some latency data 
production-topology1-1-1478820463,0.988632091622125,1.0038490702685505,0.0,2240,1360,1478822060401
In Observer * 
In Run
No latency data for topology: production-topology1-1-1478820463 
Let's get some latency data 
production-topology1-1-1478820463,1.1178409341765643,1.009250878741298,0.0,1780,1180,1478822070745
In Observer * 
In Run
No latency data for topology: production-topology1-1-1478820463 
Let's get some latency data 
production-topology1-1-1478820463,0.958685794036726,1.0043792681720707,0.0,2420,1560,1478822081122
In Observer * 
In Run
No latency data for topology: production-topology1-1-1478820463 
Let's get some latency data 
production-topology1-1-1478820463,1.0835979482169027,1.011207873773379,0.0,1780,1140,1478822091529
In Observer * 
In Run
No latency data for topology: production-topology1-1-1478820463 
Let's get some latency data 
production-topology1-1-1478820463,0.9590712858686715,1.008122247604935,0.0,2040,1300,1478822101889
In Observer * 
In Run
No latency data for topology: production-topology1-1-1478820463 
Let's get some latency data 
production-topology1-1-1478820463,1.0019289612971654,1.0027231170119841,0.0,2160,1480,1478822112245
In Observer * 
In Run
No latency data for topology: production-topology1-1-1478820463 
Let's get some latency data 
production-topology1-1-1478820463,0.8176707717569787,0.9976746597872561,0.0,1820,1140,1478822122647
In Observer * 
In Run
No latency data for topology: production-topology1-1-1478820463 
Let's get some latency data 
production-topology1-1-1478820463,1.1187106398153517,1.0040419049716791,0.0,2440,1480,1478822133018
In Observer * 
In Run
No latency data for topology: production-topology1-1-1478820463 
Let's get some latency data 
production-topology1-1-1478820463,1.0620281794504827,1.003713358214719,0.0,1780,1220,1478822143393
In Observer * 
In Run
No latency data for topology: production-topology1-1-1478820463 
Let's get some latency data 
production-topology1-1-1478820463,0.876908523550957,0.9981198110111257,0.0,2060,1200,1478822153745
In Observer * 
In Run
No latency data for topology: production-topology1-1-1478820463 
Let's get some latency data 
production-topology1-1-1478820463,1.0231774935697184,1.0043785070261777,0.0,2160,1380,1478822164225
In Observer * 
In Run
No latency data for topology: production-topology1-1-1478820463 
Let's get some latency data 
production-topology1-1-1478820463,1.0356775791822777,1.0042127513290473,0.0,1920,1300,1478822174552
In Observer * 
In Run
No latency data for topology: production-topology1-1-1478820463 
Let's get some latency data 
production-topology1-1-1478820463,1.0351875592151225,1.0007749888363386,0.0,2280,1480,1478822184891
In Observer * 
In Run
No latency data for topology: production-topology1-1-1478820463 
Let's get some latency data 
production-topology1-1-1478820463,0.9400418530012339,1.0023888967261778,0.0,1980,1220,1478822195274
In Observer * 
In Run
No latency data for topology: production-topology1-1-1478820463 
Let's get some latency data 
production-topology1-1-1478820463,1.1060069518023077,1.0057036260647478,0.0,2260,1460,1478822205690
In Observer * 
In Run
No latency data for topology: production-topology1-1-1478820463 
Let's get some latency data 
production-topology1-1-1478820463,0.8755895492453015,0.9986700125096076,0.0,1780,1160,1478822216020
In Observer * 
In Run
No latency data for topology: production-topology1-1-1478820463 
Let's get some latency data 
production-topology1-1-1478820463,0.9768609517251937,0.9914169724084657,0.0,2020,1220,1478822226360
In Observer * 
In Run
No latency data for topology: production-topology1-1-1478820463 
Let's get some latency data 
production-topology1-1-1478820463,1.0220600544046872,0.9983247300481108,0.0,2220,1480,1478822236709
In Observer * 
In Run
No latency data for topology: production-topology1-1-1478820463 
Let's get some latency data 
production-topology1-1-1478820463,0.9235245624665007,0.9985548197766131,0.0,2000,1300,1478822247040
In Observer * 
In Run
No latency data for topology: production-topology1-1-1478820463 
Let's get some latency data 
production-topology1-1-1478820463,1.1265600071570219,0.9992072340073452,0.0,2220,1440,1478822257365
In Observer * 
In Run
No latency data for topology: production-topology1-1-1478820463 
Let's get some latency data 
production-topology1-1-1478820463,0.9777195763412156,0.9922683800856849,0.0,1840,1200,1478822267638
