In Observer * 
In Run
Let's get some latency data 
In Observer * 
In Run
Let's get some latency data 
In Observer * 
In Run
Let's get some latency data 
In Observer * 
In Run
Let's get some latency data 
In Observer * 
In Run
Let's get some latency data 
In Observer * 
In Run
Let's get some latency data 
In Observer * 
In Run
Let's get some latency data 
In Observer * 
In Run
Let's get some latency data 
In Observer * 
In Run
Let's get some latency data 
In Observer * 
In Run
Let's get some latency data 
In Observer * 
In Run
Let's get some latency data 
In Observer * 
In Run
Let's get some latency data 
In Observer * 
In Run
Let's get some latency data 
In Observer * 
In Run
Let's get some latency data 
In Observer * 
In Run
Let's get some latency data 
In Observer * 
In Run
Let's get some latency data 
In Observer * 
In Run
Let's get some latency data 
In Observer * 
In Run
Let's get some latency data 
In Observer * 
In Run
Let's get some latency data 
In Observer * 
In Run
Let's get some latency data 
In Observer * 
In Run
Let's get some latency data 
In Observer * 
In Run
Let's get some latency data 
In Observer * 
In Run
Let's get some latency data 
In Observer * 
In Run
Let's get some latency data 
In Observer * 
In Run
Let's get some latency data 
In Observer * 
In Run
Let's get some latency data 
In Observer * 
In Run
Let's get some latency data 
In Observer * 
In Run
Let's get some latency data 
In Observer * 
In Run
Let's get some latency data 
In Observer * 
In Run
Let's get some latency data 
In Observer * 
In Run
Let's get some latency data 
In Observer * 
In Run
Let's get some latency data 
In Observer * 
In Run
Let's get some latency data 
In Observer * 
In Run
Let's get some latency data 
In Observer * 
In Run
Let's get some latency data 
In Observer * 
In Run
In the function: getUserSpecifiedSLOFromConfig
Topology name: production-topology1-1-1478822646
Topology SLO: 0.9
In the function: getUserSpecifiedLatencySLOFromConfig
Topology name: production-topology1-1-1478822646
Topology Latency SLO: null
In the function:  getUserSLOSensitivityFromConfig
Topology name: production-topology1-1-1478822646
Topology Sensitivity: throughput
In the function:  getNumWorkersFromConfig
Topology name: production-topology1-1-1478822646
Topology workers: 9
No latency data for topology: production-topology1-1-1478822646 
Let's get some latency data 
production-topology1-1-1478822646,0.0,0.0,0.0,0,0,1478822646751
In Observer * 
In Run
No latency data for topology: production-topology1-1-1478822646 
Let's get some latency data 
production-topology1-1-1478822646,0.0,0.0,0.0,0,0,1478822653072
In Observer * 
In Run
No latency data for topology: production-topology1-1-1478822646 
Let's get some latency data 
production-topology1-1-1478822646,0.0,0.0,0.0,620,0,1478822663707
In Observer * 
In Run
No latency data for topology: production-topology1-1-1478822646 
Let's get some latency data 
production-topology1-1-1478822646,1.4142538995646925,0.3535634748911731,0.0,1780,1560,1478822674274
In Observer * 
In Run
No latency data for topology: production-topology1-1-1478822646 
Let's get some latency data 
production-topology1-1-1478822646,0.9805591765703476,0.478962615227008,0.0,2280,1380,1478822684922
In Observer * 
In Run
No latency data for topology: production-topology1-1-1478822646 
Let's get some latency data 
production-topology1-1-1478822646,0.9256415226564481,0.5534090997985813,0.0,1980,1260,1478822695455
In Observer * 
In Run
No latency data for topology: production-topology1-1-1478822646 
Let's get some latency data 
production-topology1-1-1478822646,1.1569416406489577,0.639628034205778,0.0,2100,1420,1478822706023
In Observer * 
In Run
No latency data for topology: production-topology1-1-1478822646 
Let's get some latency data 
production-topology1-1-1478822646,0.8483984332972371,0.6657243340922103,0.0,2060,1280,1478822716467
In Observer * 
In Run
No latency data for topology: production-topology1-1-1478822646 
Let's get some latency data 
production-topology1-1-1478822646,1.143743880019796,0.7188376169730533,0.0,2160,1400,1478822726928
In Observer * 
In Run
No latency data for topology: production-topology1-1-1478822646 
Let's get some latency data 
production-topology1-1-1478822646,0.9661191521656637,0.7435657704923143,0.0,2000,1300,1478822737376
In Observer * 
In Run
No latency data for topology: production-topology1-1-1478822646 
Let's get some latency data 
production-topology1-1-1478822646,0.9625572690964976,0.7634740885472401,0.0,2240,1340,1478822747807
In Observer * 
In Run
No latency data for topology: production-topology1-1-1478822646 
Let's get some latency data 
production-topology1-1-1478822646,0.9654411764705881,0.7803046792075191,0.0,2000,1300,1478822758242
In Observer * 
In Run
No latency data for topology: production-topology1-1-1478822646 
Let's get some latency data 
production-topology1-1-1478822646,0.9951937712839696,0.7968346093672459,0.0,1860,1220,1478822768730
In Observer * 
In Run
No latency data for topology: production-topology1-1-1478822646 
Let's get some latency data 
production-topology1-1-1478822646,0.9961716995032698,0.8110729729483905,0.0,2440,1480,1478822779206
In Observer * 
In Run
No latency data for topology: production-topology1-1-1478822646 
Let's get some latency data 
production-topology1-1-1478822646,0.9206803395764195,0.8183801307235925,0.0,1720,1140,1478822789648
In Observer * 
In Run
No latency data for topology: production-topology1-1-1478822646 
Let's get some latency data 
production-topology1-1-1478822646,1.1352180582949811,0.8381825011968043,0.0,2340,1480,1478822800141
In Observer * 
In Run
No latency data for topology: production-topology1-1-1478822646 
Let's get some latency data 
production-topology1-1-1478822646,0.8927820541203504,0.8413942396040717,0.0,1880,1220,1478822810524
In Observer * 
In Run
No latency data for topology: production-topology1-1-1478822646 
Let's get some latency data 
production-topology1-1-1478822646,0.9643075419018647,0.8482227563983935,0.0,2160,1420,1478822820909
In Observer * 
In Run
No latency data for topology: production-topology1-1-1478822646 
Let's get some latency data 
production-topology1-1-1478822646,1.1400030163266706,0.8635796121840924,0.0,1980,1300,1478822831370
In Observer * 
In Run
No latency data for topology: production-topology1-1-1478822646 
Let's get some latency data 
production-topology1-1-1478822646,0.9752849751557595,0.8691648803326757,0.0,2180,1460,1478822841740
In Observer * 
In Run
No latency data for topology: production-topology1-1-1478822646 
Let's get some latency data 
production-topology1-1-1478822646,1.0668650959352193,0.8785791763137493,0.0,2020,1340,1478822852093
In Observer * 
In Run
No latency data for topology: production-topology1-1-1478822646 
Let's get some latency data 
production-topology1-1-1478822646,1.0441567935667913,0.886105431643433,0.0,1940,1220,1478822862486
In Observer * 
In Run
No latency data for topology: production-topology1-1-1478822646 
Let's get some latency data 
production-topology1-1-1478822646,0.8899180298035628,0.88627119678083,0.0,2260,1400,1478822872919
In Observer * 
In Run
No latency data for topology: production-topology1-1-1478822646 
Let's get some latency data 
production-topology1-1-1478822646,1.161719603316467,0.8977482137198148,0.0,1840,1160,1478822883362
In Observer * 
In Run
No latency data for topology: production-topology1-1-1478822646 
Let's get some latency data 
production-topology1-1-1478822646,0.9298207754651413,0.8990311161896279,0.0,2220,1440,1478822893786
In Observer * 
In Run
No latency data for topology: production-topology1-1-1478822646 
Let's get some latency data 
production-topology1-1-1478822646,0.9660126940604358,0.9016073307231205,0.0,1940,1200,1478822904158
In Observer * 
In Run
No latency data for topology: production-topology1-1-1478822646 
Let's get some latency data 
production-topology1-1-1478822646,1.0429535503281815,0.9068423758936783,0.0,2160,1460,1478822914538
In Observer * 
In Run
No latency data for topology: production-topology1-1-1478822646 
Let's get some latency data 
production-topology1-1-1478822646,0.9810313138535385,0.9094919808208163,0.0,2080,1260,1478822924916
In Observer * 
In Run
No latency data for topology: production-topology1-1-1478822646 
Let's get some latency data 
production-topology1-1-1478822646,0.9251079553323011,0.9100304627005226,0.0,2160,1340,1478822935314
In Observer * 
In Run
No latency data for topology: production-topology1-1-1478822646 
Let's get some latency data 
production-topology1-1-1478822646,1.1721697562646918,0.9187684391526615,0.0,2060,1420,1478822945686
In Observer * 
In Run
No latency data for topology: production-topology1-1-1478822646 
Let's get some latency data 
production-topology1-1-1478822646,0.9233463933477077,0.9495466522642517,0.0,1780,1160,1478822956069
In Observer * 
In Run
No latency data for topology: production-topology1-1-1478822646 
Let's get some latency data 
production-topology1-1-1478822646,0.9865161526914459,0.9824305240206334,0.0,2280,1460,1478822966421
In Observer * 
In Run
No latency data for topology: production-topology1-1-1478822646 
Let's get some latency data 
production-topology1-1-1478822646,1.055730694179919,1.017621547159964,0.0,1840,1180,1478822976827
In Observer * 
In Run
No latency data for topology: production-topology1-1-1478822646 
Let's get some latency data 
production-topology1-1-1478822646,1.0654264024072444,1.0059939639213822,0.0,2180,1500,1478822987225
In Observer * 
In Run
No latency data for topology: production-topology1-1-1478822646 
Let's get some latency data 
production-topology1-1-1478822646,0.8402372027594569,1.0013165647943525,0.0,2080,1240,1478822997619
In Observer * 
In Run
No latency data for topology: production-topology1-1-1478822646 
Let's get some latency data 
production-topology1-1-1478822646,1.014703559550797,1.0042852993574973,0.0,2160,1440,1478823007999
In Observer * 
In Run
No latency data for topology: production-topology1-1-1478822646 
Let's get some latency data 
production-topology1-1-1478822646,1.0899821997764623,1.0020533179950808,0.0,1960,1360,1478823018315
In Observer * 
In Run
No latency data for topology: production-topology1-1-1478822646 
Let's get some latency data 
production-topology1-1-1478822646,1.0674818139606872,1.0093560973505291,0.0,1860,1140,1478823028710
In Observer * 
In Run
No latency data for topology: production-topology1-1-1478822646 
Let's get some latency data 
production-topology1-1-1478822646,0.9362142715613866,1.0024384437352487,0.0,2280,1480,1478823039106
In Observer * 
In Run
No latency data for topology: production-topology1-1-1478822646 
Let's get some latency data 
production-topology1-1-1478822646,1.102954513858769,1.0069996224583524,0.0,1880,1140,1478823049481
In Observer * 
In Run
No latency data for topology: production-topology1-1-1478822646 
Let's get some latency data 
production-topology1-1-1478822646,0.908550007497376,1.0051993804050483,0.0,2280,1480,1478823059849
In Observer * 
In Run
No latency data for topology: production-topology1-1-1478822646 
Let's get some latency data 
production-topology1-1-1478822646,1.041916333846277,1.0077485523175713,0.0,1940,1240,1478823070219
In Observer * 
In Run
No latency data for topology: production-topology1-1-1478822646 
Let's get some latency data 
production-topology1-1-1478822646,1.0306872814618122,1.0089316693234993,0.0,2120,1360,1478823080587
In Observer * 
In Run
No latency data for topology: production-topology1-1-1478822646 
Let's get some latency data 
production-topology1-1-1478822646,0.9618623143180753,1.0077880231506595,0.0,2100,1340,1478823090948
In Observer * 
In Run
No latency data for topology: production-topology1-1-1478822646 
Let's get some latency data 
production-topology1-1-1478822646,1.1492299915782034,1.0154063448840525,0.0,1880,1240,1478823101358
In Observer * 
In Run
No latency data for topology: production-topology1-1-1478822646 
Let's get some latency data 
production-topology1-1-1478822646,0.8787285004652178,1.0068566929563938,0.0,2280,1500,1478823111844
In Observer * 
In Run
No latency data for topology: production-topology1-1-1478822646 
Let's get some latency data 
production-topology1-1-1478822646,1.0376247437777055,1.0116847826116389,0.0,1880,1160,1478823122224
In Observer * 
In Run
No latency data for topology: production-topology1-1-1478822646 
Let's get some latency data 
production-topology1-1-1478822646,0.8800481702962837,1.0088761368914527,0.0,2340,1460,1478823132696
In Observer * 
In Run
No latency data for topology: production-topology1-1-1478822646 
Let's get some latency data 
production-topology1-1-1478822646,1.2155359440406794,1.0113939011485864,0.0,1780,1220,1478823143072
In Observer * 
In Run
No latency data for topology: production-topology1-1-1478822646 
Let's get some latency data 
production-topology1-1-1478822646,1.0740928270042194,1.0146874962102017,0.0,2160,1440,1478823153447
In Observer * 
In Run
No latency data for topology: production-topology1-1-1478822646 
Let's get some latency data 
production-topology1-1-1478822646,0.8746034726981102,1.0082787754356315,0.0,2100,1300,1478823163810
In Observer * 
In Run
No latency data for topology: production-topology1-1-1478822646 
Let's get some latency data 
production-topology1-1-1478822646,0.9948459657020212,1.0066350811734723,0.0,1960,1260,1478823174201
In Observer * 
In Run
No latency data for topology: production-topology1-1-1478822646 
Let's get some latency data 
production-topology1-1-1478822646,0.920512053001277,1.0076548819467297,0.0,2200,1420,1478823184561
In Observer * 
In Run
No latency data for topology: production-topology1-1-1478822646 
Let's get some latency data 
production-topology1-1-1478822646,1.223427320777394,1.0097118058620937,0.0,1700,1200,1478823194937
In Observer * 
In Run
No latency data for topology: production-topology1-1-1478822646 
Let's get some latency data 
production-topology1-1-1478822646,0.9073483769807953,1.0089627259126157,0.0,2540,1480,1478823205310
In Observer * 
In Run
No latency data for topology: production-topology1-1-1478822646 
Let's get some latency data 
production-topology1-1-1478822646,1.099470664741811,1.0134113249353283,0.0,1740,1200,1478823215669
In Observer * 
In Run
No latency data for topology: production-topology1-1-1478822646 
Let's get some latency data 
production-topology1-1-1478822646,1.0595626496816528,1.013964961580444,0.0,2240,1460,1478823226046
In Observer * 
In Run
No latency data for topology: production-topology1-1-1478822646 
Let's get some latency data 
production-topology1-1-1478822646,0.9878761740463868,1.0141931235868722,0.0,2000,1240,1478823236395
In Observer * 
In Run
No latency data for topology: production-topology1-1-1478822646 
Let's get some latency data 
production-topology1-1-1478822646,0.9456331017313263,1.0148772951335063,0.0,1980,1220,1478823246810
In Observer * 
In Run
No latency data for topology: production-topology1-1-1478822646 
Let's get some latency data 
production-topology1-1-1478822646,1.0262632298436563,1.010013744252805,0.0,2200,1420,1478823257186
In Observer * 
In Run
No latency data for topology: production-topology1-1-1478822646 
Let's get some latency data 
production-topology1-1-1478822646,1.0755575682101213,1.0150874500815523,0.0,1800,1180,1478823267617
In Observer * 
In Run
No latency data for topology: production-topology1-1-1478822646 
Let's get some latency data 
production-topology1-1-1478822646,1.0565566680372855,1.0174221339264136,0.0,2340,1460,1478823278006
In Observer * 
In Run
No latency data for topology: production-topology1-1-1478822646 
Let's get some latency data 
production-topology1-1-1478822646,0.8686809895833334,1.011187143773194,0.0,1920,1140,1478823288363
In Observer * 
In Run
No latency data for topology: production-topology1-1-1478822646 
Let's get some latency data 
production-topology1-1-1478822646,1.114995013908571,1.0128394308232385,0.0,2280,1440,1478823298730
In Observer * 
In Run
No latency data for topology: production-topology1-1-1478822646 
Let's get some latency data 
production-topology1-1-1478822646,0.9196326012543362,1.015485944106401,0.0,1900,1240,1478823309092
In Observer * 
In Run
No latency data for topology: production-topology1-1-1478822646 
Let's get some latency data 
production-topology1-1-1478822646,0.9766222669299088,1.014216567685705,0.0,2000,1260,1478823319469
In Observer * 
In Run
No latency data for topology: production-topology1-1-1478822646 
Let's get some latency data 
production-topology1-1-1478822646,0.9931896791607538,1.0109901503318477,0.0,2200,1400,1478823329814
In Observer * 
In Run
No latency data for topology: production-topology1-1-1478822646 
Let's get some latency data 
production-topology1-1-1478822646,0.8936919802329016,1.005197155874255,0.0,1860,1200,1478823340176
In Observer * 
In Run
No latency data for topology: production-topology1-1-1478822646 
Let's get some latency data 
production-topology1-1-1478822646,1.2335298586661179,1.0151076754444126,0.0,2280,1500,1478823350504
In Observer * 
In Run
No latency data for topology: production-topology1-1-1478822646 
Let's get some latency data 
production-topology1-1-1478822646,0.9303220468807886,1.00935325987848,0.0,1840,1120,1478823360840
In Observer * 
In Run
No latency data for topology: production-topology1-1-1478822646 
Let's get some latency data 
production-topology1-1-1478822646,0.8977832700830025,1.008994368631334,0.0,2340,1460,1478823371185
In Observer * 
In Run
No latency data for topology: production-topology1-1-1478822646 
Let's get some latency data 
production-topology1-1-1478822646,1.0283805550312222,1.0085431760041657,0.0,1840,1260,1478823381510
In Observer * 
In Run
No latency data for topology: production-topology1-1-1478822646 
Let's get some latency data 
production-topology1-1-1478822646,1.1849099846439777,1.0136839327769045,0.0,1920,1220,1478823391847
In Observer * 
In Run
No latency data for topology: production-topology1-1-1478822646 
Let's get some latency data 
production-topology1-1-1478822646,0.8623548115139107,1.0103670160167657,0.0,2280,1460,1478823402363
In Observer * 
In Run
No latency data for topology: production-topology1-1-1478822646 
Let's get some latency data 
production-topology1-1-1478822646,1.1115587953131432,1.009111309474597,0.0,1820,1200,1478823412737
In Observer * 
In Run
No latency data for topology: production-topology1-1-1478822646 
Let's get some latency data 
production-topology1-1-1478822646,0.975571428814213,1.0123394070862302,0.0,2340,1460,1478823423102
In Observer * 
In Run
No latency data for topology: production-topology1-1-1478822646 
Let's get some latency data 
production-topology1-1-1478822646,1.0316927292765021,1.0121416732695234,0.0,1900,1220,1478823433453
In Observer * 
In Run
No latency data for topology: production-topology1-1-1478822646 
Let's get some latency data 
production-topology1-1-1478822646,0.9272472177445735,1.013714974851133,0.0,2240,1360,1478823443820
In Observer * 
In Run
No latency data for topology: production-topology1-1-1478822646 
Let's get some latency data 
production-topology1-1-1478822646,1.138651420324799,1.011152157393937,0.0,1960,1300,1478823454168
In Observer * 
In Run
No latency data for topology: production-topology1-1-1478822646 
Let's get some latency data 
production-topology1-1-1478822646,0.9381366188588165,1.0066202837890903,0.0,1900,1240,1478823464528
In Observer * 
In Run
No latency data for topology: production-topology1-1-1478822646 
Let's get some latency data 
production-topology1-1-1478822646,0.9737840910254701,1.0099263044000024,0.0,2280,1440,1478823474923
In Observer * 
In Run
No latency data for topology: production-topology1-1-1478822646 
Let's get some latency data 
production-topology1-1-1478822646,1.0823782438237484,1.01284404700406,0.0,1840,1160,1478823485332
In Observer * 
In Run
No latency data for topology: production-topology1-1-1478822646 
Let's get some latency data 
production-topology1-1-1478822646,1.0591888031476702,1.0174666053422732,0.0,2300,1520,1478823495702
In Observer * 
In Run
No latency data for topology: production-topology1-1-1478822646 
Let's get some latency data 
production-topology1-1-1478822646,0.803642645245322,1.0034737828245375,0.0,1860,1140,1478823506048
In Observer * 
In Run
No latency data for topology: production-topology1-1-1478822646 
Let's get some latency data 
production-topology1-1-1478822646,0.9978134015338783,1.0064892836429735,0.0,2280,1460,1478823516400
In Observer * 
In Run
No latency data for topology: production-topology1-1-1478822646 
Let's get some latency data 
production-topology1-1-1478822646,1.0812222784588095,1.0058810041002066,0.0,1920,1260,1478823526726
In Observer * 
In Run
No latency data for topology: production-topology1-1-1478822646 
Let's get some latency data 
production-topology1-1-1478822646,0.9984497247174732,1.0038439066014007,0.0,2000,1220,1478823537074
In Observer * 
In Run
No latency data for topology: production-topology1-1-1478822646 
Let's get some latency data 
production-topology1-1-1478822646,1.0321682249764441,1.0053203082990694,0.0,2240,1420,1478823547590
In Observer * 
In Run
No latency data for topology: production-topology1-1-1478822646 
Let's get some latency data 
production-topology1-1-1478822646,0.9115796313439009,1.0041851926194885,0.0,1780,1220,1478823557956
In Observer * 
In Run
No latency data for topology: production-topology1-1-1478822646 
Let's get some latency data 
production-topology1-1-1478822646,1.0882492992565413,1.0062513949332514,0.0,2340,1500,1478823568376
In Observer * 
In Run
No latency data for topology: production-topology1-1-1478822646 
Let's get some latency data 
production-topology1-1-1478822646,0.9615754565929628,1.0024519912126795,0.0,1880,1140,1478823578734
In Observer * 
In Run
No latency data for topology: production-topology1-1-1478822646 
Let's get some latency data 
production-topology1-1-1478822646,1.0721381078266445,1.0029713725389915,0.0,2280,1440,1478823589124
In Observer * 
In Run
No latency data for topology: production-topology1-1-1478822646 
Let's get some latency data 
production-topology1-1-1478822646,0.979351224596144,1.0066603803727519,0.0,1920,1240,1478823599480
In Observer * 
In Run
No latency data for topology: production-topology1-1-1478822646 
Let's get some latency data 
production-topology1-1-1478822646,0.9116106134865641,0.9998809003586848,0.0,1940,1260,1478823609937
In Observer * 
In Run
No latency data for topology: production-topology1-1-1478822646 
Let's get some latency data 
production-topology1-1-1478822646,1.0424211560500058,1.0039738521852073,0.0,2200,1500,1478823620273
In Observer * 
In Run
No latency data for topology: production-topology1-1-1478822646 
Let's get some latency data 
production-topology1-1-1478822646,1.057170809060272,1.0066588035895527,0.0,1840,1100,1478823630629
In Observer * 
In Run
No latency data for topology: production-topology1-1-1478822646 
Let's get some latency data 
production-topology1-1-1478822646,0.953545484506278,1.0053373304344033,0.0,2440,1540,1478823640956
In Observer * 
In Run
No latency data for topology: production-topology1-1-1478822646 
Let's get some latency data 
production-topology1-1-1478822646,0.9176043715846992,1.00613441014613,0.0,1800,1160,1478823651301
In Observer * 
In Run
No latency data for topology: production-topology1-1-1478822646 
Let's get some latency data 
production-topology1-1-1478822646,1.0581781659612193,1.0002893537226334,0.0,2320,1480,1478823661634
In Observer * 
In Run
No latency data for topology: production-topology1-1-1478822646 
Let's get some latency data 
production-topology1-1-1478822646,0.9282873295643498,1.0002215298120853,0.0,1900,1220,1478823672019
In Observer * 
In Run
No latency data for topology: production-topology1-1-1478822646 
Let's get some latency data 
production-topology1-1-1478822646,1.1956890322011633,1.0101517218826905,0.0,1920,1300,1478823682354
In Observer * 
In Run
No latency data for topology: production-topology1-1-1478822646 
Let's get some latency data 
production-topology1-1-1478822646,0.91999658182232,1.0065389227757273,0.0,2240,1440,1478823692841
In Observer * 
In Run
No latency data for topology: production-topology1-1-1478822646 
Let's get some latency data 
production-topology1-1-1478822646,1.0742776011870896,1.0028511766604977,0.0,1780,1180,1478823703230
In Observer * 
In Run
No latency data for topology: production-topology1-1-1478822646 
Let's get some latency data 
production-topology1-1-1478822646,0.8352099130665248,1.0019463467122514,0.0,2420,1460,1478823713616
In Observer * 
In Run
No latency data for topology: production-topology1-1-1478822646 
Let's get some latency data 
production-topology1-1-1478822646,1.0736670304233766,1.0006832878825922,0.0,1900,1200,1478823723980
In Observer * 
In Run
No latency data for topology: production-topology1-1-1478822646 
Let's get some latency data 
production-topology1-1-1478822646,1.1351613487267358,1.0060029518796765,0.0,2120,1400,1478823734331
In Observer * 
In Run
No latency data for topology: production-topology1-1-1478822646 
Let's get some latency data 
production-topology1-1-1478822646,0.972658564138162,1.0040351463750652,0.0,2060,1300,1478823744689
In Observer * 
In Run
No latency data for topology: production-topology1-1-1478822646 
Let's get some latency data 
production-topology1-1-1478822646,0.9334037093341442,1.004240362761384,0.0,1840,1260,1478823755039
In Observer * 
In Run
No latency data for topology: production-topology1-1-1478822646 
Let's get some latency data 
production-topology1-1-1478822646,1.0223210576907913,1.0003626840069173,0.0,2340,1440,1478823765451
In Observer * 
In Run
No latency data for topology: production-topology1-1-1478822646 
Let's get some latency data 
production-topology1-1-1478822646,0.9056411201179072,0.9992795007155536,0.0,1780,1140,1478823775822
In Observer * 
In Run
No latency data for topology: production-topology1-1-1478822646 
Let's get some latency data 
production-topology1-1-1478822646,1.0553930874078634,1.0019998005949666,0.0,2360,1520,1478823786207
In Observer * 
In Run
No latency data for topology: production-topology1-1-1478822646 
Let's get some latency data 
production-topology1-1-1478822646,1.0060608653489636,0.9994558879791406,0.0,1840,1220,1478823796553
In Observer * 
In Run
No latency data for topology: production-topology1-1-1478822646 
Let's get some latency data 
production-topology1-1-1478822646,1.139271114821907,1.0021252983682818,0.0,2280,1420,1478823806958
In Observer * 
In Run
No latency data for topology: production-topology1-1-1478822646 
Let's get some latency data 
production-topology1-1-1478822646,0.9238072643607351,1.006130785672129,0.0,1940,1280,1478823817297
In Observer * 
In Run
No latency data for topology: production-topology1-1-1478822646 
Let's get some latency data 
production-topology1-1-1478822646,0.9729569294580867,1.005302236602936,0.0,1940,1160,1478823827640
In Observer * 
In Run
No latency data for topology: production-topology1-1-1478822646 
Let's get some latency data 
production-topology1-1-1478822646,0.9045528100510917,0.9994132543226787,0.0,2240,1500,1478823837996
In Observer * 
In Run
No latency data for topology: production-topology1-1-1478822646 
Let's get some latency data 
production-topology1-1-1478822646,1.0681025216010278,1.001735014218797,0.0,1740,1160,1478823848409
In Observer * 
In Run
No latency data for topology: production-topology1-1-1478822646 
Let's get some latency data 
production-topology1-1-1478822646,1.016257973908483,1.0012046725165318,0.0,2420,1520,1478823858790
In Observer * 
In Run
No latency data for topology: production-topology1-1-1478822646 
Let's get some latency data 
production-topology1-1-1478822646,1.0689634203725495,1.0064507988174867,0.0,1900,1180,1478823869131
In Observer * 
In Run
No latency data for topology: production-topology1-1-1478822646 
Let's get some latency data 
production-topology1-1-1478822646,0.9559832137868073,1.002041929301829,0.0,1960,1200,1478823879559
In Observer * 
In Run
No latency data for topology: production-topology1-1-1478822646 
Let's get some latency data 
production-topology1-1-1478822646,1.06367128600599,1.0054451236155966,0.0,2200,1440,1478823889888
In Observer * 
In Run
No latency data for topology: production-topology1-1-1478822646 
Let's get some latency data 
production-topology1-1-1478822646,0.9096567030544124,1.0000290767898554,0.0,1960,1140,1478823900233
In Observer * 
In Run
No latency data for topology: production-topology1-1-1478822646 
Let's get some latency data 
production-topology1-1-1478822646,1.035619353255257,1.0019046810784926,0.0,2260,1520,1478823910597
In Observer * 
In Run
No latency data for topology: production-topology1-1-1478822646 
Let's get some latency data 
production-topology1-1-1478822646,1.1423769761596316,1.009596893167595,0.0,1760,1200,1478823920944
In Observer * 
In Run
No latency data for topology: production-topology1-1-1478822646 
Let's get some latency data 
production-topology1-1-1478822646,0.9271922635144828,1.0057559300830774,0.0,2360,1500,1478823931361
In Observer * 
In Run
No latency data for topology: production-topology1-1-1478822646 
Let's get some latency data 
production-topology1-1-1478822646,1.0082558100968901,1.0041254301176314,0.0,1840,1120,1478823941712
In Observer * 
In Run
No latency data for topology: production-topology1-1-1478822646 
Let's get some latency data 
production-topology1-1-1478822646,1.077861419865565,1.0082692946296077,0.0,1960,1260,1478823952178
In Observer * 
In Run
No latency data for topology: production-topology1-1-1478822646 
Let's get some latency data 
production-topology1-1-1478822646,0.88544055193974,1.007197167308109,0.0,2260,1480,1478823962506
In Observer * 
In Run
No latency data for topology: production-topology1-1-1478822646 
Let's get some latency data 
production-topology1-1-1478822646,1.174171489872604,1.0110636114384883,0.0,1960,1260,1478823972852
In Observer * 
In Run
No latency data for topology: production-topology1-1-1478822646 
Let's get some latency data 
production-topology1-1-1478822646,0.8600075838680751,1.0087876199152792,0.0,2200,1460,1478823983212
In Observer * 
In Run
No latency data for topology: production-topology1-1-1478822646 
Let's get some latency data 
production-topology1-1-1478822646,1.0000588078874164,1.0022666124381545,0.0,1900,1100,1478823993565
In Observer * 
In Run
No latency data for topology: production-topology1-1-1478822646 
Let's get some latency data 
production-topology1-1-1478822646,1.1341023792357605,1.0094034723519358,0.0,2280,1540,1478824003943
In Observer * 
In Run
No latency data for topology: production-topology1-1-1478822646 
Let's get some latency data 
production-topology1-1-1478822646,0.9384909699629421,1.0048772513111308,0.0,1840,1200,1478824014424
In Observer * 
In Run
No latency data for topology: production-topology1-1-1478822646 
Let's get some latency data 
production-topology1-1-1478822646,0.8748222742865507,1.0061976633517984,0.0,2020,1300,1478824024842
In Observer * 
In Run
No latency data for topology: production-topology1-1-1478822646 
Let's get some latency data 
production-topology1-1-1478822646,0.99801268043615,1.0036758516855575,0.0,2180,1380,1478824035213
In Observer * 
In Run
No latency data for topology: production-topology1-1-1478822646 
Let's get some latency data 
production-topology1-1-1478822646,1.1831076138818386,1.0052740605240607,0.0,2020,1300,1478824045572
In Observer * 
In Run
No latency data for topology: production-topology1-1-1478822646 
Let's get some latency data 
production-topology1-1-1478822646,0.9120483072477253,1.003253718627713,0.0,2260,1440,1478824055902
In Observer * 
In Run
No latency data for topology: production-topology1-1-1478822646 
Let's get some latency data 
production-topology1-1-1478822646,1.1840655014958275,1.011609111699769,0.0,1800,1180,1478824066241
In Observer * 
In Run
No latency data for topology: production-topology1-1-1478822646 
Let's get some latency data 
production-topology1-1-1478822646,0.9151407634261134,1.0080364352242799,0.0,2380,1540,1478824076636
In Observer * 
In Run
No latency data for topology: production-topology1-1-1478822646 
Let's get some latency data 
production-topology1-1-1478822646,0.9723906482381061,1.010261419494953,0.0,1800,1200,1478824086998
In Observer * 
In Run
No latency data for topology: production-topology1-1-1478822646 
Let's get some latency data 
production-topology1-1-1478822646,0.9179532155190027,1.0056800904319911,0.0,1940,1160,1478824097447
In Observer * 
In Run
No latency data for topology: production-topology1-1-1478822646 
Let's get some latency data 
production-topology1-1-1478822646,1.0682916306356476,1.0077544492748804,0.0,2160,1500,1478824107835
In Observer * 
In Run
No latency data for topology: production-topology1-1-1478822646 
Let's get some latency data 
production-topology1-1-1478822646,1.0921346429944507,1.0061832335472987,0.0,1960,1240,1478824118218
In Observer * 
In Run
No latency data for topology: production-topology1-1-1478822646 
Let's get some latency data 
production-topology1-1-1478822646,0.9578478386909746,1.0073179193583066,0.0,2320,1440,1478824128612
In Observer * 
In Run
No latency data for topology: production-topology1-1-1478822646 
Let's get some latency data 
production-topology1-1-1478822646,0.41657728658076965,0.988771931262396,0.0,1880,560,1478824139122
In Observer * 
In Run
No latency data for topology: production-topology1-1-1478822646 
Let's get some latency data 
production-topology1-1-1478822646,1.5565142694970582,1.010503979910595,0.0,2380,2140,1478824149492
In Observer * 
In Run
No latency data for topology: production-topology1-1-1478822646 
Let's get some latency data 
production-topology1-1-1478822646,0.8978108197291349,1.0048275898481984,0.0,1820,1120,1478824159849
In Observer * 
In Run
No latency data for topology: production-topology1-1-1478822646 
Let's get some latency data 
production-topology1-1-1478822646,1.048347721367376,1.0058972480968282,0.0,2300,1440,1478824170238
In Observer * 
In Run
No latency data for topology: production-topology1-1-1478822646 
Let's get some latency data 
production-topology1-1-1478822646,1.0067384277433482,1.0038230816758549,0.0,1820,1140,1478824180588
In Observer * 
In Run
No latency data for topology: production-topology1-1-1478822646 
Let's get some latency data 
production-topology1-1-1478822646,1.0623878678849104,1.007369903479125,0.0,2040,1320,1478824191062
In Observer * 
In Run
No latency data for topology: production-topology1-1-1478822646 
Let's get some latency data 
production-topology1-1-1478822646,1.0351366177824668,1.0064187478716742,0.0,2140,1420,1478824201496
In Observer * 
In Run
No latency data for topology: production-topology1-1-1478822646 
Let's get some latency data 
production-topology1-1-1478822646,0.9568161231884059,1.0079907285428074,0.0,1840,1160,1478824211846
In Observer * 
In Run
No latency data for topology: production-topology1-1-1478822646 
Let's get some latency data 
production-topology1-1-1478822646,1.151595961770985,1.0118566154933317,0.0,2340,1520,1478824222177
In Observer * 
In Run
No latency data for topology: production-topology1-1-1478822646 
Let's get some latency data 
production-topology1-1-1478822646,0.8789422426543849,1.0030754577098235,0.0,1900,1120,1478824232531
In Observer * 
In Run
No latency data for topology: production-topology1-1-1478822646 
Let's get some latency data 
production-topology1-1-1478822646,0.9234077502508266,1.0029493072677016,0.0,2260,1560,1478824242891
In Observer * 
In Run
No latency data for topology: production-topology1-1-1478822646 
Let's get some latency data 
production-topology1-1-1478822646,0.9698275862068966,1.0016683664713684,0.0,1860,1100,1478824253245
In Observer * 
In Run
No latency data for topology: production-topology1-1-1478822646 
Let's get some latency data 
production-topology1-1-1478822646,1.110227419549175,1.0027472331274887,0.0,1980,1300,1478824263659
In Observer * 
In Run
No latency data for topology: production-topology1-1-1478822646 
Let's get some latency data 
production-topology1-1-1478822646,0.9852973113842678,1.0060757917756395,0.0,2200,1420,1478824274091
In Observer * 
In Run
No latency data for topology: production-topology1-1-1478822646 
Let's get some latency data 
production-topology1-1-1478822646,0.9930010607983948,1.0000367774731662,0.0,1840,1220,1478824284606
In Observer * 
In Run
No latency data for topology: production-topology1-1-1478822646 
Let's get some latency data 
production-topology1-1-1478822646,1.012116330370186,1.0051070690232367,0.0,2360,1480,1478824294943
In Observer * 
In Run
No latency data for topology: production-topology1-1-1478822646 
Let's get some latency data 
production-topology1-1-1478822646,1.059724319756413,1.0070959194188698,0.0,1920,1220,1478824305293
In Observer * 
In Run
No latency data for topology: production-topology1-1-1478822646 
Let's get some latency data 
production-topology1-1-1478822646,0.9489133082344471,1.0009229503854928,0.0,2300,1500,1478824315687
In Observer * 
In Run
No latency data for topology: production-topology1-1-1478822646 
Let's get some latency data 
production-topology1-1-1478822646,0.982404881138759,1.0023867474246866,0.0,1840,1200,1478824326027
In Observer * 
In Run
No latency data for topology: production-topology1-1-1478822646 
Let's get some latency data 
production-topology1-1-1478822646,0.9799209271629383,1.0058900358538996,0.0,2040,1280,1478824336424
In Observer * 
In Run
No latency data for topology: production-topology1-1-1478822646 
Let's get some latency data 
production-topology1-1-1478822646,1.1048034089169174,1.0094497268032585,0.0,2180,1460,1478824346831
In Observer * 
In Run
No latency data for topology: production-topology1-1-1478822646 
Let's get some latency data 
production-topology1-1-1478822646,0.889136698755493,0.999650696299047,0.0,1800,1100,1478824357272
In Observer * 
In Run
No latency data for topology: production-topology1-1-1478822646 
Let's get some latency data 
production-topology1-1-1478822646,1.0898122224344768,1.0055761601386055,0.0,2340,1540,1478824367619
In Observer * 
In Run
No latency data for topology: production-topology1-1-1478822646 
Let's get some latency data 
production-topology1-1-1478822646,1.0333263087861815,1.0005515203816173,0.0,1900,1180,1478824378029
In Observer * 
In Run
No latency data for topology: production-topology1-1-1478822646 
Let's get some latency data 
production-topology1-1-1478822646,0.9272691793041927,1.0009558009108865,0.0,2360,1440,1478824388374
In Observer * 
In Run
No latency data for topology: production-topology1-1-1478822646 
Let's get some latency data 
production-topology1-1-1478822646,0.9537041511352009,1.0003329176741231,0.0,1900,1200,1478824398686
In Observer * 
In Run
No latency data for topology: production-topology1-1-1478822646 
Let's get some latency data 
production-topology1-1-1478822646,1.1024306560213781,1.006482165690869,0.0,1980,1340,1478824409040
In Observer * 
In Run
No latency data for topology: production-topology1-1-1478822646 
Let's get some latency data 
production-topology1-1-1478822646,0.9460384276079912,1.0024070589232803,0.0,2120,1300,1478824419350
In Observer * 
In Run
No latency data for topology: production-topology1-1-1478822646 
Let's get some latency data 
production-topology1-1-1478822646,1.1713890786849368,1.0050488734462963,0.0,1840,1220,1478824429705
In Observer * 
In Run
No latency data for topology: production-topology1-1-1478822646 
Let's get some latency data 
production-topology1-1-1478822646,0.9489783549180385,1.0047532239871986,0.0,2400,1480,1478824440139
In Observer * 
In Run
No latency data for topology: production-topology1-1-1478822646 
Let's get some latency data 
production-topology1-1-1478822646,0.9994660405151147,1.0241828491183436,0.0,1840,1260,1478824450397
