production-topology1-1-1478816074,0.0,0.0,0.0,0,0,1478816074636
production-topology1-1-1478816074,0.0,0.0,0.0,0,0,1478816081073
production-topology1-1-1478816074,1.0726196773592016,0.3575398924530672,853.725,900,480,1478816091750
production-topology1-1-1478816074,0.5965894801051052,0.4173022893660767,2842.4075,960,460,1478816102300
production-topology1-1-1478816074,1.0048238202266035,0.5348065955381821,4648.194999999999,1120,600,1478816112812
production-topology1-1-1478816074,0.7709693209698181,0.5741670497767881,8196.259999999998,980,460,1478816123350
production-topology1-1-1478816074,0.6513567597854799,0.5851941512066012,9805.249999999998,1180,600,1478816133932
production-topology1-1-1478816074,0.9593754236238359,0.6319668102587556,11923.225,920,420,1478816144433
production-topology1-1-1478816074,0.8636416560447102,0.6577084597905283,15889.555000000002,960,460,1478816154938
production-topology1-1-1478816074,0.5043341478296791,0.6423710285944434,17444.7275,1140,560,1478816165435
production-topology1-1-1478816074,1.1596638655462186,0.6893976501355139,19135.68,900,480,1478816175892
production-topology1-1-1478816074,0.7098304300830439,0.6911003817978081,21276.5225,1240,580,1478816186369
production-topology1-1-1478816074,0.9384671335890847,0.7101285934740601,25374.559999999998,840,460,1478816196828
production-topology1-1-1478816074,0.6670008149262929,0.7070480378635053,25116.5525,1340,640,1478816207264
production-topology1-1-1478816074,1.0678851531064584,0.7311038455463688,29114.55,900,480,1478816217705
production-topology1-1-1478816074,0.7820934080198394,0.7342906932009607,30878.847499999996,840,480,1478816228143
production-topology1-1-1478816074,0.930915710754145,0.7458568707040892,33013.24,1200,600,1478816238569
production-topology1-1-1478816074,0.6205481230570836,0.738895273612589,33767.032499999994,960,440,1478816249021
production-topology1-1-1478816074,0.7313085359732588,0.7384959716315717,37760.61,1180,600,1478816259498
production-topology1-1-1478816074,0.9567683358761988,0.7494095898438029,37378.08499999999,960,440,1478816269939
production-topology1-1-1478816074,0.6743168647930552,0.7458337457937674,44754.119999999995,1240,640,1478816280340
production-topology1-1-1478816074,0.9736277269528502,0.7561880176646347,44470.46000000001,840,420,1478816290786
production-topology1-1-1478816074,0.5959258133171177,0.7492200957364817,47422.259999999995,960,400,1478816301258
production-topology1-1-1478816074,1.0203949912653856,0.7605190497168527,49702.070000000014,1180,640,1478816311655
production-topology1-1-1478816074,0.5083154877037855,0.75043090723633,51358.08750000001,940,400,1478816322079
production-topology1-1-1478816074,1.12778115320245,0.7649443782350269,57160.6625,1160,620,1478816332478
production-topology1-1-1478816074,0.726594896806043,0.7635240270709903,57998.3125,920,440,1478816342884
production-topology1-1-1478816074,0.5669399791948811,0.7565031682182722,57596.99750000001,1260,580,1478816353313
production-topology1-1-1478816074,0.9940987410830798,0.7646961190067137,60198.99749999998,860,420,1478816363710
production-topology1-1-1478816074,0.8120720886678334,0.7662753179954177,63504.1475,980,460,1478816374096
production-topology1-1-1478816074,0.697688018495852,0.7895315852786129,69823.16500000001,1140,580,1478816384501
production-topology1-1-1478816074,0.8376804557050093,0.8174542671354464,69494.49500000001,840,460,1478816394936
production-topology1-1-1478816074,0.8653797436287175,0.8105462693444304,71239.08249999999,1240,600,1478816405398
production-topology1-1-1478816074,0.7774756039033753,0.8165758068043728,74050.845,960,460,1478816415780
production-topology1-1-1478816074,0.6891496374423204,0.8060533340448968,78943.39499999999,880,440,1478816426240
production-topology1-1-1478816074,0.8462147056071189,0.8085615135328068,75122.305,1240,620,1478816436656
production-topology1-1-1478816074,0.6081839752861763,0.8071224207161634,83984.4125,940,440,1478816447069
production-topology1-1-1478816074,0.8821621621621624,0.8045486453341076,88605.4075,1240,640,1478816457475
production-topology1-1-1478816074,0.680965909090909,0.798459453768981,85393.93749999997,880,400,1478816467880
production-topology1-1-1478816074,0.6882711082942272,0.804590685784466,81802.79,940,460,1478816478335
production-topology1-1-1478816074,0.7926478059108159,0.7923568171299525,94275.19499999999,1160,640,1478816488758
production-topology1-1-1478816074,0.9503296703296702,0.8003734584715066,98656.42750000002,900,440,1478816499171
production-topology1-1-1478816074,0.7233231277160111,0.7932019916090707,89968.5,1200,620,1478816509568
production-topology1-1-1478816074,1.2782229380018484,0.813576062378256,99882.04749999999,940,480,1478816519983
production-topology1-1-1478816074,0.6211266930743674,0.7986841137105195,106324.54750000002,1240,580,1478816530419
production-topology1-1-1478816074,0.8009314823107925,0.799312049520218,102890.87250000001,880,480,1478816540806
production-topology1-1-1478816074,0.9600026656137491,0.8002816146822046,101441.67750000002,940,480,1478816551218
production-topology1-1-1478816074,0.8848207475209763,0.8090907021643344,103017.28,1140,560,1478816561649
production-topology1-1-1478816074,0.5432474603121586,0.8028219996422978,109681.42749999999,980,460,1478816572039
production-topology1-1-1478816074,0.7920855000506933,0.7973325717814477,117620.6025,1140,600,1478816582432
production-topology1-1-1478816074,0.8088061465721039,0.8018155478407493,108764.69499999999,960,420,1478816592812
production-topology1-1-1478816074,1.0845248513766312,0.8055121186548756,114559.24000000002,860,440,1478816603185
production-topology1-1-1478816074,0.6749645141075297,0.8081467420145557,122951.57000000002,1260,620,1478816613597
production-topology1-1-1478816074,0.788050463649954,0.8004019244273747,128940.2275,940,440,1478816623986
production-topology1-1-1478816074,0.7480551016702977,0.8083932448929251,122636.66750000001,1200,640,1478816634344
production-topology1-1-1478816074,0.729728266101858,0.7951248153229054,110192.01749999999,900,420,1478816644720
production-topology1-1-1478816074,0.7616561498397435,0.7962935237573621,118328.595,960,460,1478816655123
production-topology1-1-1478816074,0.6484851971161222,0.7990116976880702,133321.16999999998,1200,560,1478816665491
production-topology1-1-1478816074,1.1296000070701355,0.8035284065543052,141336.47750000004,800,460,1478816675948
production-topology1-1-1478816074,0.6726277533509577,0.7988802620437429,151457.66250000003,1380,600,1478816686317
production-topology1-1-1478816074,0.7118740040418284,0.7993531282286086,142424.13999999998,820,460,1478816696712
production-topology1-1-1478816074,0.8314155449413808,0.7991442978698211,135531.91749999998,940,460,1478816707111
production-topology1-1-1478816074,0.8218203134835704,0.797692316864983,143917.95500000002,1220,580,1478816717478
production-topology1-1-1478816074,0.8989927079471016,0.8017428869997738,152105.14250000002,900,460,1478816727861
production-topology1-1-1478816074,0.6723925091272029,0.8011843160559365,153462.96,1240,640,1478816738227
production-topology1-1-1478816074,0.8529135338345866,0.8014076103301855,150283.04249999992,900,440,1478816748608
production-topology1-1-1478816074,0.8879892037786773,0.8107344512799356,145381.79,920,460,1478816759040
production-topology1-1-1478816074,0.7753902203273562,0.8071753865521086,144086.22,1160,600,1478816769422
production-topology1-1-1478816074,0.637459007095124,0.8057251564855825,158471.51499999998,920,360,1478816779787
production-topology1-1-1478816074,0.7121609494861776,0.8065214845253142,168693.11500000002,1320,660,1478816790146
production-topology1-1-1478816074,0.6832048143023753,0.8028733848050328,169747.42250000002,880,440,1478816800505
production-topology1-1-1478816074,1.0596221813410198,0.806516468505411,154858.21500000003,900,480,1478816810866
production-topology1-1-1478816074,0.8655154071480676,0.8112562111531462,155834.14500000002,1180,600,1478816821300
production-topology1-1-1478816074,0.5704813317031882,0.7876648242765242,163692.34749999997,1000,420,1478816831668
production-topology1-1-1478816074,1.2067933741465473,0.8071870469789302,169578.48249999998,1100,620,1478816842049
production-topology1-1-1478816074,0.674598585965376,0.802975950434083,184070.195,920,440,1478816852423
production-topology1-1-1478816074,0.5783813747228381,0.7902552407377192,198385.0075,980,420,1478816862785
production-topology1-1-1478816074,0.7711823653656219,0.7864672946658741,181802.7475,1180,620,1478816873157
production-topology1-1-1478816074,0.68832455378568,0.7913031977816581,180436.0975,940,440,1478816883537
production-topology1-1-1478816074,0.852801731038691,0.7933270721479249,163365.5725,1180,600,1478816893923
production-topology1-1-1478816074,0.9577833572453374,0.7982929791703659,178766.3775,880,440,1478816904284
production-topology1-1-1478816074,0.8088235294117644,0.7891029351048703,176179.43,960,480,1478816914663
production-topology1-1-1478816074,0.6207709750566893,0.7872964838031756,192498.125,1200,580,1478816925043
production-topology1-1-1478816074,1.0189240824534944,0.7949922710966271,202717.37,900,420,1478816935423
production-topology1-1-1478816074,0.6035422086919164,0.7901751746640144,218306.8875,1180,600,1478816945790
production-topology1-1-1478816074,0.7065415451895043,0.789402283966936,214558.5075,960,440,1478816956158
production-topology1-1-1478816074,0.8648827639008516,0.7928431711023063,196205.18500000006,900,440,1478816966581
production-topology1-1-1478816074,0.7893216536120703,0.7975377196521711,198742.18250000005,1240,580,1478816976946
production-topology1-1-1478816074,0.6684877622377623,0.7821673114910921,203748.5425,880,460,1478816987317
production-topology1-1-1478816074,1.1349608419098438,0.797578414443055,213139.30749999997,1220,600,1478816997696
production-topology1-1-1478816074,0.5365867138597726,0.7917355047703197,221804.14749999996,960,500,1478817008076
production-topology1-1-1478816074,0.7054673721340388,0.7875372323434084,213801.01,900,400,1478817018442
production-topology1-1-1478816074,0.7428088529465249,0.7849035169921734,214642.58,1200,640,1478817028815
production-topology1-1-1478816074,0.8476658476658477,0.783192621649465,209506.18249999997,920,440,1478817039190
production-topology1-1-1478816074,0.9555760368663593,0.7926320725741035,192751.8775,900,480,1478817049604
production-topology1-1-1478816074,0.7317455632767806,0.7885931402221767,211023.41499999995,1220,580,1478817059953
production-topology1-1-1478816074,0.9509393601190476,0.7906914787668556,217871.13000000003,960,440,1478817070326
production-topology1-1-1478816074,0.5913512461216188,0.784556846293331,221674.45249999996,1200,600,1478817080676
production-topology1-1-1478816074,0.7161663314480344,0.7871804237717613,238331.60499999998,940,420,1478817091044
production-topology1-1-1478816074,0.6696375519904931,0.7857629771885718,251877.00749999992,940,420,1478817101410
production-topology1-1-1478816074,0.9360024644969029,0.7941895655283894,256620.39250000002,1140,680,1478817111844
production-topology1-1-1478816074,0.703686161964786,0.7823250315491815,250694.63999999998,960,460,1478817122300
production-topology1-1-1478816074,1.052663012045163,0.7885632850457515,219870.3775,1120,600,1478817132674
production-topology1-1-1478816074,0.732971193415638,0.7939796137694997,218035.95750000002,1000,440,1478817143053
production-topology1-1-1478816074,0.7371095549330845,0.7783234864623841,226077.00500000003,900,440,1478817153398
production-topology1-1-1478816074,0.8559653203944833,0.7843690442766877,247628.09249999997,1180,640,1478817163827
production-topology1-1-1478816074,0.7580645161290324,0.7903584823235609,242102.50250000003,880,440,1478817174204
production-topology1-1-1478816074,0.7130910076943454,0.7884221037345184,263103.735,1260,620,1478817184577
production-topology1-1-1478816074,0.9707336523125997,0.7978357403520824,261775.89750000002,920,400,1478817194942
production-topology1-1-1478816074,0.549469111969112,0.787724653049763,285984.1925,980,480,1478817205284
production-topology1-1-1478816074,0.9826217910081912,0.7885526008418584,265901.86750000005,1140,600,1478817215661
production-topology1-1-1478816074,0.0,0.7615918165281329,258486.3625,920,460,1478817226010
production-topology1-1-1478816074,1.0144430844553243,0.7747142201747541,232259.48750000005,880,420,1478817236383
production-topology1-1-1478816074,0.883445550351288,0.7701982691046805,241628.75500000006,1220,660,1478817246756
production-topology1-1-1478816074,0.5815880169671261,0.7694664627138542,255449.31250000006,920,400,1478817257124
production-topology1-1-1478816074,0.6502230700388845,0.7675891802088336,255018.39250000002,1340,600,1478817267494
production-topology1-1-1478816074,0.976184917713157,0.7712992520025772,269503.56249999994,840,460,1478817277910
production-topology1-1-1478816074,0.8452465204257648,0.7731634142297,290611.15750000003,840,420,1478817288301
production-topology1-1-1478816074,1.0815573770491804,0.7869324013900807,284355.8425,1220,660,1478817298664
production-topology1-1-1478816074,0.0,0.749100373326419,305073.6,900,440,1478817309034
production-topology1-1-1478816074,0.8411495369861359,0.7592524674306312,282859.455,1300,640,1478817319385
production-topology1-1-1478816074,0.8640242206772819,0.7645376957154061,264194.4,840,440,1478817329745
production-topology1-1-1478816074,0.7850081242743038,0.7659443380929987,241318.71749999997,940,480,1478817340163
production-topology1-1-1478816074,0.8324171655593506,0.7654360486894489,273875.4325,1180,620,1478817350519
production-topology1-1-1478816074,1.0577935319537388,0.7688432985256949,269726.80500000005,860,440,1478817360858
production-topology1-1-1478816074,0.5558135576850595,0.7629788983393043,293161.0775,1320,620,1478817371230
production-topology1-1-1478816074,1.0590171428571427,0.7665814910972408,301680.855,860,420,1478817381598
production-topology1-1-1478816074,0.5530898944165727,0.7653061127070726,318265.69499999995,960,460,1478817392001
production-topology1-1-1478816074,0.0,0.7414339016588047,308321.4675000001,1200,620,1478817402357
production-topology1-1-1478816074,0.0,0.7191126499257882,335922.53,880,420,1478817412724
production-topology1-1-1478816074,0.0,0.6879125677758914,309650.2875,1260,640,1478817423114
production-topology1-1-1478816074,0.0,0.6644563623770653,305322.925,900,380,1478817433493
production-topology1-1-1478816074,0.7882742539517628,0.655643403773952,307232.7025,940,460,1478817443843
production-topology1-1-1478816074,0.6649141203703703,0.6533748346724431,276380.8825,1180,620,1478817455275
production-topology1-1-1478816074,0.8751977469881612,0.6579777744076122,281979.71499999997,1220,560,1478817465666
production-topology1-1-1478816074,0.9599489722670013,0.6614438961366961,309203.7724999999,940,480,1478817476028
production-topology1-1-1478816074,0.0,0.636175078932395,292255.9175,860,440,1478817486378
production-topology1-1-1478816074,0.0,0.6124053786759168,319819.345,1200,620,1478817496720
production-topology1-1-1478816074,0.0,0.5800475902654969,318577.84,980,400,1478817507074
production-topology1-1-1478816074,0.0,0.5617319531998599,354971.43499999994,900,440,1478817517575
production-topology1-1-1478816074,0.0,0.5289778934995869,331824.18749999994,1220,600,1478817527920
production-topology1-1-1478816074,0.0,0.5289778934995869,364336.35500000004,900,460,1478817538302
production-topology1-1-1478816074,0.9435532687651332,0.5266148996432471,342831.2075,1160,600,1478817548760
production-topology1-1-1478816074,0.8707147287153276,0.5261905389220485,330059.015,960,420,1478817559102
production-topology1-1-1478816074,0.5017142974460047,0.5235280816046778,310859.80000000005,960,400,1478817569486
production-topology1-1-1478816074,0.02339233271436661,0.5026337236938606,330418.4225,1180,580,1478817579837
production-topology1-1-1478816074,0.0,0.47009422643675536,324692.8524999999,840,440,1478817590187
production-topology1-1-1478816074,0.0,0.44191934242256325,331709.10250000004,1280,580,1478817600535
production-topology1-1-1478816074,0.0,0.4058674298542572,357712.75000000006,880,500,1478817610904
production-topology1-1-1478816074,0.0,0.4058674298542572,372633.0274999999,940,420,1478817621243
production-topology1-1-1478816074,0.0,0.37782911195471935,368802.88250000007,1280,620,1478817631662
production-topology1-1-1478816074,0.0,0.3490283045988099,364922.99,900,460,1478817642009
production-topology1-1-1478816074,0.0,0.3228613671229998,402254.2925,1240,560,1478817652362
production-topology1-1-1478816074,0.0,0.2951141282710214,363324.83249999996,840,420,1478817662691
production-topology1-1-1478816074,0.0,0.2598543438725634,363379.97250000003,980,440,1478817673065
production-topology1-1-1478816074,0.8018373326997703,0.2680551363730538,350353.17250000004,1220,580,1478817683437
production-topology1-1-1478816074,0.0,0.23275456494448232,326166.82249999995,900,480,1478817693889
production-topology1-1-1478816074,0.0,0.21431823513059658,360711.26499999996,1220,620,1478817704260
production-topology1-1-1478816074,0.0,0.21431823513059658,350718.165,860,440,1478817714626
production-topology1-1-1478816074,0.0,0.21431823513059658,384611.31249999994,860,420,1478817725004
production-topology1-1-1478816074,0.0,0.21431823513059658,370929.33,1320,540,1478817735382
production-topology1-1-1478816074,0.0,0.21431823513059658,406181.88750000007,900,480,1478817745744
production-topology1-1-1478816074,0.0,0.18804242666553783,391851.7400000001,1220,540,1478817756118
production-topology1-1-1478816074,0.0,0.1658786226531922,421088.31999999995,900,480,1478817766477
production-topology1-1-1478816074,0.0,0.13670536442025347,415763.4075,940,460,1478817776856
production-topology1-1-1478816074,0.8080155257199974,0.13164091620201998,375094.56,1180,580,1478817787192
production-topology1-1-1478816074,0.0,0.13164091620201998,352086.0299999999,880,500,1478817797557
production-topology1-1-1478816074,0.0,0.13164091620201998,368712.32500000007,1200,560,1478817807920
production-topology1-1-1478816074,0.0,0.13164091620201998,386697.63999999996,900,480,1478817818262
production-topology1-1-1478816074,0.0,0.13164091620201998,407794.31500000006,980,460,1478817828621
production-topology1-1-1478816074,0.0,0.13164091620201998,398782.4275,1200,580,1478817839008
production-topology1-1-1478816074,0.0,0.13164091620201998,406617.985,920,460,1478817849447
production-topology1-1-1478816074,0.0,0.10018914057651557,409327.24749999994,1180,620,1478817859791
production-topology1-1-1478816074,0.0,0.07116531628600463,448727.3,920,460,1478817870139
production-topology1-1-1478816074,0.0,0.05444150637113781,438689.775,980,480,1478817880432
