2016-11-10 15:08:39.648 b.s.u.Utils [INFO] Using defaults.yaml from resources
2016-11-10 15:08:39.736 b.s.u.Utils [INFO] Using storm.yaml from resources
2016-11-10 15:08:41.120 b.s.u.Utils [INFO] Using defaults.yaml from resources
2016-11-10 15:08:41.151 b.s.u.Utils [INFO] Using storm.yaml from resources
2016-11-10 15:08:41.335 o.a.s.s.o.e.j.s.Server [INFO] jetty-7.x.y-SNAPSHOT
2016-11-10 15:08:41.362 o.a.s.s.o.e.j.s.h.ContextHandler [INFO] started o.a.s.s.o.e.j.s.ServletContextHandler{/,null}
2016-11-10 15:08:41.380 o.a.s.s.o.e.j.s.AbstractConnector [INFO] Started SelectChannelConnector@0.0.0.0:8080
2016-11-10 15:19:23.224 b.s.thrift [INFO] Connecting to Nimbus at ZookeeperNimbus:6627 as user: 
2016-11-10 15:19:23.224 b.s.thrift [INFO] Connecting to Nimbus at ZookeeperNimbus:6627 as user: 
2016-11-10 15:19:23.224 b.s.thrift [INFO] Connecting to Nimbus at ZookeeperNimbus:6627 as user: 
2016-11-10 15:19:23.224 b.s.thrift [INFO] Connecting to Nimbus at ZookeeperNimbus:6627 as user: 
2016-11-10 15:19:23.225 b.s.u.Utils [INFO] Using defaults.yaml from resources
2016-11-10 15:19:23.225 b.s.u.Utils [INFO] Using defaults.yaml from resources
2016-11-10 15:19:23.225 b.s.u.Utils [INFO] Using defaults.yaml from resources
2016-11-10 15:19:23.225 b.s.u.Utils [INFO] Using defaults.yaml from resources
2016-11-10 15:19:23.250 b.s.u.Utils [INFO] Using storm.yaml from resources
2016-11-10 15:19:23.263 b.s.u.Utils [INFO] Using storm.yaml from resources
2016-11-10 15:19:23.265 b.s.u.Utils [INFO] Using storm.yaml from resources
2016-11-10 15:19:23.265 b.s.u.Utils [INFO] Using storm.yaml from resources
2016-11-10 15:19:23.269 b.s.u.StormBoundedExponentialBackoffRetry [INFO] The baseSleepTimeMs [2000] the maxSleepTimeMs [60000] the maxRetries [5]
2016-11-10 15:19:23.281 b.s.u.StormBoundedExponentialBackoffRetry [INFO] The baseSleepTimeMs [2000] the maxSleepTimeMs [60000] the maxRetries [5]
2016-11-10 15:19:23.283 b.s.u.StormBoundedExponentialBackoffRetry [INFO] The baseSleepTimeMs [2000] the maxSleepTimeMs [60000] the maxRetries [5]
2016-11-10 15:19:23.284 b.s.u.StormBoundedExponentialBackoffRetry [INFO] The baseSleepTimeMs [2000] the maxSleepTimeMs [60000] the maxRetries [5]
